<?xml version="1.0" encoding="UTF-8"?>
<!-- Generated by org.testng.reporters.JUnitXMLReporter -->
<testsuite hostname="RND-BASE-A" ignored="0" name="NexusTest" tests="4" failures="0" timestamp="07 May 2019 14:34:51 GMT" time="154.171" errors="0">
  <testcase name="TestSearchID" time="33.671" classname="com.NexusPortalAutomation.TestCases.Java.TC0001_VerifySignInbyID"/>
  <testcase name="TestSearchAutobyFirstName" time="33.812" classname="com.NexusPortalAutomation.TestCases.Java.TC0002_TestSearchAutobyFirstName"/>
  <testcase name="TestSearchAutobyLastName" time="36.375" classname="com.NexusPortalAutomation.TestCases.Java.TC0003_TestSearchAutobyLastName"/>
  <testcase name="TestSearchAutobyLastName" time="33.89" classname="com.NexusPortalAutomation.TestCases.Java.TC0004_TestSearchbyRecentFunction"/>
</testsuite> <!-- NexusTest -->
