<?xml version="1.0" encoding="UTF-8"?>
<!-- Generated by org.testng.reporters.JUnitXMLReporter -->
<testsuite hostname="RND-BASE-A" ignored="0" name="NexusTest" tests="59" failures="30" timestamp="28 Nov 2019 16:47:40 GMT" time="1782.502" errors="0">
  <testcase name="TestBookMark" time="22.191" classname="com.NexusPortalAutomation.TestCases.Java.TC0011_VerifyBookMark"/>
  <testcase name="VerifyTransactionsSaperatebill_saperate" time="11.402" classname="com.NexusPortalAutomation.TestCases.Java.TC0016_1_VerifyBillingDetails_VerifyBillSaperately">
    <failure type="org.openqa.selenium.ElementClickInterceptedException" message="element click intercepted: Element &amp;lt;div class=&amp;quot;mat-select-arrow&amp;quot;&amp;gt;&amp;lt;/div&amp;gt; is not clickable at point (613, 269). Other element would receive the click: &amp;lt;div _ngcontent-ryr-c20=&amp;quot;&amp;quot; class=&amp;quot;transactions-loading ng-star-inserted&amp;quot;&amp;gt;...&amp;lt;/div&amp;gt;
  (Session info: chrome=78.0.3904.87)
Build info: version: &amp;apos;3.14.0&amp;apos;, revision: &amp;apos;aacccce0&amp;apos;, time: &amp;apos;2018-08-02T20:19:58.91Z&amp;apos;
System info: host: &amp;apos;RND-BASE-A&amp;apos;, ip: &amp;apos;10.0.2.15&amp;apos;, os.name: &amp;apos;Windows Server 2012 R2&amp;apos;, os.arch: &amp;apos;amd64&amp;apos;, os.version: &amp;apos;6.3&amp;apos;, java.version: &amp;apos;1.8.0_201&amp;apos;
Driver info: org.openqa.selenium.chrome.ChromeDriver
Capabilities {acceptInsecureCerts: false, browserName: chrome, browserVersion: 78.0.3904.87, chrome: {chromedriverVersion: 78.0.3904.70 (edb9c9f3de024..., userDataDir: C:\Users\ADMINI~1\AppData\L...}, goog:chromeOptions: {debuggerAddress: localhost:60850}, javascriptEnabled: true, networkConnectionEnabled: false, pageLoadStrategy: normal, platform: XP, platformName: XP, proxy: Proxy(), setWindowRect: true, strictFileInteractability: false, timeouts: {implicit: 0, pageLoad: 300000, script: 30000}, unhandledPromptBehavior: dismiss and notify}
Session ID: c6cd4a2d7cf41d589e55bdeb08b1a4e9">
      <![CDATA[org.openqa.selenium.ElementClickInterceptedException: element click intercepted: Element <div class="mat-select-arrow"></div> is not clickable at point (613, 269). Other element would receive the click: <div _ngcontent-ryr-c20="" class="transactions-loading ng-star-inserted">...</div>
  (Session info: chrome=78.0.3904.87)
Build info: version: '3.14.0', revision: 'aacccce0', time: '2018-08-02T20:19:58.91Z'
System info: host: 'RND-BASE-A', ip: '10.0.2.15', os.name: 'Windows Server 2012 R2', os.arch: 'amd64', os.version: '6.3', java.version: '1.8.0_201'
Driver info: org.openqa.selenium.chrome.ChromeDriver
Capabilities {acceptInsecureCerts: false, browserName: chrome, browserVersion: 78.0.3904.87, chrome: {chromedriverVersion: 78.0.3904.70 (edb9c9f3de024..., userDataDir: C:\Users\ADMINI~1\AppData\L...}, goog:chromeOptions: {debuggerAddress: localhost:60850}, javascriptEnabled: true, networkConnectionEnabled: false, pageLoadStrategy: normal, platform: XP, platformName: XP, proxy: Proxy(), setWindowRect: true, strictFileInteractability: false, timeouts: {implicit: 0, pageLoad: 300000, script: 30000}, unhandledPromptBehavior: dismiss and notify}
Session ID: c6cd4a2d7cf41d589e55bdeb08b1a4e9
at org.openqa.selenium.remote.http.W3CHttpResponseCodec.createException(W3CHttpResponseCodec.java:187)
at org.openqa.selenium.remote.http.W3CHttpResponseCodec.decode(W3CHttpResponseCodec.java:122)
at org.openqa.selenium.remote.http.W3CHttpResponseCodec.decode(W3CHttpResponseCodec.java:49)
at org.openqa.selenium.remote.HttpCommandExecutor.execute(HttpCommandExecutor.java:158)
at org.openqa.selenium.remote.service.DriverCommandExecutor.execute(DriverCommandExecutor.java:83)
at org.openqa.selenium.remote.RemoteWebDriver.execute(RemoteWebDriver.java:548)
at org.openqa.selenium.remote.RemoteWebElement.execute(RemoteWebElement.java:276)
at org.openqa.selenium.remote.RemoteWebElement.click(RemoteWebElement.java:83)
at org.openqa.selenium.support.pagefactory.internal.LocatingElementHandler.invoke(LocatingElementHandler.java:51)
at com.sun.proxy.$Proxy7.click(Unknown Source)
at com.NexusPortalAutomation.PageObjects.Java.Dashboard_Transactions.transaction_filterbyBill(Dashboard_Transactions.java:64)
at com.NexusPortalAutomation.TestCases.Java.TC0016_1_VerifyBillingDetails_VerifyBillSaperately.VerifyTransactionsSaperatebill_saperate(TC0016_1_VerifyBillingDetails_VerifyBillSaperately.java:71)
... Removed 37 stack frames]]>
    </failure>
  </testcase> <!-- VerifyTransactionsSaperatebill_saperate -->
  <testcase name="verifyDrillbackTransactions" time="12.825" classname="com.NexusPortalAutomation.TestCases.Java.TC0019_verifyDrillbackTransactions"/>
  <testcase name="VerifyTransactionsSaperatebill_saperate" time="15.477" classname="com.NexusPortalAutomation.TestCases.Java.TC0042_1_Transactions_OrderbyAmount"/>
  <testcase name="TestDrillBackServices" time="11.159" classname="com.NexusPortalAutomation.TestCases.Java.TC0020_verifyDrillbackServices"/>
  <testcase name="VerifyTransactionsSaperatebill_saperate" time="15.618" classname="com.NexusPortalAutomation.TestCases.Java.TC0042_1_Transactions_OrderbyDueBilled"/>
  <testcase name="TestserviceOrderDetails" time="12.89" classname="com.NexusPortalAutomation.TestCases.Java.TC0021_VerifyservicesOrderDetails"/>
  <testcase name="VerifyTransactionsSaperatebill_saperate" time="15.24" classname="com.NexusPortalAutomation.TestCases.Java.TC0042_Transactions_OrderbyDate"/>
  <testcase name="TestCustomerDetails" time="11.355" classname="com.NexusPortalAutomation.TestCases.Java.TC0010_verifyCustDetails"/>
  <testcase name="VerifyBillingDetails_SPA" time="39.935" classname="com.NexusPortalAutomation.TestCases.Java.TC0016_1_VerifyBillingDetails_SPA">
    <failure type="java.lang.AssertionError" message="Object Not Found Expected condition failed: waiting for visibility of Proxy element for: DefaultElementLocator &amp;apos;By.xpath: //span[contains(text(),&amp;apos;Payment Arrangement Due&amp;apos;)]&amp;apos; (tried for 20 second(s) with 500 milliseconds interval)">
      <![CDATA[java.lang.AssertionError: Object Not Found Expected condition failed: waiting for visibility of Proxy element for: DefaultElementLocator 'By.xpath: //span[contains(text(),'Payment Arrangement Due')]' (tried for 20 second(s) with 500 milliseconds interval)
at com.NexusPortalAutomation.Utilities.Java.CommonMethods.waitForObject(CommonMethods.java:231)
at com.NexusPortalAutomation.PageObjects.Java.DashBoard.getPaymentArrangementDue(DashBoard.java:565)
at com.NexusPortalAutomation.TestCases.Java.TC0016_1_VerifyBillingDetails_SPA.VerifyBillingDetails_SPA(TC0016_1_VerifyBillingDetails_SPA.java:40)
... Removed 30 stack frames]]>
    </failure>
  </testcase> <!-- VerifyBillingDetails_SPA -->
  <testcase name="verifyDrillbacksGeneral" time="38.963" classname="com.NexusPortalAutomation.TestCases.Java.TC0018_verifyDrillbacksGeneral">
    <failure type="java.lang.AssertionError" message="Object Not Found Expected condition failed: waiting for visibility of Proxy element for: DefaultElementLocator &amp;apos;By.id: ACCIT_1_Description&amp;apos; (tried for 20 second(s) with 500 milliseconds interval)">
      <![CDATA[java.lang.AssertionError: Object Not Found Expected condition failed: waiting for visibility of Proxy element for: DefaultElementLocator 'By.id: ACCIT_1_Description' (tried for 20 second(s) with 500 milliseconds interval)
at com.NexusPortalAutomation.Utilities.Java.CommonMethods.waitForObject(CommonMethods.java:231)
at com.NexusPortalAutomation.PageObjects.Java.DashBoard.getContLogDrillBackUrl(DashBoard.java:944)
at com.NexusPortalAutomation.TestCases.Java.TC0018_verifyDrillbacksGeneral.verifyDrillbacksGeneral(TC0018_verifyDrillbacksGeneral.java:107)
... Removed 30 stack frames]]>
    </failure>
  </testcase> <!-- verifyDrillbacksGeneral -->
  <testcase name="VerifyAction_Transfers_Stack_TwoLocations_Scheduled_NotScheduled" time="45.356" classname="com.NexusPortalAutomation.TestCases.Java.TC0041_VerifyAction_Transfers_Stack_TwoLocations_Scheduled_NotScheduled">
    <failure type="java.lang.AssertionError" message="Object Not Found Expected condition failed: waiting for visibility of Proxy element for: DefaultElementLocator &amp;apos;By.id: XFER_Button_Done&amp;apos; (tried for 20 second(s) with 500 milliseconds interval)">
      <![CDATA[java.lang.AssertionError: Object Not Found Expected condition failed: waiting for visibility of Proxy element for: DefaultElementLocator 'By.id: XFER_Button_Done' (tried for 20 second(s) with 500 milliseconds interval)
at com.NexusPortalAutomation.Utilities.Java.CommonMethods.waitForObject(CommonMethods.java:231)
at com.NexusPortalAutomation.PageObjects.Java.DashBoard.ClickElement(DashBoard.java:775)
at com.NexusPortalAutomation.PageObjects.Java.Dashboard_Transfers.clickDone(Dashboard_Transfers.java:279)
at com.NexusPortalAutomation.PageObjects.Java.Dashboard_Transfers.submitStartStopServiceTransferOrder(Dashboard_Transfers.java:460)
at com.NexusPortalAutomation.TestCases.Java.TC0041_VerifyAction_Transfers_Stack_TwoLocations_Scheduled_NotScheduled.VerifyAction_Transfers_Stack_TwoLocations_Scheduled_NotScheduled(TC0041_VerifyAction_Transfers_Stack_TwoLocations_Scheduled_NotScheduled.java:60)
... Removed 30 stack frames]]>
    </failure>
  </testcase> <!-- VerifyAction_Transfers_Stack_TwoLocations_Scheduled_NotScheduled -->
  <testcase name="TestCustomerDetails" time="10.464" classname="com.NexusPortalAutomation.TestCases.Java.TC0010_2_verifyCustDetails_Blank"/>
  <testcase name="VerifyBillingDetails" time="12.347" classname="com.NexusPortalAutomation.TestCases.Java.TC0016_1_VerifyBillingDetails_EBill">
    <failure type="java.lang.AssertionError" message="Actual Value &amp;apos;ON&amp;apos; not Matched the expected value &amp;apos;OFF&amp;apos; ">
      <![CDATA[java.lang.AssertionError: Actual Value 'ON' not Matched the expected value 'OFF' 
at com.NexusPortalAutomation.Utilities.Java.CommonMethods.verifyString(CommonMethods.java:73)
at com.NexusPortalAutomation.TestCases.Java.TC0016_1_VerifyBillingDetails_EBill.VerifyBillingDetails(TC0016_1_VerifyBillingDetails_EBill.java:41)
... Removed 30 stack frames]]>
    </failure>
  </testcase> <!-- VerifyBillingDetails -->
  <testcase name="TestBillingStatements" time="10.759" classname="com.NexusPortalAutomation.TestCases.Java.TC0017_StatementsValue"/>
  <testcase name="VerifyAction_Transfers_Stack_TwoLocations_Scheduled_NotScheduled" time="45.252" classname="com.NexusPortalAutomation.TestCases.Java.TC0040_VerifyAction_Transfers_Stack_TwoLocations_Scheduled_NotScheduled">
    <failure type="java.lang.AssertionError" message="Object Not Found Expected condition failed: waiting for visibility of Proxy element for: DefaultElementLocator &amp;apos;By.id: XFER_Button_Done&amp;apos; (tried for 20 second(s) with 500 milliseconds interval)">
      <![CDATA[java.lang.AssertionError: Object Not Found Expected condition failed: waiting for visibility of Proxy element for: DefaultElementLocator 'By.id: XFER_Button_Done' (tried for 20 second(s) with 500 milliseconds interval)
at com.NexusPortalAutomation.Utilities.Java.CommonMethods.waitForObject(CommonMethods.java:231)
at com.NexusPortalAutomation.PageObjects.Java.DashBoard.ClickElement(DashBoard.java:775)
at com.NexusPortalAutomation.PageObjects.Java.Dashboard_Transfers.clickDone(Dashboard_Transfers.java:279)
at com.NexusPortalAutomation.PageObjects.Java.Dashboard_Transfers.submitStartStopServiceTransferOrder(Dashboard_Transfers.java:460)
at com.NexusPortalAutomation.TestCases.Java.TC0040_VerifyAction_Transfers_Stack_TwoLocations_Scheduled_NotScheduled.VerifyAction_Transfers_Stack_TwoLocations_Scheduled_NotScheduled(TC0040_VerifyAction_Transfers_Stack_TwoLocations_Scheduled_NotScheduled.java:60)
... Removed 30 stack frames]]>
    </failure>
  </testcase> <!-- VerifyAction_Transfers_Stack_TwoLocations_Scheduled_NotScheduled -->
  <testcase name="TestCustomerDetails" time="9.767" classname="com.NexusPortalAutomation.TestCases.Java.TC0010_1_verifyCustDetails_Business"/>
  <testcase name="VerifyBillingDetails_budgetSPA" time="18.633" classname="com.NexusPortalAutomation.TestCases.Java.TC0016_1_VerifyBillingDetails_Budget_SPA">
    <failure type="org.openqa.selenium.NoSuchElementException" message="no such element: Unable to locate element: {&amp;quot;method&amp;quot;:&amp;quot;xpath&amp;quot;,&amp;quot;selector&amp;quot;:&amp;quot;/html/body/wo-root/wo-dashboard/div/mat-drawer-container/mat-drawer-content/div/div/div[2]/csm-customer-balances/csm-generic-widget/div/div/div[2]/div[1]/div[2]/div[1]/div[1]&amp;quot;}
  (Session info: chrome=78.0.3904.87)
For documentation on this error, please visit: http://seleniumhq.org/exceptions/no_such_element.html
Build info: version: &amp;apos;3.14.0&amp;apos;, revision: &amp;apos;aacccce0&amp;apos;, time: &amp;apos;2018-08-02T20:19:58.91Z&amp;apos;
System info: host: &amp;apos;RND-BASE-A&amp;apos;, ip: &amp;apos;10.0.2.15&amp;apos;, os.name: &amp;apos;Windows Server 2012 R2&amp;apos;, os.arch: &amp;apos;amd64&amp;apos;, os.version: &amp;apos;6.3&amp;apos;, java.version: &amp;apos;1.8.0_201&amp;apos;
Driver info: org.openqa.selenium.chrome.ChromeDriver
Capabilities {acceptInsecureCerts: false, browserName: chrome, browserVersion: 78.0.3904.87, chrome: {chromedriverVersion: 78.0.3904.70 (edb9c9f3de024..., userDataDir: C:\Users\ADMINI~1\AppData\L...}, goog:chromeOptions: {debuggerAddress: localhost:61937}, javascriptEnabled: true, networkConnectionEnabled: false, pageLoadStrategy: normal, platform: XP, platformName: XP, proxy: Proxy(), setWindowRect: true, strictFileInteractability: false, timeouts: {implicit: 0, pageLoad: 300000, script: 30000}, unhandledPromptBehavior: dismiss and notify}
Session ID: dce490c1148a4f12ccf87f1b6e13d4d8
*** Element info: {Using=xpath, value=/html/body/wo-root/wo-dashboard/div/mat-drawer-container/mat-drawer-content/div/div/div[2]/csm-customer-balances/csm-generic-widget/div/div/div[2]/div[1]/div[2]/div[1]/div[1]}">
      <![CDATA[org.openqa.selenium.NoSuchElementException: no such element: Unable to locate element: {"method":"xpath","selector":"/html/body/wo-root/wo-dashboard/div/mat-drawer-container/mat-drawer-content/div/div/div[2]/csm-customer-balances/csm-generic-widget/div/div/div[2]/div[1]/div[2]/div[1]/div[1]"}
  (Session info: chrome=78.0.3904.87)
For documentation on this error, please visit: http://seleniumhq.org/exceptions/no_such_element.html
Build info: version: '3.14.0', revision: 'aacccce0', time: '2018-08-02T20:19:58.91Z'
System info: host: 'RND-BASE-A', ip: '10.0.2.15', os.name: 'Windows Server 2012 R2', os.arch: 'amd64', os.version: '6.3', java.version: '1.8.0_201'
Driver info: org.openqa.selenium.chrome.ChromeDriver
Capabilities {acceptInsecureCerts: false, browserName: chrome, browserVersion: 78.0.3904.87, chrome: {chromedriverVersion: 78.0.3904.70 (edb9c9f3de024..., userDataDir: C:\Users\ADMINI~1\AppData\L...}, goog:chromeOptions: {debuggerAddress: localhost:61937}, javascriptEnabled: true, networkConnectionEnabled: false, pageLoadStrategy: normal, platform: XP, platformName: XP, proxy: Proxy(), setWindowRect: true, strictFileInteractability: false, timeouts: {implicit: 0, pageLoad: 300000, script: 30000}, unhandledPromptBehavior: dismiss and notify}
Session ID: dce490c1148a4f12ccf87f1b6e13d4d8
*** Element info: {Using=xpath, value=/html/body/wo-root/wo-dashboard/div/mat-drawer-container/mat-drawer-content/div/div/div[2]/csm-customer-balances/csm-generic-widget/div/div/div[2]/div[1]/div[2]/div[1]/div[1]}
at org.openqa.selenium.remote.http.W3CHttpResponseCodec.createException(W3CHttpResponseCodec.java:187)
at org.openqa.selenium.remote.http.W3CHttpResponseCodec.decode(W3CHttpResponseCodec.java:122)
at org.openqa.selenium.remote.http.W3CHttpResponseCodec.decode(W3CHttpResponseCodec.java:49)
at org.openqa.selenium.remote.HttpCommandExecutor.execute(HttpCommandExecutor.java:158)
at org.openqa.selenium.remote.service.DriverCommandExecutor.execute(DriverCommandExecutor.java:83)
at org.openqa.selenium.remote.RemoteWebDriver.execute(RemoteWebDriver.java:548)
at org.openqa.selenium.remote.RemoteWebDriver.findElement(RemoteWebDriver.java:322)
at org.openqa.selenium.remote.RemoteWebDriver.findElementByXPath(RemoteWebDriver.java:424)
at org.openqa.selenium.By$ByXPath.findElement(By.java:353)
at org.openqa.selenium.remote.RemoteWebDriver.findElement(RemoteWebDriver.java:314)
at org.openqa.selenium.support.pagefactory.DefaultElementLocator.findElement(DefaultElementLocator.java:69)
at org.openqa.selenium.support.pagefactory.internal.LocatingElementHandler.invoke(LocatingElementHandler.java:38)
at com.sun.proxy.$Proxy7.getText(Unknown Source)
at com.NexusPortalAutomation.PageObjects.Java.DashBoard.GetBudgetIcon(DashBoard.java:582)
at com.NexusPortalAutomation.TestCases.Java.TC0016_1_VerifyBillingDetails_Budget_SPA.VerifyBillingDetails_budgetSPA(TC0016_1_VerifyBillingDetails_Budget_SPA.java:53)
... Removed 33 stack frames]]>
    </failure>
  </testcase> <!-- VerifyBillingDetails_budgetSPA -->
  <testcase name="TestBillingStatements" time="9.938" classname="com.NexusPortalAutomation.TestCases.Java.TC0017_StatementsOrderByDate"/>
  <testcase name="VerifyAction_Transfers_Stack_TwoLocations_Scheduled_NotScheduled" time="45.59" classname="com.NexusPortalAutomation.TestCases.Java.TC0039_VerifyAction_Transfers_Stack_TwoLocations_Scheduled_NotScheduled">
    <failure type="java.lang.AssertionError" message="Object Not Found Expected condition failed: waiting for visibility of Proxy element for: DefaultElementLocator &amp;apos;By.id: XFER_Button_Done&amp;apos; (tried for 20 second(s) with 500 milliseconds interval)">
      <![CDATA[java.lang.AssertionError: Object Not Found Expected condition failed: waiting for visibility of Proxy element for: DefaultElementLocator 'By.id: XFER_Button_Done' (tried for 20 second(s) with 500 milliseconds interval)
at com.NexusPortalAutomation.Utilities.Java.CommonMethods.waitForObject(CommonMethods.java:231)
at com.NexusPortalAutomation.PageObjects.Java.DashBoard.ClickElement(DashBoard.java:775)
at com.NexusPortalAutomation.PageObjects.Java.Dashboard_Transfers.clickDone(Dashboard_Transfers.java:279)
at com.NexusPortalAutomation.PageObjects.Java.Dashboard_Transfers.submitStartStopServiceTransferOrder(Dashboard_Transfers.java:460)
at com.NexusPortalAutomation.TestCases.Java.TC0039_VerifyAction_Transfers_Stack_TwoLocations_Scheduled_NotScheduled.VerifyAction_Transfers_Stack_TwoLocations_Scheduled_NotScheduled(TC0039_VerifyAction_Transfers_Stack_TwoLocations_Scheduled_NotScheduled.java:62)
... Removed 30 stack frames]]>
    </failure>
  </testcase> <!-- VerifyAction_Transfers_Stack_TwoLocations_Scheduled_NotScheduled -->
  <testcase name="TestSearchAccount" time="25.822" classname="com.NexusPortalAutomation.TestCases.Java.TC0009_VerifyAccountSearch">
    <failure type="org.openqa.selenium.StaleElementReferenceException" message="stale element reference: element is not attached to the page document
  (Session info: chrome=78.0.3904.87)
For documentation on this error, please visit: http://seleniumhq.org/exceptions/stale_element_reference.html
Build info: version: &amp;apos;3.14.0&amp;apos;, revision: &amp;apos;aacccce0&amp;apos;, time: &amp;apos;2018-08-02T20:19:58.91Z&amp;apos;
System info: host: &amp;apos;RND-BASE-A&amp;apos;, ip: &amp;apos;10.0.2.15&amp;apos;, os.name: &amp;apos;Windows Server 2012 R2&amp;apos;, os.arch: &amp;apos;amd64&amp;apos;, os.version: &amp;apos;6.3&amp;apos;, java.version: &amp;apos;1.8.0_201&amp;apos;
Driver info: org.openqa.selenium.chrome.ChromeDriver
Capabilities {acceptInsecureCerts: false, browserName: chrome, browserVersion: 78.0.3904.87, chrome: {chromedriverVersion: 78.0.3904.70 (edb9c9f3de024..., userDataDir: C:\Users\ADMINI~1\AppData\L...}, goog:chromeOptions: {debuggerAddress: localhost:62147}, javascriptEnabled: true, networkConnectionEnabled: false, pageLoadStrategy: normal, platform: XP, platformName: XP, proxy: Proxy(), setWindowRect: true, strictFileInteractability: false, timeouts: {implicit: 0, pageLoad: 300000, script: 30000}, unhandledPromptBehavior: dismiss and notify}
Session ID: 66b58892a062d74e0c14eac9ce8b6777">
      <![CDATA[org.openqa.selenium.StaleElementReferenceException: stale element reference: element is not attached to the page document
  (Session info: chrome=78.0.3904.87)
For documentation on this error, please visit: http://seleniumhq.org/exceptions/stale_element_reference.html
Build info: version: '3.14.0', revision: 'aacccce0', time: '2018-08-02T20:19:58.91Z'
System info: host: 'RND-BASE-A', ip: '10.0.2.15', os.name: 'Windows Server 2012 R2', os.arch: 'amd64', os.version: '6.3', java.version: '1.8.0_201'
Driver info: org.openqa.selenium.chrome.ChromeDriver
Capabilities {acceptInsecureCerts: false, browserName: chrome, browserVersion: 78.0.3904.87, chrome: {chromedriverVersion: 78.0.3904.70 (edb9c9f3de024..., userDataDir: C:\Users\ADMINI~1\AppData\L...}, goog:chromeOptions: {debuggerAddress: localhost:62147}, javascriptEnabled: true, networkConnectionEnabled: false, pageLoadStrategy: normal, platform: XP, platformName: XP, proxy: Proxy(), setWindowRect: true, strictFileInteractability: false, timeouts: {implicit: 0, pageLoad: 300000, script: 30000}, unhandledPromptBehavior: dismiss and notify}
Session ID: 66b58892a062d74e0c14eac9ce8b6777
at org.openqa.selenium.remote.http.W3CHttpResponseCodec.createException(W3CHttpResponseCodec.java:187)
at org.openqa.selenium.remote.http.W3CHttpResponseCodec.decode(W3CHttpResponseCodec.java:122)
at org.openqa.selenium.remote.http.W3CHttpResponseCodec.decode(W3CHttpResponseCodec.java:49)
at org.openqa.selenium.remote.HttpCommandExecutor.execute(HttpCommandExecutor.java:158)
at org.openqa.selenium.remote.service.DriverCommandExecutor.execute(DriverCommandExecutor.java:83)
at org.openqa.selenium.remote.RemoteWebDriver.execute(RemoteWebDriver.java:548)
at org.openqa.selenium.remote.RemoteWebElement.execute(RemoteWebElement.java:276)
at org.openqa.selenium.remote.RemoteWebElement.isDisplayed(RemoteWebElement.java:317)
at org.openqa.selenium.support.pagefactory.internal.LocatingElementHandler.invoke(LocatingElementHandler.java:51)
at com.sun.proxy.$Proxy7.isDisplayed(Unknown Source)
at org.openqa.selenium.support.ui.ExpectedConditions.elementIfVisible(ExpectedConditions.java:315)
at org.openqa.selenium.support.ui.ExpectedConditions.access$100(ExpectedConditions.java:44)
at org.openqa.selenium.support.ui.ExpectedConditions$10.apply(ExpectedConditions.java:301)
at org.openqa.selenium.support.ui.ExpectedConditions$10.apply(ExpectedConditions.java:298)
at org.openqa.selenium.support.ui.FluentWait.until(FluentWait.java:260)
at com.NexusPortalAutomation.Utilities.Java.CommonMethods.waitForObject(CommonMethods.java:226)
at com.NexusPortalAutomation.PageObjects.Java.DashBoard.VerifySearchAccountResult1(DashBoard.java:1448)
at com.NexusPortalAutomation.TestCases.Java.TC0009_VerifyAccountSearch.TestSearchAccount(TC0009_VerifyAccountSearch.java:84)
... Removed 36 stack frames]]>
    </failure>
  </testcase> <!-- TestSearchAccount -->
  <testcase name="VerifyBillingDetails_Budget" time="17.977" classname="com.NexusPortalAutomation.TestCases.Java.TC0016_1_VerifyBillingDetails_Budget">
    <failure type="org.openqa.selenium.NoSuchElementException" message="no such element: Unable to locate element: {&amp;quot;method&amp;quot;:&amp;quot;xpath&amp;quot;,&amp;quot;selector&amp;quot;:&amp;quot;/html/body/wo-root/wo-dashboard/div/mat-drawer-container/mat-drawer-content/div/div/div[2]/csm-customer-balances/csm-generic-widget/div/div/div[2]/div[1]/div[2]/div[1]/div[1]&amp;quot;}
  (Session info: chrome=78.0.3904.87)
For documentation on this error, please visit: http://seleniumhq.org/exceptions/no_such_element.html
Build info: version: &amp;apos;3.14.0&amp;apos;, revision: &amp;apos;aacccce0&amp;apos;, time: &amp;apos;2018-08-02T20:19:58.91Z&amp;apos;
System info: host: &amp;apos;RND-BASE-A&amp;apos;, ip: &amp;apos;10.0.2.15&amp;apos;, os.name: &amp;apos;Windows Server 2012 R2&amp;apos;, os.arch: &amp;apos;amd64&amp;apos;, os.version: &amp;apos;6.3&amp;apos;, java.version: &amp;apos;1.8.0_201&amp;apos;
Driver info: org.openqa.selenium.chrome.ChromeDriver
Capabilities {acceptInsecureCerts: false, browserName: chrome, browserVersion: 78.0.3904.87, chrome: {chromedriverVersion: 78.0.3904.70 (edb9c9f3de024..., userDataDir: C:\Users\ADMINI~1\AppData\L...}, goog:chromeOptions: {debuggerAddress: localhost:62239}, javascriptEnabled: true, networkConnectionEnabled: false, pageLoadStrategy: normal, platform: XP, platformName: XP, proxy: Proxy(), setWindowRect: true, strictFileInteractability: false, timeouts: {implicit: 0, pageLoad: 300000, script: 30000}, unhandledPromptBehavior: dismiss and notify}
Session ID: d9310f9ee6ea7e009c3c5deb249abea0
*** Element info: {Using=xpath, value=/html/body/wo-root/wo-dashboard/div/mat-drawer-container/mat-drawer-content/div/div/div[2]/csm-customer-balances/csm-generic-widget/div/div/div[2]/div[1]/div[2]/div[1]/div[1]}">
      <![CDATA[org.openqa.selenium.NoSuchElementException: no such element: Unable to locate element: {"method":"xpath","selector":"/html/body/wo-root/wo-dashboard/div/mat-drawer-container/mat-drawer-content/div/div/div[2]/csm-customer-balances/csm-generic-widget/div/div/div[2]/div[1]/div[2]/div[1]/div[1]"}
  (Session info: chrome=78.0.3904.87)
For documentation on this error, please visit: http://seleniumhq.org/exceptions/no_such_element.html
Build info: version: '3.14.0', revision: 'aacccce0', time: '2018-08-02T20:19:58.91Z'
System info: host: 'RND-BASE-A', ip: '10.0.2.15', os.name: 'Windows Server 2012 R2', os.arch: 'amd64', os.version: '6.3', java.version: '1.8.0_201'
Driver info: org.openqa.selenium.chrome.ChromeDriver
Capabilities {acceptInsecureCerts: false, browserName: chrome, browserVersion: 78.0.3904.87, chrome: {chromedriverVersion: 78.0.3904.70 (edb9c9f3de024..., userDataDir: C:\Users\ADMINI~1\AppData\L...}, goog:chromeOptions: {debuggerAddress: localhost:62239}, javascriptEnabled: true, networkConnectionEnabled: false, pageLoadStrategy: normal, platform: XP, platformName: XP, proxy: Proxy(), setWindowRect: true, strictFileInteractability: false, timeouts: {implicit: 0, pageLoad: 300000, script: 30000}, unhandledPromptBehavior: dismiss and notify}
Session ID: d9310f9ee6ea7e009c3c5deb249abea0
*** Element info: {Using=xpath, value=/html/body/wo-root/wo-dashboard/div/mat-drawer-container/mat-drawer-content/div/div/div[2]/csm-customer-balances/csm-generic-widget/div/div/div[2]/div[1]/div[2]/div[1]/div[1]}
at org.openqa.selenium.remote.http.W3CHttpResponseCodec.createException(W3CHttpResponseCodec.java:187)
at org.openqa.selenium.remote.http.W3CHttpResponseCodec.decode(W3CHttpResponseCodec.java:122)
at org.openqa.selenium.remote.http.W3CHttpResponseCodec.decode(W3CHttpResponseCodec.java:49)
at org.openqa.selenium.remote.HttpCommandExecutor.execute(HttpCommandExecutor.java:158)
at org.openqa.selenium.remote.service.DriverCommandExecutor.execute(DriverCommandExecutor.java:83)
at org.openqa.selenium.remote.RemoteWebDriver.execute(RemoteWebDriver.java:548)
at org.openqa.selenium.remote.RemoteWebDriver.findElement(RemoteWebDriver.java:322)
at org.openqa.selenium.remote.RemoteWebDriver.findElementByXPath(RemoteWebDriver.java:424)
at org.openqa.selenium.By$ByXPath.findElement(By.java:353)
at org.openqa.selenium.remote.RemoteWebDriver.findElement(RemoteWebDriver.java:314)
at org.openqa.selenium.support.pagefactory.DefaultElementLocator.findElement(DefaultElementLocator.java:69)
at org.openqa.selenium.support.pagefactory.internal.LocatingElementHandler.invoke(LocatingElementHandler.java:38)
at com.sun.proxy.$Proxy7.getText(Unknown Source)
at com.NexusPortalAutomation.PageObjects.Java.DashBoard.GetBudgetIcon(DashBoard.java:582)
at com.NexusPortalAutomation.TestCases.Java.TC0016_1_VerifyBillingDetails_Budget.VerifyBillingDetails_Budget(TC0016_1_VerifyBillingDetails_Budget.java:55)
... Removed 32 stack frames]]>
    </failure>
  </testcase> <!-- VerifyBillingDetails_Budget -->
  <testcase name="VerifyBillingDetails" time="13.983" classname="com.NexusPortalAutomation.TestCases.Java.TC0016_VerifyBillingDetails_UsageGraph"/>
  <testcase name="TestSearchAccount" time="15.788" classname="com.NexusPortalAutomation.TestCases.Java.TC0009_1_VerifyAccountSearch_NoAccounts"/>
  <testcase name="VerifyBillingDetailsAutoPay" time="9.426" classname="com.NexusPortalAutomation.TestCases.Java.TC0016_1_VerifyBillingDetails_AutoPay">
    <failure type="java.lang.AssertionError" message="Strings: http://localhost:3000/# does&amp;apos;nt contains  https://www.invoicecloud.com/integrations/redirect/Csr?BillerGUID">
      <![CDATA[java.lang.AssertionError: Strings: http://localhost:3000/# does'nt contains  https://www.invoicecloud.com/integrations/redirect/Csr?BillerGUID
at com.NexusPortalAutomation.Utilities.Java.CommonMethods.verifyStringContains(CommonMethods.java:128)
at com.NexusPortalAutomation.TestCases.Java.TC0016_1_VerifyBillingDetails_AutoPay.VerifyBillingDetailsAutoPay(TC0016_1_VerifyBillingDetails_AutoPay.java:42)
... Removed 30 stack frames]]>
    </failure>
  </testcase> <!-- VerifyBillingDetailsAutoPay -->
  <testcase name="VerifyBillingDetails" time="19.251" classname="com.NexusPortalAutomation.TestCases.Java.TC0016_VerifyBillingDetails">
    <failure type="org.openqa.selenium.TimeoutException" message="Expected condition failed: waiting for element to be clickable: By.id: BILL_Installment_Budget (tried for 10 second(s) with 500 milliseconds interval)">
      <![CDATA[org.openqa.selenium.TimeoutException: Expected condition failed: waiting for element to be clickable: By.id: BILL_Installment_Budget (tried for 10 second(s) with 500 milliseconds interval)
at org.openqa.selenium.support.ui.WebDriverWait.timeoutException(WebDriverWait.java:113)
at org.openqa.selenium.support.ui.FluentWait.until(FluentWait.java:283)
at com.NexusPortalAutomation.Utilities.Java.CommonMethods.waitforObjectById(CommonMethods.java:152)
at com.NexusPortalAutomation.PageObjects.Java.DashBoard.GetBillingInfo(DashBoard.java:1525)
at com.NexusPortalAutomation.TestCases.Java.TC0016_VerifyBillingDetails.VerifyBillingDetails(TC0016_VerifyBillingDetails.java:58)
Caused by: org.openqa.selenium.NoSuchElementException: Cannot locate an element using By.id: BILL_Installment_Budget
For documentation on this error, please visit: http://seleniumhq.org/exceptions/no_such_element.html
Build info: version: '3.14.0', revision: 'aacccce0', time: '2018-08-02T20:19:58.91Z'
System info: host: 'RND-BASE-A', ip: '10.0.2.15', os.name: 'Windows Server 2012 R2', os.arch: 'amd64', os.version: '6.3', java.version: '1.8.0_201'
Driver info: driver.version: unknown
at org.openqa.selenium.support.ui.ExpectedConditions.lambda$findElement$0(ExpectedConditions.java:896)
at java.util.Optional.orElseThrow(Optional.java:290)
at org.openqa.selenium.support.ui.ExpectedConditions.findElement(ExpectedConditions.java:895)
at org.openqa.selenium.support.ui.ExpectedConditions.access$000(ExpectedConditions.java:44)
at org.openqa.selenium.support.ui.ExpectedConditions$7.apply(ExpectedConditions.java:206)
at org.openqa.selenium.support.ui.ExpectedConditions$7.apply(ExpectedConditions.java:202)
at org.openqa.selenium.support.ui.ExpectedConditions$22.apply(ExpectedConditions.java:657)
at org.openqa.selenium.support.ui.ExpectedConditions$22.apply(ExpectedConditions.java:654)
at org.openqa.selenium.support.ui.FluentWait.until(FluentWait.java:260)
... 32 more
... Removed 29 stack frames]]>
    </failure>
  </testcase> <!-- VerifyBillingDetails -->
  <testcase name="TestSearchAccount" time="43.892" classname="com.NexusPortalAutomation.TestCases.Java.TC0009_1_VerifyAccountSearchRefresh">
    <failure type="java.lang.AssertionError" message="Object Not Found Expected condition failed: waiting for visibility of Proxy element for: DefaultElementLocator &amp;apos;By.id: SRCH_Option_1_Customer_Name&amp;apos; (tried for 20 second(s) with 500 milliseconds interval)">
      <![CDATA[java.lang.AssertionError: Object Not Found Expected condition failed: waiting for visibility of Proxy element for: DefaultElementLocator 'By.id: SRCH_Option_1_Customer_Name' (tried for 20 second(s) with 500 milliseconds interval)
at com.NexusPortalAutomation.Utilities.Java.CommonMethods.waitForObject(CommonMethods.java:231)
at com.NexusPortalAutomation.PageObjects.Java.DashBoard.clickDashBoardSearchResult1(DashBoard.java:618)
at com.NexusPortalAutomation.TestCases.Java.TC0009_1_VerifyAccountSearchRefresh.TestSearchAccount(TC0009_1_VerifyAccountSearchRefresh.java:91)
... Removed 30 stack frames]]>
    </failure>
  </testcase> <!-- TestSearchAccount -->
  <testcase name="TestContactLogs" time="10.619" classname="com.NexusPortalAutomation.TestCases.Java.TC0015_VerifyContactLogs"/>
  <testcase name="TestSearchbylocationID" time="10.257" classname="com.NexusPortalAutomation.TestCases.Java.TC0008_VerifySignInbylocationID"/>
  <testcase name="TestContactEdit" time="17.278" classname="com.NexusPortalAutomation.TestCases.Java.TC0013_VerifyContactEdit"/>
  <testcase name="TestSecondayContact" time="10.239" classname="com.NexusPortalAutomation.TestCases.Java.TC0014_VerifySecondaryContact"/>
  <testcase name="TestCreditStatus" time="18.417" classname="com.NexusPortalAutomation.TestCases.Java.TC0012_verifyCreditStatusStatus"/>
  <testcase name="VerifySignInbyID" time="10.405" classname="com.NexusPortalAutomation.TestCases.Java.TC0001_VerifySignInbyID"/>
  <testcase name="VerifyActionServiceOrder" time="15.952" classname="com.NexusPortalAutomation.TestCases.Java.TC0022_VerifyAction_ServiceOrder"/>
  <testcase name="VerifyActionServiceOrder_Transfers_NotSchedule" time="48.221" classname="com.NexusPortalAutomation.TestCases.Java.TC0025_1_VerifyAction_Transfers_Scheduled_CurrentMoveinCustomer">
    <failure type="java.lang.AssertionError" message="Object Not Found Expected condition failed: waiting for visibility of Proxy element for: DefaultElementLocator &amp;apos;By.id: XFER_Search_Option_1_Customer_Name&amp;apos; (tried for 20 second(s) with 500 milliseconds interval)">
      <![CDATA[java.lang.AssertionError: Object Not Found Expected condition failed: waiting for visibility of Proxy element for: DefaultElementLocator 'By.id: XFER_Search_Option_1_Customer_Name' (tried for 20 second(s) with 500 milliseconds interval)
at com.NexusPortalAutomation.Utilities.Java.CommonMethods.waitForObject(CommonMethods.java:231)
at com.NexusPortalAutomation.PageObjects.Java.DashBoard.ClickElement(DashBoard.java:775)
at com.NexusPortalAutomation.PageObjects.Java.Dashboard_Transfers.movinEnterLocation(Dashboard_Transfers.java:422)
at com.NexusPortalAutomation.TestCases.Java.TC0025_1_VerifyAction_Transfers_Scheduled_CurrentMoveinCustomer.VerifyActionServiceOrder_Transfers_NotSchedule(TC0025_1_VerifyAction_Transfers_Scheduled_CurrentMoveinCustomer.java:83)
... Removed 30 stack frames]]>
    </failure>
  </testcase> <!-- VerifyActionServiceOrder_Transfers_NotSchedule -->
  <testcase name="VerifyActionServiceOrder" time="55.521" classname="com.NexusPortalAutomation.TestCases.Java.TC0029_VerifyAction_Transfers_Scheduled">
    <failure type="java.lang.AssertionError" message="Object Not Found Expected condition failed: waiting for visibility of Proxy element for: DefaultElementLocator &amp;apos;By.id: XFER_Search_Option_1_Customer_Name&amp;apos; (tried for 20 second(s) with 500 milliseconds interval)">
      <![CDATA[java.lang.AssertionError: Object Not Found Expected condition failed: waiting for visibility of Proxy element for: DefaultElementLocator 'By.id: XFER_Search_Option_1_Customer_Name' (tried for 20 second(s) with 500 milliseconds interval)
at com.NexusPortalAutomation.Utilities.Java.CommonMethods.waitForObject(CommonMethods.java:231)
at com.NexusPortalAutomation.PageObjects.Java.DashBoard.ClickElement(DashBoard.java:775)
at com.NexusPortalAutomation.PageObjects.Java.Dashboard_Transfers.movinEnterLocation(Dashboard_Transfers.java:422)
at com.NexusPortalAutomation.TestCases.Java.TC0029_VerifyAction_Transfers_Scheduled.VerifyActionServiceOrder(TC0029_VerifyAction_Transfers_Scheduled.java:109)
... Removed 30 stack frames]]>
    </failure>
  </testcase> <!-- VerifyActionServiceOrder -->
  <testcase name="VerifyTransferActionServiceOrder" time="48.141" classname="com.NexusPortalAutomation.TestCases.Java.TC0050_VerifyMoveiinCustomerAppearing">
    <failure type="java.lang.AssertionError" message="Object Not Found Expected condition failed: waiting for visibility of Proxy element for: DefaultElementLocator &amp;apos;By.id: XFER_Button_Done&amp;apos; (tried for 20 second(s) with 500 milliseconds interval)">
      <![CDATA[java.lang.AssertionError: Object Not Found Expected condition failed: waiting for visibility of Proxy element for: DefaultElementLocator 'By.id: XFER_Button_Done' (tried for 20 second(s) with 500 milliseconds interval)
at com.NexusPortalAutomation.Utilities.Java.CommonMethods.waitForObject(CommonMethods.java:231)
at com.NexusPortalAutomation.PageObjects.Java.DashBoard.ClickElement(DashBoard.java:775)
at com.NexusPortalAutomation.PageObjects.Java.Dashboard_Transfers.clickDone(Dashboard_Transfers.java:279)
at com.NexusPortalAutomation.PageObjects.Java.Dashboard_Transfers.submitStartStopServiceTransferOrder(Dashboard_Transfers.java:460)
at com.NexusPortalAutomation.TestCases.Java.TC0050_VerifyMoveiinCustomerAppearing.VerifyTransferActionServiceOrder(TC0050_VerifyMoveiinCustomerAppearing.java:66)
... Removed 30 stack frames]]>
    </failure>
  </testcase> <!-- VerifyTransferActionServiceOrder -->
  <testcase name="VerifyRecentWidget" time="12.206" classname="com.NexusPortalAutomation.TestCases.Java.TC0023_VerifyRecentWidget"/>
  <testcase name="VerifyActionServiceOrder_Transfers_NotSchedule" time="53.176" classname="com.NexusPortalAutomation.TestCases.Java.TC0025_VerifyAction_Transfers_NotScheduled">
    <failure type="java.lang.AssertionError" message="Object Not Found Expected condition failed: waiting for visibility of Proxy element for: DefaultElementLocator &amp;apos;By.id: XFER_Search_Option_1_Customer_Name&amp;apos; (tried for 20 second(s) with 500 milliseconds interval)">
      <![CDATA[java.lang.AssertionError: Object Not Found Expected condition failed: waiting for visibility of Proxy element for: DefaultElementLocator 'By.id: XFER_Search_Option_1_Customer_Name' (tried for 20 second(s) with 500 milliseconds interval)
at com.NexusPortalAutomation.Utilities.Java.CommonMethods.waitForObject(CommonMethods.java:231)
at com.NexusPortalAutomation.PageObjects.Java.DashBoard.ClickElement(DashBoard.java:775)
at com.NexusPortalAutomation.PageObjects.Java.Dashboard_Transfers.movinEnterLocation(Dashboard_Transfers.java:422)
at com.NexusPortalAutomation.TestCases.Java.TC0025_VerifyAction_Transfers_NotScheduled.VerifyActionServiceOrder_Transfers_NotSchedule(TC0025_VerifyAction_Transfers_NotScheduled.java:79)
... Removed 30 stack frames]]>
    </failure>
  </testcase> <!-- VerifyActionServiceOrder_Transfers_NotSchedule -->
  <testcase name="VerifyTransferActionServiceOrder" time="33.929" classname="com.NexusPortalAutomation.TestCases.Java.TC0030_1_VerifyAction_Transfers_StartService_Scheduled_SameCustomerMovein">
    <failure type="org.openqa.selenium.NoSuchElementException" message="no such element: Unable to locate element: {&amp;quot;method&amp;quot;:&amp;quot;css selector&amp;quot;,&amp;quot;selector&amp;quot;:&amp;quot;div.requiered-field&amp;quot;}
  (Session info: chrome=78.0.3904.87)
For documentation on this error, please visit: http://seleniumhq.org/exceptions/no_such_element.html
Build info: version: &amp;apos;3.14.0&amp;apos;, revision: &amp;apos;aacccce0&amp;apos;, time: &amp;apos;2018-08-02T20:19:58.91Z&amp;apos;
System info: host: &amp;apos;RND-BASE-A&amp;apos;, ip: &amp;apos;10.0.2.15&amp;apos;, os.name: &amp;apos;Windows Server 2012 R2&amp;apos;, os.arch: &amp;apos;amd64&amp;apos;, os.version: &amp;apos;6.3&amp;apos;, java.version: &amp;apos;1.8.0_201&amp;apos;
Driver info: org.openqa.selenium.chrome.ChromeDriver
Capabilities {acceptInsecureCerts: false, browserName: chrome, browserVersion: 78.0.3904.87, chrome: {chromedriverVersion: 78.0.3904.70 (edb9c9f3de024..., userDataDir: C:\Users\ADMINI~1\AppData\L...}, goog:chromeOptions: {debuggerAddress: localhost:63557}, javascriptEnabled: true, networkConnectionEnabled: false, pageLoadStrategy: normal, platform: XP, platformName: XP, proxy: Proxy(), setWindowRect: true, strictFileInteractability: false, timeouts: {implicit: 0, pageLoad: 300000, script: 30000}, unhandledPromptBehavior: dismiss and notify}
Session ID: 06cd611006097a2db6a5471b5958803f
*** Element info: {Using=css selector, value=div.requiered-field}">
      <![CDATA[org.openqa.selenium.NoSuchElementException: no such element: Unable to locate element: {"method":"css selector","selector":"div.requiered-field"}
  (Session info: chrome=78.0.3904.87)
For documentation on this error, please visit: http://seleniumhq.org/exceptions/no_such_element.html
Build info: version: '3.14.0', revision: 'aacccce0', time: '2018-08-02T20:19:58.91Z'
System info: host: 'RND-BASE-A', ip: '10.0.2.15', os.name: 'Windows Server 2012 R2', os.arch: 'amd64', os.version: '6.3', java.version: '1.8.0_201'
Driver info: org.openqa.selenium.chrome.ChromeDriver
Capabilities {acceptInsecureCerts: false, browserName: chrome, browserVersion: 78.0.3904.87, chrome: {chromedriverVersion: 78.0.3904.70 (edb9c9f3de024..., userDataDir: C:\Users\ADMINI~1\AppData\L...}, goog:chromeOptions: {debuggerAddress: localhost:63557}, javascriptEnabled: true, networkConnectionEnabled: false, pageLoadStrategy: normal, platform: XP, platformName: XP, proxy: Proxy(), setWindowRect: true, strictFileInteractability: false, timeouts: {implicit: 0, pageLoad: 300000, script: 30000}, unhandledPromptBehavior: dismiss and notify}
Session ID: 06cd611006097a2db6a5471b5958803f
*** Element info: {Using=css selector, value=div.requiered-field}
at org.openqa.selenium.remote.http.W3CHttpResponseCodec.createException(W3CHttpResponseCodec.java:187)
at org.openqa.selenium.remote.http.W3CHttpResponseCodec.decode(W3CHttpResponseCodec.java:122)
at org.openqa.selenium.remote.http.W3CHttpResponseCodec.decode(W3CHttpResponseCodec.java:49)
at org.openqa.selenium.remote.HttpCommandExecutor.execute(HttpCommandExecutor.java:158)
at org.openqa.selenium.remote.service.DriverCommandExecutor.execute(DriverCommandExecutor.java:83)
at org.openqa.selenium.remote.RemoteWebDriver.execute(RemoteWebDriver.java:548)
at org.openqa.selenium.remote.RemoteWebDriver.findElement(RemoteWebDriver.java:322)
at org.openqa.selenium.remote.RemoteWebDriver.findElementByCssSelector(RemoteWebDriver.java:416)
at org.openqa.selenium.By$ByCssSelector.findElement(By.java:431)
at org.openqa.selenium.remote.RemoteWebDriver.findElement(RemoteWebDriver.java:314)
at org.openqa.selenium.support.pagefactory.DefaultElementLocator.findElement(DefaultElementLocator.java:69)
at org.openqa.selenium.support.pagefactory.internal.LocatingElementHandler.invoke(LocatingElementHandler.java:38)
at com.sun.proxy.$Proxy7.getText(Unknown Source)
at com.NexusPortalAutomation.PageObjects.Java.Dashboard_Transfers.verifySamemoveinCustomer(Dashboard_Transfers.java:158)
at com.NexusPortalAutomation.TestCases.Java.TC0030_1_VerifyAction_Transfers_StartService_Scheduled_SameCustomerMovein.VerifyTransferActionServiceOrder(TC0030_1_VerifyAction_Transfers_StartService_Scheduled_SameCustomerMovein.java:90)
... Removed 32 stack frames]]>
    </failure>
  </testcase> <!-- VerifyTransferActionServiceOrder -->
  <testcase name="VerifyTransferActionServiceOrder" time="51.366" classname="com.NexusPortalAutomation.TestCases.Java.TC0026_VerifyAction_Transfers_StartService_NotScheduled">
    <failure type="java.lang.AssertionError" message="Object Not Found Expected condition failed: waiting for visibility of Proxy element for: DefaultElementLocator &amp;apos;By.id: XFER_Button_Done&amp;apos; (tried for 20 second(s) with 500 milliseconds interval)">
      <![CDATA[java.lang.AssertionError: Object Not Found Expected condition failed: waiting for visibility of Proxy element for: DefaultElementLocator 'By.id: XFER_Button_Done' (tried for 20 second(s) with 500 milliseconds interval)
at com.NexusPortalAutomation.Utilities.Java.CommonMethods.waitForObject(CommonMethods.java:231)
at com.NexusPortalAutomation.PageObjects.Java.DashBoard.ClickElement(DashBoard.java:775)
at com.NexusPortalAutomation.PageObjects.Java.Dashboard_Transfers.clickDone(Dashboard_Transfers.java:279)
at com.NexusPortalAutomation.TestCases.Java.TC0026_VerifyAction_Transfers_StartService_NotScheduled.VerifyTransferActionServiceOrder(TC0026_VerifyAction_Transfers_StartService_NotScheduled.java:78)
... Removed 30 stack frames]]>
    </failure>
  </testcase> <!-- VerifyTransferActionServiceOrder -->
  <testcase name="VerifyTransferActionServiceOrder" time="48.382" classname="com.NexusPortalAutomation.TestCases.Java.TC0030_VerifyAction_Transfers_StartService_Scheduled">
    <failure type="java.lang.AssertionError" message="Object Not Found Expected condition failed: waiting for visibility of Proxy element for: DefaultElementLocator &amp;apos;By.id: XFER_Button_Done&amp;apos; (tried for 20 second(s) with 500 milliseconds interval)">
      <![CDATA[java.lang.AssertionError: Object Not Found Expected condition failed: waiting for visibility of Proxy element for: DefaultElementLocator 'By.id: XFER_Button_Done' (tried for 20 second(s) with 500 milliseconds interval)
at com.NexusPortalAutomation.Utilities.Java.CommonMethods.waitForObject(CommonMethods.java:231)
at com.NexusPortalAutomation.PageObjects.Java.DashBoard.ClickElement(DashBoard.java:775)
at com.NexusPortalAutomation.PageObjects.Java.Dashboard_Transfers.clickDone(Dashboard_Transfers.java:279)
at com.NexusPortalAutomation.PageObjects.Java.Dashboard_Transfers.submitStartStopServiceTransferOrder(Dashboard_Transfers.java:460)
at com.NexusPortalAutomation.TestCases.Java.TC0030_VerifyAction_Transfers_StartService_Scheduled.VerifyTransferActionServiceOrder(TC0030_VerifyAction_Transfers_StartService_Scheduled.java:78)
... Removed 30 stack frames]]>
    </failure>
  </testcase> <!-- VerifyTransferActionServiceOrder -->
  <testcase name="VerifyTransferActionServiceOrder" time="46.043" classname="com.NexusPortalAutomation.TestCases.Java.TC0027_VerifyAction_Transfers_StopService_NotScheduled">
    <failure type="java.lang.AssertionError" message="Object Not Found Expected condition failed: waiting for visibility of Proxy element for: DefaultElementLocator &amp;apos;By.id: XFER_Button_Done&amp;apos; (tried for 20 second(s) with 500 milliseconds interval)">
      <![CDATA[java.lang.AssertionError: Object Not Found Expected condition failed: waiting for visibility of Proxy element for: DefaultElementLocator 'By.id: XFER_Button_Done' (tried for 20 second(s) with 500 milliseconds interval)
at com.NexusPortalAutomation.Utilities.Java.CommonMethods.waitForObject(CommonMethods.java:231)
at com.NexusPortalAutomation.PageObjects.Java.DashBoard.ClickElement(DashBoard.java:775)
at com.NexusPortalAutomation.PageObjects.Java.Dashboard_Transfers.clickDone(Dashboard_Transfers.java:279)
at com.NexusPortalAutomation.TestCases.Java.TC0027_VerifyAction_Transfers_StopService_NotScheduled.VerifyTransferActionServiceOrder(TC0027_VerifyAction_Transfers_StopService_NotScheduled.java:84)
... Removed 30 stack frames]]>
    </failure>
  </testcase> <!-- VerifyTransferActionServiceOrder -->
  <testcase name="VerifyTransferActionServiceOrder" time="47.789" classname="com.NexusPortalAutomation.TestCases.Java.TC0031_VerifyAction_Transfers_StopService_Scheduled">
    <failure type="java.lang.AssertionError" message="Object Not Found Expected condition failed: waiting for visibility of Proxy element for: DefaultElementLocator &amp;apos;By.id: XFER_Button_Done&amp;apos; (tried for 20 second(s) with 500 milliseconds interval)">
      <![CDATA[java.lang.AssertionError: Object Not Found Expected condition failed: waiting for visibility of Proxy element for: DefaultElementLocator 'By.id: XFER_Button_Done' (tried for 20 second(s) with 500 milliseconds interval)
at com.NexusPortalAutomation.Utilities.Java.CommonMethods.waitForObject(CommonMethods.java:231)
at com.NexusPortalAutomation.PageObjects.Java.DashBoard.ClickElement(DashBoard.java:775)
at com.NexusPortalAutomation.PageObjects.Java.Dashboard_Transfers.clickDone(Dashboard_Transfers.java:279)
at com.NexusPortalAutomation.PageObjects.Java.Dashboard_Transfers.submitStartStopServiceTransferOrder(Dashboard_Transfers.java:460)
at com.NexusPortalAutomation.TestCases.Java.TC0031_VerifyAction_Transfers_StopService_Scheduled.VerifyTransferActionServiceOrder(TC0031_VerifyAction_Transfers_StopService_Scheduled.java:78)
... Removed 30 stack frames]]>
    </failure>
  </testcase> <!-- VerifyTransferActionServiceOrder -->
  <testcase name="VerifyTransferActionServiceOrder" time="46.02" classname="com.NexusPortalAutomation.TestCases.Java.TC0032_VerifyAction_Transfers_Stack_StopService_Scheduled">
    <failure type="java.lang.AssertionError" message="Object Not Found Expected condition failed: waiting for visibility of Proxy element for: DefaultElementLocator &amp;apos;By.id: XFER_Button_Done&amp;apos; (tried for 20 second(s) with 500 milliseconds interval)">
      <![CDATA[java.lang.AssertionError: Object Not Found Expected condition failed: waiting for visibility of Proxy element for: DefaultElementLocator 'By.id: XFER_Button_Done' (tried for 20 second(s) with 500 milliseconds interval)
at com.NexusPortalAutomation.Utilities.Java.CommonMethods.waitForObject(CommonMethods.java:231)
at com.NexusPortalAutomation.PageObjects.Java.DashBoard.ClickElement(DashBoard.java:775)
at com.NexusPortalAutomation.PageObjects.Java.Dashboard_Transfers.clickDone(Dashboard_Transfers.java:279)
at com.NexusPortalAutomation.PageObjects.Java.Dashboard_Transfers.submitStartStopServiceTransferOrder(Dashboard_Transfers.java:460)
at com.NexusPortalAutomation.TestCases.Java.TC0032_VerifyAction_Transfers_Stack_StopService_Scheduled.VerifyTransferActionServiceOrder(TC0032_VerifyAction_Transfers_Stack_StopService_Scheduled.java:62)
... Removed 30 stack frames]]>
    </failure>
  </testcase> <!-- VerifyTransferActionServiceOrder -->
  <testcase name="VerifyAction_Transfers_Stack_StartService_Scheduled" time="46.6" classname="com.NexusPortalAutomation.TestCases.Java.TC0033_VerifyAction_Transfers_Stack_StartService_Scheduled">
    <failure type="java.lang.AssertionError" message="Object Not Found Expected condition failed: waiting for visibility of Proxy element for: DefaultElementLocator &amp;apos;By.id: XFER_Button_Done&amp;apos; (tried for 20 second(s) with 500 milliseconds interval)">
      <![CDATA[java.lang.AssertionError: Object Not Found Expected condition failed: waiting for visibility of Proxy element for: DefaultElementLocator 'By.id: XFER_Button_Done' (tried for 20 second(s) with 500 milliseconds interval)
at com.NexusPortalAutomation.Utilities.Java.CommonMethods.waitForObject(CommonMethods.java:231)
at com.NexusPortalAutomation.PageObjects.Java.DashBoard.ClickElement(DashBoard.java:775)
at com.NexusPortalAutomation.PageObjects.Java.Dashboard_Transfers.clickDone(Dashboard_Transfers.java:279)
at com.NexusPortalAutomation.PageObjects.Java.Dashboard_Transfers.submitStartStopServiceTransferOrder(Dashboard_Transfers.java:460)
at com.NexusPortalAutomation.TestCases.Java.TC0033_VerifyAction_Transfers_Stack_StartService_Scheduled.VerifyAction_Transfers_Stack_StartService_Scheduled(TC0033_VerifyAction_Transfers_Stack_StartService_Scheduled.java:81)
... Removed 30 stack frames]]>
    </failure>
  </testcase> <!-- VerifyAction_Transfers_Stack_StartService_Scheduled -->
  <testcase name="VerifyAction_Transfers_Stack_TwoLocations" time="46.03" classname="com.NexusPortalAutomation.TestCases.Java.TC0034_VerifyAction_Transfers_Stack_TwoLocations">
    <failure type="java.lang.AssertionError" message="Object Not Found Expected condition failed: waiting for visibility of Proxy element for: DefaultElementLocator &amp;apos;By.id: XFER_Button_Done&amp;apos; (tried for 20 second(s) with 500 milliseconds interval)">
      <![CDATA[java.lang.AssertionError: Object Not Found Expected condition failed: waiting for visibility of Proxy element for: DefaultElementLocator 'By.id: XFER_Button_Done' (tried for 20 second(s) with 500 milliseconds interval)
at com.NexusPortalAutomation.Utilities.Java.CommonMethods.waitForObject(CommonMethods.java:231)
at com.NexusPortalAutomation.PageObjects.Java.DashBoard.ClickElement(DashBoard.java:775)
at com.NexusPortalAutomation.PageObjects.Java.Dashboard_Transfers.clickDone(Dashboard_Transfers.java:279)
at com.NexusPortalAutomation.PageObjects.Java.Dashboard_Transfers.submitStartStopServiceTransferOrder(Dashboard_Transfers.java:460)
at com.NexusPortalAutomation.TestCases.Java.TC0034_VerifyAction_Transfers_Stack_TwoLocations.VerifyAction_Transfers_Stack_TwoLocations(TC0034_VerifyAction_Transfers_Stack_TwoLocations.java:61)
... Removed 30 stack frames]]>
    </failure>
  </testcase> <!-- VerifyAction_Transfers_Stack_TwoLocations -->
  <testcase name="VerifyAction_Transfers_StopService" time="47.169" classname="com.NexusPortalAutomation.TestCases.Java.TC0035_VerifyAction_Transfers_StopService">
    <failure type="java.lang.AssertionError" message="Object Not Found Expected condition failed: waiting for visibility of Proxy element for: DefaultElementLocator &amp;apos;By.id: XFER_Button_Done&amp;apos; (tried for 20 second(s) with 500 milliseconds interval)">
      <![CDATA[java.lang.AssertionError: Object Not Found Expected condition failed: waiting for visibility of Proxy element for: DefaultElementLocator 'By.id: XFER_Button_Done' (tried for 20 second(s) with 500 milliseconds interval)
at com.NexusPortalAutomation.Utilities.Java.CommonMethods.waitForObject(CommonMethods.java:231)
at com.NexusPortalAutomation.PageObjects.Java.DashBoard.ClickElement(DashBoard.java:775)
at com.NexusPortalAutomation.PageObjects.Java.Dashboard_Transfers.clickDone(Dashboard_Transfers.java:279)
at com.NexusPortalAutomation.PageObjects.Java.Dashboard_Transfers.submitStartStopServiceTransferOrder(Dashboard_Transfers.java:460)
at com.NexusPortalAutomation.TestCases.Java.TC0035_VerifyAction_Transfers_StopService.VerifyAction_Transfers_StopService(TC0035_VerifyAction_Transfers_StopService.java:66)
... Removed 30 stack frames]]>
    </failure>
  </testcase> <!-- VerifyAction_Transfers_StopService -->
  <testcase name="VerifyTransferActionServiceOrder" time="46.713" classname="com.NexusPortalAutomation.TestCases.Java.TC0036_VerifyAction_Transfers_StartService">
    <failure type="java.lang.AssertionError" message="Object Not Found Expected condition failed: waiting for visibility of Proxy element for: DefaultElementLocator &amp;apos;By.id: XFER_Button_Done&amp;apos; (tried for 20 second(s) with 500 milliseconds interval)">
      <![CDATA[java.lang.AssertionError: Object Not Found Expected condition failed: waiting for visibility of Proxy element for: DefaultElementLocator 'By.id: XFER_Button_Done' (tried for 20 second(s) with 500 milliseconds interval)
at com.NexusPortalAutomation.Utilities.Java.CommonMethods.waitForObject(CommonMethods.java:231)
at com.NexusPortalAutomation.PageObjects.Java.DashBoard.ClickElement(DashBoard.java:775)
at com.NexusPortalAutomation.PageObjects.Java.Dashboard_Transfers.clickDone(Dashboard_Transfers.java:279)
at com.NexusPortalAutomation.PageObjects.Java.Dashboard_Transfers.submitStartStopServiceTransferOrder(Dashboard_Transfers.java:460)
at com.NexusPortalAutomation.TestCases.Java.TC0036_VerifyAction_Transfers_StartService.VerifyTransferActionServiceOrder(TC0036_VerifyAction_Transfers_StartService.java:80)
... Removed 30 stack frames]]>
    </failure>
  </testcase> <!-- VerifyTransferActionServiceOrder -->
  <testcase name="VerifyAction_Transfers_Stack_TwoLocations_NotScheduled" time="45.633" classname="com.NexusPortalAutomation.TestCases.Java.TC0037_VerifyAction_Transfers_Stack_TwoLocations_NotScheduled">
    <failure type="java.lang.AssertionError" message="Object Not Found Expected condition failed: waiting for visibility of Proxy element for: DefaultElementLocator &amp;apos;By.id: XFER_Button_Done&amp;apos; (tried for 20 second(s) with 500 milliseconds interval)">
      <![CDATA[java.lang.AssertionError: Object Not Found Expected condition failed: waiting for visibility of Proxy element for: DefaultElementLocator 'By.id: XFER_Button_Done' (tried for 20 second(s) with 500 milliseconds interval)
at com.NexusPortalAutomation.Utilities.Java.CommonMethods.waitForObject(CommonMethods.java:231)
at com.NexusPortalAutomation.PageObjects.Java.DashBoard.ClickElement(DashBoard.java:775)
at com.NexusPortalAutomation.PageObjects.Java.Dashboard_Transfers.clickDone(Dashboard_Transfers.java:279)
at com.NexusPortalAutomation.PageObjects.Java.Dashboard_Transfers.submitStartStopServiceTransferOrder(Dashboard_Transfers.java:460)
at com.NexusPortalAutomation.TestCases.Java.TC0037_VerifyAction_Transfers_Stack_TwoLocations_NotScheduled.VerifyAction_Transfers_Stack_TwoLocations_NotScheduled(TC0037_VerifyAction_Transfers_Stack_TwoLocations_NotScheduled.java:62)
... Removed 30 stack frames]]>
    </failure>
  </testcase> <!-- VerifyAction_Transfers_Stack_TwoLocations_NotScheduled -->
  <testcase name="TestSearchAutobyRecent" time="27.645" classname="com.NexusPortalAutomation.TestCases.Java.TC0004_TestSearchbyRecentFunction"/>
  <testcase name="TestSearchAutobyBookMark" time="10.479" classname="com.NexusPortalAutomation.TestCases.Java.TC0005_TestBookMarks"/>
  <testcase name="TestSummarySectionOnChange" time="19.278" classname="com.NexusPortalAutomation.TestCases.Java.TC0007_TestSummarySection">
    <failure type="org.openqa.selenium.TimeoutException" message="Expected condition failed: waiting for element to be clickable: By.id: BILL_Installment_Budget (tried for 10 second(s) with 500 milliseconds interval)">
      <![CDATA[org.openqa.selenium.TimeoutException: Expected condition failed: waiting for element to be clickable: By.id: BILL_Installment_Budget (tried for 10 second(s) with 500 milliseconds interval)
at org.openqa.selenium.support.ui.WebDriverWait.timeoutException(WebDriverWait.java:113)
at org.openqa.selenium.support.ui.FluentWait.until(FluentWait.java:283)
at com.NexusPortalAutomation.Utilities.Java.CommonMethods.waitforObjectById(CommonMethods.java:152)
at com.NexusPortalAutomation.PageObjects.Java.DashBoard.GetBillingInfo(DashBoard.java:1525)
at com.NexusPortalAutomation.TestCases.Java.TC0007_TestSummarySection.TestSummarySectionOnChange(TC0007_TestSummarySection.java:41)
Caused by: org.openqa.selenium.NoSuchElementException: Cannot locate an element using By.id: BILL_Installment_Budget
For documentation on this error, please visit: http://seleniumhq.org/exceptions/no_such_element.html
Build info: version: '3.14.0', revision: 'aacccce0', time: '2018-08-02T20:19:58.91Z'
System info: host: 'RND-BASE-A', ip: '10.0.2.15', os.name: 'Windows Server 2012 R2', os.arch: 'amd64', os.version: '6.3', java.version: '1.8.0_201'
Driver info: driver.version: unknown
at org.openqa.selenium.support.ui.ExpectedConditions.lambda$findElement$0(ExpectedConditions.java:896)
at java.util.Optional.orElseThrow(Optional.java:290)
at org.openqa.selenium.support.ui.ExpectedConditions.findElement(ExpectedConditions.java:895)
at org.openqa.selenium.support.ui.ExpectedConditions.access$000(ExpectedConditions.java:44)
at org.openqa.selenium.support.ui.ExpectedConditions$7.apply(ExpectedConditions.java:206)
at org.openqa.selenium.support.ui.ExpectedConditions$7.apply(ExpectedConditions.java:202)
at org.openqa.selenium.support.ui.ExpectedConditions$22.apply(ExpectedConditions.java:657)
at org.openqa.selenium.support.ui.ExpectedConditions$22.apply(ExpectedConditions.java:654)
at org.openqa.selenium.support.ui.FluentWait.until(FluentWait.java:260)
... 32 more
... Removed 29 stack frames]]>
    </failure>
  </testcase> <!-- TestSummarySectionOnChange -->
  <testcase name="TestSearchAutobyFirstName" time="39.689" classname="com.NexusPortalAutomation.TestCases.Java.TC0024_TestCustDetailSearch">
    <failure type="java.lang.AssertionError" message="Object Not Found Expected condition failed: waiting for visibility of Proxy element for: DefaultElementLocator &amp;apos;By.id: SRCH_Option_1_Customer_Name&amp;apos; (tried for 20 second(s) with 500 milliseconds interval)">
      <![CDATA[java.lang.AssertionError: Object Not Found Expected condition failed: waiting for visibility of Proxy element for: DefaultElementLocator 'By.id: SRCH_Option_1_Customer_Name' (tried for 20 second(s) with 500 milliseconds interval)
at com.NexusPortalAutomation.Utilities.Java.CommonMethods.waitForObject(CommonMethods.java:231)
at com.NexusPortalAutomation.PageObjects.Java.DashBoard.getDashBoardSearchResult1Name(DashBoard.java:611)
at com.NexusPortalAutomation.TestCases.Java.TC0024_TestCustDetailSearch.TestSearchAutobyFirstName(TC0024_TestCustDetailSearch.java:40)
... Removed 30 stack frames]]>
    </failure>
  </testcase> <!-- TestSearchAutobyFirstName -->
  <testcase name="TestSearchAutobyFirstName" time="10.192" classname="com.NexusPortalAutomation.TestCases.Java.TC0028_TestEnhancedNotes"/>
  <testcase name="TestSearchAlertOnLoad" time="33.711" classname="com.NexusPortalAutomation.TestCases.Java.TC0006_1_TestAlertOnLoadOnce"/>
  <testcase name="TestSearchAlertOnLoad" time="12.131" classname="com.NexusPortalAutomation.TestCases.Java.TC0006_TestAlertOnLoad"/>
  <testcase name="TestSearchAutobyFirstName" time="9.879" classname="com.NexusPortalAutomation.TestCases.Java.TC0002_TestSearchAutobyFirstName"/>
  <testcase name="TestSearchAutobyLastName" time="9.946" classname="com.NexusPortalAutomation.TestCases.Java.TC0003_TestSearchAutobyLastName"/>
</testsuite> <!-- NexusTest -->
