<?xml version="1.0" encoding="UTF-8"?>
<!-- Generated by org.testng.reporters.JUnitXMLReporter -->
<testsuite hostname="RND-BASE-A" ignored="0" name="NexusTest" tests="15" failures="4" timestamp="12 Jun 2019 13:30:08 GMT" time="445.985" errors="0">
  <testcase name="TestSearchID" time="26.641" classname="com.NexusPortalAutomation.TestCases.Java.TC0001_VerifySignInbyID"/>
  <testcase name="TestSearchbyLocationID" time="29.771" classname="com.NexusPortalAutomation.TestCases.Java.TC0008_VerifySignInbyLocationID"/>
  <testcase name="TestSearchAccount" time="27.703" classname="com.NexusPortalAutomation.TestCases.Java.TC0009_VerifyAccountSearch"/>
  <testcase name="TestCustomerDetails" time="28.047" classname="com.NexusPortalAutomation.TestCases.Java.TC0010_VerifyCustomerDetails"/>
  <testcase name="TestCreditStatus" time="25.445" classname="com.NexusPortalAutomation.TestCases.Java.TC0012_VerifyCreditStatus"/>
  <testcase name="TestContactEdit" time="28.498" classname="com.NexusPortalAutomation.TestCases.Java.TC0013_VerifyContactEdit"/>
  <testcase name="TestSecondayContact" time="24.279" classname="com.NexusPortalAutomation.TestCases.Java.TC0014_VerifySecondaryContact"/>
  <testcase name="TestNotesSection" time="27.775" classname="com.NexusPortalAutomation.TestCases.Java.TC0015_VerifyContactLogs"/>
  <testcase name="TestBillingStatements" time="27.091" classname="com.NexusPortalAutomation.TestCases.Java.TC0017_StatementsValue"/>
  <testcase name="TestSearchAutobyRecent" time="33.502" classname="com.NexusPortalAutomation.TestCases.Java.TC0004_TestSearchbyRecentFunction"/>
  <testcase name="TestSearchAutobyBookMark" time="24.652" classname="com.NexusPortalAutomation.TestCases.Java.TC0005_TestSearchbyBookMarks"/>
  <testcase name="TestSearchAlertOnLoad" time="18.421" classname="com.NexusPortalAutomation.TestCases.Java.TC0006_TestAlertOnLoad">
    <failure type="java.lang.AssertionError" message="expected [Alert Test] but found [Mr. Alert Test]">
      <![CDATA[java.lang.AssertionError: expected [Alert Test] but found [Mr. Alert Test]
at com.NexusPortalAutomation.Utilities.Java.CommonMethods.VerifyString(CommonMethods.java:61)
at com.NexusPortalAutomation.TestCases.Java.TC0006_TestAlertOnLoad.TestSearchAlertOnLoad(TC0006_TestAlertOnLoad.java:37)
... Removed 35 stack frames]]>
    </failure>
  </testcase> <!-- TestSearchAlertOnLoad -->
  <testcase name="TestSummarySectionOnChange" time="16.329" classname="com.NexusPortalAutomation.TestCases.Java.TC0007_TestSummarySection">
    <failure type="java.lang.AssertionError" message="expected [Automation Mate] but found [Mr. Automation Mate]">
      <![CDATA[java.lang.AssertionError: expected [Automation Mate] but found [Mr. Automation Mate]
at com.NexusPortalAutomation.Utilities.Java.CommonMethods.VerifyString(CommonMethods.java:61)
at com.NexusPortalAutomation.TestCases.Java.TC0007_TestSummarySection.TestSummarySectionOnChange(TC0007_TestSummarySection.java:39)
... Removed 35 stack frames]]>
    </failure>
  </testcase> <!-- TestSummarySectionOnChange -->
  <testcase name="TestSearchAutobyFirstName" time="16.842" classname="com.NexusPortalAutomation.TestCases.Java.TC0002_TestSearchAutobyFirstName">
    <failure type="java.lang.AssertionError" message="expected [Automation Mate] but found [Mr. Automation Mate]">
      <![CDATA[java.lang.AssertionError: expected [Automation Mate] but found [Mr. Automation Mate]
at com.NexusPortalAutomation.Utilities.Java.CommonMethods.VerifyString(CommonMethods.java:61)
at com.NexusPortalAutomation.TestCases.Java.TC0002_TestSearchAutobyFirstName.TestSearchAutobyFirstName(TC0002_TestSearchAutobyFirstName.java:34)
... Removed 35 stack frames]]>
    </failure>
  </testcase> <!-- TestSearchAutobyFirstName -->
  <testcase name="TestSearchAutobyLastName" time="17.233" classname="com.NexusPortalAutomation.TestCases.Java.TC0003_TestSearchAutobyLastName">
    <failure type="java.lang.AssertionError" message="expected [Automation Mate] but found [Mr. Automation Mate]">
      <![CDATA[java.lang.AssertionError: expected [Automation Mate] but found [Mr. Automation Mate]
at com.NexusPortalAutomation.Utilities.Java.CommonMethods.VerifyString(CommonMethods.java:61)
at com.NexusPortalAutomation.TestCases.Java.TC0003_TestSearchAutobyLastName.TestSearchAutobyLastName(TC0003_TestSearchAutobyLastName.java:34)
... Removed 35 stack frames]]>
    </failure>
  </testcase> <!-- TestSearchAutobyLastName -->
</testsuite> <!-- NexusTest -->
