<?xml version="1.0" encoding="UTF-8"?>
<!-- Generated by org.testng.reporters.JUnitXMLReporter -->
<testsuite hostname="RND-BASE-A" ignored="0" name="NexusTest" tests="55" failures="13" timestamp="02 Oct 2019 18:48:13 GMT" time="1828.548" errors="0">
  <testcase name="TestBookMark" time="41.21" classname="com.NexusPortalAutomation.TestCases.Java.TC0011_VerifyBookMark"/>
  <testcase name="VerifyTransactionsSaperatebill_saperate" time="21.006" classname="com.NexusPortalAutomation.TestCases.Java.TC0016_1_VerifyBillingDetails_VerifyBillSaperately"/>
  <testcase name="verifyDrillbackTransactions" time="13.651" classname="com.NexusPortalAutomation.TestCases.Java.TC0019_verifyDrillbackTransactions"/>
  <testcase name="VerifyTransactionsSaperatebill_saperate" time="15.54" classname="com.NexusPortalAutomation.TestCases.Java.TC0042_1_Transactions_OrderbyAmount"/>
  <testcase name="TestDrillBackServices" time="12.877" classname="com.NexusPortalAutomation.TestCases.Java.TC0020_verifyDrillbackServices"/>
  <testcase name="VerifyTransactionsSaperatebill_saperate" time="16.113" classname="com.NexusPortalAutomation.TestCases.Java.TC0042_1_Transactions_OrderbyDueBilled"/>
  <testcase name="TestserviceOrderDetails" time="14.279" classname="com.NexusPortalAutomation.TestCases.Java.TC0021_VerifyservicesOrderDetails"/>
  <testcase name="VerifyTransactionsSaperatebill_saperate" time="16.471" classname="com.NexusPortalAutomation.TestCases.Java.TC0042_Transactions_OrderbyDate"/>
  <testcase name="TestCustomerDetails" time="13.334" classname="com.NexusPortalAutomation.TestCases.Java.TC0010_verifyCustDetails"/>
  <testcase name="VerifyBillingDetails_SPA" time="13.173" classname="com.NexusPortalAutomation.TestCases.Java.TC0016_1_VerifyBillingDetails_SPA"/>
  <testcase name="verifyDrillbacksGeneral" time="21.684" classname="com.NexusPortalAutomation.TestCases.Java.TC0018_verifyDrillbacksGeneral"/>
  <testcase name="VerifyAction_Transfers_Stack_TwoLocations_Scheduled_NotScheduled" time="56.953" classname="com.NexusPortalAutomation.TestCases.Java.TC0041_VerifyAction_Transfers_Stack_TwoLocations_Scheduled_NotScheduled">
    <failure type="java.lang.AssertionError" message="Actual Value &amp;apos;Oct 4, 2019&amp;apos; not Matched the expected value &amp;apos;Oct 3, 2019&amp;apos; ">
      <![CDATA[java.lang.AssertionError: Actual Value 'Oct 4, 2019' not Matched the expected value 'Oct 3, 2019' 
at com.NexusPortalAutomation.Utilities.Java.CommonMethods.verifyString(CommonMethods.java:68)
at com.NexusPortalAutomation.PageObjects.Java.Dashboard_Transfers.verifyServiceOrderdetails(Dashboard_Transfers.java:469)
at com.NexusPortalAutomation.TestCases.Java.TC0041_VerifyAction_Transfers_Stack_TwoLocations_Scheduled_NotScheduled.VerifyAction_Transfers_Stack_TwoLocations_Scheduled_NotScheduled(TC0041_VerifyAction_Transfers_Stack_TwoLocations_Scheduled_NotScheduled.java:139)
... Removed 30 stack frames]]>
    </failure>
  </testcase> <!-- VerifyAction_Transfers_Stack_TwoLocations_Scheduled_NotScheduled -->
  <testcase name="TestCustomerDetails" time="11.645" classname="com.NexusPortalAutomation.TestCases.Java.TC0010_2_verifyCustDetails_Blank"/>
  <testcase name="VerifyBillingDetails" time="20.107" classname="com.NexusPortalAutomation.TestCases.Java.TC0016_1_VerifyBillingDetails_EBill"/>
  <testcase name="TestBillingStatements" time="11.427" classname="com.NexusPortalAutomation.TestCases.Java.TC0017_StatementsValue"/>
  <testcase name="VerifyAction_Transfers_Stack_TwoLocations_Scheduled_NotScheduled" time="48.508" classname="com.NexusPortalAutomation.TestCases.Java.TC0040_VerifyAction_Transfers_Stack_TwoLocations_Scheduled_NotScheduled">
    <failure type="java.lang.AssertionError" message="Actual Value &amp;apos;Oct 3, 2019&amp;apos; not Matched the expected value &amp;apos;Oct 2, 2019&amp;apos; ">
      <![CDATA[java.lang.AssertionError: Actual Value 'Oct 3, 2019' not Matched the expected value 'Oct 2, 2019' 
at com.NexusPortalAutomation.Utilities.Java.CommonMethods.verifyString(CommonMethods.java:68)
at com.NexusPortalAutomation.PageObjects.Java.Dashboard_Transfers.verifyServiceOrderdetails(Dashboard_Transfers.java:469)
at com.NexusPortalAutomation.TestCases.Java.TC0040_VerifyAction_Transfers_Stack_TwoLocations_Scheduled_NotScheduled.VerifyAction_Transfers_Stack_TwoLocations_Scheduled_NotScheduled(TC0040_VerifyAction_Transfers_Stack_TwoLocations_Scheduled_NotScheduled.java:133)
... Removed 30 stack frames]]>
    </failure>
  </testcase> <!-- VerifyAction_Transfers_Stack_TwoLocations_Scheduled_NotScheduled -->
  <testcase name="TestCustomerDetails" time="25.976" classname="com.NexusPortalAutomation.TestCases.Java.TC0010_1_verifyCustDetails_Business"/>
  <testcase name="VerifyBillingDetails_budgetSPA" time="31.946" classname="com.NexusPortalAutomation.TestCases.Java.TC0016_1_VerifyBillingDetails_Budget_SPA"/>
  <testcase name="VerifyBillingDetails" time="17.783" classname="com.NexusPortalAutomation.TestCases.Java.TC0016_VerifyBillingDetails"/>
  <testcase name="VerifyAction_Transfers_Stack_TwoLocations_Scheduled_NotScheduled" time="53.481" classname="com.NexusPortalAutomation.TestCases.Java.TC0039_VerifyAction_Transfers_Stack_TwoLocations_Scheduled_NotScheduled">
    <failure type="java.lang.AssertionError" message="Actual Value &amp;apos;Oct 3, 2019&amp;apos; not Matched the expected value &amp;apos;Oct 2, 2019&amp;apos; ">
      <![CDATA[java.lang.AssertionError: Actual Value 'Oct 3, 2019' not Matched the expected value 'Oct 2, 2019' 
at com.NexusPortalAutomation.Utilities.Java.CommonMethods.verifyString(CommonMethods.java:68)
at com.NexusPortalAutomation.PageObjects.Java.Dashboard_Transfers.verifyServiceOrderdetails(Dashboard_Transfers.java:469)
at com.NexusPortalAutomation.TestCases.Java.TC0039_VerifyAction_Transfers_Stack_TwoLocations_Scheduled_NotScheduled.VerifyAction_Transfers_Stack_TwoLocations_Scheduled_NotScheduled(TC0039_VerifyAction_Transfers_Stack_TwoLocations_Scheduled_NotScheduled.java:135)
... Removed 30 stack frames]]>
    </failure>
  </testcase> <!-- VerifyAction_Transfers_Stack_TwoLocations_Scheduled_NotScheduled -->
  <testcase name="TestSearchAccount" time="33.196" classname="com.NexusPortalAutomation.TestCases.Java.TC0009_VerifyAccountSearch"/>
  <testcase name="VerifyBillingDetails_Budget" time="18.312" classname="com.NexusPortalAutomation.TestCases.Java.TC0016_1_VerifyBillingDetails_Budget">
    <failure type="java.lang.AssertionError" message="Actual Value &amp;apos;$0.00&amp;apos; not Matched the expected value &amp;apos;$100.00&amp;apos; ">
      <![CDATA[java.lang.AssertionError: Actual Value '$0.00' not Matched the expected value '$100.00' 
at com.NexusPortalAutomation.Utilities.Java.CommonMethods.verifyString(CommonMethods.java:68)
at com.NexusPortalAutomation.TestCases.Java.TC0016_1_VerifyBillingDetails_Budget.VerifyBillingDetails_Budget(TC0016_1_VerifyBillingDetails_Budget.java:65)
... Removed 30 stack frames]]>
    </failure>
  </testcase> <!-- VerifyBillingDetails_Budget -->
  <testcase name="VerifyAction_Transfers_Stack_TwoLocations_defaultCustomerLocationBased_NotScheduled" time="0.094" classname="com.NexusPortalAutomation.TestCases.Java.TC0038_VerifyAction_Transfers_Stack_TwoLocations_defaultCustomerLocationBased_NotScheduled"/>
  <testcase name="TestSearchAccount" time="30.42" classname="com.NexusPortalAutomation.TestCases.Java.TC0009_1_VerifyAccountSearch_NoAccounts"/>
  <testcase name="VerifyBillingDetailsAutoPay" time="24.688" classname="com.NexusPortalAutomation.TestCases.Java.TC0016_1_VerifyBillingDetails_AutoPay"/>
  <testcase name="VerifyAction_Transfers_Stack_TwoLocations_NotScheduled" time="64.354" classname="com.NexusPortalAutomation.TestCases.Java.TC0037_VerifyAction_Transfers_Stack_TwoLocations_NotScheduled"/>
  <testcase name="TestSearchbylocationID" time="46.962" classname="com.NexusPortalAutomation.TestCases.Java.TC0008_VerifySignInbylocationID"/>
  <testcase name="TestContactLogs" time="76.494" classname="com.NexusPortalAutomation.TestCases.Java.TC0015_VerifyContactLogs"/>
  <testcase name="VerifyTransferActionServiceOrder" time="64.078" classname="com.NexusPortalAutomation.TestCases.Java.TC0036_VerifyAction_Transfers_StartService">
    <failure type="java.lang.AssertionError" message="Object Not Found Expected condition failed: waiting for visibility of Proxy element for: DefaultElementLocator &amp;apos;By.id: XFER_Button_Done&amp;apos; (tried for 20 second(s) with 500 milliseconds interval)">
      <![CDATA[java.lang.AssertionError: Object Not Found Expected condition failed: waiting for visibility of Proxy element for: DefaultElementLocator 'By.id: XFER_Button_Done' (tried for 20 second(s) with 500 milliseconds interval)
at com.NexusPortalAutomation.Utilities.Java.CommonMethods.waitForObject(CommonMethods.java:225)
at com.NexusPortalAutomation.PageObjects.Java.DashBoard.ClickElement(DashBoard.java:706)
at com.NexusPortalAutomation.PageObjects.Java.Dashboard_Transfers.clickDone(Dashboard_Transfers.java:279)
at com.NexusPortalAutomation.PageObjects.Java.Dashboard_Transfers.submitStartStopServiceTransferOrder(Dashboard_Transfers.java:458)
at com.NexusPortalAutomation.TestCases.Java.TC0036_VerifyAction_Transfers_StartService.VerifyTransferActionServiceOrder(TC0036_VerifyAction_Transfers_StartService.java:107)
... Removed 30 stack frames]]>
    </failure>
  </testcase> <!-- VerifyTransferActionServiceOrder -->
  <testcase name="TestSecondayContact" time="14.695" classname="com.NexusPortalAutomation.TestCases.Java.TC0014_VerifySecondaryContact"/>
  <testcase name="VerifyAction_Transfers_StopService" time="45.93" classname="com.NexusPortalAutomation.TestCases.Java.TC0035_VerifyAction_Transfers_StopService"/>
  <testcase name="TestContactEdit" time="31.008" classname="com.NexusPortalAutomation.TestCases.Java.TC0013_VerifyContactEdit"/>
  <testcase name="VerifyAction_Transfers_Stack_TwoLocations" time="80.102" classname="com.NexusPortalAutomation.TestCases.Java.TC0034_VerifyAction_Transfers_Stack_TwoLocations">
    <failure type="java.lang.AssertionError" message="Actual Value &amp;apos;Oct 3, 2019&amp;apos; not Matched the expected value &amp;apos;Oct 2, 2019&amp;apos; ">
      <![CDATA[java.lang.AssertionError: Actual Value 'Oct 3, 2019' not Matched the expected value 'Oct 2, 2019' 
at com.NexusPortalAutomation.Utilities.Java.CommonMethods.verifyString(CommonMethods.java:68)
at com.NexusPortalAutomation.PageObjects.Java.Dashboard_Transfers.verifyServiceOrderdetails(Dashboard_Transfers.java:489)
at com.NexusPortalAutomation.TestCases.Java.TC0034_VerifyAction_Transfers_Stack_TwoLocations.VerifyAction_Transfers_Stack_TwoLocations(TC0034_VerifyAction_Transfers_Stack_TwoLocations.java:137)
... Removed 30 stack frames]]>
    </failure>
  </testcase> <!-- VerifyAction_Transfers_Stack_TwoLocations -->
  <testcase name="TestCreditStatus" time="19.977" classname="com.NexusPortalAutomation.TestCases.Java.TC0012_verifyCreditStatusStatus"/>
  <testcase name="VerifyTransferActionServiceOrder" time="68.27" classname="com.NexusPortalAutomation.TestCases.Java.TC0032_VerifyAction_Transfers_Stack_StopService_Scheduled">
    <failure type="java.lang.AssertionError" message="Actual Value &amp;apos;Oct 3, 2019&amp;apos; not Matched the expected value &amp;apos;Oct 2, 2019&amp;apos; ">
      <![CDATA[java.lang.AssertionError: Actual Value 'Oct 3, 2019' not Matched the expected value 'Oct 2, 2019' 
at com.NexusPortalAutomation.Utilities.Java.CommonMethods.verifyString(CommonMethods.java:68)
at com.NexusPortalAutomation.PageObjects.Java.Dashboard_Transfers.verifyServiceOrderdetails(Dashboard_Transfers.java:489)
at com.NexusPortalAutomation.TestCases.Java.TC0032_VerifyAction_Transfers_Stack_StopService_Scheduled.VerifyTransferActionServiceOrder(TC0032_VerifyAction_Transfers_Stack_StopService_Scheduled.java:122)
... Removed 30 stack frames]]>
    </failure>
  </testcase> <!-- VerifyTransferActionServiceOrder -->
  <testcase name="VerifyAction_Transfers_Stack_StartService_Scheduled" time="55.079" classname="com.NexusPortalAutomation.TestCases.Java.TC0033_VerifyAction_Transfers_Stack_StartService_Scheduled">
    <failure type="java.lang.AssertionError" message="Actual Value &amp;apos;Oct 3, 2019&amp;apos; not Matched the expected value &amp;apos;Oct 2, 2019&amp;apos; ">
      <![CDATA[java.lang.AssertionError: Actual Value 'Oct 3, 2019' not Matched the expected value 'Oct 2, 2019' 
at com.NexusPortalAutomation.Utilities.Java.CommonMethods.verifyString(CommonMethods.java:68)
at com.NexusPortalAutomation.PageObjects.Java.Dashboard_Transfers.verifyServiceOrderdetails(Dashboard_Transfers.java:489)
at com.NexusPortalAutomation.TestCases.Java.TC0033_VerifyAction_Transfers_Stack_StartService_Scheduled.VerifyAction_Transfers_Stack_StartService_Scheduled(TC0033_VerifyAction_Transfers_Stack_StartService_Scheduled.java:147)
... Removed 30 stack frames]]>
    </failure>
  </testcase> <!-- VerifyAction_Transfers_Stack_StartService_Scheduled -->
  <testcase name="VerifyTransferActionServiceOrder" time="37.861" classname="com.NexusPortalAutomation.TestCases.Java.TC0030_VerifyAction_Transfers_StartService_Scheduled">
    <failure type="java.lang.AssertionError" message="Actual Value &amp;apos;Oct 2, 2019&amp;apos; not Matched the expected value &amp;apos;Oct 1, 2019&amp;apos; ">
      <![CDATA[java.lang.AssertionError: Actual Value 'Oct 2, 2019' not Matched the expected value 'Oct 1, 2019' 
at com.NexusPortalAutomation.Utilities.Java.CommonMethods.verifyString(CommonMethods.java:68)
at com.NexusPortalAutomation.PageObjects.Java.Dashboard_Transfers.verifyServiceOrderdetails(Dashboard_Transfers.java:489)
at com.NexusPortalAutomation.TestCases.Java.TC0030_VerifyAction_Transfers_StartService_Scheduled.VerifyTransferActionServiceOrder(TC0030_VerifyAction_Transfers_StartService_Scheduled.java:88)
... Removed 30 stack frames]]>
    </failure>
  </testcase> <!-- VerifyTransferActionServiceOrder -->
  <testcase name="VerifyTransferActionServiceOrder" time="20.183" classname="com.NexusPortalAutomation.TestCases.Java.TC0031_VerifyAction_Transfers_StopService_Scheduled">
    <failure type="java.lang.AssertionError" message="Actual Value &amp;apos;Oct 2, 2019&amp;apos; not Matched the expected value &amp;apos;Oct 1, 2019&amp;apos; ">
      <![CDATA[java.lang.AssertionError: Actual Value 'Oct 2, 2019' not Matched the expected value 'Oct 1, 2019' 
at com.NexusPortalAutomation.Utilities.Java.CommonMethods.verifyString(CommonMethods.java:68)
at com.NexusPortalAutomation.PageObjects.Java.Dashboard_Transfers.verifyServiceOrderdetails(Dashboard_Transfers.java:489)
at com.NexusPortalAutomation.TestCases.Java.TC0031_VerifyAction_Transfers_StopService_Scheduled.VerifyTransferActionServiceOrder(TC0031_VerifyAction_Transfers_StopService_Scheduled.java:88)
... Removed 30 stack frames]]>
    </failure>
  </testcase> <!-- VerifyTransferActionServiceOrder -->
  <testcase name="VerifyActionServiceOrder" time="35.8" classname="com.NexusPortalAutomation.TestCases.Java.TC0029_VerifyAction_Transfers_Scheduled">
    <failure type="java.lang.AssertionError" message="Actual Value &amp;apos;Oct 2, 2019&amp;apos; not Matched the expected value &amp;apos;Oct 1, 2019&amp;apos; ">
      <![CDATA[java.lang.AssertionError: Actual Value 'Oct 2, 2019' not Matched the expected value 'Oct 1, 2019' 
at com.NexusPortalAutomation.Utilities.Java.CommonMethods.verifyString(CommonMethods.java:68)
at com.NexusPortalAutomation.TestCases.Java.TC0029_VerifyAction_Transfers_Scheduled.VerifyActionServiceOrder(TC0029_VerifyAction_Transfers_Scheduled.java:132)
... Removed 30 stack frames]]>
    </failure>
  </testcase> <!-- VerifyActionServiceOrder -->
  <testcase name="VerifyTransferActionServiceOrder" time="50.047" classname="com.NexusPortalAutomation.TestCases.Java.TC0030_1_VerifyAction_Transfers_StartService_Scheduled_SameCustomerMovein">
    <failure type="org.openqa.selenium.NoSuchElementException" message="no such element: Unable to locate element: {&amp;quot;method&amp;quot;:&amp;quot;xpath&amp;quot;,&amp;quot;selector&amp;quot;:&amp;quot;//div[@class=&amp;apos;requiered-field text ng-star-inserted&amp;apos;]&amp;quot;}
  (Session info: chrome=77.0.3865.90)
For documentation on this error, please visit: http://seleniumhq.org/exceptions/no_such_element.html
Build info: version: &amp;apos;3.14.0&amp;apos;, revision: &amp;apos;aacccce0&amp;apos;, time: &amp;apos;2018-08-02T20:19:58.91Z&amp;apos;
System info: host: &amp;apos;RND-BASE-A&amp;apos;, ip: &amp;apos;10.0.2.15&amp;apos;, os.name: &amp;apos;Windows Server 2012 R2&amp;apos;, os.arch: &amp;apos;amd64&amp;apos;, os.version: &amp;apos;6.3&amp;apos;, java.version: &amp;apos;1.8.0_201&amp;apos;
Driver info: org.openqa.selenium.chrome.ChromeDriver
Capabilities {acceptInsecureCerts: false, browserName: chrome, browserVersion: 77.0.3865.90, chrome: {chromedriverVersion: 76.0.3809.126 (d80a294506b4..., userDataDir: C:\Users\ADMINI~1\AppData\L...}, goog:chromeOptions: {debuggerAddress: localhost:54126}, javascriptEnabled: true, networkConnectionEnabled: false, pageLoadStrategy: normal, platform: XP, platformName: XP, proxy: Proxy(), setWindowRect: true, strictFileInteractability: false, timeouts: {implicit: 0, pageLoad: 300000, script: 30000}, unhandledPromptBehavior: dismiss and notify}
Session ID: da57436780624f69350d6bdc3b6b16e7
*** Element info: {Using=xpath, value=//div[@class=&amp;apos;requiered-field text ng-star-inserted&amp;apos;]}">
      <![CDATA[org.openqa.selenium.NoSuchElementException: no such element: Unable to locate element: {"method":"xpath","selector":"//div[@class='requiered-field text ng-star-inserted']"}
  (Session info: chrome=77.0.3865.90)
For documentation on this error, please visit: http://seleniumhq.org/exceptions/no_such_element.html
Build info: version: '3.14.0', revision: 'aacccce0', time: '2018-08-02T20:19:58.91Z'
System info: host: 'RND-BASE-A', ip: '10.0.2.15', os.name: 'Windows Server 2012 R2', os.arch: 'amd64', os.version: '6.3', java.version: '1.8.0_201'
Driver info: org.openqa.selenium.chrome.ChromeDriver
Capabilities {acceptInsecureCerts: false, browserName: chrome, browserVersion: 77.0.3865.90, chrome: {chromedriverVersion: 76.0.3809.126 (d80a294506b4..., userDataDir: C:\Users\ADMINI~1\AppData\L...}, goog:chromeOptions: {debuggerAddress: localhost:54126}, javascriptEnabled: true, networkConnectionEnabled: false, pageLoadStrategy: normal, platform: XP, platformName: XP, proxy: Proxy(), setWindowRect: true, strictFileInteractability: false, timeouts: {implicit: 0, pageLoad: 300000, script: 30000}, unhandledPromptBehavior: dismiss and notify}
Session ID: da57436780624f69350d6bdc3b6b16e7
*** Element info: {Using=xpath, value=//div[@class='requiered-field text ng-star-inserted']}
at org.openqa.selenium.remote.http.W3CHttpResponseCodec.createException(W3CHttpResponseCodec.java:187)
at org.openqa.selenium.remote.http.W3CHttpResponseCodec.decode(W3CHttpResponseCodec.java:122)
at org.openqa.selenium.remote.http.W3CHttpResponseCodec.decode(W3CHttpResponseCodec.java:49)
at org.openqa.selenium.remote.HttpCommandExecutor.execute(HttpCommandExecutor.java:158)
at org.openqa.selenium.remote.service.DriverCommandExecutor.execute(DriverCommandExecutor.java:83)
at org.openqa.selenium.remote.RemoteWebDriver.execute(RemoteWebDriver.java:548)
at org.openqa.selenium.remote.RemoteWebDriver.findElement(RemoteWebDriver.java:322)
at org.openqa.selenium.remote.RemoteWebDriver.findElementByXPath(RemoteWebDriver.java:424)
at org.openqa.selenium.By$ByXPath.findElement(By.java:353)
at org.openqa.selenium.remote.RemoteWebDriver.findElement(RemoteWebDriver.java:314)
at org.openqa.selenium.support.pagefactory.DefaultElementLocator.findElement(DefaultElementLocator.java:69)
at org.openqa.selenium.support.pagefactory.internal.LocatingElementHandler.invoke(LocatingElementHandler.java:38)
at com.sun.proxy.$Proxy7.getText(Unknown Source)
at com.NexusPortalAutomation.PageObjects.Java.Dashboard_Transfers.verifySamemoveinCustomer(Dashboard_Transfers.java:158)
at com.NexusPortalAutomation.TestCases.Java.TC0030_1_VerifyAction_Transfers_StartService_Scheduled_SameCustomerMovein.VerifyTransferActionServiceOrder(TC0030_1_VerifyAction_Transfers_StartService_Scheduled_SameCustomerMovein.java:89)
... Removed 33 stack frames]]>
    </failure>
  </testcase> <!-- VerifyTransferActionServiceOrder -->
  <testcase name="VerifySignInbyID" time="11.393" classname="com.NexusPortalAutomation.TestCases.Java.TC0001_VerifySignInbyID"/>
  <testcase name="VerifyActionServiceOrder" time="27.705" classname="com.NexusPortalAutomation.TestCases.Java.TC0022_VerifyAction_ServiceOrder"/>
  <testcase name="VerifyActionServiceOrder_Transfers_NotSchedule" time="47.892" classname="com.NexusPortalAutomation.TestCases.Java.TC0025_1_VerifyAction_Transfers_Scheduled_CurrentMoveinCustomer">
    <failure type="org.openqa.selenium.NoSuchElementException" message="no such element: Unable to locate element: {&amp;quot;method&amp;quot;:&amp;quot;xpath&amp;quot;,&amp;quot;selector&amp;quot;:&amp;quot;//div[@class=&amp;apos;requiered-field text ng-star-inserted&amp;apos;]&amp;quot;}
  (Session info: chrome=77.0.3865.90)
For documentation on this error, please visit: http://seleniumhq.org/exceptions/no_such_element.html
Build info: version: &amp;apos;3.14.0&amp;apos;, revision: &amp;apos;aacccce0&amp;apos;, time: &amp;apos;2018-08-02T20:19:58.91Z&amp;apos;
System info: host: &amp;apos;RND-BASE-A&amp;apos;, ip: &amp;apos;10.0.2.15&amp;apos;, os.name: &amp;apos;Windows Server 2012 R2&amp;apos;, os.arch: &amp;apos;amd64&amp;apos;, os.version: &amp;apos;6.3&amp;apos;, java.version: &amp;apos;1.8.0_201&amp;apos;
Driver info: org.openqa.selenium.chrome.ChromeDriver
Capabilities {acceptInsecureCerts: false, browserName: chrome, browserVersion: 77.0.3865.90, chrome: {chromedriverVersion: 76.0.3809.126 (d80a294506b4..., userDataDir: C:\Users\ADMINI~1\AppData\L...}, goog:chromeOptions: {debuggerAddress: localhost:54288}, javascriptEnabled: true, networkConnectionEnabled: false, pageLoadStrategy: normal, platform: XP, platformName: XP, proxy: Proxy(), setWindowRect: true, strictFileInteractability: false, timeouts: {implicit: 0, pageLoad: 300000, script: 30000}, unhandledPromptBehavior: dismiss and notify}
Session ID: fe6bcaf39b90d7740f1b234a445d6702
*** Element info: {Using=xpath, value=//div[@class=&amp;apos;requiered-field text ng-star-inserted&amp;apos;]}">
      <![CDATA[org.openqa.selenium.NoSuchElementException: no such element: Unable to locate element: {"method":"xpath","selector":"//div[@class='requiered-field text ng-star-inserted']"}
  (Session info: chrome=77.0.3865.90)
For documentation on this error, please visit: http://seleniumhq.org/exceptions/no_such_element.html
Build info: version: '3.14.0', revision: 'aacccce0', time: '2018-08-02T20:19:58.91Z'
System info: host: 'RND-BASE-A', ip: '10.0.2.15', os.name: 'Windows Server 2012 R2', os.arch: 'amd64', os.version: '6.3', java.version: '1.8.0_201'
Driver info: org.openqa.selenium.chrome.ChromeDriver
Capabilities {acceptInsecureCerts: false, browserName: chrome, browserVersion: 77.0.3865.90, chrome: {chromedriverVersion: 76.0.3809.126 (d80a294506b4..., userDataDir: C:\Users\ADMINI~1\AppData\L...}, goog:chromeOptions: {debuggerAddress: localhost:54288}, javascriptEnabled: true, networkConnectionEnabled: false, pageLoadStrategy: normal, platform: XP, platformName: XP, proxy: Proxy(), setWindowRect: true, strictFileInteractability: false, timeouts: {implicit: 0, pageLoad: 300000, script: 30000}, unhandledPromptBehavior: dismiss and notify}
Session ID: fe6bcaf39b90d7740f1b234a445d6702
*** Element info: {Using=xpath, value=//div[@class='requiered-field text ng-star-inserted']}
at org.openqa.selenium.remote.http.W3CHttpResponseCodec.createException(W3CHttpResponseCodec.java:187)
at org.openqa.selenium.remote.http.W3CHttpResponseCodec.decode(W3CHttpResponseCodec.java:122)
at org.openqa.selenium.remote.http.W3CHttpResponseCodec.decode(W3CHttpResponseCodec.java:49)
at org.openqa.selenium.remote.HttpCommandExecutor.execute(HttpCommandExecutor.java:158)
at org.openqa.selenium.remote.service.DriverCommandExecutor.execute(DriverCommandExecutor.java:83)
at org.openqa.selenium.remote.RemoteWebDriver.execute(RemoteWebDriver.java:548)
at org.openqa.selenium.remote.RemoteWebDriver.findElement(RemoteWebDriver.java:322)
at org.openqa.selenium.remote.RemoteWebDriver.findElementByXPath(RemoteWebDriver.java:424)
at org.openqa.selenium.By$ByXPath.findElement(By.java:353)
at org.openqa.selenium.remote.RemoteWebDriver.findElement(RemoteWebDriver.java:314)
at org.openqa.selenium.support.pagefactory.DefaultElementLocator.findElement(DefaultElementLocator.java:69)
at org.openqa.selenium.support.pagefactory.internal.LocatingElementHandler.invoke(LocatingElementHandler.java:38)
at com.sun.proxy.$Proxy7.getText(Unknown Source)
at com.NexusPortalAutomation.PageObjects.Java.Dashboard_Transfers.verifySamemoveinCustomer(Dashboard_Transfers.java:158)
at com.NexusPortalAutomation.TestCases.Java.TC0025_1_VerifyAction_Transfers_Scheduled_CurrentMoveinCustomer.VerifyActionServiceOrder_Transfers_NotSchedule(TC0025_1_VerifyAction_Transfers_Scheduled_CurrentMoveinCustomer.java:91)
... Removed 33 stack frames]]>
    </failure>
  </testcase> <!-- VerifyActionServiceOrder_Transfers_NotSchedule -->
  <testcase name="VerifyRecentWidget" time="15.636" classname="com.NexusPortalAutomation.TestCases.Java.TC0023_VerifyRecentWidget"/>
  <testcase name="VerifyActionServiceOrder_Transfers_NotSchedule" time="47.938" classname="com.NexusPortalAutomation.TestCases.Java.TC0025_VerifyAction_Transfers_NotScheduled"/>
  <testcase name="VerifyTransferActionServiceOrder" time="20.699" classname="com.NexusPortalAutomation.TestCases.Java.TC0026_VerifyAction_Transfers_StartService_NotScheduled"/>
  <testcase name="VerifyTransferActionServiceOrder" time="27.504" classname="com.NexusPortalAutomation.TestCases.Java.TC0027_VerifyAction_Transfers_StopService_NotScheduled"/>
  <testcase name="TestSearchAutobyRecent" time="30.579" classname="com.NexusPortalAutomation.TestCases.Java.TC0004_TestSearchbyRecentFunction"/>
  <testcase name="TestSearchAutobyBookMark" time="11.805" classname="com.NexusPortalAutomation.TestCases.Java.TC0005_TestBookMarks"/>
  <testcase name="TestSummarySectionOnChange" time="16.038" classname="com.NexusPortalAutomation.TestCases.Java.TC0007_TestSummarySection"/>
  <testcase name="TestSearchAutobyFirstName" time="13.968" classname="com.NexusPortalAutomation.TestCases.Java.TC0028_TestEnhancedNotes"/>
  <testcase name="TestSearchAutobyFirstName" time="29.645" classname="com.NexusPortalAutomation.TestCases.Java.TC0024_TestCustDetailSearch"/>
  <testcase name="TestSearchAlertOnLoad" time="11.293" classname="com.NexusPortalAutomation.TestCases.Java.TC0006_TestAlertOnLoad"/>
  <testcase name="TestSearchAutobyFirstName" time="11.569" classname="com.NexusPortalAutomation.TestCases.Java.TC0002_TestSearchAutobyFirstName"/>
  <testcase name="TestSearchAutobyLastName" time="21.688" classname="com.NexusPortalAutomation.TestCases.Java.TC0003_TestSearchAutobyLastName"/>
</testsuite> <!-- NexusTest -->
