<?xml version="1.0" encoding="UTF-8"?>
<!-- Generated by org.testng.reporters.JUnitXMLReporter -->
<testsuite hostname="RND-BASE-A" ignored="0" name="NexusTest" tests="37" failures="3" timestamp="29 Aug 2019 14:37:29 GMT" time="1728.555" errors="0">
  <testcase name="TestBookMark" time="55.997" classname="com.NexusPortalAutomation.TestCases.Java.TC0011_VerifyBookMark"/>
  <testcase name="VerifyDrillBackTransactions" time="20.971" classname="com.NexusPortalAutomation.TestCases.Java.TC0019_VerifyDrillBackTransactions"/>
  <testcase name="TestDrillBackServices" time="21.72" classname="com.NexusPortalAutomation.TestCases.Java.TC0020_VerifyDrillBackServices"/>
  <testcase name="TestServiceOrderDetails" time="32.741" classname="com.NexusPortalAutomation.TestCases.Java.TC0021_VerifyServicesOrderDetails"/>
  <testcase name="TestCustomerDetails" time="28.255" classname="com.NexusPortalAutomation.TestCases.Java.TC0010_VerifyCustomerDetails"/>
  <testcase name="VerifyDrillBacksGeneral" time="31.958" classname="com.NexusPortalAutomation.TestCases.Java.TC0018_VerifyDrillBacksGeneral"/>
  <testcase name="TestSearchAccount" time="30.844" classname="com.NexusPortalAutomation.TestCases.Java.TC0009_VerifyAccountSearch"/>
  <testcase name="TestBillingStatements" time="24.749" classname="com.NexusPortalAutomation.TestCases.Java.TC0017_StatementsValue"/>
  <testcase name="TestSearchbyLocationID" time="23.412" classname="com.NexusPortalAutomation.TestCases.Java.TC0008_VerifySignInbyLocationID"/>
  <testcase name="TestContactLogs" time="22.971" classname="com.NexusPortalAutomation.TestCases.Java.TC0015_VerifyContactLogs"/>
  <testcase name="VerifyBillingDetails" time="32.177" classname="com.NexusPortalAutomation.TestCases.Java.TC0016_VerifyBillingDetails"/>
  <testcase name="TestContactEdit" time="33.448" classname="com.NexusPortalAutomation.TestCases.Java.TC0013_VerifyContactEdit"/>
  <testcase name="TestSecondayContact" time="21.868" classname="com.NexusPortalAutomation.TestCases.Java.TC0014_VerifySecondaryContact"/>
  <testcase name="TestCreditStatus" time="40.351" classname="com.NexusPortalAutomation.TestCases.Java.TC0012_VerifyCreditStatus"/>
  <testcase name="TestSearchID" time="23.718" classname="com.NexusPortalAutomation.TestCases.Java.TC0001_VerifySignInbyID"/>
  <testcase name="VerifyActionServiceOrder" time="33.507" classname="com.NexusPortalAutomation.TestCases.Java.TC0022_VerifyAction_ServiceOrder"/>
  <testcase name="VerifyActionServiceOrder" time="48.719" classname="com.NexusPortalAutomation.TestCases.Java.TC0025_VerifyAction_Transfers_NotScheduled"/>
  <testcase name="VerifyActionServiceOrder" time="62.778" classname="com.NexusPortalAutomation.TestCases.Java.TC0029_VerifyAction_Transfers_Scheduled"/>
  <testcase name="VerifyRecentWidget" time="26.213" classname="com.NexusPortalAutomation.TestCases.Java.TC0023_VerifyRecentWidget"/>
  <testcase name="VerifyTransferActionServiceOrder" time="38.266" classname="com.NexusPortalAutomation.TestCases.Java.TC0026_VerifyAction_Transfers_StartService_NotScheduled"/>
  <testcase name="VerifyTransferActionServiceOrder" time="42.185" classname="com.NexusPortalAutomation.TestCases.Java.TC0030_VerifyAction_Transfers_StartService_Scheduled"/>
  <testcase name="VerifyTransferActionServiceOrder" time="37.282" classname="com.NexusPortalAutomation.TestCases.Java.TC0027_VerifyAction_Transfers_StopService_NotScheduled"/>
  <testcase name="VerifyTransferActionServiceOrder" time="43.926" classname="com.NexusPortalAutomation.TestCases.Java.TC0031_VerifyAction_Transfers_StopService_Scheduled"/>
  <testcase name="VerifyTransferActionServiceOrder" time="96.229" classname="com.NexusPortalAutomation.TestCases.Java.TC0032_VerifyAction_Transfers_Stack_StopService_Scheduled"/>
  <testcase name="VerifyTransferActionServiceOrder" time="83.189" classname="com.NexusPortalAutomation.TestCases.Java.TC0033_VerifyAction_Transfers_Stack_StartService_Scheduled">
    <failure type="java.lang.AssertionError" message="Actual Value &amp;apos;Mr. Movein Cus&amp;apos; not Matched the expected value &amp;apos;Mr. Auto Customer Mid Automation Aut&amp;apos; ">
      <![CDATA[java.lang.AssertionError: Actual Value 'Mr. Movein Cus' not Matched the expected value 'Mr. Auto Customer Mid Automation Aut' 
at com.NexusPortalAutomation.Utilities.Java.CommonMethods.VerifyString(CommonMethods.java:68)
at com.NexusPortalAutomation.PageObjects.Java.Dashboard_Transfers.verifyServiceOrderdetails(Dashboard_Transfers.java:469)
at com.NexusPortalAutomation.TestCases.Java.TC0033_VerifyAction_Transfers_Stack_StartService_Scheduled.VerifyTransferActionServiceOrder(TC0033_VerifyAction_Transfers_Stack_StartService_Scheduled.java:145)
... Removed 30 stack frames]]>
    </failure>
  </testcase> <!-- VerifyTransferActionServiceOrder -->
  <testcase name="VerifyTransferActionServiceOrder" time="106.301" classname="com.NexusPortalAutomation.TestCases.Java.TC0034_VerifyAction_Transfers_Stack_TwoLocations"/>
  <testcase name="VerifyTransferActionServiceOrder" time="75.746" classname="com.NexusPortalAutomation.TestCases.Java.TC0035_VerifyAction_Transfers_StopService">
    <failure type="java.lang.AssertionError" message="Actual Value &amp;apos;Mr. Alert Test (Customeralert01)&amp;apos; not Matched the expected value &amp;apos;Mr. Auto Customer Mid Automation Aut (Auto Custom)&amp;apos; ">
      <![CDATA[java.lang.AssertionError: Actual Value 'Mr. Alert Test (Customeralert01)' not Matched the expected value 'Mr. Auto Customer Mid Automation Aut (Auto Custom)' 
at com.NexusPortalAutomation.Utilities.Java.CommonMethods.VerifyString(CommonMethods.java:68)
at com.NexusPortalAutomation.PageObjects.Java.Dashboard_Transfers.verifyServiceOrderdetails(Dashboard_Transfers.java:471)
at com.NexusPortalAutomation.TestCases.Java.TC0035_VerifyAction_Transfers_StopService.VerifyTransferActionServiceOrder(TC0035_VerifyAction_Transfers_StopService.java:131)
... Removed 30 stack frames]]>
    </failure>
  </testcase> <!-- VerifyTransferActionServiceOrder -->
  <testcase name="VerifyTransferActionServiceOrder" time="86.211" classname="com.NexusPortalAutomation.TestCases.Java.TC0036_VerifyAction_Transfers_StartService">
    <failure type="java.lang.AssertionError" message="Actual Value &amp;apos;Mr. Movein Cus (Moveincus2)&amp;apos; not Matched the expected value &amp;apos;Mr. Auto Customer Mid Automation Aut (Auto Custom)&amp;apos; ">
      <![CDATA[java.lang.AssertionError: Actual Value 'Mr. Movein Cus (Moveincus2)' not Matched the expected value 'Mr. Auto Customer Mid Automation Aut (Auto Custom)' 
at com.NexusPortalAutomation.Utilities.Java.CommonMethods.VerifyString(CommonMethods.java:68)
at com.NexusPortalAutomation.PageObjects.Java.Dashboard_Transfers.verifyServiceOrderdetails(Dashboard_Transfers.java:471)
at com.NexusPortalAutomation.TestCases.Java.TC0036_VerifyAction_Transfers_StartService.VerifyTransferActionServiceOrder(TC0036_VerifyAction_Transfers_StartService.java:153)
... Removed 30 stack frames]]>
    </failure>
  </testcase> <!-- VerifyTransferActionServiceOrder -->
  <testcase name="VerifyTransferActionServiceOrder" time="103.347" classname="com.NexusPortalAutomation.TestCases.Java.TC0037_VerifyAction_Transfers_Stack_TwoLocations_NotScheduled"/>
  <testcase name="TestSearchAutobyRecent" time="53.942" classname="com.NexusPortalAutomation.TestCases.Java.TC0004_TestSearchbyRecentFunction"/>
  <testcase name="TestSearchAutobyBookMark" time="28.209" classname="com.NexusPortalAutomation.TestCases.Java.TC0005_TestBookMarks"/>
  <testcase name="TestSummarySectionOnChange" time="33.183" classname="com.NexusPortalAutomation.TestCases.Java.TC0007_TestSummarySection"/>
  <testcase name="TestSearchAutobyFirstName" time="44.905" classname="com.NexusPortalAutomation.TestCases.Java.TC0024_TestCustDetailSearch"/>
  <testcase name="TestSearchAutobyFirstName" time="25.436" classname="com.NexusPortalAutomation.TestCases.Java.TC0028_TestEnhancedNotes"/>
  <testcase name="TestSearchAlertOnLoad" time="24.556" classname="com.NexusPortalAutomation.TestCases.Java.TC0006_TestAlertOnLoad"/>
  <testcase name="TestSearchAutobyFirstName" time="24.195" classname="com.NexusPortalAutomation.TestCases.Java.TC0002_TestSearchAutobyFirstName"/>
  <testcase name="TestSearchAutobyLastName" time="24.753" classname="com.NexusPortalAutomation.TestCases.Java.TC0003_TestSearchAutobyLastName"/>
</testsuite> <!-- NexusTest -->
