<?xml version="1.0" encoding="UTF-8"?>
<!-- Generated by org.testng.reporters.JUnitXMLReporter -->
<testsuite hostname="RND-BASE-A" ignored="0" name="NexusTest" tests="24" failures="18" timestamp="15 Jul 2019 15:15:30 GMT" time="739.95" errors="0">
  <testcase name="TestBookMark" time="42.929" classname="com.NexusPortalAutomation.TestCases.Java.TC0011_VerifyBookMark"/>
  <testcase name="VerifyDrillBackTransactions" time="19.399" classname="com.NexusPortalAutomation.TestCases.Java.TC0019_VerifyDrillBackTransactions">
    <failure type="java.lang.AssertionError" message="expected [LOC@0001] but found [LOC00012]">
      <![CDATA[java.lang.AssertionError: expected [LOC@0001] but found [LOC00012]
at com.NexusPortalAutomation.Utilities.Java.CommonMethods.VerifyString(CommonMethods.java:65)
at com.NexusPortalAutomation.TestCases.Java.TC0019_VerifyDrillBackTransactions.VerifyDrillBackTransactions(TC0019_VerifyDrillBackTransactions.java:48)
... Removed 35 stack frames]]>
    </failure>
  </testcase> <!-- VerifyDrillBackTransactions -->
  <testcase name="TestDrillBackServices" time="17.314" classname="com.NexusPortalAutomation.TestCases.Java.TC0020_VerifyDrillBackServices">
    <failure type="java.lang.AssertionError" message="expected [LOC@0001] but found [LOC00012]">
      <![CDATA[java.lang.AssertionError: expected [LOC@0001] but found [LOC00012]
at com.NexusPortalAutomation.Utilities.Java.CommonMethods.VerifyString(CommonMethods.java:65)
at com.NexusPortalAutomation.TestCases.Java.TC0020_VerifyDrillBackServices.TestDrillBackServices(TC0020_VerifyDrillBackServices.java:37)
... Removed 35 stack frames]]>
    </failure>
  </testcase> <!-- TestDrillBackServices -->
  <testcase name="TestServiceOrderDetails" time="18.846" classname="com.NexusPortalAutomation.TestCases.Java.TC0021_VerifyServicesOrderDetails">
    <failure type="java.lang.AssertionError" message="expected [LOC@0001] but found [LOC00012]">
      <![CDATA[java.lang.AssertionError: expected [LOC@0001] but found [LOC00012]
at com.NexusPortalAutomation.Utilities.Java.CommonMethods.VerifyString(CommonMethods.java:65)
at com.NexusPortalAutomation.TestCases.Java.TC0021_VerifyServicesOrderDetails.TestServiceOrderDetails(TC0021_VerifyServicesOrderDetails.java:52)
... Removed 35 stack frames]]>
    </failure>
  </testcase> <!-- TestServiceOrderDetails -->
  <testcase name="TestCustomerDetails" time="18.409" classname="com.NexusPortalAutomation.TestCases.Java.TC0010_VerifyCustomerDetails">
    <failure type="java.lang.AssertionError" message="expected [LOC@0001] but found [LOC00012]">
      <![CDATA[java.lang.AssertionError: expected [LOC@0001] but found [LOC00012]
at com.NexusPortalAutomation.Utilities.Java.CommonMethods.VerifyString(CommonMethods.java:65)
at com.NexusPortalAutomation.TestCases.Java.TC0010_VerifyCustomerDetails.TestCustomerDetails(TC0010_VerifyCustomerDetails.java:42)
... Removed 35 stack frames]]>
    </failure>
  </testcase> <!-- TestCustomerDetails -->
  <testcase name="VerifyDrillBacksGeneral" time="16.405" classname="com.NexusPortalAutomation.TestCases.Java.TC0018_VerifyDrillBacksGeneral">
    <failure type="java.lang.AssertionError" message="expected [LOC@0004] but found [LOC00012]">
      <![CDATA[java.lang.AssertionError: expected [LOC@0004] but found [LOC00012]
at com.NexusPortalAutomation.Utilities.Java.CommonMethods.VerifyString(CommonMethods.java:65)
at com.NexusPortalAutomation.TestCases.Java.TC0018_VerifyDrillBacksGeneral.VerifyDrillBacksGeneral(TC0018_VerifyDrillBacksGeneral.java:97)
... Removed 35 stack frames]]>
    </failure>
  </testcase> <!-- VerifyDrillBacksGeneral -->
  <testcase name="TestSearchAccount" time="27.107" classname="com.NexusPortalAutomation.TestCases.Java.TC0009_VerifyAccountSearch"/>
  <testcase name="TestBillingStatements" time="23.461" classname="com.NexusPortalAutomation.TestCases.Java.TC0017_StatementsValue"/>
  <testcase name="TestSearchbyLocationID" time="19.568" classname="com.NexusPortalAutomation.TestCases.Java.TC0008_VerifySignInbyLocationID">
    <failure type="java.lang.AssertionError" message="expected [LOC@0001] but found [LOC00012]">
      <![CDATA[java.lang.AssertionError: expected [LOC@0001] but found [LOC00012]
at com.NexusPortalAutomation.Utilities.Java.CommonMethods.VerifyString(CommonMethods.java:65)
at com.NexusPortalAutomation.TestCases.Java.TC0008_VerifySignInbyLocationID.TestSearchbyLocationID(TC0008_VerifySignInbyLocationID.java:39)
... Removed 35 stack frames]]>
    </failure>
  </testcase> <!-- TestSearchbyLocationID -->
  <testcase name="TestContactLogs" time="19.85" classname="com.NexusPortalAutomation.TestCases.Java.TC0015_VerifyContactLogs">
    <failure type="java.lang.AssertionError" message="expected [LOC@0004] but found [LOC00012]">
      <![CDATA[java.lang.AssertionError: expected [LOC@0004] but found [LOC00012]
at com.NexusPortalAutomation.Utilities.Java.CommonMethods.VerifyString(CommonMethods.java:65)
at com.NexusPortalAutomation.TestCases.Java.TC0015_VerifyContactLogs.TestContactLogs(TC0015_VerifyContactLogs.java:41)
... Removed 35 stack frames]]>
    </failure>
  </testcase> <!-- TestContactLogs -->
  <testcase name="VerifyBillingDetails" time="17.642" classname="com.NexusPortalAutomation.TestCases.Java.TC0016_VerifyBillingDetails">
    <failure type="java.lang.AssertionError" message="expected [LOC@0001] but found [LOC00012]">
      <![CDATA[java.lang.AssertionError: expected [LOC@0001] but found [LOC00012]
at com.NexusPortalAutomation.Utilities.Java.CommonMethods.VerifyString(CommonMethods.java:65)
at com.NexusPortalAutomation.TestCases.Java.TC0016_VerifyBillingDetails.VerifyBillingDetails(TC0016_VerifyBillingDetails.java:53)
... Removed 35 stack frames]]>
    </failure>
  </testcase> <!-- VerifyBillingDetails -->
  <testcase name="TestContactEdit" time="18.54" classname="com.NexusPortalAutomation.TestCases.Java.TC0013_VerifyContactEdit">
    <failure type="java.lang.AssertionError" message="expected [LOC@0004] but found [LOC00012]">
      <![CDATA[java.lang.AssertionError: expected [LOC@0004] but found [LOC00012]
at com.NexusPortalAutomation.Utilities.Java.CommonMethods.VerifyString(CommonMethods.java:65)
at com.NexusPortalAutomation.TestCases.Java.TC0013_VerifyContactEdit.TestContactEdit(TC0013_VerifyContactEdit.java:41)
... Removed 35 stack frames]]>
    </failure>
  </testcase> <!-- TestContactEdit -->
  <testcase name="TestSecondayContact" time="18.482" classname="com.NexusPortalAutomation.TestCases.Java.TC0014_VerifySecondaryContact">
    <failure type="java.lang.AssertionError" message="expected [LOC@0004] but found [LOC00012]">
      <![CDATA[java.lang.AssertionError: expected [LOC@0004] but found [LOC00012]
at com.NexusPortalAutomation.Utilities.Java.CommonMethods.VerifyString(CommonMethods.java:65)
at com.NexusPortalAutomation.TestCases.Java.TC0014_VerifySecondaryContact.TestSecondayContact(TC0014_VerifySecondaryContact.java:36)
... Removed 35 stack frames]]>
    </failure>
  </testcase> <!-- TestSecondayContact -->
  <testcase name="TestCreditStatus" time="22.637" classname="com.NexusPortalAutomation.TestCases.Java.TC0012_VerifyCreditStatus">
    <failure type="java.lang.AssertionError" message="expected [LOC@0001] but found [LOC00012]">
      <![CDATA[java.lang.AssertionError: expected [LOC@0001] but found [LOC00012]
at com.NexusPortalAutomation.Utilities.Java.CommonMethods.VerifyString(CommonMethods.java:65)
at com.NexusPortalAutomation.TestCases.Java.TC0012_VerifyCreditStatus.TestCreditStatus(TC0012_VerifyCreditStatus.java:35)
... Removed 35 stack frames]]>
    </failure>
  </testcase> <!-- TestCreditStatus -->
  <testcase name="TestSearchID" time="30.64" classname="com.NexusPortalAutomation.TestCases.Java.TC0001_VerifySignInbyID">
    <failure type="java.lang.AssertionError" message="Customer Id not found expected [true] but found [false]">
      <![CDATA[java.lang.AssertionError: Customer Id not found expected [true] but found [false]
at com.NexusPortalAutomation.PageObjects.Java.DashBoard.GetLoggedCustomerId(DashBoard.java:1317)
at com.NexusPortalAutomation.TestCases.Java.TC0001_VerifySignInbyID.TestSearchID(TC0001_VerifySignInbyID.java:35)
... Removed 32 stack frames]]>
    </failure>
  </testcase> <!-- TestSearchID -->
  <testcase name="VerifyActionServiceOrder" time="16.445" classname="com.NexusPortalAutomation.TestCases.Java.TC0022_VerifyAction_ServiceOrder">
    <failure type="java.lang.AssertionError" message="expected [LOC@0004] but found [LOC00012]">
      <![CDATA[java.lang.AssertionError: expected [LOC@0004] but found [LOC00012]
at com.NexusPortalAutomation.Utilities.Java.CommonMethods.VerifyString(CommonMethods.java:65)
at com.NexusPortalAutomation.TestCases.Java.TC0022_VerifyAction_ServiceOrder.VerifyActionServiceOrder(TC0022_VerifyAction_ServiceOrder.java:48)
... Removed 35 stack frames]]>
    </failure>
  </testcase> <!-- VerifyActionServiceOrder -->
  <testcase name="VerifyRecentWidget" time="19.093" classname="com.NexusPortalAutomation.TestCases.Java.TC0023_VerifyRecentWidget">
    <failure type="java.lang.AssertionError" message="expected [LOC@0001] but found [LOC00012]">
      <![CDATA[java.lang.AssertionError: expected [LOC@0001] but found [LOC00012]
at com.NexusPortalAutomation.Utilities.Java.CommonMethods.VerifyString(CommonMethods.java:65)
at com.NexusPortalAutomation.TestCases.Java.TC0023_VerifyRecentWidget.VerifyRecentWidget(TC0023_VerifyRecentWidget.java:40)
... Removed 35 stack frames]]>
    </failure>
  </testcase> <!-- VerifyRecentWidget -->
  <testcase name="TestSearchAutobyRecent" time="49.924" classname="com.NexusPortalAutomation.TestCases.Java.TC0004_TestSearchbyRecentFunction"/>
  <testcase name="TestSearchAutobyBookMark" time="25.939" classname="com.NexusPortalAutomation.TestCases.Java.TC0005_TestBookMarks"/>
  <testcase name="TestSearchAlertOnLoad" time="19.853" classname="com.NexusPortalAutomation.TestCases.Java.TC0006_TestAlertOnLoad"/>
  <testcase name="TestSummarySectionOnChange" time="23.033" classname="com.NexusPortalAutomation.TestCases.Java.TC0007_TestSummarySection">
    <failure type="java.lang.AssertionError" message="Customer Name not found = expected [true] but found [false]">
      <![CDATA[java.lang.AssertionError: Customer Name not found = expected [true] but found [false]
at com.NexusPortalAutomation.PageObjects.Java.DashBoard.GetLoggedCustomerName(DashBoard.java:1350)
at com.NexusPortalAutomation.TestCases.Java.TC0007_TestSummarySection.TestSummarySectionOnChange(TC0007_TestSummarySection.java:39)
... Removed 32 stack frames]]>
    </failure>
  </testcase> <!-- TestSummarySectionOnChange -->
  <testcase name="TestSearchAutobyFirstName" time="56.226" classname="com.NexusPortalAutomation.TestCases.Java.TC0002_TestSearchAutobyFirstName">
    <failure type="java.lang.AssertionError" message="Object Not Found expected [true] but found [false]">
      <![CDATA[java.lang.AssertionError: Object Not Found expected [true] but found [false]
at com.NexusPortalAutomation.Utilities.Java.CommonMethods.waitForObject(CommonMethods.java:211)
at com.NexusPortalAutomation.PageObjects.Java.DashBoard.getCustomerTitle(DashBoard.java:545)
at com.NexusPortalAutomation.TestCases.Java.TC0002_TestSearchAutobyFirstName.TestSearchAutobyFirstName(TC0002_TestSearchAutobyFirstName.java:36)
... Removed 32 stack frames]]>
    </failure>
  </testcase> <!-- TestSearchAutobyFirstName -->
  <testcase name="TestSearchAutobyFirstName" time="27.844" classname="com.NexusPortalAutomation.TestCases.Java.TC0024_TestCustDetailSearch">
    <failure type="java.lang.AssertionError" message="Customer Name not found = expected [true] but found [false]">
      <![CDATA[java.lang.AssertionError: Customer Name not found = expected [true] but found [false]
at com.NexusPortalAutomation.PageObjects.Java.DashBoard.GetLoggedCustomerName(DashBoard.java:1350)
at com.NexusPortalAutomation.TestCases.Java.TC0024_TestCustDetailSearch.TestSearchAutobyFirstName(TC0024_TestCustDetailSearch.java:43)
... Removed 32 stack frames]]>
    </failure>
  </testcase> <!-- TestSearchAutobyFirstName -->
  <testcase name="TestSearchAutobyLastName" time="51.519" classname="com.NexusPortalAutomation.TestCases.Java.TC0003_TestSearchAutobyLastName">
    <failure type="java.lang.AssertionError" message="Object Not Found expected [true] but found [false]">
      <![CDATA[java.lang.AssertionError: Object Not Found expected [true] but found [false]
at com.NexusPortalAutomation.Utilities.Java.CommonMethods.waitForObject(CommonMethods.java:211)
at com.NexusPortalAutomation.PageObjects.Java.DashBoard.getCustomerTitle(DashBoard.java:545)
at com.NexusPortalAutomation.TestCases.Java.TC0003_TestSearchAutobyLastName.TestSearchAutobyLastName(TC0003_TestSearchAutobyLastName.java:35)
... Removed 32 stack frames]]>
    </failure>
  </testcase> <!-- TestSearchAutobyLastName -->
</testsuite> <!-- NexusTest -->
