<?xml version="1.0" encoding="UTF-8"?>
<!-- Generated by org.testng.reporters.JUnitXMLReporter -->
<testsuite hostname="RND-BASE-A" ignored="0" name="NexusTest" tests="47" failures="12" timestamp="23 Sep 2019 19:04:34 GMT" time="1417.066" errors="0">
  <testcase name="@AfterClass TearDown" time="2.541" classname="com.NexusPortalAutomation.TestCases.Java.BaseClass">
    <failure type="org.openqa.selenium.WebDriverException" message="chrome not reachable
  (Session info: chrome=77.0.3865.90)
Build info: version: &amp;apos;3.14.0&amp;apos;, revision: &amp;apos;aacccce0&amp;apos;, time: &amp;apos;2018-08-02T20:19:58.91Z&amp;apos;
System info: host: &amp;apos;RND-BASE-A&amp;apos;, ip: &amp;apos;10.14.5.222&amp;apos;, os.name: &amp;apos;Windows Server 2012 R2&amp;apos;, os.arch: &amp;apos;amd64&amp;apos;, os.version: &amp;apos;6.3&amp;apos;, java.version: &amp;apos;1.8.0_201&amp;apos;
Driver info: org.openqa.selenium.chrome.ChromeDriver
Capabilities {acceptInsecureCerts: false, browserName: chrome, browserVersion: 77.0.3865.90, chrome: {chromedriverVersion: 76.0.3809.126 (d80a294506b4..., userDataDir: C:\Users\ADMINI~1\AppData\L...}, goog:chromeOptions: {debuggerAddress: localhost:56502}, javascriptEnabled: true, networkConnectionEnabled: false, pageLoadStrategy: normal, platform: XP, platformName: XP, proxy: Proxy(), setWindowRect: true, strictFileInteractability: false, timeouts: {implicit: 0, pageLoad: 300000, script: 30000}, unhandledPromptBehavior: dismiss and notify}
Session ID: 3801dbbe04b1a73ec8a3144d1ae9b455">
      <![CDATA[org.openqa.selenium.WebDriverException: chrome not reachable
  (Session info: chrome=77.0.3865.90)
Build info: version: '3.14.0', revision: 'aacccce0', time: '2018-08-02T20:19:58.91Z'
System info: host: 'RND-BASE-A', ip: '10.14.5.222', os.name: 'Windows Server 2012 R2', os.arch: 'amd64', os.version: '6.3', java.version: '1.8.0_201'
Driver info: org.openqa.selenium.chrome.ChromeDriver
Capabilities {acceptInsecureCerts: false, browserName: chrome, browserVersion: 77.0.3865.90, chrome: {chromedriverVersion: 76.0.3809.126 (d80a294506b4..., userDataDir: C:\Users\ADMINI~1\AppData\L...}, goog:chromeOptions: {debuggerAddress: localhost:56502}, javascriptEnabled: true, networkConnectionEnabled: false, pageLoadStrategy: normal, platform: XP, platformName: XP, proxy: Proxy(), setWindowRect: true, strictFileInteractability: false, timeouts: {implicit: 0, pageLoad: 300000, script: 30000}, unhandledPromptBehavior: dismiss and notify}
Session ID: 3801dbbe04b1a73ec8a3144d1ae9b455
at org.openqa.selenium.remote.http.W3CHttpResponseCodec.createException(W3CHttpResponseCodec.java:187)
at org.openqa.selenium.remote.http.W3CHttpResponseCodec.decode(W3CHttpResponseCodec.java:122)
at org.openqa.selenium.remote.http.W3CHttpResponseCodec.decode(W3CHttpResponseCodec.java:49)
at org.openqa.selenium.remote.HttpCommandExecutor.execute(HttpCommandExecutor.java:158)
at org.openqa.selenium.remote.service.DriverCommandExecutor.execute(DriverCommandExecutor.java:83)
at org.openqa.selenium.remote.RemoteWebDriver.execute(RemoteWebDriver.java:548)
at org.openqa.selenium.remote.RemoteWebDriver.execute(RemoteWebDriver.java:605)
at org.openqa.selenium.remote.RemoteWebDriver.close(RemoteWebDriver.java:438)
at com.NexusPortalAutomation.TestCases.Java.BaseClass.TearDown(BaseClass.java:161)
... Removed 33 stack frames]]>
    </failure>
  </testcase> <!-- @AfterClass TearDown -->
  <testcase name="TestBookMark" time="22.054" classname="com.NexusPortalAutomation.TestCases.Java.TC0011_VerifyBookMark"/>
  <testcase name="VerifyTransactionsSaperatebill_saperate" time="32.318" classname="com.NexusPortalAutomation.TestCases.Java.TC0016_1_VerifyBillingDetails_VerifyBillSaperately">
    <failure type="org.openqa.selenium.TimeoutException" message="Expected condition failed: waiting for element to be clickable: By.id: TRAN_Drillback_1 (tried for 10 second(s) with 500 milliseconds interval)">
      <![CDATA[org.openqa.selenium.TimeoutException: Expected condition failed: waiting for element to be clickable: By.id: TRAN_Drillback_1 (tried for 10 second(s) with 500 milliseconds interval)
at org.openqa.selenium.support.ui.WebDriverWait.timeoutException(WebDriverWait.java:113)
at org.openqa.selenium.support.ui.FluentWait.until(FluentWait.java:283)
at com.NexusPortalAutomation.Utilities.Java.CommonMethods.waitforObjectById(CommonMethods.java:146)
at com.NexusPortalAutomation.PageObjects.Java.Dashboard_Transactions.getTransactionsRecord(Dashboard_Transactions.java:74)
at com.NexusPortalAutomation.TestCases.Java.TC0016_1_VerifyBillingDetails_VerifyBillSaperately.VerifyTransactionsSaperatebill_saperate(TC0016_1_VerifyBillingDetails_VerifyBillSaperately.java:73)
Caused by: org.openqa.selenium.NoSuchElementException: Cannot locate an element using By.id: TRAN_Drillback_1
For documentation on this error, please visit: http://seleniumhq.org/exceptions/no_such_element.html
Build info: version: '3.14.0', revision: 'aacccce0', time: '2018-08-02T20:19:58.91Z'
System info: host: 'RND-BASE-A', ip: '10.14.5.222', os.name: 'Windows Server 2012 R2', os.arch: 'amd64', os.version: '6.3', java.version: '1.8.0_201'
Driver info: driver.version: unknown
at org.openqa.selenium.support.ui.ExpectedConditions.lambda$findElement$0(ExpectedConditions.java:896)
at java.util.Optional.orElseThrow(Optional.java:290)
at org.openqa.selenium.support.ui.ExpectedConditions.findElement(ExpectedConditions.java:895)
at org.openqa.selenium.support.ui.ExpectedConditions.access$000(ExpectedConditions.java:44)
at org.openqa.selenium.support.ui.ExpectedConditions$7.apply(ExpectedConditions.java:206)
at org.openqa.selenium.support.ui.ExpectedConditions$7.apply(ExpectedConditions.java:202)
at org.openqa.selenium.support.ui.ExpectedConditions$22.apply(ExpectedConditions.java:657)
at org.openqa.selenium.support.ui.ExpectedConditions$22.apply(ExpectedConditions.java:654)
at org.openqa.selenium.support.ui.FluentWait.until(FluentWait.java:260)
... 32 more
... Removed 29 stack frames]]>
    </failure>
  </testcase> <!-- VerifyTransactionsSaperatebill_saperate -->
  <testcase name="verifyDrillbackTransactions" time="21.759" classname="com.NexusPortalAutomation.TestCases.Java.TC0019_verifyDrillbackTransactions"/>
  <testcase name="VerifyTransactionsSaperatebill_saperate" time="30.058" classname="com.NexusPortalAutomation.TestCases.Java.TC0042_1_Transactions_OrderbyAmount">
    <failure type="org.openqa.selenium.TimeoutException" message="Expected condition failed: waiting for element to be clickable: By.id: TRAN_Drillback_1 (tried for 10 second(s) with 500 milliseconds interval)">
      <![CDATA[org.openqa.selenium.TimeoutException: Expected condition failed: waiting for element to be clickable: By.id: TRAN_Drillback_1 (tried for 10 second(s) with 500 milliseconds interval)
at org.openqa.selenium.support.ui.WebDriverWait.timeoutException(WebDriverWait.java:113)
at org.openqa.selenium.support.ui.FluentWait.until(FluentWait.java:283)
at com.NexusPortalAutomation.Utilities.Java.CommonMethods.waitforObjectById(CommonMethods.java:146)
at com.NexusPortalAutomation.PageObjects.Java.Dashboard_Transactions.getTransactionsRecord(Dashboard_Transactions.java:74)
at com.NexusPortalAutomation.TestCases.Java.TC0042_1_Transactions_OrderbyAmount.VerifyTransactionsSaperatebill_saperate(TC0042_1_Transactions_OrderbyAmount.java:74)
Caused by: org.openqa.selenium.NoSuchElementException: Cannot locate an element using By.id: TRAN_Drillback_1
For documentation on this error, please visit: http://seleniumhq.org/exceptions/no_such_element.html
Build info: version: '3.14.0', revision: 'aacccce0', time: '2018-08-02T20:19:58.91Z'
System info: host: 'RND-BASE-A', ip: '10.14.5.222', os.name: 'Windows Server 2012 R2', os.arch: 'amd64', os.version: '6.3', java.version: '1.8.0_201'
Driver info: driver.version: unknown
at org.openqa.selenium.support.ui.ExpectedConditions.lambda$findElement$0(ExpectedConditions.java:896)
at java.util.Optional.orElseThrow(Optional.java:290)
at org.openqa.selenium.support.ui.ExpectedConditions.findElement(ExpectedConditions.java:895)
at org.openqa.selenium.support.ui.ExpectedConditions.access$000(ExpectedConditions.java:44)
at org.openqa.selenium.support.ui.ExpectedConditions$7.apply(ExpectedConditions.java:206)
at org.openqa.selenium.support.ui.ExpectedConditions$7.apply(ExpectedConditions.java:202)
at org.openqa.selenium.support.ui.ExpectedConditions$22.apply(ExpectedConditions.java:657)
at org.openqa.selenium.support.ui.ExpectedConditions$22.apply(ExpectedConditions.java:654)
at org.openqa.selenium.support.ui.FluentWait.until(FluentWait.java:260)
... 32 more
... Removed 29 stack frames]]>
    </failure>
  </testcase> <!-- VerifyTransactionsSaperatebill_saperate -->
  <testcase name="TestDrillBackServices" time="15.527" classname="com.NexusPortalAutomation.TestCases.Java.TC0020_verifyDrillbackServices"/>
  <testcase name="VerifyTransactionsSaperatebill_saperate" time="26.114" classname="com.NexusPortalAutomation.TestCases.Java.TC0042_1_Transactions_OrderbyDueBilled">
    <failure type="org.openqa.selenium.TimeoutException" message="Expected condition failed: waiting for element to be clickable: By.id: TRAN_Drillback_1 (tried for 10 second(s) with 500 milliseconds interval)">
      <![CDATA[org.openqa.selenium.TimeoutException: Expected condition failed: waiting for element to be clickable: By.id: TRAN_Drillback_1 (tried for 10 second(s) with 500 milliseconds interval)
at org.openqa.selenium.support.ui.WebDriverWait.timeoutException(WebDriverWait.java:113)
at org.openqa.selenium.support.ui.FluentWait.until(FluentWait.java:283)
at com.NexusPortalAutomation.Utilities.Java.CommonMethods.waitforObjectById(CommonMethods.java:146)
at com.NexusPortalAutomation.PageObjects.Java.Dashboard_Transactions.getTransactionsRecord(Dashboard_Transactions.java:74)
at com.NexusPortalAutomation.TestCases.Java.TC0042_1_Transactions_OrderbyDueBilled.VerifyTransactionsSaperatebill_saperate(TC0042_1_Transactions_OrderbyDueBilled.java:74)
Caused by: org.openqa.selenium.NoSuchElementException: Cannot locate an element using By.id: TRAN_Drillback_1
For documentation on this error, please visit: http://seleniumhq.org/exceptions/no_such_element.html
Build info: version: '3.14.0', revision: 'aacccce0', time: '2018-08-02T20:19:58.91Z'
System info: host: 'RND-BASE-A', ip: '10.14.5.222', os.name: 'Windows Server 2012 R2', os.arch: 'amd64', os.version: '6.3', java.version: '1.8.0_201'
Driver info: driver.version: unknown
at org.openqa.selenium.support.ui.ExpectedConditions.lambda$findElement$0(ExpectedConditions.java:896)
at java.util.Optional.orElseThrow(Optional.java:290)
at org.openqa.selenium.support.ui.ExpectedConditions.findElement(ExpectedConditions.java:895)
at org.openqa.selenium.support.ui.ExpectedConditions.access$000(ExpectedConditions.java:44)
at org.openqa.selenium.support.ui.ExpectedConditions$7.apply(ExpectedConditions.java:206)
at org.openqa.selenium.support.ui.ExpectedConditions$7.apply(ExpectedConditions.java:202)
at org.openqa.selenium.support.ui.ExpectedConditions$22.apply(ExpectedConditions.java:657)
at org.openqa.selenium.support.ui.ExpectedConditions$22.apply(ExpectedConditions.java:654)
at org.openqa.selenium.support.ui.FluentWait.until(FluentWait.java:260)
... 32 more
... Removed 29 stack frames]]>
    </failure>
  </testcase> <!-- VerifyTransactionsSaperatebill_saperate -->
  <testcase name="TestserviceOrderDetails" time="14.313" classname="com.NexusPortalAutomation.TestCases.Java.TC0021_VerifyservicesOrderDetails"/>
  <testcase name="VerifyTransactionsSaperatebill_saperate" time="23.52" classname="com.NexusPortalAutomation.TestCases.Java.TC0042_Transactions_OrderbyDate">
    <failure type="org.openqa.selenium.TimeoutException" message="Expected condition failed: waiting for element to be clickable: By.id: TRAN_Drillback_1 (tried for 10 second(s) with 500 milliseconds interval)">
      <![CDATA[org.openqa.selenium.TimeoutException: Expected condition failed: waiting for element to be clickable: By.id: TRAN_Drillback_1 (tried for 10 second(s) with 500 milliseconds interval)
at org.openqa.selenium.support.ui.WebDriverWait.timeoutException(WebDriverWait.java:113)
at org.openqa.selenium.support.ui.FluentWait.until(FluentWait.java:283)
at com.NexusPortalAutomation.Utilities.Java.CommonMethods.waitforObjectById(CommonMethods.java:146)
at com.NexusPortalAutomation.PageObjects.Java.Dashboard_Transactions.getTransactionsRecord(Dashboard_Transactions.java:74)
at com.NexusPortalAutomation.TestCases.Java.TC0042_Transactions_OrderbyDate.VerifyTransactionsSaperatebill_saperate(TC0042_Transactions_OrderbyDate.java:74)
Caused by: org.openqa.selenium.NoSuchElementException: Cannot locate an element using By.id: TRAN_Drillback_1
For documentation on this error, please visit: http://seleniumhq.org/exceptions/no_such_element.html
Build info: version: '3.14.0', revision: 'aacccce0', time: '2018-08-02T20:19:58.91Z'
System info: host: 'RND-BASE-A', ip: '10.14.5.222', os.name: 'Windows Server 2012 R2', os.arch: 'amd64', os.version: '6.3', java.version: '1.8.0_201'
Driver info: driver.version: unknown
at org.openqa.selenium.support.ui.ExpectedConditions.lambda$findElement$0(ExpectedConditions.java:896)
at java.util.Optional.orElseThrow(Optional.java:290)
at org.openqa.selenium.support.ui.ExpectedConditions.findElement(ExpectedConditions.java:895)
at org.openqa.selenium.support.ui.ExpectedConditions.access$000(ExpectedConditions.java:44)
at org.openqa.selenium.support.ui.ExpectedConditions$7.apply(ExpectedConditions.java:206)
at org.openqa.selenium.support.ui.ExpectedConditions$7.apply(ExpectedConditions.java:202)
at org.openqa.selenium.support.ui.ExpectedConditions$22.apply(ExpectedConditions.java:657)
at org.openqa.selenium.support.ui.ExpectedConditions$22.apply(ExpectedConditions.java:654)
at org.openqa.selenium.support.ui.FluentWait.until(FluentWait.java:260)
... 32 more
... Removed 29 stack frames]]>
    </failure>
  </testcase> <!-- VerifyTransactionsSaperatebill_saperate -->
  <testcase name="TestCustomerDetails" time="15.67" classname="com.NexusPortalAutomation.TestCases.Java.TC0010_verifyCustDetails"/>
  <testcase name="VerifyBillingDetails_SPA" time="11.781" classname="com.NexusPortalAutomation.TestCases.Java.TC0016_1_VerifyBillingDetails_SPA"/>
  <testcase name="verifyDrillbacksGeneral" time="23.293" classname="com.NexusPortalAutomation.TestCases.Java.TC0018_verifyDrillbacksGeneral"/>
  <testcase name="VerifyAction_Transfers_Stack_TwoLocations_Scheduled_NotScheduled" time="70.237" classname="com.NexusPortalAutomation.TestCases.Java.TC0041_VerifyAction_Transfers_Stack_TwoLocations_Scheduled_NotScheduled"/>
  <testcase name="TestCustomerDetails" time="14.936" classname="com.NexusPortalAutomation.TestCases.Java.TC0010_2_verifyCustDetails_Blank"/>
  <testcase name="VerifyBillingDetails" time="24.434" classname="com.NexusPortalAutomation.TestCases.Java.TC0016_1_VerifyBillingDetails_EBill"/>
  <testcase name="TestBillingStatements" time="12.124" classname="com.NexusPortalAutomation.TestCases.Java.TC0017_StatementsValue"/>
  <testcase name="VerifyAction_Transfers_Stack_TwoLocations_Scheduled_NotScheduled" time="73.299" classname="com.NexusPortalAutomation.TestCases.Java.TC0040_VerifyAction_Transfers_Stack_TwoLocations_Scheduled_NotScheduled"/>
  <testcase name="TestCustomerDetails" time="14.85" classname="com.NexusPortalAutomation.TestCases.Java.TC0010_1_verifyCustDetails_Business"/>
  <testcase name="VerifyBillingDetails_budgetSPA" time="15.46" classname="com.NexusPortalAutomation.TestCases.Java.TC0016_1_VerifyBillingDetails_Budget_SPA">
    <failure type="java.lang.AssertionError" message="Actual Value &amp;apos;$35.26&amp;apos; not Matched the expected value &amp;apos;$0.00&amp;apos; ">
      <![CDATA[java.lang.AssertionError: Actual Value '$35.26' not Matched the expected value '$0.00' 
at com.NexusPortalAutomation.Utilities.Java.CommonMethods.verifyString(CommonMethods.java:68)
at com.NexusPortalAutomation.TestCases.Java.TC0016_1_VerifyBillingDetails_Budget_SPA.VerifyBillingDetails_budgetSPA(TC0016_1_VerifyBillingDetails_Budget_SPA.java:57)
... Removed 30 stack frames]]>
    </failure>
  </testcase> <!-- VerifyBillingDetails_budgetSPA -->
  <testcase name="VerifyBillingDetails" time="12.682" classname="com.NexusPortalAutomation.TestCases.Java.TC0016_VerifyBillingDetails">
    <failure type="java.lang.AssertionError" message="Actual Value &amp;apos;$35.26&amp;apos; not Matched the expected value &amp;apos;$0.00&amp;apos; ">
      <![CDATA[java.lang.AssertionError: Actual Value '$35.26' not Matched the expected value '$0.00' 
at com.NexusPortalAutomation.Utilities.Java.CommonMethods.verifyString(CommonMethods.java:68)
at com.NexusPortalAutomation.TestCases.Java.TC0016_VerifyBillingDetails.VerifyBillingDetails(TC0016_VerifyBillingDetails.java:59)
... Removed 30 stack frames]]>
    </failure>
  </testcase> <!-- VerifyBillingDetails -->
  <testcase name="VerifyAction_Transfers_Stack_TwoLocations_Scheduled_NotScheduled" time="67.239" classname="com.NexusPortalAutomation.TestCases.Java.TC0039_VerifyAction_Transfers_Stack_TwoLocations_Scheduled_NotScheduled"/>
  <testcase name="TestSearchAccount" time="20.722" classname="com.NexusPortalAutomation.TestCases.Java.TC0009_VerifyAccountSearch"/>
  <testcase name="VerifyBillingDetails_Budget" time="12.053" classname="com.NexusPortalAutomation.TestCases.Java.TC0016_1_VerifyBillingDetails_Budget">
    <failure type="java.lang.AssertionError" message="Actual Value &amp;apos;$100.00&amp;apos; not Matched the expected value &amp;apos;$0.00&amp;apos; ">
      <![CDATA[java.lang.AssertionError: Actual Value '$100.00' not Matched the expected value '$0.00' 
at com.NexusPortalAutomation.Utilities.Java.CommonMethods.verifyString(CommonMethods.java:68)
at com.NexusPortalAutomation.TestCases.Java.TC0016_1_VerifyBillingDetails_Budget.VerifyBillingDetails_Budget(TC0016_1_VerifyBillingDetails_Budget.java:59)
... Removed 30 stack frames]]>
    </failure>
  </testcase> <!-- VerifyBillingDetails_Budget -->
  <testcase name="VerifyAction_Transfers_Stack_TwoLocations_defaultCustomerLocationBased_NotScheduled" time="0.087" classname="com.NexusPortalAutomation.TestCases.Java.TC0038_VerifyAction_Transfers_Stack_TwoLocations_defaultCustomerLocationBased_NotScheduled"/>
  <testcase name="TestSearchAccount" time="10.047" classname="com.NexusPortalAutomation.TestCases.Java.TC0009_1_VerifyAccountSearch_NoAccounts"/>
  <testcase name="VerifyBillingDetailsAutoPay" time="12.577" classname="com.NexusPortalAutomation.TestCases.Java.TC0016_1_VerifyBillingDetails_AutoPay"/>
  <testcase name="VerifyAction_Transfers_Stack_TwoLocations_NotScheduled" time="78.078" classname="com.NexusPortalAutomation.TestCases.Java.TC0037_VerifyAction_Transfers_Stack_TwoLocations_NotScheduled"/>
  <testcase name="TestSearchbylocationID" time="10.511" classname="com.NexusPortalAutomation.TestCases.Java.TC0008_VerifySignInbylocationID"/>
  <testcase name="TestContactLogs" time="11.479" classname="com.NexusPortalAutomation.TestCases.Java.TC0015_VerifyContactLogs"/>
  <testcase name="VerifyTransferActionServiceOrder" time="67.468" classname="com.NexusPortalAutomation.TestCases.Java.TC0036_VerifyAction_Transfers_StartService"/>
  <testcase name="TestSecondayContact" time="12.913" classname="com.NexusPortalAutomation.TestCases.Java.TC0014_VerifySecondaryContact"/>
  <testcase name="VerifyAction_Transfers_StopService" time="33.626" classname="com.NexusPortalAutomation.TestCases.Java.TC0035_VerifyAction_Transfers_StopService">
    <failure type="java.lang.AssertionError" message="Strings: cogsdrillback://DGPB/?Db=SQL_2017&amp;amp;Srv=RND-BASE-A&amp;amp;Cmp=TWO&amp;amp;Prod=229&amp;amp;Act=OPEN&amp;amp;Func=ServiceOrder&amp;amp;LocationID=LOC@0004&amp;amp;ServiceOrderNumber=SORD00000002272&amp;amp;CogsDrillback=1 does&amp;apos;nt contains  SORD00000002271">
      <![CDATA[java.lang.AssertionError: Strings: cogsdrillback://DGPB/?Db=SQL_2017&Srv=RND-BASE-A&Cmp=TWO&Prod=229&Act=OPEN&Func=ServiceOrder&LocationID=LOC@0004&ServiceOrderNumber=SORD00000002272&CogsDrillback=1 does'nt contains  SORD00000002271
at com.NexusPortalAutomation.Utilities.Java.CommonMethods.verifyStringContains(CommonMethods.java:122)
at com.NexusPortalAutomation.PageObjects.Java.DashBoard.verifyServiceWarningMultiSO(DashBoard.java:907)
at com.NexusPortalAutomation.TestCases.Java.TC0035_VerifyAction_Transfers_StopService.VerifyAction_Transfers_StopService(TC0035_VerifyAction_Transfers_StopService.java:107)
... Removed 30 stack frames]]>
    </failure>
  </testcase> <!-- VerifyAction_Transfers_StopService -->
  <testcase name="TestContactEdit" time="21.004" classname="com.NexusPortalAutomation.TestCases.Java.TC0013_VerifyContactEdit"/>
  <testcase name="VerifyAction_Transfers_Stack_TwoLocations" time="67.105" classname="com.NexusPortalAutomation.TestCases.Java.TC0034_VerifyAction_Transfers_Stack_TwoLocations"/>
  <testcase name="TestCreditStatus" time="20.591" classname="com.NexusPortalAutomation.TestCases.Java.TC0012_verifyCreditStatusStatus"/>
  <testcase name="VerifyTransferActionServiceOrder" time="52.993" classname="com.NexusPortalAutomation.TestCases.Java.TC0032_VerifyAction_Transfers_Stack_StopService_Scheduled">
    <failure type="java.lang.AssertionError" message="Strings: cogsdrillback://DGPB/?Db=SQL_2017&amp;amp;Srv=RND-BASE-A&amp;amp;Cmp=TWO&amp;amp;Prod=229&amp;amp;Act=OPEN&amp;amp;Func=ServiceOrder&amp;amp;LocationID=LOC@0004&amp;amp;ServiceOrderNumber=SORD00000002278&amp;amp;CogsDrillback=1 does&amp;apos;nt contains  SORD00000002277">
      <![CDATA[java.lang.AssertionError: Strings: cogsdrillback://DGPB/?Db=SQL_2017&Srv=RND-BASE-A&Cmp=TWO&Prod=229&Act=OPEN&Func=ServiceOrder&LocationID=LOC@0004&ServiceOrderNumber=SORD00000002278&CogsDrillback=1 does'nt contains  SORD00000002277
at com.NexusPortalAutomation.Utilities.Java.CommonMethods.verifyStringContains(CommonMethods.java:122)
at com.NexusPortalAutomation.PageObjects.Java.DashBoard.verifyServiceWarningMultiSO(DashBoard.java:907)
at com.NexusPortalAutomation.TestCases.Java.TC0032_VerifyAction_Transfers_Stack_StopService_Scheduled.VerifyTransferActionServiceOrder(TC0032_VerifyAction_Transfers_Stack_StopService_Scheduled.java:105)
... Removed 30 stack frames]]>
    </failure>
  </testcase> <!-- VerifyTransferActionServiceOrder -->
  <testcase name="VerifyAction_Transfers_Stack_StartService_Scheduled" time="39.131" classname="com.NexusPortalAutomation.TestCases.Java.TC0033_VerifyAction_Transfers_Stack_StartService_Scheduled">
    <failure type="java.lang.AssertionError" message="Strings: cogsdrillback://DGPB/?Db=SQL_2017&amp;amp;Srv=RND-BASE-A&amp;amp;Cmp=TWO&amp;amp;Prod=229&amp;amp;Act=OPEN&amp;amp;Func=ServiceOrder&amp;amp;LocationID=LOC@0004&amp;amp;ServiceOrderNumber=SORD00000002280&amp;amp;CogsDrillback=1 does&amp;apos;nt contains  SORD00000002279">
      <![CDATA[java.lang.AssertionError: Strings: cogsdrillback://DGPB/?Db=SQL_2017&Srv=RND-BASE-A&Cmp=TWO&Prod=229&Act=OPEN&Func=ServiceOrder&LocationID=LOC@0004&ServiceOrderNumber=SORD00000002280&CogsDrillback=1 does'nt contains  SORD00000002279
at com.NexusPortalAutomation.Utilities.Java.CommonMethods.verifyStringContains(CommonMethods.java:122)
at com.NexusPortalAutomation.PageObjects.Java.DashBoard.verifyServiceWarningMultiSO(DashBoard.java:907)
at com.NexusPortalAutomation.TestCases.Java.TC0033_VerifyAction_Transfers_Stack_StartService_Scheduled.VerifyAction_Transfers_Stack_StartService_Scheduled(TC0033_VerifyAction_Transfers_Stack_StartService_Scheduled.java:129)
... Removed 30 stack frames]]>
    </failure>
  </testcase> <!-- VerifyAction_Transfers_Stack_StartService_Scheduled -->
  <testcase name="VerifyTransferActionServiceOrder" time="20.107" classname="com.NexusPortalAutomation.TestCases.Java.TC0030_VerifyAction_Transfers_StartService_Scheduled"/>
  <testcase name="VerifyTransferActionServiceOrder" time="28.92" classname="com.NexusPortalAutomation.TestCases.Java.TC0031_VerifyAction_Transfers_StopService_Scheduled"/>
  <testcase name="VerifyActionServiceOrder" time="58.734" classname="com.NexusPortalAutomation.TestCases.Java.TC0029_VerifyAction_Transfers_Scheduled"/>
  <testcase name="VerifySignInbyID" time="16.43" classname="com.NexusPortalAutomation.TestCases.Java.TC0001_VerifySignInbyID"/>
  <testcase name="VerifyActionServiceOrder" time="19.582" classname="com.NexusPortalAutomation.TestCases.Java.TC0022_VerifyAction_ServiceOrder"/>
  <testcase name="VerifyActionServiceOrder_Transfers_NotSchedule" time="21.306" classname="com.NexusPortalAutomation.TestCases.Java.TC0025_VerifyAction_Transfers_NotScheduled"/>
  <testcase name="VerifyRecentWidget" time="11.124" classname="com.NexusPortalAutomation.TestCases.Java.TC0023_VerifyRecentWidget"/>
  <testcase name="VerifyTransferActionServiceOrder" time="22.965" classname="com.NexusPortalAutomation.TestCases.Java.TC0026_VerifyAction_Transfers_StartService_NotScheduled"/>
  <testcase name="VerifyTransferActionServiceOrder" time="28.494" classname="com.NexusPortalAutomation.TestCases.Java.TC0027_VerifyAction_Transfers_StopService_NotScheduled"/>
  <testcase name="TestSearchAutobyRecent" time="1.73" classname="com.NexusPortalAutomation.TestCases.Java.TC0004_TestSearchbyRecentFunction">
    <failure type="org.openqa.selenium.NoSuchWindowException" message="no such window: target window already closed
from unknown error: web view not found
  (Session info: chrome=77.0.3865.90)
Build info: version: &amp;apos;3.14.0&amp;apos;, revision: &amp;apos;aacccce0&amp;apos;, time: &amp;apos;2018-08-02T20:19:58.91Z&amp;apos;
System info: host: &amp;apos;RND-BASE-A&amp;apos;, ip: &amp;apos;10.14.5.222&amp;apos;, os.name: &amp;apos;Windows Server 2012 R2&amp;apos;, os.arch: &amp;apos;amd64&amp;apos;, os.version: &amp;apos;6.3&amp;apos;, java.version: &amp;apos;1.8.0_201&amp;apos;
Driver info: org.openqa.selenium.chrome.ChromeDriver
Capabilities {acceptInsecureCerts: false, browserName: chrome, browserVersion: 77.0.3865.90, chrome: {chromedriverVersion: 76.0.3809.126 (d80a294506b4..., userDataDir: C:\Users\ADMINI~1\AppData\L...}, goog:chromeOptions: {debuggerAddress: localhost:56502}, javascriptEnabled: true, networkConnectionEnabled: false, pageLoadStrategy: normal, platform: XP, platformName: XP, proxy: Proxy(), setWindowRect: true, strictFileInteractability: false, timeouts: {implicit: 0, pageLoad: 300000, script: 30000}, unhandledPromptBehavior: dismiss and notify}
Session ID: 3801dbbe04b1a73ec8a3144d1ae9b455">
      <![CDATA[org.openqa.selenium.NoSuchWindowException: no such window: target window already closed
from unknown error: web view not found
  (Session info: chrome=77.0.3865.90)
Build info: version: '3.14.0', revision: 'aacccce0', time: '2018-08-02T20:19:58.91Z'
System info: host: 'RND-BASE-A', ip: '10.14.5.222', os.name: 'Windows Server 2012 R2', os.arch: 'amd64', os.version: '6.3', java.version: '1.8.0_201'
Driver info: org.openqa.selenium.chrome.ChromeDriver
Capabilities {acceptInsecureCerts: false, browserName: chrome, browserVersion: 77.0.3865.90, chrome: {chromedriverVersion: 76.0.3809.126 (d80a294506b4..., userDataDir: C:\Users\ADMINI~1\AppData\L...}, goog:chromeOptions: {debuggerAddress: localhost:56502}, javascriptEnabled: true, networkConnectionEnabled: false, pageLoadStrategy: normal, platform: XP, platformName: XP, proxy: Proxy(), setWindowRect: true, strictFileInteractability: false, timeouts: {implicit: 0, pageLoad: 300000, script: 30000}, unhandledPromptBehavior: dismiss and notify}
Session ID: 3801dbbe04b1a73ec8a3144d1ae9b455
at org.openqa.selenium.remote.http.W3CHttpResponseCodec.createException(W3CHttpResponseCodec.java:187)
at org.openqa.selenium.remote.http.W3CHttpResponseCodec.decode(W3CHttpResponseCodec.java:122)
at org.openqa.selenium.remote.http.W3CHttpResponseCodec.decode(W3CHttpResponseCodec.java:49)
at org.openqa.selenium.remote.HttpCommandExecutor.execute(HttpCommandExecutor.java:158)
at org.openqa.selenium.remote.service.DriverCommandExecutor.execute(DriverCommandExecutor.java:83)
at org.openqa.selenium.remote.RemoteWebDriver.execute(RemoteWebDriver.java:548)
at org.openqa.selenium.remote.RemoteWebDriver.executeAsyncScript(RemoteWebDriver.java:502)
at com.paulhammant.ngwebdriver.NgWebDriver.waitForAngularRequestsToFinish(NgWebDriver.java:68)
at com.NexusPortalAutomation.TestCases.Java.BaseClass.WaitAngular(BaseClass.java:72)
at com.NexusPortalAutomation.TestCases.Java.BaseClass.login(BaseClass.java:145)
at com.NexusPortalAutomation.TestCases.Java.TC0004_TestSearchbyRecentFunction.TestSearchAutobyRecent(TC0004_TestSearchbyRecentFunction.java:32)
... Removed 33 stack frames]]>
    </failure>
  </testcase> <!-- TestSearchAutobyRecent -->
  <testcase name="TestSearchAutobyRecent" time="1.732" classname="com.NexusPortalAutomation.TestCases.Java.TC0004_TestSearchbyRecentFunction">
    <failure type="org.openqa.selenium.NoSuchWindowException" message="no such window: target window already closed
from unknown error: web view not found
  (Session info: chrome=77.0.3865.90)
Build info: version: &amp;apos;3.14.0&amp;apos;, revision: &amp;apos;aacccce0&amp;apos;, time: &amp;apos;2018-08-02T20:19:58.91Z&amp;apos;
System info: host: &amp;apos;RND-BASE-A&amp;apos;, ip: &amp;apos;10.14.5.222&amp;apos;, os.name: &amp;apos;Windows Server 2012 R2&amp;apos;, os.arch: &amp;apos;amd64&amp;apos;, os.version: &amp;apos;6.3&amp;apos;, java.version: &amp;apos;1.8.0_201&amp;apos;
Driver info: org.openqa.selenium.chrome.ChromeDriver
Capabilities {acceptInsecureCerts: false, browserName: chrome, browserVersion: 77.0.3865.90, chrome: {chromedriverVersion: 76.0.3809.126 (d80a294506b4..., userDataDir: C:\Users\ADMINI~1\AppData\L...}, goog:chromeOptions: {debuggerAddress: localhost:56502}, javascriptEnabled: true, networkConnectionEnabled: false, pageLoadStrategy: normal, platform: XP, platformName: XP, proxy: Proxy(), setWindowRect: true, strictFileInteractability: false, timeouts: {implicit: 0, pageLoad: 300000, script: 30000}, unhandledPromptBehavior: dismiss and notify}
Session ID: 3801dbbe04b1a73ec8a3144d1ae9b455">
      <![CDATA[org.openqa.selenium.NoSuchWindowException: no such window: target window already closed
from unknown error: web view not found
  (Session info: chrome=77.0.3865.90)
Build info: version: '3.14.0', revision: 'aacccce0', time: '2018-08-02T20:19:58.91Z'
System info: host: 'RND-BASE-A', ip: '10.14.5.222', os.name: 'Windows Server 2012 R2', os.arch: 'amd64', os.version: '6.3', java.version: '1.8.0_201'
Driver info: org.openqa.selenium.chrome.ChromeDriver
Capabilities {acceptInsecureCerts: false, browserName: chrome, browserVersion: 77.0.3865.90, chrome: {chromedriverVersion: 76.0.3809.126 (d80a294506b4..., userDataDir: C:\Users\ADMINI~1\AppData\L...}, goog:chromeOptions: {debuggerAddress: localhost:56502}, javascriptEnabled: true, networkConnectionEnabled: false, pageLoadStrategy: normal, platform: XP, platformName: XP, proxy: Proxy(), setWindowRect: true, strictFileInteractability: false, timeouts: {implicit: 0, pageLoad: 300000, script: 30000}, unhandledPromptBehavior: dismiss and notify}
Session ID: 3801dbbe04b1a73ec8a3144d1ae9b455
at org.openqa.selenium.remote.http.W3CHttpResponseCodec.createException(W3CHttpResponseCodec.java:187)
at org.openqa.selenium.remote.http.W3CHttpResponseCodec.decode(W3CHttpResponseCodec.java:122)
at org.openqa.selenium.remote.http.W3CHttpResponseCodec.decode(W3CHttpResponseCodec.java:49)
at org.openqa.selenium.remote.HttpCommandExecutor.execute(HttpCommandExecutor.java:158)
at org.openqa.selenium.remote.service.DriverCommandExecutor.execute(DriverCommandExecutor.java:83)
at org.openqa.selenium.remote.RemoteWebDriver.execute(RemoteWebDriver.java:548)
at org.openqa.selenium.remote.RemoteWebDriver.execute(RemoteWebDriver.java:605)
at org.openqa.selenium.remote.RemoteWebDriver.getScreenshotAs(RemoteWebDriver.java:294)
at com.NexusPortalAutomation.Utilities.Java.CustTestNGListener.takeScreenShot(CustTestNGListener.java:48)
at com.NexusPortalAutomation.Utilities.Java.CustTestNGListener.onTestFailure(CustTestNGListener.java:40)
... Removed 30 stack frames]]>
    </failure>
  </testcase> <!-- TestSearchAutobyRecent -->
</testsuite> <!-- NexusTest -->
