<?xml version="1.0" encoding="UTF-8"?>
<!-- Generated by org.testng.reporters.JUnitXMLReporter -->
<testsuite hostname="RND-BASE-A" ignored="0" name="NexusTest" tests="59" failures="13" timestamp="04 Dec 2019 14:11:22 GMT" time="1613.673" errors="0">
  <testcase name="TestBookMark" time="18.945" classname="com.NexusPortalAutomation.TestCases.Java.TC0011_VerifyBookMark"/>
  <testcase name="VerifyTransactionsSaperatebill_saperate" time="10.057" classname="com.NexusPortalAutomation.TestCases.Java.TC0016_1_VerifyBillingDetails_VerifyBillSaperately">
    <failure type="org.openqa.selenium.ElementClickInterceptedException" message="element click intercepted: Element &amp;lt;mat-select-trigger id=&amp;quot;TRAN_Select_...&amp;quot; class=&amp;quot;ng-star-inserted&amp;quot;&amp;gt;Type&amp;lt;/mat-select-trigger&amp;gt; is not clickable at point (525, 269). Other element would receive the click: &amp;lt;div _ngcontent-mvm-c20=&amp;quot;&amp;quot; class=&amp;quot;transactions-loading ng-star-inserted&amp;quot;&amp;gt;...&amp;lt;/div&amp;gt;
  (Session info: chrome=78.0.3904.87)
Build info: version: &amp;apos;3.14.0&amp;apos;, revision: &amp;apos;aacccce0&amp;apos;, time: &amp;apos;2018-08-02T20:19:58.91Z&amp;apos;
System info: host: &amp;apos;RND-BASE-A&amp;apos;, ip: &amp;apos;10.0.2.15&amp;apos;, os.name: &amp;apos;Windows Server 2012 R2&amp;apos;, os.arch: &amp;apos;amd64&amp;apos;, os.version: &amp;apos;6.3&amp;apos;, java.version: &amp;apos;1.8.0_201&amp;apos;
Driver info: org.openqa.selenium.chrome.ChromeDriver
Capabilities {acceptInsecureCerts: false, browserName: chrome, browserVersion: 78.0.3904.87, chrome: {chromedriverVersion: 78.0.3904.70 (edb9c9f3de024..., userDataDir: C:\Users\ADMINI~1\AppData\L...}, goog:chromeOptions: {debuggerAddress: localhost:58761}, javascriptEnabled: true, networkConnectionEnabled: false, pageLoadStrategy: normal, platform: XP, platformName: XP, proxy: Proxy(), setWindowRect: true, strictFileInteractability: false, timeouts: {implicit: 0, pageLoad: 300000, script: 30000}, unhandledPromptBehavior: dismiss and notify}
Session ID: 744b09c5b55b823f5f118887812d12fb">
      <![CDATA[org.openqa.selenium.ElementClickInterceptedException: element click intercepted: Element <mat-select-trigger id="TRAN_Select_..." class="ng-star-inserted">Type</mat-select-trigger> is not clickable at point (525, 269). Other element would receive the click: <div _ngcontent-mvm-c20="" class="transactions-loading ng-star-inserted">...</div>
  (Session info: chrome=78.0.3904.87)
Build info: version: '3.14.0', revision: 'aacccce0', time: '2018-08-02T20:19:58.91Z'
System info: host: 'RND-BASE-A', ip: '10.0.2.15', os.name: 'Windows Server 2012 R2', os.arch: 'amd64', os.version: '6.3', java.version: '1.8.0_201'
Driver info: org.openqa.selenium.chrome.ChromeDriver
Capabilities {acceptInsecureCerts: false, browserName: chrome, browserVersion: 78.0.3904.87, chrome: {chromedriverVersion: 78.0.3904.70 (edb9c9f3de024..., userDataDir: C:\Users\ADMINI~1\AppData\L...}, goog:chromeOptions: {debuggerAddress: localhost:58761}, javascriptEnabled: true, networkConnectionEnabled: false, pageLoadStrategy: normal, platform: XP, platformName: XP, proxy: Proxy(), setWindowRect: true, strictFileInteractability: false, timeouts: {implicit: 0, pageLoad: 300000, script: 30000}, unhandledPromptBehavior: dismiss and notify}
Session ID: 744b09c5b55b823f5f118887812d12fb
at org.openqa.selenium.remote.http.W3CHttpResponseCodec.createException(W3CHttpResponseCodec.java:187)
at org.openqa.selenium.remote.http.W3CHttpResponseCodec.decode(W3CHttpResponseCodec.java:122)
at org.openqa.selenium.remote.http.W3CHttpResponseCodec.decode(W3CHttpResponseCodec.java:49)
at org.openqa.selenium.remote.HttpCommandExecutor.execute(HttpCommandExecutor.java:158)
at org.openqa.selenium.remote.service.DriverCommandExecutor.execute(DriverCommandExecutor.java:83)
at org.openqa.selenium.remote.RemoteWebDriver.execute(RemoteWebDriver.java:548)
at org.openqa.selenium.remote.RemoteWebElement.execute(RemoteWebElement.java:276)
at org.openqa.selenium.remote.RemoteWebElement.click(RemoteWebElement.java:83)
at org.openqa.selenium.support.pagefactory.internal.LocatingElementHandler.invoke(LocatingElementHandler.java:51)
at com.sun.proxy.$Proxy7.click(Unknown Source)
at com.NexusPortalAutomation.PageObjects.Java.Dashboard_Transactions.transaction_filterbyBill(Dashboard_Transactions.java:64)
at com.NexusPortalAutomation.TestCases.Java.TC0016_1_VerifyBillingDetails_VerifyBillSaperately.VerifyTransactionsSaperatebill_saperate(TC0016_1_VerifyBillingDetails_VerifyBillSaperately.java:71)
... Removed 37 stack frames]]>
    </failure>
  </testcase> <!-- VerifyTransactionsSaperatebill_saperate -->
  <testcase name="verifyDrillbackTransactions" time="14.199" classname="com.NexusPortalAutomation.TestCases.Java.TC0019_verifyDrillbackTransactions"/>
  <testcase name="VerifyTransactionsSaperatebill_saperate" time="14.831" classname="com.NexusPortalAutomation.TestCases.Java.TC0042_1_Transactions_OrderbyAmount"/>
  <testcase name="TestDrillBackServices" time="41.456" classname="com.NexusPortalAutomation.TestCases.Java.TC0020_verifyDrillbackServices">
    <failure type="java.lang.AssertionError" message="Object Not Found Expected condition failed: waiting for visibility of Proxy element for: DefaultElementLocator &amp;apos;By.id: SODV_Drillback&amp;apos; (tried for 20 second(s) with 500 milliseconds interval)">
      <![CDATA[java.lang.AssertionError: Object Not Found Expected condition failed: waiting for visibility of Proxy element for: DefaultElementLocator 'By.id: SODV_Drillback' (tried for 20 second(s) with 500 milliseconds interval)
at com.NexusPortalAutomation.Utilities.Java.CommonMethods.waitForObject(CommonMethods.java:231)
at com.NexusPortalAutomation.PageObjects.Java.DashBoard.verifyServiceorderDrillbacks(DashBoard.java:946)
at com.NexusPortalAutomation.TestCases.Java.TC0020_verifyDrillbackServices.TestDrillBackServices(TC0020_verifyDrillbackServices.java:41)
... Removed 30 stack frames]]>
    </failure>
  </testcase> <!-- TestDrillBackServices -->
  <testcase name="VerifyTransactionsSaperatebill_saperate" time="13.964" classname="com.NexusPortalAutomation.TestCases.Java.TC0042_1_Transactions_OrderbyDueBilled"/>
  <testcase name="TestserviceOrderDetails" time="11.121" classname="com.NexusPortalAutomation.TestCases.Java.TC0021_VerifyservicesOrderDetails"/>
  <testcase name="VerifyTransactionsSaperatebill_saperate" time="13.714" classname="com.NexusPortalAutomation.TestCases.Java.TC0042_Transactions_OrderbyDate"/>
  <testcase name="TestCustomerDetails" time="10.816" classname="com.NexusPortalAutomation.TestCases.Java.TC0010_verifyCustDetails"/>
  <testcase name="VerifyBillingDetails_SPA" time="41.595" classname="com.NexusPortalAutomation.TestCases.Java.TC0016_1_VerifyBillingDetails_SPA">
    <failure type="java.lang.AssertionError" message="Object Not Found Expected condition failed: waiting for visibility of Proxy element for: DefaultElementLocator &amp;apos;By.xpath: //span[contains(text(),&amp;apos;Payment Arrangement Due&amp;apos;)]&amp;apos; (tried for 20 second(s) with 500 milliseconds interval)">
      <![CDATA[java.lang.AssertionError: Object Not Found Expected condition failed: waiting for visibility of Proxy element for: DefaultElementLocator 'By.xpath: //span[contains(text(),'Payment Arrangement Due')]' (tried for 20 second(s) with 500 milliseconds interval)
at com.NexusPortalAutomation.Utilities.Java.CommonMethods.waitForObject(CommonMethods.java:231)
at com.NexusPortalAutomation.PageObjects.Java.DashBoard.getPaymentArrangementDue(DashBoard.java:573)
at com.NexusPortalAutomation.TestCases.Java.TC0016_1_VerifyBillingDetails_SPA.VerifyBillingDetails_SPA(TC0016_1_VerifyBillingDetails_SPA.java:40)
... Removed 30 stack frames]]>
    </failure>
  </testcase> <!-- VerifyBillingDetails_SPA -->
  <testcase name="verifyDrillbacksGeneral" time="16.946" classname="com.NexusPortalAutomation.TestCases.Java.TC0018_verifyDrillbacksGeneral"/>
  <testcase name="VerifyAction_Transfers_Stack_TwoLocations_Scheduled_NotScheduled" time="51.494" classname="com.NexusPortalAutomation.TestCases.Java.TC0041_VerifyAction_Transfers_Stack_TwoLocations_Scheduled_NotScheduled"/>
  <testcase name="TestCustomerDetails" time="39.227" classname="com.NexusPortalAutomation.TestCases.Java.TC0010_2_verifyCustDetails_Blank">
    <failure type="java.lang.AssertionError" message="Object Not Found Expected condition failed: waiting for visibility of Proxy element for: DefaultElementLocator &amp;apos;By.id: CUST_SSN&amp;apos; (tried for 20 second(s) with 500 milliseconds interval)">
      <![CDATA[java.lang.AssertionError: Object Not Found Expected condition failed: waiting for visibility of Proxy element for: DefaultElementLocator 'By.id: CUST_SSN' (tried for 20 second(s) with 500 milliseconds interval)
at com.NexusPortalAutomation.Utilities.Java.CommonMethods.waitForObject(CommonMethods.java:231)
at com.NexusPortalAutomation.PageObjects.Java.DashBoard.verifyCustDetailsNoEmailExt(DashBoard.java:1317)
at com.NexusPortalAutomation.TestCases.Java.TC0010_2_verifyCustDetails_Blank.TestCustomerDetails(TC0010_2_verifyCustDetails_Blank.java:43)
... Removed 30 stack frames]]>
    </failure>
  </testcase> <!-- TestCustomerDetails -->
  <testcase name="VerifyBillingDetails" time="9.634" classname="com.NexusPortalAutomation.TestCases.Java.TC0016_1_VerifyBillingDetails_EBill">
    <failure type="java.lang.AssertionError" message="Actual Value &amp;apos;ON&amp;apos; not Matched the expected value &amp;apos;OFF&amp;apos; ">
      <![CDATA[java.lang.AssertionError: Actual Value 'ON' not Matched the expected value 'OFF' 
at com.NexusPortalAutomation.Utilities.Java.CommonMethods.verifyString(CommonMethods.java:73)
at com.NexusPortalAutomation.TestCases.Java.TC0016_1_VerifyBillingDetails_EBill.VerifyBillingDetails(TC0016_1_VerifyBillingDetails_EBill.java:41)
... Removed 30 stack frames]]>
    </failure>
  </testcase> <!-- VerifyBillingDetails -->
  <testcase name="TestBillingStatements" time="11.037" classname="com.NexusPortalAutomation.TestCases.Java.TC0017_StatementsValue"/>
  <testcase name="VerifyAction_Transfers_Stack_TwoLocations_Scheduled_NotScheduled" time="53.252" classname="com.NexusPortalAutomation.TestCases.Java.TC0040_VerifyAction_Transfers_Stack_TwoLocations_Scheduled_NotScheduled"/>
  <testcase name="TestCustomerDetails" time="16.017" classname="com.NexusPortalAutomation.TestCases.Java.TC0010_1_verifyCustDetails_Business"/>
  <testcase name="VerifyBillingDetails_budgetSPA" time="18.888" classname="com.NexusPortalAutomation.TestCases.Java.TC0016_1_VerifyBillingDetails_Budget_SPA">
    <failure type="org.openqa.selenium.NoSuchElementException" message="no such element: Unable to locate element: {&amp;quot;method&amp;quot;:&amp;quot;xpath&amp;quot;,&amp;quot;selector&amp;quot;:&amp;quot;/html/body/wo-root/wo-dashboard/div/mat-drawer-container/mat-drawer-content/div/div/div[2]/csm-customer-balances/csm-generic-widget/div/div/div[2]/div[1]/div[2]/div[1]/div[1]&amp;quot;}
  (Session info: chrome=78.0.3904.87)
For documentation on this error, please visit: http://seleniumhq.org/exceptions/no_such_element.html
Build info: version: &amp;apos;3.14.0&amp;apos;, revision: &amp;apos;aacccce0&amp;apos;, time: &amp;apos;2018-08-02T20:19:58.91Z&amp;apos;
System info: host: &amp;apos;RND-BASE-A&amp;apos;, ip: &amp;apos;10.0.2.15&amp;apos;, os.name: &amp;apos;Windows Server 2012 R2&amp;apos;, os.arch: &amp;apos;amd64&amp;apos;, os.version: &amp;apos;6.3&amp;apos;, java.version: &amp;apos;1.8.0_201&amp;apos;
Driver info: org.openqa.selenium.chrome.ChromeDriver
Capabilities {acceptInsecureCerts: false, browserName: chrome, browserVersion: 78.0.3904.87, chrome: {chromedriverVersion: 78.0.3904.70 (edb9c9f3de024..., userDataDir: C:\Users\ADMINI~1\AppData\L...}, goog:chromeOptions: {debuggerAddress: localhost:59585}, javascriptEnabled: true, networkConnectionEnabled: false, pageLoadStrategy: normal, platform: XP, platformName: XP, proxy: Proxy(), setWindowRect: true, strictFileInteractability: false, timeouts: {implicit: 0, pageLoad: 300000, script: 30000}, unhandledPromptBehavior: dismiss and notify}
Session ID: 90ba2f57533eab5fe1e0c77f0c53c89e
*** Element info: {Using=xpath, value=/html/body/wo-root/wo-dashboard/div/mat-drawer-container/mat-drawer-content/div/div/div[2]/csm-customer-balances/csm-generic-widget/div/div/div[2]/div[1]/div[2]/div[1]/div[1]}">
      <![CDATA[org.openqa.selenium.NoSuchElementException: no such element: Unable to locate element: {"method":"xpath","selector":"/html/body/wo-root/wo-dashboard/div/mat-drawer-container/mat-drawer-content/div/div/div[2]/csm-customer-balances/csm-generic-widget/div/div/div[2]/div[1]/div[2]/div[1]/div[1]"}
  (Session info: chrome=78.0.3904.87)
For documentation on this error, please visit: http://seleniumhq.org/exceptions/no_such_element.html
Build info: version: '3.14.0', revision: 'aacccce0', time: '2018-08-02T20:19:58.91Z'
System info: host: 'RND-BASE-A', ip: '10.0.2.15', os.name: 'Windows Server 2012 R2', os.arch: 'amd64', os.version: '6.3', java.version: '1.8.0_201'
Driver info: org.openqa.selenium.chrome.ChromeDriver
Capabilities {acceptInsecureCerts: false, browserName: chrome, browserVersion: 78.0.3904.87, chrome: {chromedriverVersion: 78.0.3904.70 (edb9c9f3de024..., userDataDir: C:\Users\ADMINI~1\AppData\L...}, goog:chromeOptions: {debuggerAddress: localhost:59585}, javascriptEnabled: true, networkConnectionEnabled: false, pageLoadStrategy: normal, platform: XP, platformName: XP, proxy: Proxy(), setWindowRect: true, strictFileInteractability: false, timeouts: {implicit: 0, pageLoad: 300000, script: 30000}, unhandledPromptBehavior: dismiss and notify}
Session ID: 90ba2f57533eab5fe1e0c77f0c53c89e
*** Element info: {Using=xpath, value=/html/body/wo-root/wo-dashboard/div/mat-drawer-container/mat-drawer-content/div/div/div[2]/csm-customer-balances/csm-generic-widget/div/div/div[2]/div[1]/div[2]/div[1]/div[1]}
at org.openqa.selenium.remote.http.W3CHttpResponseCodec.createException(W3CHttpResponseCodec.java:187)
at org.openqa.selenium.remote.http.W3CHttpResponseCodec.decode(W3CHttpResponseCodec.java:122)
at org.openqa.selenium.remote.http.W3CHttpResponseCodec.decode(W3CHttpResponseCodec.java:49)
at org.openqa.selenium.remote.HttpCommandExecutor.execute(HttpCommandExecutor.java:158)
at org.openqa.selenium.remote.service.DriverCommandExecutor.execute(DriverCommandExecutor.java:83)
at org.openqa.selenium.remote.RemoteWebDriver.execute(RemoteWebDriver.java:548)
at org.openqa.selenium.remote.RemoteWebDriver.findElement(RemoteWebDriver.java:322)
at org.openqa.selenium.remote.RemoteWebDriver.findElementByXPath(RemoteWebDriver.java:424)
at org.openqa.selenium.By$ByXPath.findElement(By.java:353)
at org.openqa.selenium.remote.RemoteWebDriver.findElement(RemoteWebDriver.java:314)
at org.openqa.selenium.support.pagefactory.DefaultElementLocator.findElement(DefaultElementLocator.java:69)
at org.openqa.selenium.support.pagefactory.internal.LocatingElementHandler.invoke(LocatingElementHandler.java:38)
at com.sun.proxy.$Proxy7.getText(Unknown Source)
at com.NexusPortalAutomation.PageObjects.Java.DashBoard.GetBudgetIcon(DashBoard.java:590)
at com.NexusPortalAutomation.TestCases.Java.TC0016_1_VerifyBillingDetails_Budget_SPA.VerifyBillingDetails_budgetSPA(TC0016_1_VerifyBillingDetails_Budget_SPA.java:53)
... Removed 33 stack frames]]>
    </failure>
  </testcase> <!-- VerifyBillingDetails_budgetSPA -->
  <testcase name="TestBillingStatements" time="10.664" classname="com.NexusPortalAutomation.TestCases.Java.TC0017_StatementsOrderByDate"/>
  <testcase name="VerifyAction_Transfers_Stack_TwoLocations_Scheduled_NotScheduled" time="65.211" classname="com.NexusPortalAutomation.TestCases.Java.TC0039_VerifyAction_Transfers_Stack_TwoLocations_Scheduled_NotScheduled"/>
  <testcase name="TestSearchAccount" time="13.684" classname="com.NexusPortalAutomation.TestCases.Java.TC0009_VerifyAccountSearch"/>
  <testcase name="VerifyBillingDetails_Budget" time="18.637" classname="com.NexusPortalAutomation.TestCases.Java.TC0016_1_VerifyBillingDetails_Budget">
    <failure type="org.openqa.selenium.NoSuchElementException" message="no such element: Unable to locate element: {&amp;quot;method&amp;quot;:&amp;quot;xpath&amp;quot;,&amp;quot;selector&amp;quot;:&amp;quot;/html/body/wo-root/wo-dashboard/div/mat-drawer-container/mat-drawer-content/div/div/div[2]/csm-customer-balances/csm-generic-widget/div/div/div[2]/div[1]/div[2]/div[1]/div[1]&amp;quot;}
  (Session info: chrome=78.0.3904.87)
For documentation on this error, please visit: http://seleniumhq.org/exceptions/no_such_element.html
Build info: version: &amp;apos;3.14.0&amp;apos;, revision: &amp;apos;aacccce0&amp;apos;, time: &amp;apos;2018-08-02T20:19:58.91Z&amp;apos;
System info: host: &amp;apos;RND-BASE-A&amp;apos;, ip: &amp;apos;10.0.2.15&amp;apos;, os.name: &amp;apos;Windows Server 2012 R2&amp;apos;, os.arch: &amp;apos;amd64&amp;apos;, os.version: &amp;apos;6.3&amp;apos;, java.version: &amp;apos;1.8.0_201&amp;apos;
Driver info: org.openqa.selenium.chrome.ChromeDriver
Capabilities {acceptInsecureCerts: false, browserName: chrome, browserVersion: 78.0.3904.87, chrome: {chromedriverVersion: 78.0.3904.70 (edb9c9f3de024..., userDataDir: C:\Users\ADMINI~1\AppData\L...}, goog:chromeOptions: {debuggerAddress: localhost:59816}, javascriptEnabled: true, networkConnectionEnabled: false, pageLoadStrategy: normal, platform: XP, platformName: XP, proxy: Proxy(), setWindowRect: true, strictFileInteractability: false, timeouts: {implicit: 0, pageLoad: 300000, script: 30000}, unhandledPromptBehavior: dismiss and notify}
Session ID: c25cb2947b8bec89c67ed961b69fee5b
*** Element info: {Using=xpath, value=/html/body/wo-root/wo-dashboard/div/mat-drawer-container/mat-drawer-content/div/div/div[2]/csm-customer-balances/csm-generic-widget/div/div/div[2]/div[1]/div[2]/div[1]/div[1]}">
      <![CDATA[org.openqa.selenium.NoSuchElementException: no such element: Unable to locate element: {"method":"xpath","selector":"/html/body/wo-root/wo-dashboard/div/mat-drawer-container/mat-drawer-content/div/div/div[2]/csm-customer-balances/csm-generic-widget/div/div/div[2]/div[1]/div[2]/div[1]/div[1]"}
  (Session info: chrome=78.0.3904.87)
For documentation on this error, please visit: http://seleniumhq.org/exceptions/no_such_element.html
Build info: version: '3.14.0', revision: 'aacccce0', time: '2018-08-02T20:19:58.91Z'
System info: host: 'RND-BASE-A', ip: '10.0.2.15', os.name: 'Windows Server 2012 R2', os.arch: 'amd64', os.version: '6.3', java.version: '1.8.0_201'
Driver info: org.openqa.selenium.chrome.ChromeDriver
Capabilities {acceptInsecureCerts: false, browserName: chrome, browserVersion: 78.0.3904.87, chrome: {chromedriverVersion: 78.0.3904.70 (edb9c9f3de024..., userDataDir: C:\Users\ADMINI~1\AppData\L...}, goog:chromeOptions: {debuggerAddress: localhost:59816}, javascriptEnabled: true, networkConnectionEnabled: false, pageLoadStrategy: normal, platform: XP, platformName: XP, proxy: Proxy(), setWindowRect: true, strictFileInteractability: false, timeouts: {implicit: 0, pageLoad: 300000, script: 30000}, unhandledPromptBehavior: dismiss and notify}
Session ID: c25cb2947b8bec89c67ed961b69fee5b
*** Element info: {Using=xpath, value=/html/body/wo-root/wo-dashboard/div/mat-drawer-container/mat-drawer-content/div/div/div[2]/csm-customer-balances/csm-generic-widget/div/div/div[2]/div[1]/div[2]/div[1]/div[1]}
at org.openqa.selenium.remote.http.W3CHttpResponseCodec.createException(W3CHttpResponseCodec.java:187)
at org.openqa.selenium.remote.http.W3CHttpResponseCodec.decode(W3CHttpResponseCodec.java:122)
at org.openqa.selenium.remote.http.W3CHttpResponseCodec.decode(W3CHttpResponseCodec.java:49)
at org.openqa.selenium.remote.HttpCommandExecutor.execute(HttpCommandExecutor.java:158)
at org.openqa.selenium.remote.service.DriverCommandExecutor.execute(DriverCommandExecutor.java:83)
at org.openqa.selenium.remote.RemoteWebDriver.execute(RemoteWebDriver.java:548)
at org.openqa.selenium.remote.RemoteWebDriver.findElement(RemoteWebDriver.java:322)
at org.openqa.selenium.remote.RemoteWebDriver.findElementByXPath(RemoteWebDriver.java:424)
at org.openqa.selenium.By$ByXPath.findElement(By.java:353)
at org.openqa.selenium.remote.RemoteWebDriver.findElement(RemoteWebDriver.java:314)
at org.openqa.selenium.support.pagefactory.DefaultElementLocator.findElement(DefaultElementLocator.java:69)
at org.openqa.selenium.support.pagefactory.internal.LocatingElementHandler.invoke(LocatingElementHandler.java:38)
at com.sun.proxy.$Proxy7.getText(Unknown Source)
at com.NexusPortalAutomation.PageObjects.Java.DashBoard.GetBudgetIcon(DashBoard.java:590)
at com.NexusPortalAutomation.TestCases.Java.TC0016_1_VerifyBillingDetails_Budget.VerifyBillingDetails_Budget(TC0016_1_VerifyBillingDetails_Budget.java:55)
... Removed 33 stack frames]]>
    </failure>
  </testcase> <!-- VerifyBillingDetails_Budget -->
  <testcase name="VerifyBillingDetails" time="15.49" classname="com.NexusPortalAutomation.TestCases.Java.TC0016_VerifyBillingDetails_UsageGraph"/>
  <testcase name="TestSearchAccount" time="18.969" classname="com.NexusPortalAutomation.TestCases.Java.TC0009_1_VerifyAccountSearch_NoAccounts">
    <failure type="org.openqa.selenium.NoSuchElementException" message="no such element: Unable to locate element: {&amp;quot;method&amp;quot;:&amp;quot;xpath&amp;quot;,&amp;quot;selector&amp;quot;:&amp;quot;//div[contains(text(),&amp;apos;No Other Accounts&amp;apos;)]&amp;quot;}
  (Session info: chrome=78.0.3904.87)
For documentation on this error, please visit: http://seleniumhq.org/exceptions/no_such_element.html
Build info: version: &amp;apos;3.14.0&amp;apos;, revision: &amp;apos;aacccce0&amp;apos;, time: &amp;apos;2018-08-02T20:19:58.91Z&amp;apos;
System info: host: &amp;apos;RND-BASE-A&amp;apos;, ip: &amp;apos;10.0.2.15&amp;apos;, os.name: &amp;apos;Windows Server 2012 R2&amp;apos;, os.arch: &amp;apos;amd64&amp;apos;, os.version: &amp;apos;6.3&amp;apos;, java.version: &amp;apos;1.8.0_201&amp;apos;
Driver info: org.openqa.selenium.chrome.ChromeDriver
Capabilities {acceptInsecureCerts: false, browserName: chrome, browserVersion: 78.0.3904.87, chrome: {chromedriverVersion: 78.0.3904.70 (edb9c9f3de024..., userDataDir: C:\Users\ADMINI~1\AppData\L...}, goog:chromeOptions: {debuggerAddress: localhost:59911}, javascriptEnabled: true, networkConnectionEnabled: false, pageLoadStrategy: normal, platform: XP, platformName: XP, proxy: Proxy(), setWindowRect: true, strictFileInteractability: false, timeouts: {implicit: 0, pageLoad: 300000, script: 30000}, unhandledPromptBehavior: dismiss and notify}
Session ID: 7eea200e53bc99b1cd1a6b75f2f5d8fb
*** Element info: {Using=xpath, value=//div[contains(text(),&amp;apos;No Other Accounts&amp;apos;)]}">
      <![CDATA[org.openqa.selenium.NoSuchElementException: no such element: Unable to locate element: {"method":"xpath","selector":"//div[contains(text(),'No Other Accounts')]"}
  (Session info: chrome=78.0.3904.87)
For documentation on this error, please visit: http://seleniumhq.org/exceptions/no_such_element.html
Build info: version: '3.14.0', revision: 'aacccce0', time: '2018-08-02T20:19:58.91Z'
System info: host: 'RND-BASE-A', ip: '10.0.2.15', os.name: 'Windows Server 2012 R2', os.arch: 'amd64', os.version: '6.3', java.version: '1.8.0_201'
Driver info: org.openqa.selenium.chrome.ChromeDriver
Capabilities {acceptInsecureCerts: false, browserName: chrome, browserVersion: 78.0.3904.87, chrome: {chromedriverVersion: 78.0.3904.70 (edb9c9f3de024..., userDataDir: C:\Users\ADMINI~1\AppData\L...}, goog:chromeOptions: {debuggerAddress: localhost:59911}, javascriptEnabled: true, networkConnectionEnabled: false, pageLoadStrategy: normal, platform: XP, platformName: XP, proxy: Proxy(), setWindowRect: true, strictFileInteractability: false, timeouts: {implicit: 0, pageLoad: 300000, script: 30000}, unhandledPromptBehavior: dismiss and notify}
Session ID: 7eea200e53bc99b1cd1a6b75f2f5d8fb
*** Element info: {Using=xpath, value=//div[contains(text(),'No Other Accounts')]}
at org.openqa.selenium.remote.http.W3CHttpResponseCodec.createException(W3CHttpResponseCodec.java:187)
at org.openqa.selenium.remote.http.W3CHttpResponseCodec.decode(W3CHttpResponseCodec.java:122)
at org.openqa.selenium.remote.http.W3CHttpResponseCodec.decode(W3CHttpResponseCodec.java:49)
at org.openqa.selenium.remote.HttpCommandExecutor.execute(HttpCommandExecutor.java:158)
at org.openqa.selenium.remote.service.DriverCommandExecutor.execute(DriverCommandExecutor.java:83)
at org.openqa.selenium.remote.RemoteWebDriver.execute(RemoteWebDriver.java:548)
at org.openqa.selenium.remote.RemoteWebDriver.findElement(RemoteWebDriver.java:322)
at org.openqa.selenium.remote.RemoteWebDriver.findElementByXPath(RemoteWebDriver.java:424)
at org.openqa.selenium.By$ByXPath.findElement(By.java:353)
at org.openqa.selenium.remote.RemoteWebDriver.findElement(RemoteWebDriver.java:314)
at org.openqa.selenium.support.pagefactory.DefaultElementLocator.findElement(DefaultElementLocator.java:69)
at org.openqa.selenium.support.pagefactory.internal.LocatingElementHandler.invoke(LocatingElementHandler.java:38)
at com.sun.proxy.$Proxy7.getText(Unknown Source)
at com.NexusPortalAutomation.PageObjects.Java.DashBoard.getNoOtherAccount(DashBoard.java:585)
at com.NexusPortalAutomation.TestCases.Java.TC0009_1_VerifyAccountSearch_NoAccounts.TestSearchAccount(TC0009_1_VerifyAccountSearch_NoAccounts.java:38)
... Removed 33 stack frames]]>
    </failure>
  </testcase> <!-- TestSearchAccount -->
  <testcase name="VerifyBillingDetailsAutoPay" time="9.026" classname="com.NexusPortalAutomation.TestCases.Java.TC0016_1_VerifyBillingDetails_AutoPay">
    <failure type="java.lang.AssertionError" message="Strings: http://localhost:3000/# does&amp;apos;nt contains  https://www.invoicecloud.com/integrations/redirect/Csr?BillerGUID">
      <![CDATA[java.lang.AssertionError: Strings: http://localhost:3000/# does'nt contains  https://www.invoicecloud.com/integrations/redirect/Csr?BillerGUID
at com.NexusPortalAutomation.Utilities.Java.CommonMethods.verifyStringContains(CommonMethods.java:128)
at com.NexusPortalAutomation.TestCases.Java.TC0016_1_VerifyBillingDetails_AutoPay.VerifyBillingDetailsAutoPay(TC0016_1_VerifyBillingDetails_AutoPay.java:42)
... Removed 30 stack frames]]>
    </failure>
  </testcase> <!-- VerifyBillingDetailsAutoPay -->
  <testcase name="VerifyBillingDetails" time="19.446" classname="com.NexusPortalAutomation.TestCases.Java.TC0016_VerifyBillingDetails">
    <failure type="org.openqa.selenium.TimeoutException" message="Expected condition failed: waiting for element to be clickable: By.id: BILL_Installment_Budget (tried for 10 second(s) with 500 milliseconds interval)">
      <![CDATA[org.openqa.selenium.TimeoutException: Expected condition failed: waiting for element to be clickable: By.id: BILL_Installment_Budget (tried for 10 second(s) with 500 milliseconds interval)
at org.openqa.selenium.support.ui.WebDriverWait.timeoutException(WebDriverWait.java:113)
at org.openqa.selenium.support.ui.FluentWait.until(FluentWait.java:283)
at com.NexusPortalAutomation.Utilities.Java.CommonMethods.waitforObjectById(CommonMethods.java:152)
at com.NexusPortalAutomation.PageObjects.Java.DashBoard.GetBillingInfo(DashBoard.java:1572)
at com.NexusPortalAutomation.TestCases.Java.TC0016_VerifyBillingDetails.VerifyBillingDetails(TC0016_VerifyBillingDetails.java:58)
Caused by: org.openqa.selenium.NoSuchElementException: Cannot locate an element using By.id: BILL_Installment_Budget
For documentation on this error, please visit: http://seleniumhq.org/exceptions/no_such_element.html
Build info: version: '3.14.0', revision: 'aacccce0', time: '2018-08-02T20:19:58.91Z'
System info: host: 'RND-BASE-A', ip: '10.0.2.15', os.name: 'Windows Server 2012 R2', os.arch: 'amd64', os.version: '6.3', java.version: '1.8.0_201'
Driver info: driver.version: unknown
at org.openqa.selenium.support.ui.ExpectedConditions.lambda$findElement$0(ExpectedConditions.java:896)
at java.util.Optional.orElseThrow(Optional.java:290)
at org.openqa.selenium.support.ui.ExpectedConditions.findElement(ExpectedConditions.java:895)
at org.openqa.selenium.support.ui.ExpectedConditions.access$000(ExpectedConditions.java:44)
at org.openqa.selenium.support.ui.ExpectedConditions$7.apply(ExpectedConditions.java:206)
at org.openqa.selenium.support.ui.ExpectedConditions$7.apply(ExpectedConditions.java:202)
at org.openqa.selenium.support.ui.ExpectedConditions$22.apply(ExpectedConditions.java:657)
at org.openqa.selenium.support.ui.ExpectedConditions$22.apply(ExpectedConditions.java:654)
at org.openqa.selenium.support.ui.FluentWait.until(FluentWait.java:260)
... 32 more
... Removed 29 stack frames]]>
    </failure>
  </testcase> <!-- VerifyBillingDetails -->
  <testcase name="TestSearchAccount" time="11.141" classname="com.NexusPortalAutomation.TestCases.Java.TC0009_1_VerifyAccountSearchRefresh">
    <failure type="org.openqa.selenium.StaleElementReferenceException" message="stale element reference: element is not attached to the page document
  (Session info: chrome=78.0.3904.87)
For documentation on this error, please visit: http://seleniumhq.org/exceptions/stale_element_reference.html
Build info: version: &amp;apos;3.14.0&amp;apos;, revision: &amp;apos;aacccce0&amp;apos;, time: &amp;apos;2018-08-02T20:19:58.91Z&amp;apos;
System info: host: &amp;apos;RND-BASE-A&amp;apos;, ip: &amp;apos;10.0.2.15&amp;apos;, os.name: &amp;apos;Windows Server 2012 R2&amp;apos;, os.arch: &amp;apos;amd64&amp;apos;, os.version: &amp;apos;6.3&amp;apos;, java.version: &amp;apos;1.8.0_201&amp;apos;
Driver info: org.openqa.selenium.chrome.ChromeDriver
Capabilities {acceptInsecureCerts: false, browserName: chrome, browserVersion: 78.0.3904.87, chrome: {chromedriverVersion: 78.0.3904.70 (edb9c9f3de024..., userDataDir: C:\Users\ADMINI~1\AppData\L...}, goog:chromeOptions: {debuggerAddress: localhost:60054}, javascriptEnabled: true, networkConnectionEnabled: false, pageLoadStrategy: normal, platform: XP, platformName: XP, proxy: Proxy(), setWindowRect: true, strictFileInteractability: false, timeouts: {implicit: 0, pageLoad: 300000, script: 30000}, unhandledPromptBehavior: dismiss and notify}
Session ID: c11ec26f1adc04444c20e1b8d451d43a">
      <![CDATA[org.openqa.selenium.StaleElementReferenceException: stale element reference: element is not attached to the page document
  (Session info: chrome=78.0.3904.87)
For documentation on this error, please visit: http://seleniumhq.org/exceptions/stale_element_reference.html
Build info: version: '3.14.0', revision: 'aacccce0', time: '2018-08-02T20:19:58.91Z'
System info: host: 'RND-BASE-A', ip: '10.0.2.15', os.name: 'Windows Server 2012 R2', os.arch: 'amd64', os.version: '6.3', java.version: '1.8.0_201'
Driver info: org.openqa.selenium.chrome.ChromeDriver
Capabilities {acceptInsecureCerts: false, browserName: chrome, browserVersion: 78.0.3904.87, chrome: {chromedriverVersion: 78.0.3904.70 (edb9c9f3de024..., userDataDir: C:\Users\ADMINI~1\AppData\L...}, goog:chromeOptions: {debuggerAddress: localhost:60054}, javascriptEnabled: true, networkConnectionEnabled: false, pageLoadStrategy: normal, platform: XP, platformName: XP, proxy: Proxy(), setWindowRect: true, strictFileInteractability: false, timeouts: {implicit: 0, pageLoad: 300000, script: 30000}, unhandledPromptBehavior: dismiss and notify}
Session ID: c11ec26f1adc04444c20e1b8d451d43a
at org.openqa.selenium.remote.http.W3CHttpResponseCodec.createException(W3CHttpResponseCodec.java:187)
at org.openqa.selenium.remote.http.W3CHttpResponseCodec.decode(W3CHttpResponseCodec.java:122)
at org.openqa.selenium.remote.http.W3CHttpResponseCodec.decode(W3CHttpResponseCodec.java:49)
at org.openqa.selenium.remote.HttpCommandExecutor.execute(HttpCommandExecutor.java:158)
at org.openqa.selenium.remote.service.DriverCommandExecutor.execute(DriverCommandExecutor.java:83)
at org.openqa.selenium.remote.RemoteWebDriver.execute(RemoteWebDriver.java:548)
at org.openqa.selenium.remote.RemoteWebDriver.executeScript(RemoteWebDriver.java:485)
at com.NexusPortalAutomation.Utilities.Java.CommonMethods.HighlightElement(CommonMethods.java:210)
at com.NexusPortalAutomation.Utilities.Java.CommonMethods.waitForObject(CommonMethods.java:227)
at com.NexusPortalAutomation.PageObjects.Java.DashBoard.VerifySearchAccountResult1(DashBoard.java:1495)
at com.NexusPortalAutomation.TestCases.Java.TC0009_1_VerifyAccountSearchRefresh.TestSearchAccount(TC0009_1_VerifyAccountSearchRefresh.java:88)
... Removed 33 stack frames]]>
    </failure>
  </testcase> <!-- TestSearchAccount -->
  <testcase name="TestContactLogs" time="11.13" classname="com.NexusPortalAutomation.TestCases.Java.TC0015_VerifyContactLogs"/>
  <testcase name="TestSearchbylocationID" time="10.509" classname="com.NexusPortalAutomation.TestCases.Java.TC0008_VerifySignInbylocationID"/>
  <testcase name="TestContactEdit" time="36.199" classname="com.NexusPortalAutomation.TestCases.Java.TC0013_VerifyContactEdit"/>
  <testcase name="TestSecondayContact" time="12.319" classname="com.NexusPortalAutomation.TestCases.Java.TC0014_VerifySecondaryContact"/>
  <testcase name="TestCreditStatus" time="18.186" classname="com.NexusPortalAutomation.TestCases.Java.TC0012_verifyCreditStatusStatus"/>
  <testcase name="VerifySignInbyID" time="10.869" classname="com.NexusPortalAutomation.TestCases.Java.TC0001_VerifySignInbyID"/>
  <testcase name="VerifyActionServiceOrder" time="15.693" classname="com.NexusPortalAutomation.TestCases.Java.TC0022_VerifyAction_ServiceOrder"/>
  <testcase name="VerifyActionServiceOrder_Transfers_NotSchedule" time="36.773" classname="com.NexusPortalAutomation.TestCases.Java.TC0025_1_VerifyAction_Transfers_Scheduled_CurrentMoveinCustomer">
    <failure type="java.lang.AssertionError" message="Actual Value &amp;apos;Mr. Vacant Vacant (Vacant)&amp;apos; not Matched the expected value &amp;apos;Mr. Automation Mate (0000011111)&amp;apos; ">
      <![CDATA[java.lang.AssertionError: Actual Value 'Mr. Vacant Vacant (Vacant)' not Matched the expected value 'Mr. Automation Mate (0000011111)' 
at com.NexusPortalAutomation.Utilities.Java.CommonMethods.verifyString(CommonMethods.java:73)
at com.NexusPortalAutomation.TestCases.Java.TC0025_1_VerifyAction_Transfers_Scheduled_CurrentMoveinCustomer.VerifyActionServiceOrder_Transfers_NotSchedule(TC0025_1_VerifyAction_Transfers_Scheduled_CurrentMoveinCustomer.java:116)
... Removed 30 stack frames]]>
    </failure>
  </testcase> <!-- VerifyActionServiceOrder_Transfers_NotSchedule -->
  <testcase name="VerifyActionServiceOrder" time="39.215" classname="com.NexusPortalAutomation.TestCases.Java.TC0029_VerifyAction_Transfers_Scheduled"/>
  <testcase name="VerifyTransferActionServiceOrder" time="21.955" classname="com.NexusPortalAutomation.TestCases.Java.TC0050_VerifyMoveiinCustomerAppearing"/>
  <testcase name="VerifyRecentWidget" time="11.695" classname="com.NexusPortalAutomation.TestCases.Java.TC0023_VerifyRecentWidget"/>
  <testcase name="VerifyActionServiceOrder_Transfers_NotSchedule" time="24.258" classname="com.NexusPortalAutomation.TestCases.Java.TC0025_VerifyAction_Transfers_NotScheduled"/>
  <testcase name="VerifyTransferActionServiceOrder" time="28.682" classname="com.NexusPortalAutomation.TestCases.Java.TC0030_1_VerifyAction_Transfers_StartService_Scheduled_SameCustomerMovein"/>
  <testcase name="VerifyTransferActionServiceOrder" time="17.94" classname="com.NexusPortalAutomation.TestCases.Java.TC0026_VerifyAction_Transfers_StartService_NotScheduled"/>
  <testcase name="VerifyTransferActionServiceOrder" time="22.627" classname="com.NexusPortalAutomation.TestCases.Java.TC0030_VerifyAction_Transfers_StartService_Scheduled"/>
  <testcase name="VerifyTransferActionServiceOrder" time="18.143" classname="com.NexusPortalAutomation.TestCases.Java.TC0027_VerifyAction_Transfers_StopService_NotScheduled"/>
  <testcase name="VerifyTransferActionServiceOrder" time="20.317" classname="com.NexusPortalAutomation.TestCases.Java.TC0031_VerifyAction_Transfers_StopService_Scheduled"/>
  <testcase name="VerifyTransferActionServiceOrder" time="45.702" classname="com.NexusPortalAutomation.TestCases.Java.TC0032_VerifyAction_Transfers_Stack_StopService_Scheduled"/>
  <testcase name="VerifyAction_Transfers_Stack_StartService_Scheduled" time="50.407" classname="com.NexusPortalAutomation.TestCases.Java.TC0033_VerifyAction_Transfers_Stack_StartService_Scheduled"/>
  <testcase name="VerifyAction_Transfers_Stack_TwoLocations" time="38.792" classname="com.NexusPortalAutomation.TestCases.Java.TC0034_VerifyAction_Transfers_Stack_TwoLocations"/>
  <testcase name="VerifyAction_Transfers_StopService" time="49.15" classname="com.NexusPortalAutomation.TestCases.Java.TC0035_VerifyAction_Transfers_StopService"/>
  <testcase name="VerifyTransferActionServiceOrder" time="51.686" classname="com.NexusPortalAutomation.TestCases.Java.TC0036_VerifyAction_Transfers_StartService"/>
  <testcase name="VerifyAction_Transfers_Stack_TwoLocations_NotScheduled" time="45.579" classname="com.NexusPortalAutomation.TestCases.Java.TC0037_VerifyAction_Transfers_Stack_TwoLocations_NotScheduled"/>
  <testcase name="TestSearchAutobyRecent" time="29.5" classname="com.NexusPortalAutomation.TestCases.Java.TC0004_TestSearchbyRecentFunction"/>
  <testcase name="TestSearchAutobyBookMark" time="11.223" classname="com.NexusPortalAutomation.TestCases.Java.TC0005_TestBookMarks"/>
  <testcase name="TestSummarySectionOnChange" time="19.612" classname="com.NexusPortalAutomation.TestCases.Java.TC0007_TestSummarySection">
    <failure type="org.openqa.selenium.TimeoutException" message="Expected condition failed: waiting for element to be clickable: By.id: BILL_Installment_Budget (tried for 10 second(s) with 500 milliseconds interval)">
      <![CDATA[org.openqa.selenium.TimeoutException: Expected condition failed: waiting for element to be clickable: By.id: BILL_Installment_Budget (tried for 10 second(s) with 500 milliseconds interval)
at org.openqa.selenium.support.ui.WebDriverWait.timeoutException(WebDriverWait.java:113)
at org.openqa.selenium.support.ui.FluentWait.until(FluentWait.java:283)
at com.NexusPortalAutomation.Utilities.Java.CommonMethods.waitforObjectById(CommonMethods.java:152)
at com.NexusPortalAutomation.PageObjects.Java.DashBoard.GetBillingInfo(DashBoard.java:1572)
at com.NexusPortalAutomation.TestCases.Java.TC0007_TestSummarySection.TestSummarySectionOnChange(TC0007_TestSummarySection.java:41)
Caused by: org.openqa.selenium.NoSuchElementException: Cannot locate an element using By.id: BILL_Installment_Budget
For documentation on this error, please visit: http://seleniumhq.org/exceptions/no_such_element.html
Build info: version: '3.14.0', revision: 'aacccce0', time: '2018-08-02T20:19:58.91Z'
System info: host: 'RND-BASE-A', ip: '10.0.2.15', os.name: 'Windows Server 2012 R2', os.arch: 'amd64', os.version: '6.3', java.version: '1.8.0_201'
Driver info: driver.version: unknown
at org.openqa.selenium.support.ui.ExpectedConditions.lambda$findElement$0(ExpectedConditions.java:896)
at java.util.Optional.orElseThrow(Optional.java:290)
at org.openqa.selenium.support.ui.ExpectedConditions.findElement(ExpectedConditions.java:895)
at org.openqa.selenium.support.ui.ExpectedConditions.access$000(ExpectedConditions.java:44)
at org.openqa.selenium.support.ui.ExpectedConditions$7.apply(ExpectedConditions.java:206)
at org.openqa.selenium.support.ui.ExpectedConditions$7.apply(ExpectedConditions.java:202)
at org.openqa.selenium.support.ui.ExpectedConditions$22.apply(ExpectedConditions.java:657)
at org.openqa.selenium.support.ui.ExpectedConditions$22.apply(ExpectedConditions.java:654)
at org.openqa.selenium.support.ui.FluentWait.until(FluentWait.java:260)
... 32 more
... Removed 29 stack frames]]>
    </failure>
  </testcase> <!-- TestSummarySectionOnChange -->
  <testcase name="TestSearchAutobyFirstName" time="18.221" classname="com.NexusPortalAutomation.TestCases.Java.TC0024_TestCustDetailSearch"/>
  <testcase name="TestSearchAutobyFirstName" time="13.061" classname="com.NexusPortalAutomation.TestCases.Java.TC0028_TestEnhancedNotes"/>
  <testcase name="TestSearchAlertOnLoad" time="35.281" classname="com.NexusPortalAutomation.TestCases.Java.TC0006_1_TestAlertOnLoadOnce"/>
  <testcase name="TestSearchAlertOnLoad" time="11.158" classname="com.NexusPortalAutomation.TestCases.Java.TC0006_TestAlertOnLoad"/>
  <testcase name="TestSearchAutobyFirstName" time="10.85" classname="com.NexusPortalAutomation.TestCases.Java.TC0002_TestSearchAutobyFirstName"/>
  <testcase name="TestSearchAutobyLastName" time="10.193" classname="com.NexusPortalAutomation.TestCases.Java.TC0003_TestSearchAutobyLastName"/>
</testsuite> <!-- NexusTest -->
