<?xml version="1.0" encoding="UTF-8"?>
<!-- Generated by org.testng.reporters.JUnitXMLReporter -->
<testsuite hostname="RND-BASE-A" ignored="0" name="NexusTest" tests="27" failures="0" timestamp="17 Jul 2019 15:04:23 GMT" time="879.783" errors="0">
  <testcase name="TestBookMark" time="43.746" classname="com.NexusPortalAutomation.TestCases.Java.TC0011_VerifyBookMark"/>
  <testcase name="VerifyDrillBackTransactions" time="24.612" classname="com.NexusPortalAutomation.TestCases.Java.TC0019_VerifyDrillBackTransactions"/>
  <testcase name="TestDrillBackServices" time="24.96" classname="com.NexusPortalAutomation.TestCases.Java.TC0020_VerifyDrillBackServices"/>
  <testcase name="TestServiceOrderDetails" time="24.0" classname="com.NexusPortalAutomation.TestCases.Java.TC0021_VerifyServicesOrderDetails"/>
  <testcase name="TestCustomerDetails" time="22.817" classname="com.NexusPortalAutomation.TestCases.Java.TC0010_VerifyCustomerDetails"/>
  <testcase name="VerifyDrillBacksGeneral" time="32.127" classname="com.NexusPortalAutomation.TestCases.Java.TC0018_VerifyDrillBacksGeneral"/>
  <testcase name="TestSearchAccount" time="25.204" classname="com.NexusPortalAutomation.TestCases.Java.TC0009_VerifyAccountSearch"/>
  <testcase name="TestBillingStatements" time="23.89" classname="com.NexusPortalAutomation.TestCases.Java.TC0017_StatementsValue"/>
  <testcase name="TestSearchbyLocationID" time="22.479" classname="com.NexusPortalAutomation.TestCases.Java.TC0008_VerifySignInbyLocationID"/>
  <testcase name="TestContactLogs" time="25.978" classname="com.NexusPortalAutomation.TestCases.Java.TC0015_VerifyContactLogs"/>
  <testcase name="VerifyBillingDetails" time="28.031" classname="com.NexusPortalAutomation.TestCases.Java.TC0016_VerifyBillingDetails"/>
  <testcase name="TestContactEdit" time="26.753" classname="com.NexusPortalAutomation.TestCases.Java.TC0013_VerifyContactEdit"/>
  <testcase name="TestSecondayContact" time="-95.088" classname="com.NexusPortalAutomation.TestCases.Java.TC0014_VerifySecondaryContact"/>
  <testcase name="TestCreditStatus" time="25.879" classname="com.NexusPortalAutomation.TestCases.Java.TC0012_VerifyCreditStatus"/>
  <testcase name="TestSearchID" time="32.563" classname="com.NexusPortalAutomation.TestCases.Java.TC0001_VerifySignInbyID"/>
  <testcase name="VerifyActionServiceOrder" time="46.753" classname="com.NexusPortalAutomation.TestCases.Java.TC0022_VerifyAction_ServiceOrder"/>
  <testcase name="VerifyActionServiceOrder" time="65.982" classname="com.NexusPortalAutomation.TestCases.Java.TC0025_VerifyAction_Transfers"/>
  <testcase name="VerifyRecentWidget" time="35.86" classname="com.NexusPortalAutomation.TestCases.Java.TC0023_VerifyRecentWidget"/>
  <testcase name="VerifyActionServiceOrder" time="56.939" classname="com.NexusPortalAutomation.TestCases.Java.TC0026_VerifyAction_Transfers_StartService"/>
  <testcase name="VerifyActionServiceOrder" time="59.69" classname="com.NexusPortalAutomation.TestCases.Java.TC0027_VerifyAction_Transfers_StopService"/>
  <testcase name="TestSearchAutobyRecent" time="60.491" classname="com.NexusPortalAutomation.TestCases.Java.TC0004_TestSearchbyRecentFunction"/>
  <testcase name="TestSearchAutobyBookMark" time="23.913" classname="com.NexusPortalAutomation.TestCases.Java.TC0005_TestBookMarks"/>
  <testcase name="TestSummarySectionOnChange" time="20.699" classname="com.NexusPortalAutomation.TestCases.Java.TC0007_TestSummarySection"/>
  <testcase name="TestSearchAutobyFirstName" time="42.978" classname="com.NexusPortalAutomation.TestCases.Java.TC0024_TestCustDetailSearch"/>
  <testcase name="TestSearchAlertOnLoad" time="30.486" classname="com.NexusPortalAutomation.TestCases.Java.TC0006_TestAlertOnLoad"/>
  <testcase name="TestSearchAutobyFirstName" time="22.253" classname="com.NexusPortalAutomation.TestCases.Java.TC0002_TestSearchAutobyFirstName"/>
  <testcase name="TestSearchAutobyLastName" time="14.968" classname="com.NexusPortalAutomation.TestCases.Java.TC0003_TestSearchAutobyLastName"/>
</testsuite> <!-- NexusTest -->
