<?xml version="1.0" encoding="UTF-8"?>
<!-- Generated by org.testng.reporters.JUnitXMLReporter -->
<testsuite hostname="RND-BASE-A" ignored="0" name="NexusTest" tests="37" failures="2" timestamp="08 Aug 2019 19:40:06 GMT" time="1674.389" errors="0">
  <testcase name="TestBookMark" time="50.41" classname="com.NexusPortalAutomation.TestCases.Java.TC0011_VerifyBookMark"/>
  <testcase name="VerifyDrillBackTransactions" time="21.116" classname="com.NexusPortalAutomation.TestCases.Java.TC0019_VerifyDrillBackTransactions"/>
  <testcase name="TestDrillBackServices" time="25.772" classname="com.NexusPortalAutomation.TestCases.Java.TC0020_VerifyDrillBackServices"/>
  <testcase name="TestServiceOrderDetails" time="29.268" classname="com.NexusPortalAutomation.TestCases.Java.TC0021_VerifyServicesOrderDetails"/>
  <testcase name="TestCustomerDetails" time="23.269" classname="com.NexusPortalAutomation.TestCases.Java.TC0010_VerifyCustomerDetails"/>
  <testcase name="VerifyDrillBacksGeneral" time="31.658" classname="com.NexusPortalAutomation.TestCases.Java.TC0018_VerifyDrillBacksGeneral"/>
  <testcase name="TestSearchAccount" time="29.133" classname="com.NexusPortalAutomation.TestCases.Java.TC0009_VerifyAccountSearch">
    <failure type="java.lang.AssertionError" message="Element Not found expected [false] but found [true]">
      <![CDATA[java.lang.AssertionError: Element Not found expected [false] but found [true]
at com.NexusPortalAutomation.PageObjects.Java.DashBoard.verifySearchAccountResult(DashBoard.java:1177)
at com.NexusPortalAutomation.TestCases.Java.TC0009_VerifyAccountSearch.TestSearchAccount(TC0009_VerifyAccountSearch.java:69)
... Removed 32 stack frames]]>
    </failure>
  </testcase> <!-- TestSearchAccount -->
  <testcase name="TestBillingStatements" time="22.148" classname="com.NexusPortalAutomation.TestCases.Java.TC0017_StatementsValue"/>
  <testcase name="TestSearchbyLocationID" time="25.752" classname="com.NexusPortalAutomation.TestCases.Java.TC0008_VerifySignInbyLocationID"/>
  <testcase name="TestContactLogs" time="21.759" classname="com.NexusPortalAutomation.TestCases.Java.TC0015_VerifyContactLogs"/>
  <testcase name="VerifyBillingDetails" time="31.575" classname="com.NexusPortalAutomation.TestCases.Java.TC0016_VerifyBillingDetails"/>
  <testcase name="TestContactEdit" time="34.825" classname="com.NexusPortalAutomation.TestCases.Java.TC0013_VerifyContactEdit"/>
  <testcase name="TestSecondayContact" time="24.737" classname="com.NexusPortalAutomation.TestCases.Java.TC0014_VerifySecondaryContact"/>
  <testcase name="TestCreditStatus" time="48.876" classname="com.NexusPortalAutomation.TestCases.Java.TC0012_VerifyCreditStatus">
    <failure type="org.openqa.selenium.NoSuchElementException" message="no such element: Unable to locate element: {&amp;quot;method&amp;quot;:&amp;quot;id&amp;quot;,&amp;quot;selector&amp;quot;:&amp;quot;CUST_Credit_Rating&amp;quot;}
  (Session info: chrome=75.0.3770.142)
  (Driver info: chromedriver=74.0.3729.6 (255758eccf3d244491b8a1317aa76e1ce10d57e9-refs/branch-heads/3729@{#29}),platform=Windows NT 6.3.9600 x86_64) (WARNING: The server did not provide any stacktrace information)
Command duration or timeout: 0 milliseconds
For documentation on this error, please visit: http://seleniumhq.org/exceptions/no_such_element.html
Build info: version: &amp;apos;3.14.0&amp;apos;, revision: &amp;apos;aacccce0&amp;apos;, time: &amp;apos;2018-08-02T20:19:58.91Z&amp;apos;
System info: host: &amp;apos;RND-BASE-A&amp;apos;, ip: &amp;apos;192.168.1.106&amp;apos;, os.name: &amp;apos;Windows Server 2012 R2&amp;apos;, os.arch: &amp;apos;amd64&amp;apos;, os.version: &amp;apos;6.3&amp;apos;, java.version: &amp;apos;1.8.0_201&amp;apos;
Driver info: org.openqa.selenium.chrome.ChromeDriver
Capabilities {acceptInsecureCerts: false, acceptSslCerts: false, applicationCacheEnabled: false, browserConnectionEnabled: false, browserName: chrome, chrome: {chromedriverVersion: 74.0.3729.6 (255758eccf3d24..., userDataDir: C:\Users\ADMINI~1\AppData\L...}, cssSelectorsEnabled: true, databaseEnabled: false, goog:chromeOptions: {debuggerAddress: localhost:64952}, handlesAlerts: true, hasTouchScreen: false, javascriptEnabled: true, locationContextEnabled: true, mobileEmulationEnabled: false, nativeEvents: true, networkConnectionEnabled: false, pageLoadStrategy: normal, platform: XP, platformName: XP, proxy: Proxy(), rotatable: false, setWindowRect: true, strictFileInteractability: false, takesHeapSnapshot: true, takesScreenshot: true, timeouts: {implicit: 0, pageLoad: 300000, script: 30000}, unexpectedAlertBehaviour: ignore, unhandledPromptBehavior: ignore, version: 75.0.3770.142, webStorageEnabled: true}
Session ID: 4e8edce26cd31bbdb85b52a33b06d98f
*** Element info: {Using=id, value=CUST_Credit_Rating}">
      <![CDATA[org.openqa.selenium.NoSuchElementException: no such element: Unable to locate element: {"method":"id","selector":"CUST_Credit_Rating"}
  (Session info: chrome=75.0.3770.142)
  (Driver info: chromedriver=74.0.3729.6 (255758eccf3d244491b8a1317aa76e1ce10d57e9-refs/branch-heads/3729@{#29}),platform=Windows NT 6.3.9600 x86_64) (WARNING: The server did not provide any stacktrace information)
Command duration or timeout: 0 milliseconds
For documentation on this error, please visit: http://seleniumhq.org/exceptions/no_such_element.html
Build info: version: '3.14.0', revision: 'aacccce0', time: '2018-08-02T20:19:58.91Z'
System info: host: 'RND-BASE-A', ip: '192.168.1.106', os.name: 'Windows Server 2012 R2', os.arch: 'amd64', os.version: '6.3', java.version: '1.8.0_201'
Driver info: org.openqa.selenium.chrome.ChromeDriver
Capabilities {acceptInsecureCerts: false, acceptSslCerts: false, applicationCacheEnabled: false, browserConnectionEnabled: false, browserName: chrome, chrome: {chromedriverVersion: 74.0.3729.6 (255758eccf3d24..., userDataDir: C:\Users\ADMINI~1\AppData\L...}, cssSelectorsEnabled: true, databaseEnabled: false, goog:chromeOptions: {debuggerAddress: localhost:64952}, handlesAlerts: true, hasTouchScreen: false, javascriptEnabled: true, locationContextEnabled: true, mobileEmulationEnabled: false, nativeEvents: true, networkConnectionEnabled: false, pageLoadStrategy: normal, platform: XP, platformName: XP, proxy: Proxy(), rotatable: false, setWindowRect: true, strictFileInteractability: false, takesHeapSnapshot: true, takesScreenshot: true, timeouts: {implicit: 0, pageLoad: 300000, script: 30000}, unexpectedAlertBehaviour: ignore, unhandledPromptBehavior: ignore, version: 75.0.3770.142, webStorageEnabled: true}
Session ID: 4e8edce26cd31bbdb85b52a33b06d98f
*** Element info: {Using=id, value=CUST_Credit_Rating}
at org.openqa.selenium.remote.ErrorHandler.createThrowable(ErrorHandler.java:214)
at org.openqa.selenium.remote.ErrorHandler.throwIfResponseFailed(ErrorHandler.java:166)
at org.openqa.selenium.remote.http.JsonHttpResponseCodec.reconstructValue(JsonHttpResponseCodec.java:40)
at org.openqa.selenium.remote.http.AbstractHttpResponseCodec.decode(AbstractHttpResponseCodec.java:80)
at org.openqa.selenium.remote.http.AbstractHttpResponseCodec.decode(AbstractHttpResponseCodec.java:44)
at org.openqa.selenium.remote.HttpCommandExecutor.execute(HttpCommandExecutor.java:158)
at org.openqa.selenium.remote.service.DriverCommandExecutor.execute(DriverCommandExecutor.java:83)
at org.openqa.selenium.remote.RemoteWebDriver.execute(RemoteWebDriver.java:548)
at org.openqa.selenium.remote.RemoteWebDriver.findElement(RemoteWebDriver.java:322)
at org.openqa.selenium.remote.RemoteWebDriver.findElementById(RemoteWebDriver.java:368)
at org.openqa.selenium.By$ById.findElement(By.java:188)
at org.openqa.selenium.remote.RemoteWebDriver.findElement(RemoteWebDriver.java:314)
at org.openqa.selenium.support.pagefactory.DefaultElementLocator.findElement(DefaultElementLocator.java:69)
at org.openqa.selenium.support.pagefactory.internal.LocatingElementHandler.invoke(LocatingElementHandler.java:38)
at com.sun.proxy.$Proxy7.getText(Unknown Source)
at com.NexusPortalAutomation.PageObjects.Java.DashBoard.VerifyCredit(DashBoard.java:1139)
at com.NexusPortalAutomation.TestCases.Java.TC0012_VerifyCreditStatus.TestCreditStatus(TC0012_VerifyCreditStatus.java:47)
... Removed 33 stack frames]]>
    </failure>
  </testcase> <!-- TestCreditStatus -->
  <testcase name="TestSearchID" time="22.939" classname="com.NexusPortalAutomation.TestCases.Java.TC0001_VerifySignInbyID"/>
  <testcase name="VerifyActionServiceOrder" time="31.783" classname="com.NexusPortalAutomation.TestCases.Java.TC0022_VerifyAction_ServiceOrder"/>
  <testcase name="VerifyActionServiceOrder" time="47.003" classname="com.NexusPortalAutomation.TestCases.Java.TC0025_VerifyAction_Transfers_NotScheduled"/>
  <testcase name="VerifyActionServiceOrder" time="48.436" classname="com.NexusPortalAutomation.TestCases.Java.TC0029_VerifyAction_Transfers_Scheduled"/>
  <testcase name="VerifyRecentWidget" time="24.322" classname="com.NexusPortalAutomation.TestCases.Java.TC0023_VerifyRecentWidget"/>
  <testcase name="VerifyTransferActionServiceOrder" time="35.227" classname="com.NexusPortalAutomation.TestCases.Java.TC0026_VerifyAction_Transfers_StartService_NotScheduled"/>
  <testcase name="VerifyTransferActionServiceOrder" time="38.816" classname="com.NexusPortalAutomation.TestCases.Java.TC0030_VerifyAction_Transfers_StartService_Scheduled"/>
  <testcase name="VerifyTransferActionServiceOrder" time="36.581" classname="com.NexusPortalAutomation.TestCases.Java.TC0027_VerifyAction_Transfers_StopService_NotScheduled"/>
  <testcase name="VerifyTransferActionServiceOrder" time="38.931" classname="com.NexusPortalAutomation.TestCases.Java.TC0031_VerifyAction_Transfers_StopService_Scheduled"/>
  <testcase name="VerifyTransferActionServiceOrder" time="78.722" classname="com.NexusPortalAutomation.TestCases.Java.TC0032_VerifyAction_Transfers_Stack_StopService_Scheduled"/>
  <testcase name="VerifyTransferActionServiceOrder" time="69.404" classname="com.NexusPortalAutomation.TestCases.Java.TC0033_VerifyAction_Transfers_Stack_StartService_Scheduled"/>
  <testcase name="VerifyTransferActionServiceOrder" time="89.17" classname="com.NexusPortalAutomation.TestCases.Java.TC0034_VerifyAction_Transfers_Stack_TwoLocations"/>
  <testcase name="VerifyTransferActionServiceOrder" time="77.046" classname="com.NexusPortalAutomation.TestCases.Java.TC0035_VerifyAction_Transfers_StopService"/>
  <testcase name="VerifyTransferActionServiceOrder" time="103.45" classname="com.NexusPortalAutomation.TestCases.Java.TC0036_VerifyAction_Transfers_StartService"/>
  <testcase name="VerifyTransferActionServiceOrder" time="91.877" classname="com.NexusPortalAutomation.TestCases.Java.TC0037_VerifyAction_Transfers_Stack_TwoLocations_NotScheduled"/>
  <testcase name="TestSearchAutobyRecent" time="65.419" classname="com.NexusPortalAutomation.TestCases.Java.TC0004_TestSearchbyRecentFunction"/>
  <testcase name="TestSearchAutobyBookMark" time="30.152" classname="com.NexusPortalAutomation.TestCases.Java.TC0005_TestBookMarks"/>
  <testcase name="TestSummarySectionOnChange" time="36.749" classname="com.NexusPortalAutomation.TestCases.Java.TC0007_TestSummarySection"/>
  <testcase name="TestSearchAutobyFirstName" time="47.194" classname="com.NexusPortalAutomation.TestCases.Java.TC0024_TestCustDetailSearch"/>
  <testcase name="TestSearchAutobyFirstName" time="26.284" classname="com.NexusPortalAutomation.TestCases.Java.TC0028_TestEnhancedNotes"/>
  <testcase name="TestSearchAlertOnLoad" time="27.571" classname="com.NexusPortalAutomation.TestCases.Java.TC0006_TestAlertOnLoad"/>
  <testcase name="TestSearchAutobyFirstName" time="27.956" classname="com.NexusPortalAutomation.TestCases.Java.TC0002_TestSearchAutobyFirstName"/>
  <testcase name="TestSearchAutobyLastName" time="25.42" classname="com.NexusPortalAutomation.TestCases.Java.TC0003_TestSearchAutobyLastName"/>
</testsuite> <!-- NexusTest -->
