<?xml version="1.0" encoding="UTF-8"?>
<!-- Generated by org.testng.reporters.JUnitXMLReporter -->
<testsuite hostname="RND-BASE-A" ignored="0" name="NexusTest" tests="21" failures="0" timestamp="17 Jun 2019 18:00:19 GMT" time="0.172" errors="0">
  <testcase name="@BeforeClass readProp" time="0.094" classname="com.NexusPortalAutomation.TestCases.Java.BaseClass">
    <failure type="java.lang.IllegalArgumentException" message="Invalid key code">
      <![CDATA[java.lang.IllegalArgumentException: Invalid key code
at sun.awt.windows.WRobotPeer.keyPress(Native Method)
at java.awt.Robot.keyPress(Robot.java:354)
at com.NexusPortalAutomation.TestCases.Java.BaseClass.readProp(BaseClass.java:80)
... Removed 30 stack frames]]>
    </failure>
  </testcase> <!-- @BeforeClass readProp -->
  <testcase name="@AfterClass TearDown" time="0.0" classname="com.NexusPortalAutomation.TestCases.Java.BaseClass">
    <skipped/>
  </testcase> <!-- @AfterClass TearDown -->
  <testcase name="@BeforeClass readProp" time="0.0" classname="com.NexusPortalAutomation.TestCases.Java.BaseClass">
    <failure type="java.lang.IllegalArgumentException" message="Invalid key code">
      <![CDATA[java.lang.IllegalArgumentException: Invalid key code
at sun.awt.windows.WRobotPeer.keyPress(Native Method)
at java.awt.Robot.keyPress(Robot.java:354)
at com.NexusPortalAutomation.TestCases.Java.BaseClass.readProp(BaseClass.java:80)
... Removed 30 stack frames]]>
    </failure>
  </testcase> <!-- @BeforeClass readProp -->
  <testcase name="@AfterClass TearDown" time="0.0" classname="com.NexusPortalAutomation.TestCases.Java.BaseClass">
    <skipped/>
  </testcase> <!-- @AfterClass TearDown -->
  <testcase name="@BeforeClass readProp" time="0.0" classname="com.NexusPortalAutomation.TestCases.Java.BaseClass">
    <failure type="java.lang.IllegalArgumentException" message="Invalid key code">
      <![CDATA[java.lang.IllegalArgumentException: Invalid key code
at sun.awt.windows.WRobotPeer.keyPress(Native Method)
at java.awt.Robot.keyPress(Robot.java:354)
at com.NexusPortalAutomation.TestCases.Java.BaseClass.readProp(BaseClass.java:80)
... Removed 30 stack frames]]>
    </failure>
  </testcase> <!-- @BeforeClass readProp -->
  <testcase name="@AfterClass TearDown" time="0.0" classname="com.NexusPortalAutomation.TestCases.Java.BaseClass">
    <skipped/>
  </testcase> <!-- @AfterClass TearDown -->
  <testcase name="@BeforeClass readProp" time="0.0" classname="com.NexusPortalAutomation.TestCases.Java.BaseClass">
    <failure type="java.lang.IllegalArgumentException" message="Invalid key code">
      <![CDATA[java.lang.IllegalArgumentException: Invalid key code
at sun.awt.windows.WRobotPeer.keyPress(Native Method)
at java.awt.Robot.keyPress(Robot.java:354)
at com.NexusPortalAutomation.TestCases.Java.BaseClass.readProp(BaseClass.java:80)
... Removed 30 stack frames]]>
    </failure>
  </testcase> <!-- @BeforeClass readProp -->
  <testcase name="@AfterClass TearDown" time="0.0" classname="com.NexusPortalAutomation.TestCases.Java.BaseClass">
    <skipped/>
  </testcase> <!-- @AfterClass TearDown -->
  <testcase name="@BeforeClass readProp" time="0.0" classname="com.NexusPortalAutomation.TestCases.Java.BaseClass">
    <failure type="java.lang.IllegalArgumentException" message="Invalid key code">
      <![CDATA[java.lang.IllegalArgumentException: Invalid key code
at sun.awt.windows.WRobotPeer.keyPress(Native Method)
at java.awt.Robot.keyPress(Robot.java:354)
at com.NexusPortalAutomation.TestCases.Java.BaseClass.readProp(BaseClass.java:80)
... Removed 30 stack frames]]>
    </failure>
  </testcase> <!-- @BeforeClass readProp -->
  <testcase name="@AfterClass TearDown" time="0.0" classname="com.NexusPortalAutomation.TestCases.Java.BaseClass">
    <skipped/>
  </testcase> <!-- @AfterClass TearDown -->
  <testcase name="@BeforeClass readProp" time="0.0" classname="com.NexusPortalAutomation.TestCases.Java.BaseClass">
    <failure type="java.lang.IllegalArgumentException" message="Invalid key code">
      <![CDATA[java.lang.IllegalArgumentException: Invalid key code
at sun.awt.windows.WRobotPeer.keyPress(Native Method)
at java.awt.Robot.keyPress(Robot.java:354)
at com.NexusPortalAutomation.TestCases.Java.BaseClass.readProp(BaseClass.java:80)
... Removed 30 stack frames]]>
    </failure>
  </testcase> <!-- @BeforeClass readProp -->
  <testcase name="@AfterClass TearDown" time="0.0" classname="com.NexusPortalAutomation.TestCases.Java.BaseClass">
    <skipped/>
  </testcase> <!-- @AfterClass TearDown -->
  <testcase name="@BeforeClass readProp" time="0.0" classname="com.NexusPortalAutomation.TestCases.Java.BaseClass">
    <failure type="java.lang.IllegalArgumentException" message="Invalid key code">
      <![CDATA[java.lang.IllegalArgumentException: Invalid key code
at sun.awt.windows.WRobotPeer.keyPress(Native Method)
at java.awt.Robot.keyPress(Robot.java:354)
at com.NexusPortalAutomation.TestCases.Java.BaseClass.readProp(BaseClass.java:80)
... Removed 30 stack frames]]>
    </failure>
  </testcase> <!-- @BeforeClass readProp -->
  <testcase name="@AfterClass TearDown" time="0.0" classname="com.NexusPortalAutomation.TestCases.Java.BaseClass">
    <skipped/>
  </testcase> <!-- @AfterClass TearDown -->
  <testcase name="@BeforeClass readProp" time="0.0" classname="com.NexusPortalAutomation.TestCases.Java.BaseClass">
    <failure type="java.lang.IllegalArgumentException" message="Invalid key code">
      <![CDATA[java.lang.IllegalArgumentException: Invalid key code
at sun.awt.windows.WRobotPeer.keyPress(Native Method)
at java.awt.Robot.keyPress(Robot.java:354)
at com.NexusPortalAutomation.TestCases.Java.BaseClass.readProp(BaseClass.java:80)
... Removed 30 stack frames]]>
    </failure>
  </testcase> <!-- @BeforeClass readProp -->
  <testcase name="@AfterClass TearDown" time="0.0" classname="com.NexusPortalAutomation.TestCases.Java.BaseClass">
    <skipped/>
  </testcase> <!-- @AfterClass TearDown -->
  <testcase name="@BeforeClass readProp" time="0.0" classname="com.NexusPortalAutomation.TestCases.Java.BaseClass">
    <failure type="java.lang.IllegalArgumentException" message="Invalid key code">
      <![CDATA[java.lang.IllegalArgumentException: Invalid key code
at sun.awt.windows.WRobotPeer.keyPress(Native Method)
at java.awt.Robot.keyPress(Robot.java:354)
at com.NexusPortalAutomation.TestCases.Java.BaseClass.readProp(BaseClass.java:80)
... Removed 30 stack frames]]>
    </failure>
  </testcase> <!-- @BeforeClass readProp -->
  <testcase name="@AfterClass TearDown" time="0.0" classname="com.NexusPortalAutomation.TestCases.Java.BaseClass">
    <skipped/>
  </testcase> <!-- @AfterClass TearDown -->
  <testcase name="@BeforeClass readProp" time="0.0" classname="com.NexusPortalAutomation.TestCases.Java.BaseClass">
    <failure type="java.lang.IllegalArgumentException" message="Invalid key code">
      <![CDATA[java.lang.IllegalArgumentException: Invalid key code
at sun.awt.windows.WRobotPeer.keyPress(Native Method)
at java.awt.Robot.keyPress(Robot.java:354)
at com.NexusPortalAutomation.TestCases.Java.BaseClass.readProp(BaseClass.java:80)
... Removed 30 stack frames]]>
    </failure>
  </testcase> <!-- @BeforeClass readProp -->
  <testcase name="@AfterClass TearDown" time="0.0" classname="com.NexusPortalAutomation.TestCases.Java.BaseClass">
    <skipped/>
  </testcase> <!-- @AfterClass TearDown -->
  <testcase name="@BeforeClass readProp" time="0.0" classname="com.NexusPortalAutomation.TestCases.Java.BaseClass">
    <failure type="java.lang.IllegalArgumentException" message="Invalid key code">
      <![CDATA[java.lang.IllegalArgumentException: Invalid key code
at sun.awt.windows.WRobotPeer.keyPress(Native Method)
at java.awt.Robot.keyPress(Robot.java:354)
at com.NexusPortalAutomation.TestCases.Java.BaseClass.readProp(BaseClass.java:80)
... Removed 30 stack frames]]>
    </failure>
  </testcase> <!-- @BeforeClass readProp -->
  <testcase name="@AfterClass TearDown" time="0.0" classname="com.NexusPortalAutomation.TestCases.Java.BaseClass">
    <skipped/>
  </testcase> <!-- @AfterClass TearDown -->
  <testcase name="@BeforeClass readProp" time="0.0" classname="com.NexusPortalAutomation.TestCases.Java.BaseClass">
    <failure type="java.lang.IllegalArgumentException" message="Invalid key code">
      <![CDATA[java.lang.IllegalArgumentException: Invalid key code
at sun.awt.windows.WRobotPeer.keyPress(Native Method)
at java.awt.Robot.keyPress(Robot.java:354)
at com.NexusPortalAutomation.TestCases.Java.BaseClass.readProp(BaseClass.java:80)
... Removed 30 stack frames]]>
    </failure>
  </testcase> <!-- @BeforeClass readProp -->
  <testcase name="@AfterClass TearDown" time="0.0" classname="com.NexusPortalAutomation.TestCases.Java.BaseClass">
    <skipped/>
  </testcase> <!-- @AfterClass TearDown -->
  <testcase name="@BeforeClass readProp" time="0.0" classname="com.NexusPortalAutomation.TestCases.Java.BaseClass">
    <failure type="java.lang.IllegalArgumentException" message="Invalid key code">
      <![CDATA[java.lang.IllegalArgumentException: Invalid key code
at sun.awt.windows.WRobotPeer.keyPress(Native Method)
at java.awt.Robot.keyPress(Robot.java:354)
at com.NexusPortalAutomation.TestCases.Java.BaseClass.readProp(BaseClass.java:80)
... Removed 30 stack frames]]>
    </failure>
  </testcase> <!-- @BeforeClass readProp -->
  <testcase name="@AfterClass TearDown" time="0.0" classname="com.NexusPortalAutomation.TestCases.Java.BaseClass">
    <skipped/>
  </testcase> <!-- @AfterClass TearDown -->
  <testcase name="@BeforeClass readProp" time="0.0" classname="com.NexusPortalAutomation.TestCases.Java.BaseClass">
    <failure type="java.lang.IllegalArgumentException" message="Invalid key code">
      <![CDATA[java.lang.IllegalArgumentException: Invalid key code
at sun.awt.windows.WRobotPeer.keyPress(Native Method)
at java.awt.Robot.keyPress(Robot.java:354)
at com.NexusPortalAutomation.TestCases.Java.BaseClass.readProp(BaseClass.java:80)
... Removed 30 stack frames]]>
    </failure>
  </testcase> <!-- @BeforeClass readProp -->
  <testcase name="@AfterClass TearDown" time="0.0" classname="com.NexusPortalAutomation.TestCases.Java.BaseClass">
    <skipped/>
  </testcase> <!-- @AfterClass TearDown -->
  <testcase name="@BeforeClass readProp" time="0.0" classname="com.NexusPortalAutomation.TestCases.Java.BaseClass">
    <failure type="java.lang.IllegalArgumentException" message="Invalid key code">
      <![CDATA[java.lang.IllegalArgumentException: Invalid key code
at sun.awt.windows.WRobotPeer.keyPress(Native Method)
at java.awt.Robot.keyPress(Robot.java:354)
at com.NexusPortalAutomation.TestCases.Java.BaseClass.readProp(BaseClass.java:80)
... Removed 30 stack frames]]>
    </failure>
  </testcase> <!-- @BeforeClass readProp -->
  <testcase name="@AfterClass TearDown" time="0.0" classname="com.NexusPortalAutomation.TestCases.Java.BaseClass">
    <skipped/>
  </testcase> <!-- @AfterClass TearDown -->
  <testcase name="@BeforeClass readProp" time="0.0" classname="com.NexusPortalAutomation.TestCases.Java.BaseClass">
    <failure type="java.lang.IllegalArgumentException" message="Invalid key code">
      <![CDATA[java.lang.IllegalArgumentException: Invalid key code
at sun.awt.windows.WRobotPeer.keyPress(Native Method)
at java.awt.Robot.keyPress(Robot.java:354)
at com.NexusPortalAutomation.TestCases.Java.BaseClass.readProp(BaseClass.java:80)
... Removed 30 stack frames]]>
    </failure>
  </testcase> <!-- @BeforeClass readProp -->
  <testcase name="@AfterClass TearDown" time="0.0" classname="com.NexusPortalAutomation.TestCases.Java.BaseClass">
    <skipped/>
  </testcase> <!-- @AfterClass TearDown -->
  <testcase name="@BeforeClass readProp" time="0.0" classname="com.NexusPortalAutomation.TestCases.Java.BaseClass">
    <failure type="java.lang.IllegalArgumentException" message="Invalid key code">
      <![CDATA[java.lang.IllegalArgumentException: Invalid key code
at sun.awt.windows.WRobotPeer.keyPress(Native Method)
at java.awt.Robot.keyPress(Robot.java:354)
at com.NexusPortalAutomation.TestCases.Java.BaseClass.readProp(BaseClass.java:80)
... Removed 29 stack frames]]>
    </failure>
  </testcase> <!-- @BeforeClass readProp -->
  <testcase name="@AfterClass TearDown" time="0.0" classname="com.NexusPortalAutomation.TestCases.Java.BaseClass">
    <skipped/>
  </testcase> <!-- @AfterClass TearDown -->
  <testcase name="@BeforeClass readProp" time="0.0" classname="com.NexusPortalAutomation.TestCases.Java.BaseClass">
    <failure type="java.lang.IllegalArgumentException" message="Invalid key code">
      <![CDATA[java.lang.IllegalArgumentException: Invalid key code
at sun.awt.windows.WRobotPeer.keyPress(Native Method)
at java.awt.Robot.keyPress(Robot.java:354)
at com.NexusPortalAutomation.TestCases.Java.BaseClass.readProp(BaseClass.java:80)
... Removed 29 stack frames]]>
    </failure>
  </testcase> <!-- @BeforeClass readProp -->
  <testcase name="@AfterClass TearDown" time="0.0" classname="com.NexusPortalAutomation.TestCases.Java.BaseClass">
    <skipped/>
  </testcase> <!-- @AfterClass TearDown -->
  <testcase name="@BeforeClass readProp" time="0.0" classname="com.NexusPortalAutomation.TestCases.Java.BaseClass">
    <failure type="java.lang.IllegalArgumentException" message="Invalid key code">
      <![CDATA[java.lang.IllegalArgumentException: Invalid key code
at sun.awt.windows.WRobotPeer.keyPress(Native Method)
at java.awt.Robot.keyPress(Robot.java:354)
at com.NexusPortalAutomation.TestCases.Java.BaseClass.readProp(BaseClass.java:80)
... Removed 29 stack frames]]>
    </failure>
  </testcase> <!-- @BeforeClass readProp -->
  <testcase name="@AfterClass TearDown" time="0.0" classname="com.NexusPortalAutomation.TestCases.Java.BaseClass">
    <skipped/>
  </testcase> <!-- @AfterClass TearDown -->
  <testcase name="@BeforeClass readProp" time="0.0" classname="com.NexusPortalAutomation.TestCases.Java.BaseClass">
    <failure type="java.lang.IllegalArgumentException" message="Invalid key code">
      <![CDATA[java.lang.IllegalArgumentException: Invalid key code
at sun.awt.windows.WRobotPeer.keyPress(Native Method)
at java.awt.Robot.keyPress(Robot.java:354)
at com.NexusPortalAutomation.TestCases.Java.BaseClass.readProp(BaseClass.java:80)
... Removed 29 stack frames]]>
    </failure>
  </testcase> <!-- @BeforeClass readProp -->
  <testcase name="@AfterClass TearDown" time="0.0" classname="com.NexusPortalAutomation.TestCases.Java.BaseClass">
    <skipped/>
  </testcase> <!-- @AfterClass TearDown -->
  <testcase name="@BeforeClass readProp" time="0.0" classname="com.NexusPortalAutomation.TestCases.Java.BaseClass">
    <failure type="java.lang.IllegalArgumentException" message="Invalid key code">
      <![CDATA[java.lang.IllegalArgumentException: Invalid key code
at sun.awt.windows.WRobotPeer.keyPress(Native Method)
at java.awt.Robot.keyPress(Robot.java:354)
at com.NexusPortalAutomation.TestCases.Java.BaseClass.readProp(BaseClass.java:80)
... Removed 29 stack frames]]>
    </failure>
  </testcase> <!-- @BeforeClass readProp -->
  <testcase name="@AfterClass TearDown" time="0.0" classname="com.NexusPortalAutomation.TestCases.Java.BaseClass">
    <skipped/>
  </testcase> <!-- @AfterClass TearDown -->
  <testcase name="TestBookMark" time="0.0" classname="com.NexusPortalAutomation.TestCases.Java.TC0011_VerifyBookMark">
    <skipped/>
  </testcase> <!-- TestBookMark -->
  <testcase name="VerifyDrillBackTransactions" time="0.0" classname="com.NexusPortalAutomation.TestCases.Java.TC0019_VerifyDrillBackTransactions">
    <skipped/>
  </testcase> <!-- VerifyDrillBackTransactions -->
  <testcase name="TestDrillBackServices" time="0.0" classname="com.NexusPortalAutomation.TestCases.Java.TC0020_VerifyDrillBackServices">
    <skipped/>
  </testcase> <!-- TestDrillBackServices -->
  <testcase name="TestServiceOrderDetails" time="0.0" classname="com.NexusPortalAutomation.TestCases.Java.TC0021_VerifyServicesOrderDetails">
    <skipped/>
  </testcase> <!-- TestServiceOrderDetails -->
  <testcase name="TestCustomerDetails" time="0.0" classname="com.NexusPortalAutomation.TestCases.Java.TC0010_VerifyCustomerDetails">
    <skipped/>
  </testcase> <!-- TestCustomerDetails -->
  <testcase name="VerifyDrillBacksGeneral" time="0.0" classname="com.NexusPortalAutomation.TestCases.Java.TC0018_VerifyDrillBacksGeneral">
    <skipped/>
  </testcase> <!-- VerifyDrillBacksGeneral -->
  <testcase name="TestSearchAccount" time="0.0" classname="com.NexusPortalAutomation.TestCases.Java.TC0009_VerifyAccountSearch">
    <skipped/>
  </testcase> <!-- TestSearchAccount -->
  <testcase name="TestBillingStatements" time="0.0" classname="com.NexusPortalAutomation.TestCases.Java.TC0017_StatementsValue">
    <skipped/>
  </testcase> <!-- TestBillingStatements -->
  <testcase name="TestSearchbyLocationID" time="0.0" classname="com.NexusPortalAutomation.TestCases.Java.TC0008_VerifySignInbyLocationID">
    <skipped/>
  </testcase> <!-- TestSearchbyLocationID -->
  <testcase name="TestContactLogs" time="0.0" classname="com.NexusPortalAutomation.TestCases.Java.TC0015_VerifyContactLogs">
    <skipped/>
  </testcase> <!-- TestContactLogs -->
  <testcase name="VerifyBillingDetails" time="0.0" classname="com.NexusPortalAutomation.TestCases.Java.TC0016_VerifyBillingDetails">
    <skipped/>
  </testcase> <!-- VerifyBillingDetails -->
  <testcase name="TestContactEdit" time="0.0" classname="com.NexusPortalAutomation.TestCases.Java.TC0013_VerifyContactEdit">
    <skipped/>
  </testcase> <!-- TestContactEdit -->
  <testcase name="TestSecondayContact" time="0.0" classname="com.NexusPortalAutomation.TestCases.Java.TC0014_VerifySecondaryContact">
    <skipped/>
  </testcase> <!-- TestSecondayContact -->
  <testcase name="TestCreditStatus" time="0.0" classname="com.NexusPortalAutomation.TestCases.Java.TC0012_VerifyCreditStatus">
    <skipped/>
  </testcase> <!-- TestCreditStatus -->
  <testcase name="TestSearchID" time="0.0" classname="com.NexusPortalAutomation.TestCases.Java.TC0001_VerifySignInbyID">
    <skipped/>
  </testcase> <!-- TestSearchID -->
  <testcase name="TestSearchAutobyRecent" time="0.0" classname="com.NexusPortalAutomation.TestCases.Java.TC0004_TestSearchbyRecentFunction">
    <skipped/>
  </testcase> <!-- TestSearchAutobyRecent -->
  <testcase name="TestSearchAutobyBookMark" time="0.0" classname="com.NexusPortalAutomation.TestCases.Java.TC0005_TestSearchbyBookMarks">
    <skipped/>
  </testcase> <!-- TestSearchAutobyBookMark -->
  <testcase name="TestSearchAlertOnLoad" time="0.0" classname="com.NexusPortalAutomation.TestCases.Java.TC0006_TestAlertOnLoad">
    <skipped/>
  </testcase> <!-- TestSearchAlertOnLoad -->
  <testcase name="TestSummarySectionOnChange" time="0.0" classname="com.NexusPortalAutomation.TestCases.Java.TC0007_TestSummarySection">
    <skipped/>
  </testcase> <!-- TestSummarySectionOnChange -->
  <testcase name="TestSearchAutobyFirstName" time="0.0" classname="com.NexusPortalAutomation.TestCases.Java.TC0002_TestSearchAutobyFirstName">
    <skipped/>
  </testcase> <!-- TestSearchAutobyFirstName -->
  <testcase name="TestSearchAutobyLastName" time="0.0" classname="com.NexusPortalAutomation.TestCases.Java.TC0003_TestSearchAutobyLastName">
    <skipped/>
  </testcase> <!-- TestSearchAutobyLastName -->
</testsuite> <!-- NexusTest -->
