<?xml version="1.0" encoding="UTF-8"?>
<!-- Generated by org.testng.reporters.JUnitXMLReporter -->
<testsuite hostname="RND-BASE-A" ignored="0" name="NexusTest" tests="20" failures="2" timestamp="14 Jun 2019 14:33:55 GMT" time="720.5" errors="0">
  <testcase name="TestBookMark" time="63.894" classname="com.NexusPortalAutomation.TestCases.Java.TC0011_VerifyBookMark"/>
  <testcase name="TestSecondayContact" time="33.008" classname="com.NexusPortalAutomation.TestCases.Java.TC0019_VerifyDrillBackTransactions"/>
  <testcase name="TestSecondayContact" time="31.883" classname="com.NexusPortalAutomation.TestCases.Java.TC0020_VerifyDrillBackServices"/>
  <testcase name="TestCustomerDetails" time="32.789" classname="com.NexusPortalAutomation.TestCases.Java.TC0010_VerifyCustomerDetails"/>
  <testcase name="TestSecondayContact" time="18.515" classname="com.NexusPortalAutomation.TestCases.Java.TC0018_VerifyDrillBacksGeneral">
    <failure type="java.lang.AssertionError" message="expected [cogsdrillback://DGPB/?Db=SQL_2017&amp;amp;Srv=RND-BASE-A&amp;amp;Cmp=TWO&amp;amp;Bug reported] but found [null]">
      <![CDATA[java.lang.AssertionError: expected [cogsdrillback://DGPB/?Db=SQL_2017&Srv=RND-BASE-A&Cmp=TWO&Bug reported] but found [null]
at com.NexusPortalAutomation.Utilities.Java.CommonMethods.VerifyString(CommonMethods.java:61)
at com.NexusPortalAutomation.TestCases.Java.TC0018_VerifyDrillBacksGeneral.TestSecondayContact(TC0018_VerifyDrillBacksGeneral.java:88)
... Removed 35 stack frames]]>
    </failure>
  </testcase> <!-- TestSecondayContact -->
  <testcase name="TestSearchAccount" time="28.696" classname="com.NexusPortalAutomation.TestCases.Java.TC0009_VerifyAccountSearch"/>
  <testcase name="TestBillingStatements" time="28.901" classname="com.NexusPortalAutomation.TestCases.Java.TC0017_StatementsValue"/>
  <testcase name="TestSearchbyLocationID" time="27.495" classname="com.NexusPortalAutomation.TestCases.Java.TC0008_VerifySignInbyLocationID"/>
  <testcase name="TestNotesSection" time="28.081" classname="com.NexusPortalAutomation.TestCases.Java.TC0015_VerifyContactLogs"/>
  <testcase name="TestSecondayContact" time="36.484" classname="com.NexusPortalAutomation.TestCases.Java.TC0016_VerifyBillingDetails"/>
  <testcase name="TestContactEdit" time="29.793" classname="com.NexusPortalAutomation.TestCases.Java.TC0013_VerifyContactEdit"/>
  <testcase name="TestSecondayContact" time="28.416" classname="com.NexusPortalAutomation.TestCases.Java.TC0014_VerifySecondaryContact"/>
  <testcase name="TestCreditStatus" time="25.055" classname="com.NexusPortalAutomation.TestCases.Java.TC0012_VerifyCreditStatus"/>
  <testcase name="TestSearchID" time="25.68" classname="com.NexusPortalAutomation.TestCases.Java.TC0001_VerifySignInbyID"/>
  <testcase name="TestSearchAutobyRecent" time="47.874" classname="com.NexusPortalAutomation.TestCases.Java.TC0004_TestSearchbyRecentFunction">
    <failure type="java.lang.AssertionError" message="Object Not Found expected [true] but found [false]">
      <![CDATA[java.lang.AssertionError: Object Not Found expected [true] but found [false]
at com.NexusPortalAutomation.Utilities.Java.CommonMethods.waitForObject(CommonMethods.java:148)
at com.NexusPortalAutomation.PageObjects.Java.DashBoard.ClickElement(DashBoard.java:296)
at com.NexusPortalAutomation.PageObjects.Java.DashBoard.ClickDynamicOk(DashBoard.java:974)
at com.NexusPortalAutomation.TestCases.Java.TC0004_TestSearchbyRecentFunction.TestSearchAutobyRecent(TC0004_TestSearchbyRecentFunction.java:35)
... Removed 32 stack frames]]>
    </failure>
  </testcase> <!-- TestSearchAutobyRecent -->
  <testcase name="TestSearchAutobyBookMark" time="24.268" classname="com.NexusPortalAutomation.TestCases.Java.TC0005_TestSearchbyBookMarks"/>
  <testcase name="TestSearchAlertOnLoad" time="28.58" classname="com.NexusPortalAutomation.TestCases.Java.TC0006_TestAlertOnLoad"/>
  <testcase name="TestSummarySectionOnChange" time="31.494" classname="com.NexusPortalAutomation.TestCases.Java.TC0007_TestSummarySection"/>
  <testcase name="TestSearchAutobyFirstName" time="26.485" classname="com.NexusPortalAutomation.TestCases.Java.TC0002_TestSearchAutobyFirstName"/>
  <testcase name="TestSearchAutobyLastName" time="24.33" classname="com.NexusPortalAutomation.TestCases.Java.TC0003_TestSearchAutobyLastName"/>
</testsuite> <!-- NexusTest -->
