<?xml version="1.0" encoding="UTF-8"?>
<!-- Generated by org.testng.reporters.JUnitXMLReporter -->
<testsuite hostname="RND-BASE-A" ignored="0" name="NexusTest" tests="59" failures="17" timestamp="03 Dec 2019 18:06:06 GMT" time="1956.766" errors="0">
  <testcase name="TestBookMark" time="29.996" classname="com.NexusPortalAutomation.TestCases.Java.TC0011_VerifyBookMark"/>
  <testcase name="VerifyTransactionsSaperatebill_saperate" time="23.336" classname="com.NexusPortalAutomation.TestCases.Java.TC0016_1_VerifyBillingDetails_VerifyBillSaperately"/>
  <testcase name="verifyDrillbackTransactions" time="15.096" classname="com.NexusPortalAutomation.TestCases.Java.TC0019_verifyDrillbackTransactions"/>
  <testcase name="VerifyTransactionsSaperatebill_saperate" time="21.574" classname="com.NexusPortalAutomation.TestCases.Java.TC0042_1_Transactions_OrderbyAmount"/>
  <testcase name="TestDrillBackServices" time="15.283" classname="com.NexusPortalAutomation.TestCases.Java.TC0020_verifyDrillbackServices"/>
  <testcase name="VerifyTransactionsSaperatebill_saperate" time="22.603" classname="com.NexusPortalAutomation.TestCases.Java.TC0042_1_Transactions_OrderbyDueBilled"/>
  <testcase name="TestserviceOrderDetails" time="13.283" classname="com.NexusPortalAutomation.TestCases.Java.TC0021_VerifyservicesOrderDetails"/>
  <testcase name="VerifyTransactionsSaperatebill_saperate" time="21.264" classname="com.NexusPortalAutomation.TestCases.Java.TC0042_Transactions_OrderbyDate"/>
  <testcase name="TestCustomerDetails" time="13.165" classname="com.NexusPortalAutomation.TestCases.Java.TC0010_verifyCustDetails"/>
  <testcase name="VerifyBillingDetails_SPA" time="40.922" classname="com.NexusPortalAutomation.TestCases.Java.TC0016_1_VerifyBillingDetails_SPA">
    <failure type="java.lang.AssertionError" message="Object Not Found Expected condition failed: waiting for visibility of Proxy element for: DefaultElementLocator &amp;apos;By.xpath: //span[contains(text(),&amp;apos;Payment Arrangement Due&amp;apos;)]&amp;apos; (tried for 20 second(s) with 500 milliseconds interval)">
      <![CDATA[java.lang.AssertionError: Object Not Found Expected condition failed: waiting for visibility of Proxy element for: DefaultElementLocator 'By.xpath: //span[contains(text(),'Payment Arrangement Due')]' (tried for 20 second(s) with 500 milliseconds interval)
at com.NexusPortalAutomation.Utilities.Java.CommonMethods.waitForObject(CommonMethods.java:231)
at com.NexusPortalAutomation.PageObjects.Java.DashBoard.getPaymentArrangementDue(DashBoard.java:573)
at com.NexusPortalAutomation.TestCases.Java.TC0016_1_VerifyBillingDetails_SPA.VerifyBillingDetails_SPA(TC0016_1_VerifyBillingDetails_SPA.java:40)
... Removed 30 stack frames]]>
    </failure>
  </testcase> <!-- VerifyBillingDetails_SPA -->
  <testcase name="verifyDrillbacksGeneral" time="21.313" classname="com.NexusPortalAutomation.TestCases.Java.TC0018_verifyDrillbacksGeneral"/>
  <testcase name="VerifyAction_Transfers_Stack_TwoLocations_Scheduled_NotScheduled" time="12.053" classname="com.NexusPortalAutomation.TestCases.Java.TC0041_VerifyAction_Transfers_Stack_TwoLocations_Scheduled_NotScheduled">
    <failure type="java.lang.AssertionError" message="Actual Value &amp;apos;000000000532001&amp;apos; not Matched the expected value &amp;apos;LOC@0004&amp;apos; ">
      <![CDATA[java.lang.AssertionError: Actual Value '000000000532001' not Matched the expected value 'LOC@0004' 
at com.NexusPortalAutomation.Utilities.Java.CommonMethods.verifyString(CommonMethods.java:73)
at com.NexusPortalAutomation.TestCases.Java.TC0041_VerifyAction_Transfers_Stack_TwoLocations_Scheduled_NotScheduled.VerifyAction_Transfers_Stack_TwoLocations_Scheduled_NotScheduled(TC0041_VerifyAction_Transfers_Stack_TwoLocations_Scheduled_NotScheduled.java:53)
... Removed 30 stack frames]]>
    </failure>
  </testcase> <!-- VerifyAction_Transfers_Stack_TwoLocations_Scheduled_NotScheduled -->
  <testcase name="TestCustomerDetails" time="12.492" classname="com.NexusPortalAutomation.TestCases.Java.TC0010_2_verifyCustDetails_Blank"/>
  <testcase name="VerifyBillingDetails" time="10.858" classname="com.NexusPortalAutomation.TestCases.Java.TC0016_1_VerifyBillingDetails_EBill">
    <failure type="java.lang.AssertionError" message="Actual Value &amp;apos;ON&amp;apos; not Matched the expected value &amp;apos;OFF&amp;apos; ">
      <![CDATA[java.lang.AssertionError: Actual Value 'ON' not Matched the expected value 'OFF' 
at com.NexusPortalAutomation.Utilities.Java.CommonMethods.verifyString(CommonMethods.java:73)
at com.NexusPortalAutomation.TestCases.Java.TC0016_1_VerifyBillingDetails_EBill.VerifyBillingDetails(TC0016_1_VerifyBillingDetails_EBill.java:41)
... Removed 30 stack frames]]>
    </failure>
  </testcase> <!-- VerifyBillingDetails -->
  <testcase name="TestBillingStatements" time="12.727" classname="com.NexusPortalAutomation.TestCases.Java.TC0017_StatementsValue"/>
  <testcase name="VerifyAction_Transfers_Stack_TwoLocations_Scheduled_NotScheduled" time="40.053" classname="com.NexusPortalAutomation.TestCases.Java.TC0040_VerifyAction_Transfers_Stack_TwoLocations_Scheduled_NotScheduled">
    <failure type="org.openqa.selenium.NoSuchElementException" message="no such element: Unable to locate element: {&amp;quot;method&amp;quot;:&amp;quot;css selector&amp;quot;,&amp;quot;selector&amp;quot;:&amp;quot;#XFER_Warning_Message&amp;quot;}
  (Session info: chrome=78.0.3904.87)
For documentation on this error, please visit: http://seleniumhq.org/exceptions/no_such_element.html
Build info: version: &amp;apos;3.14.0&amp;apos;, revision: &amp;apos;aacccce0&amp;apos;, time: &amp;apos;2018-08-02T20:19:58.91Z&amp;apos;
System info: host: &amp;apos;RND-BASE-A&amp;apos;, ip: &amp;apos;10.0.2.15&amp;apos;, os.name: &amp;apos;Windows Server 2012 R2&amp;apos;, os.arch: &amp;apos;amd64&amp;apos;, os.version: &amp;apos;6.3&amp;apos;, java.version: &amp;apos;1.8.0_201&amp;apos;
Driver info: org.openqa.selenium.chrome.ChromeDriver
Capabilities {acceptInsecureCerts: false, browserName: chrome, browserVersion: 78.0.3904.87, chrome: {chromedriverVersion: 78.0.3904.70 (edb9c9f3de024..., userDataDir: C:\Users\ADMINI~1\AppData\L...}, goog:chromeOptions: {debuggerAddress: localhost:56854}, javascriptEnabled: true, networkConnectionEnabled: false, pageLoadStrategy: normal, platform: XP, platformName: XP, proxy: Proxy(), setWindowRect: true, strictFileInteractability: false, timeouts: {implicit: 0, pageLoad: 300000, script: 30000}, unhandledPromptBehavior: dismiss and notify}
Session ID: bf8816384d0bb988c6378f6f6430061c
*** Element info: {Using=id, value=XFER_Warning_Message}">
      <![CDATA[org.openqa.selenium.NoSuchElementException: no such element: Unable to locate element: {"method":"css selector","selector":"#XFER_Warning_Message"}
  (Session info: chrome=78.0.3904.87)
For documentation on this error, please visit: http://seleniumhq.org/exceptions/no_such_element.html
Build info: version: '3.14.0', revision: 'aacccce0', time: '2018-08-02T20:19:58.91Z'
System info: host: 'RND-BASE-A', ip: '10.0.2.15', os.name: 'Windows Server 2012 R2', os.arch: 'amd64', os.version: '6.3', java.version: '1.8.0_201'
Driver info: org.openqa.selenium.chrome.ChromeDriver
Capabilities {acceptInsecureCerts: false, browserName: chrome, browserVersion: 78.0.3904.87, chrome: {chromedriverVersion: 78.0.3904.70 (edb9c9f3de024..., userDataDir: C:\Users\ADMINI~1\AppData\L...}, goog:chromeOptions: {debuggerAddress: localhost:56854}, javascriptEnabled: true, networkConnectionEnabled: false, pageLoadStrategy: normal, platform: XP, platformName: XP, proxy: Proxy(), setWindowRect: true, strictFileInteractability: false, timeouts: {implicit: 0, pageLoad: 300000, script: 30000}, unhandledPromptBehavior: dismiss and notify}
Session ID: bf8816384d0bb988c6378f6f6430061c
*** Element info: {Using=id, value=XFER_Warning_Message}
at org.openqa.selenium.remote.http.W3CHttpResponseCodec.createException(W3CHttpResponseCodec.java:187)
at org.openqa.selenium.remote.http.W3CHttpResponseCodec.decode(W3CHttpResponseCodec.java:122)
at org.openqa.selenium.remote.http.W3CHttpResponseCodec.decode(W3CHttpResponseCodec.java:49)
at org.openqa.selenium.remote.HttpCommandExecutor.execute(HttpCommandExecutor.java:158)
at org.openqa.selenium.remote.service.DriverCommandExecutor.execute(DriverCommandExecutor.java:83)
at org.openqa.selenium.remote.RemoteWebDriver.execute(RemoteWebDriver.java:548)
at org.openqa.selenium.remote.RemoteWebDriver.findElement(RemoteWebDriver.java:322)
at org.openqa.selenium.remote.RemoteWebDriver.findElementById(RemoteWebDriver.java:368)
at org.openqa.selenium.By$ById.findElement(By.java:188)
at org.openqa.selenium.remote.RemoteWebDriver.findElement(RemoteWebDriver.java:314)
at org.openqa.selenium.support.pagefactory.DefaultElementLocator.findElement(DefaultElementLocator.java:69)
at org.openqa.selenium.support.pagefactory.internal.LocatingElementHandler.invoke(LocatingElementHandler.java:38)
at com.sun.proxy.$Proxy7.getText(Unknown Source)
at com.NexusPortalAutomation.PageObjects.Java.DashBoard.verifyServiceWarningSingleSO(DashBoard.java:979)
at com.NexusPortalAutomation.TestCases.Java.TC0040_VerifyAction_Transfers_Stack_TwoLocations_Scheduled_NotScheduled.VerifyAction_Transfers_Stack_TwoLocations_Scheduled_NotScheduled(TC0040_VerifyAction_Transfers_Stack_TwoLocations_Scheduled_NotScheduled.java:79)
... Removed 33 stack frames]]>
    </failure>
  </testcase> <!-- VerifyAction_Transfers_Stack_TwoLocations_Scheduled_NotScheduled -->
  <testcase name="TestCustomerDetails" time="14.601" classname="com.NexusPortalAutomation.TestCases.Java.TC0010_1_verifyCustDetails_Business"/>
  <testcase name="VerifyBillingDetails_budgetSPA" time="19.816" classname="com.NexusPortalAutomation.TestCases.Java.TC0016_1_VerifyBillingDetails_Budget_SPA">
    <failure type="org.openqa.selenium.NoSuchElementException" message="no such element: Unable to locate element: {&amp;quot;method&amp;quot;:&amp;quot;xpath&amp;quot;,&amp;quot;selector&amp;quot;:&amp;quot;/html/body/wo-root/wo-dashboard/div/mat-drawer-container/mat-drawer-content/div/div/div[2]/csm-customer-balances/csm-generic-widget/div/div/div[2]/div[1]/div[2]/div[1]/div[1]&amp;quot;}
  (Session info: chrome=78.0.3904.87)
For documentation on this error, please visit: http://seleniumhq.org/exceptions/no_such_element.html
Build info: version: &amp;apos;3.14.0&amp;apos;, revision: &amp;apos;aacccce0&amp;apos;, time: &amp;apos;2018-08-02T20:19:58.91Z&amp;apos;
System info: host: &amp;apos;RND-BASE-A&amp;apos;, ip: &amp;apos;10.0.2.15&amp;apos;, os.name: &amp;apos;Windows Server 2012 R2&amp;apos;, os.arch: &amp;apos;amd64&amp;apos;, os.version: &amp;apos;6.3&amp;apos;, java.version: &amp;apos;1.8.0_201&amp;apos;
Driver info: org.openqa.selenium.chrome.ChromeDriver
Capabilities {acceptInsecureCerts: false, browserName: chrome, browserVersion: 78.0.3904.87, chrome: {chromedriverVersion: 78.0.3904.70 (edb9c9f3de024..., userDataDir: C:\Users\ADMINI~1\AppData\L...}, goog:chromeOptions: {debuggerAddress: localhost:57011}, javascriptEnabled: true, networkConnectionEnabled: false, pageLoadStrategy: normal, platform: XP, platformName: XP, proxy: Proxy(), setWindowRect: true, strictFileInteractability: false, timeouts: {implicit: 0, pageLoad: 300000, script: 30000}, unhandledPromptBehavior: dismiss and notify}
Session ID: ce0a0fdb4d1abd372c3b7dcd69dc1432
*** Element info: {Using=xpath, value=/html/body/wo-root/wo-dashboard/div/mat-drawer-container/mat-drawer-content/div/div/div[2]/csm-customer-balances/csm-generic-widget/div/div/div[2]/div[1]/div[2]/div[1]/div[1]}">
      <![CDATA[org.openqa.selenium.NoSuchElementException: no such element: Unable to locate element: {"method":"xpath","selector":"/html/body/wo-root/wo-dashboard/div/mat-drawer-container/mat-drawer-content/div/div/div[2]/csm-customer-balances/csm-generic-widget/div/div/div[2]/div[1]/div[2]/div[1]/div[1]"}
  (Session info: chrome=78.0.3904.87)
For documentation on this error, please visit: http://seleniumhq.org/exceptions/no_such_element.html
Build info: version: '3.14.0', revision: 'aacccce0', time: '2018-08-02T20:19:58.91Z'
System info: host: 'RND-BASE-A', ip: '10.0.2.15', os.name: 'Windows Server 2012 R2', os.arch: 'amd64', os.version: '6.3', java.version: '1.8.0_201'
Driver info: org.openqa.selenium.chrome.ChromeDriver
Capabilities {acceptInsecureCerts: false, browserName: chrome, browserVersion: 78.0.3904.87, chrome: {chromedriverVersion: 78.0.3904.70 (edb9c9f3de024..., userDataDir: C:\Users\ADMINI~1\AppData\L...}, goog:chromeOptions: {debuggerAddress: localhost:57011}, javascriptEnabled: true, networkConnectionEnabled: false, pageLoadStrategy: normal, platform: XP, platformName: XP, proxy: Proxy(), setWindowRect: true, strictFileInteractability: false, timeouts: {implicit: 0, pageLoad: 300000, script: 30000}, unhandledPromptBehavior: dismiss and notify}
Session ID: ce0a0fdb4d1abd372c3b7dcd69dc1432
*** Element info: {Using=xpath, value=/html/body/wo-root/wo-dashboard/div/mat-drawer-container/mat-drawer-content/div/div/div[2]/csm-customer-balances/csm-generic-widget/div/div/div[2]/div[1]/div[2]/div[1]/div[1]}
at org.openqa.selenium.remote.http.W3CHttpResponseCodec.createException(W3CHttpResponseCodec.java:187)
at org.openqa.selenium.remote.http.W3CHttpResponseCodec.decode(W3CHttpResponseCodec.java:122)
at org.openqa.selenium.remote.http.W3CHttpResponseCodec.decode(W3CHttpResponseCodec.java:49)
at org.openqa.selenium.remote.HttpCommandExecutor.execute(HttpCommandExecutor.java:158)
at org.openqa.selenium.remote.service.DriverCommandExecutor.execute(DriverCommandExecutor.java:83)
at org.openqa.selenium.remote.RemoteWebDriver.execute(RemoteWebDriver.java:548)
at org.openqa.selenium.remote.RemoteWebDriver.findElement(RemoteWebDriver.java:322)
at org.openqa.selenium.remote.RemoteWebDriver.findElementByXPath(RemoteWebDriver.java:424)
at org.openqa.selenium.By$ByXPath.findElement(By.java:353)
at org.openqa.selenium.remote.RemoteWebDriver.findElement(RemoteWebDriver.java:314)
at org.openqa.selenium.support.pagefactory.DefaultElementLocator.findElement(DefaultElementLocator.java:69)
at org.openqa.selenium.support.pagefactory.internal.LocatingElementHandler.invoke(LocatingElementHandler.java:38)
at com.sun.proxy.$Proxy7.getText(Unknown Source)
at com.NexusPortalAutomation.PageObjects.Java.DashBoard.GetBudgetIcon(DashBoard.java:590)
at com.NexusPortalAutomation.TestCases.Java.TC0016_1_VerifyBillingDetails_Budget_SPA.VerifyBillingDetails_budgetSPA(TC0016_1_VerifyBillingDetails_Budget_SPA.java:53)
... Removed 33 stack frames]]>
    </failure>
  </testcase> <!-- VerifyBillingDetails_budgetSPA -->
  <testcase name="TestBillingStatements" time="14.963" classname="com.NexusPortalAutomation.TestCases.Java.TC0017_StatementsOrderByDate"/>
  <testcase name="VerifyAction_Transfers_Stack_TwoLocations_Scheduled_NotScheduled" time="41.844" classname="com.NexusPortalAutomation.TestCases.Java.TC0039_VerifyAction_Transfers_Stack_TwoLocations_Scheduled_NotScheduled">
    <failure type="org.openqa.selenium.NoSuchElementException" message="no such element: Unable to locate element: {&amp;quot;method&amp;quot;:&amp;quot;css selector&amp;quot;,&amp;quot;selector&amp;quot;:&amp;quot;#XFER_Warning_Message&amp;quot;}
  (Session info: chrome=78.0.3904.87)
For documentation on this error, please visit: http://seleniumhq.org/exceptions/no_such_element.html
Build info: version: &amp;apos;3.14.0&amp;apos;, revision: &amp;apos;aacccce0&amp;apos;, time: &amp;apos;2018-08-02T20:19:58.91Z&amp;apos;
System info: host: &amp;apos;RND-BASE-A&amp;apos;, ip: &amp;apos;10.0.2.15&amp;apos;, os.name: &amp;apos;Windows Server 2012 R2&amp;apos;, os.arch: &amp;apos;amd64&amp;apos;, os.version: &amp;apos;6.3&amp;apos;, java.version: &amp;apos;1.8.0_201&amp;apos;
Driver info: org.openqa.selenium.chrome.ChromeDriver
Capabilities {acceptInsecureCerts: false, browserName: chrome, browserVersion: 78.0.3904.87, chrome: {chromedriverVersion: 78.0.3904.70 (edb9c9f3de024..., userDataDir: C:\Users\ADMINI~1\AppData\L...}, goog:chromeOptions: {debuggerAddress: localhost:57122}, javascriptEnabled: true, networkConnectionEnabled: false, pageLoadStrategy: normal, platform: XP, platformName: XP, proxy: Proxy(), setWindowRect: true, strictFileInteractability: false, timeouts: {implicit: 0, pageLoad: 300000, script: 30000}, unhandledPromptBehavior: dismiss and notify}
Session ID: 833c81cae4d37cf3328aaa5e34f800d2
*** Element info: {Using=id, value=XFER_Warning_Message}">
      <![CDATA[org.openqa.selenium.NoSuchElementException: no such element: Unable to locate element: {"method":"css selector","selector":"#XFER_Warning_Message"}
  (Session info: chrome=78.0.3904.87)
For documentation on this error, please visit: http://seleniumhq.org/exceptions/no_such_element.html
Build info: version: '3.14.0', revision: 'aacccce0', time: '2018-08-02T20:19:58.91Z'
System info: host: 'RND-BASE-A', ip: '10.0.2.15', os.name: 'Windows Server 2012 R2', os.arch: 'amd64', os.version: '6.3', java.version: '1.8.0_201'
Driver info: org.openqa.selenium.chrome.ChromeDriver
Capabilities {acceptInsecureCerts: false, browserName: chrome, browserVersion: 78.0.3904.87, chrome: {chromedriverVersion: 78.0.3904.70 (edb9c9f3de024..., userDataDir: C:\Users\ADMINI~1\AppData\L...}, goog:chromeOptions: {debuggerAddress: localhost:57122}, javascriptEnabled: true, networkConnectionEnabled: false, pageLoadStrategy: normal, platform: XP, platformName: XP, proxy: Proxy(), setWindowRect: true, strictFileInteractability: false, timeouts: {implicit: 0, pageLoad: 300000, script: 30000}, unhandledPromptBehavior: dismiss and notify}
Session ID: 833c81cae4d37cf3328aaa5e34f800d2
*** Element info: {Using=id, value=XFER_Warning_Message}
at org.openqa.selenium.remote.http.W3CHttpResponseCodec.createException(W3CHttpResponseCodec.java:187)
at org.openqa.selenium.remote.http.W3CHttpResponseCodec.decode(W3CHttpResponseCodec.java:122)
at org.openqa.selenium.remote.http.W3CHttpResponseCodec.decode(W3CHttpResponseCodec.java:49)
at org.openqa.selenium.remote.HttpCommandExecutor.execute(HttpCommandExecutor.java:158)
at org.openqa.selenium.remote.service.DriverCommandExecutor.execute(DriverCommandExecutor.java:83)
at org.openqa.selenium.remote.RemoteWebDriver.execute(RemoteWebDriver.java:548)
at org.openqa.selenium.remote.RemoteWebDriver.findElement(RemoteWebDriver.java:322)
at org.openqa.selenium.remote.RemoteWebDriver.findElementById(RemoteWebDriver.java:368)
at org.openqa.selenium.By$ById.findElement(By.java:188)
at org.openqa.selenium.remote.RemoteWebDriver.findElement(RemoteWebDriver.java:314)
at org.openqa.selenium.support.pagefactory.DefaultElementLocator.findElement(DefaultElementLocator.java:69)
at org.openqa.selenium.support.pagefactory.internal.LocatingElementHandler.invoke(LocatingElementHandler.java:38)
at com.sun.proxy.$Proxy7.getText(Unknown Source)
at com.NexusPortalAutomation.PageObjects.Java.DashBoard.verifyServiceWarningSingleSO(DashBoard.java:979)
at com.NexusPortalAutomation.TestCases.Java.TC0039_VerifyAction_Transfers_Stack_TwoLocations_Scheduled_NotScheduled.VerifyAction_Transfers_Stack_TwoLocations_Scheduled_NotScheduled(TC0039_VerifyAction_Transfers_Stack_TwoLocations_Scheduled_NotScheduled.java:81)
... Removed 33 stack frames]]>
    </failure>
  </testcase> <!-- VerifyAction_Transfers_Stack_TwoLocations_Scheduled_NotScheduled -->
  <testcase name="TestSearchAccount" time="16.159" classname="com.NexusPortalAutomation.TestCases.Java.TC0009_VerifyAccountSearch">
    <failure type="org.openqa.selenium.StaleElementReferenceException" message="stale element reference: element is not attached to the page document
  (Session info: chrome=78.0.3904.87)
For documentation on this error, please visit: http://seleniumhq.org/exceptions/stale_element_reference.html
Build info: version: &amp;apos;3.14.0&amp;apos;, revision: &amp;apos;aacccce0&amp;apos;, time: &amp;apos;2018-08-02T20:19:58.91Z&amp;apos;
System info: host: &amp;apos;RND-BASE-A&amp;apos;, ip: &amp;apos;10.0.2.15&amp;apos;, os.name: &amp;apos;Windows Server 2012 R2&amp;apos;, os.arch: &amp;apos;amd64&amp;apos;, os.version: &amp;apos;6.3&amp;apos;, java.version: &amp;apos;1.8.0_201&amp;apos;
Driver info: org.openqa.selenium.chrome.ChromeDriver
Capabilities {acceptInsecureCerts: false, browserName: chrome, browserVersion: 78.0.3904.87, chrome: {chromedriverVersion: 78.0.3904.70 (edb9c9f3de024..., userDataDir: C:\Users\ADMINI~1\AppData\L...}, goog:chromeOptions: {debuggerAddress: localhost:57217}, javascriptEnabled: true, networkConnectionEnabled: false, pageLoadStrategy: normal, platform: XP, platformName: XP, proxy: Proxy(), setWindowRect: true, strictFileInteractability: false, timeouts: {implicit: 0, pageLoad: 300000, script: 30000}, unhandledPromptBehavior: dismiss and notify}
Session ID: abc81b86cdd10ef940206a9044f3b96a">
      <![CDATA[org.openqa.selenium.StaleElementReferenceException: stale element reference: element is not attached to the page document
  (Session info: chrome=78.0.3904.87)
For documentation on this error, please visit: http://seleniumhq.org/exceptions/stale_element_reference.html
Build info: version: '3.14.0', revision: 'aacccce0', time: '2018-08-02T20:19:58.91Z'
System info: host: 'RND-BASE-A', ip: '10.0.2.15', os.name: 'Windows Server 2012 R2', os.arch: 'amd64', os.version: '6.3', java.version: '1.8.0_201'
Driver info: org.openqa.selenium.chrome.ChromeDriver
Capabilities {acceptInsecureCerts: false, browserName: chrome, browserVersion: 78.0.3904.87, chrome: {chromedriverVersion: 78.0.3904.70 (edb9c9f3de024..., userDataDir: C:\Users\ADMINI~1\AppData\L...}, goog:chromeOptions: {debuggerAddress: localhost:57217}, javascriptEnabled: true, networkConnectionEnabled: false, pageLoadStrategy: normal, platform: XP, platformName: XP, proxy: Proxy(), setWindowRect: true, strictFileInteractability: false, timeouts: {implicit: 0, pageLoad: 300000, script: 30000}, unhandledPromptBehavior: dismiss and notify}
Session ID: abc81b86cdd10ef940206a9044f3b96a
at org.openqa.selenium.remote.http.W3CHttpResponseCodec.createException(W3CHttpResponseCodec.java:187)
at org.openqa.selenium.remote.http.W3CHttpResponseCodec.decode(W3CHttpResponseCodec.java:122)
at org.openqa.selenium.remote.http.W3CHttpResponseCodec.decode(W3CHttpResponseCodec.java:49)
at org.openqa.selenium.remote.HttpCommandExecutor.execute(HttpCommandExecutor.java:158)
at org.openqa.selenium.remote.service.DriverCommandExecutor.execute(DriverCommandExecutor.java:83)
at org.openqa.selenium.remote.RemoteWebDriver.execute(RemoteWebDriver.java:548)
at org.openqa.selenium.remote.RemoteWebElement.execute(RemoteWebElement.java:276)
at org.openqa.selenium.remote.RemoteWebElement.isDisplayed(RemoteWebElement.java:317)
at org.openqa.selenium.support.pagefactory.internal.LocatingElementHandler.invoke(LocatingElementHandler.java:51)
at com.sun.proxy.$Proxy7.isDisplayed(Unknown Source)
at org.openqa.selenium.support.ui.ExpectedConditions.elementIfVisible(ExpectedConditions.java:315)
at org.openqa.selenium.support.ui.ExpectedConditions.access$100(ExpectedConditions.java:44)
at org.openqa.selenium.support.ui.ExpectedConditions$10.apply(ExpectedConditions.java:301)
at org.openqa.selenium.support.ui.ExpectedConditions$10.apply(ExpectedConditions.java:298)
at org.openqa.selenium.support.ui.FluentWait.until(FluentWait.java:260)
at com.NexusPortalAutomation.Utilities.Java.CommonMethods.waitForObject(CommonMethods.java:226)
at com.NexusPortalAutomation.PageObjects.Java.DashBoard.VerifySearchAccountResult1(DashBoard.java:1495)
at com.NexusPortalAutomation.TestCases.Java.TC0009_VerifyAccountSearch.TestSearchAccount(TC0009_VerifyAccountSearch.java:84)
... Removed 36 stack frames]]>
    </failure>
  </testcase> <!-- TestSearchAccount -->
  <testcase name="VerifyBillingDetails_Budget" time="21.537" classname="com.NexusPortalAutomation.TestCases.Java.TC0016_1_VerifyBillingDetails_Budget">
    <failure type="org.openqa.selenium.NoSuchElementException" message="no such element: Unable to locate element: {&amp;quot;method&amp;quot;:&amp;quot;xpath&amp;quot;,&amp;quot;selector&amp;quot;:&amp;quot;/html/body/wo-root/wo-dashboard/div/mat-drawer-container/mat-drawer-content/div/div/div[2]/csm-customer-balances/csm-generic-widget/div/div/div[2]/div[1]/div[2]/div[1]/div[1]&amp;quot;}
  (Session info: chrome=78.0.3904.87)
For documentation on this error, please visit: http://seleniumhq.org/exceptions/no_such_element.html
Build info: version: &amp;apos;3.14.0&amp;apos;, revision: &amp;apos;aacccce0&amp;apos;, time: &amp;apos;2018-08-02T20:19:58.91Z&amp;apos;
System info: host: &amp;apos;RND-BASE-A&amp;apos;, ip: &amp;apos;10.0.2.15&amp;apos;, os.name: &amp;apos;Windows Server 2012 R2&amp;apos;, os.arch: &amp;apos;amd64&amp;apos;, os.version: &amp;apos;6.3&amp;apos;, java.version: &amp;apos;1.8.0_201&amp;apos;
Driver info: org.openqa.selenium.chrome.ChromeDriver
Capabilities {acceptInsecureCerts: false, browserName: chrome, browserVersion: 78.0.3904.87, chrome: {chromedriverVersion: 78.0.3904.70 (edb9c9f3de024..., userDataDir: C:\Users\ADMINI~1\AppData\L...}, goog:chromeOptions: {debuggerAddress: localhost:57279}, javascriptEnabled: true, networkConnectionEnabled: false, pageLoadStrategy: normal, platform: XP, platformName: XP, proxy: Proxy(), setWindowRect: true, strictFileInteractability: false, timeouts: {implicit: 0, pageLoad: 300000, script: 30000}, unhandledPromptBehavior: dismiss and notify}
Session ID: bb7a4e7a6b4b3e71a5494a6041ba8f2f
*** Element info: {Using=xpath, value=/html/body/wo-root/wo-dashboard/div/mat-drawer-container/mat-drawer-content/div/div/div[2]/csm-customer-balances/csm-generic-widget/div/div/div[2]/div[1]/div[2]/div[1]/div[1]}">
      <![CDATA[org.openqa.selenium.NoSuchElementException: no such element: Unable to locate element: {"method":"xpath","selector":"/html/body/wo-root/wo-dashboard/div/mat-drawer-container/mat-drawer-content/div/div/div[2]/csm-customer-balances/csm-generic-widget/div/div/div[2]/div[1]/div[2]/div[1]/div[1]"}
  (Session info: chrome=78.0.3904.87)
For documentation on this error, please visit: http://seleniumhq.org/exceptions/no_such_element.html
Build info: version: '3.14.0', revision: 'aacccce0', time: '2018-08-02T20:19:58.91Z'
System info: host: 'RND-BASE-A', ip: '10.0.2.15', os.name: 'Windows Server 2012 R2', os.arch: 'amd64', os.version: '6.3', java.version: '1.8.0_201'
Driver info: org.openqa.selenium.chrome.ChromeDriver
Capabilities {acceptInsecureCerts: false, browserName: chrome, browserVersion: 78.0.3904.87, chrome: {chromedriverVersion: 78.0.3904.70 (edb9c9f3de024..., userDataDir: C:\Users\ADMINI~1\AppData\L...}, goog:chromeOptions: {debuggerAddress: localhost:57279}, javascriptEnabled: true, networkConnectionEnabled: false, pageLoadStrategy: normal, platform: XP, platformName: XP, proxy: Proxy(), setWindowRect: true, strictFileInteractability: false, timeouts: {implicit: 0, pageLoad: 300000, script: 30000}, unhandledPromptBehavior: dismiss and notify}
Session ID: bb7a4e7a6b4b3e71a5494a6041ba8f2f
*** Element info: {Using=xpath, value=/html/body/wo-root/wo-dashboard/div/mat-drawer-container/mat-drawer-content/div/div/div[2]/csm-customer-balances/csm-generic-widget/div/div/div[2]/div[1]/div[2]/div[1]/div[1]}
at org.openqa.selenium.remote.http.W3CHttpResponseCodec.createException(W3CHttpResponseCodec.java:187)
at org.openqa.selenium.remote.http.W3CHttpResponseCodec.decode(W3CHttpResponseCodec.java:122)
at org.openqa.selenium.remote.http.W3CHttpResponseCodec.decode(W3CHttpResponseCodec.java:49)
at org.openqa.selenium.remote.HttpCommandExecutor.execute(HttpCommandExecutor.java:158)
at org.openqa.selenium.remote.service.DriverCommandExecutor.execute(DriverCommandExecutor.java:83)
at org.openqa.selenium.remote.RemoteWebDriver.execute(RemoteWebDriver.java:548)
at org.openqa.selenium.remote.RemoteWebDriver.findElement(RemoteWebDriver.java:322)
at org.openqa.selenium.remote.RemoteWebDriver.findElementByXPath(RemoteWebDriver.java:424)
at org.openqa.selenium.By$ByXPath.findElement(By.java:353)
at org.openqa.selenium.remote.RemoteWebDriver.findElement(RemoteWebDriver.java:314)
at org.openqa.selenium.support.pagefactory.DefaultElementLocator.findElement(DefaultElementLocator.java:69)
at org.openqa.selenium.support.pagefactory.internal.LocatingElementHandler.invoke(LocatingElementHandler.java:38)
at com.sun.proxy.$Proxy7.getText(Unknown Source)
at com.NexusPortalAutomation.PageObjects.Java.DashBoard.GetBudgetIcon(DashBoard.java:590)
at com.NexusPortalAutomation.TestCases.Java.TC0016_1_VerifyBillingDetails_Budget.VerifyBillingDetails_Budget(TC0016_1_VerifyBillingDetails_Budget.java:55)
... Removed 33 stack frames]]>
    </failure>
  </testcase> <!-- VerifyBillingDetails_Budget -->
  <testcase name="VerifyBillingDetails" time="16.705" classname="com.NexusPortalAutomation.TestCases.Java.TC0016_VerifyBillingDetails_UsageGraph"/>
  <testcase name="TestSearchAccount" time="11.593" classname="com.NexusPortalAutomation.TestCases.Java.TC0009_1_VerifyAccountSearch_NoAccounts"/>
  <testcase name="VerifyBillingDetailsAutoPay" time="11.213" classname="com.NexusPortalAutomation.TestCases.Java.TC0016_1_VerifyBillingDetails_AutoPay">
    <failure type="java.lang.AssertionError" message="Strings: http://localhost:3000/# does&amp;apos;nt contains  https://www.invoicecloud.com/integrations/redirect/Csr?BillerGUID">
      <![CDATA[java.lang.AssertionError: Strings: http://localhost:3000/# does'nt contains  https://www.invoicecloud.com/integrations/redirect/Csr?BillerGUID
at com.NexusPortalAutomation.Utilities.Java.CommonMethods.verifyStringContains(CommonMethods.java:128)
at com.NexusPortalAutomation.TestCases.Java.TC0016_1_VerifyBillingDetails_AutoPay.VerifyBillingDetailsAutoPay(TC0016_1_VerifyBillingDetails_AutoPay.java:42)
... Removed 30 stack frames]]>
    </failure>
  </testcase> <!-- VerifyBillingDetailsAutoPay -->
  <testcase name="VerifyBillingDetails" time="21.266" classname="com.NexusPortalAutomation.TestCases.Java.TC0016_VerifyBillingDetails">
    <failure type="org.openqa.selenium.TimeoutException" message="Expected condition failed: waiting for element to be clickable: By.id: BILL_Installment_Budget (tried for 10 second(s) with 500 milliseconds interval)">
      <![CDATA[org.openqa.selenium.TimeoutException: Expected condition failed: waiting for element to be clickable: By.id: BILL_Installment_Budget (tried for 10 second(s) with 500 milliseconds interval)
at org.openqa.selenium.support.ui.WebDriverWait.timeoutException(WebDriverWait.java:113)
at org.openqa.selenium.support.ui.FluentWait.until(FluentWait.java:283)
at com.NexusPortalAutomation.Utilities.Java.CommonMethods.waitforObjectById(CommonMethods.java:152)
at com.NexusPortalAutomation.PageObjects.Java.DashBoard.GetBillingInfo(DashBoard.java:1572)
at com.NexusPortalAutomation.TestCases.Java.TC0016_VerifyBillingDetails.VerifyBillingDetails(TC0016_VerifyBillingDetails.java:58)
Caused by: org.openqa.selenium.NoSuchElementException: Cannot locate an element using By.id: BILL_Installment_Budget
For documentation on this error, please visit: http://seleniumhq.org/exceptions/no_such_element.html
Build info: version: '3.14.0', revision: 'aacccce0', time: '2018-08-02T20:19:58.91Z'
System info: host: 'RND-BASE-A', ip: '10.0.2.15', os.name: 'Windows Server 2012 R2', os.arch: 'amd64', os.version: '6.3', java.version: '1.8.0_201'
Driver info: driver.version: unknown
at org.openqa.selenium.support.ui.ExpectedConditions.lambda$findElement$0(ExpectedConditions.java:896)
at java.util.Optional.orElseThrow(Optional.java:290)
at org.openqa.selenium.support.ui.ExpectedConditions.findElement(ExpectedConditions.java:895)
at org.openqa.selenium.support.ui.ExpectedConditions.access$000(ExpectedConditions.java:44)
at org.openqa.selenium.support.ui.ExpectedConditions$7.apply(ExpectedConditions.java:206)
at org.openqa.selenium.support.ui.ExpectedConditions$7.apply(ExpectedConditions.java:202)
at org.openqa.selenium.support.ui.ExpectedConditions$22.apply(ExpectedConditions.java:657)
at org.openqa.selenium.support.ui.ExpectedConditions$22.apply(ExpectedConditions.java:654)
at org.openqa.selenium.support.ui.FluentWait.until(FluentWait.java:260)
... 32 more
... Removed 29 stack frames]]>
    </failure>
  </testcase> <!-- VerifyBillingDetails -->
  <testcase name="TestSearchAccount" time="25.401" classname="com.NexusPortalAutomation.TestCases.Java.TC0009_1_VerifyAccountSearchRefresh"/>
  <testcase name="TestContactLogs" time="13.797" classname="com.NexusPortalAutomation.TestCases.Java.TC0015_VerifyContactLogs"/>
  <testcase name="TestSearchbylocationID" time="13.516" classname="com.NexusPortalAutomation.TestCases.Java.TC0008_VerifySignInbylocationID"/>
  <testcase name="TestContactEdit" time="28.014" classname="com.NexusPortalAutomation.TestCases.Java.TC0013_VerifyContactEdit"/>
  <testcase name="TestSecondayContact" time="13.236" classname="com.NexusPortalAutomation.TestCases.Java.TC0014_VerifySecondaryContact"/>
  <testcase name="TestCreditStatus" time="21.608" classname="com.NexusPortalAutomation.TestCases.Java.TC0012_verifyCreditStatusStatus"/>
  <testcase name="VerifySignInbyID" time="13.79" classname="com.NexusPortalAutomation.TestCases.Java.TC0001_VerifySignInbyID"/>
  <testcase name="VerifyActionServiceOrder" time="25.94" classname="com.NexusPortalAutomation.TestCases.Java.TC0022_VerifyAction_ServiceOrder"/>
  <testcase name="VerifyActionServiceOrder_Transfers_NotSchedule" time="51.202" classname="com.NexusPortalAutomation.TestCases.Java.TC0025_1_VerifyAction_Transfers_Scheduled_CurrentMoveinCustomer">
    <failure type="java.lang.AssertionError" message="Object Not Found Expected condition failed: waiting for visibility of Proxy element for: DefaultElementLocator &amp;apos;By.id: XFER_Search_Option_2_Customer_Name&amp;apos; (tried for 20 second(s) with 500 milliseconds interval)">
      <![CDATA[java.lang.AssertionError: Object Not Found Expected condition failed: waiting for visibility of Proxy element for: DefaultElementLocator 'By.id: XFER_Search_Option_2_Customer_Name' (tried for 20 second(s) with 500 milliseconds interval)
at com.NexusPortalAutomation.Utilities.Java.CommonMethods.waitForObject(CommonMethods.java:231)
at com.NexusPortalAutomation.PageObjects.Java.DashBoard.ClickElement(DashBoard.java:783)
at com.NexusPortalAutomation.PageObjects.Java.Dashboard_Transfers.enterdefaultCustomer(Dashboard_Transfers.java:327)
at com.NexusPortalAutomation.TestCases.Java.TC0025_1_VerifyAction_Transfers_Scheduled_CurrentMoveinCustomer.VerifyActionServiceOrder_Transfers_NotSchedule(TC0025_1_VerifyAction_Transfers_Scheduled_CurrentMoveinCustomer.java:74)
... Removed 30 stack frames]]>
    </failure>
  </testcase> <!-- VerifyActionServiceOrder_Transfers_NotSchedule -->
  <testcase name="VerifyActionServiceOrder" time="59.076" classname="com.NexusPortalAutomation.TestCases.Java.TC0029_VerifyAction_Transfers_Scheduled">
    <failure type="java.lang.AssertionError" message="Object Not Found Expected condition failed: waiting for visibility of Proxy element for: DefaultElementLocator &amp;apos;By.id: XFER_Search_Option_2_Customer_Name&amp;apos; (tried for 20 second(s) with 500 milliseconds interval)">
      <![CDATA[java.lang.AssertionError: Object Not Found Expected condition failed: waiting for visibility of Proxy element for: DefaultElementLocator 'By.id: XFER_Search_Option_2_Customer_Name' (tried for 20 second(s) with 500 milliseconds interval)
at com.NexusPortalAutomation.Utilities.Java.CommonMethods.waitForObject(CommonMethods.java:231)
at com.NexusPortalAutomation.PageObjects.Java.DashBoard.ClickElement(DashBoard.java:783)
at com.NexusPortalAutomation.PageObjects.Java.Dashboard_Transfers.enterdefaultCustomer(Dashboard_Transfers.java:327)
at com.NexusPortalAutomation.TestCases.Java.TC0029_VerifyAction_Transfers_Scheduled.VerifyActionServiceOrder(TC0029_VerifyAction_Transfers_Scheduled.java:99)
... Removed 30 stack frames]]>
    </failure>
  </testcase> <!-- VerifyActionServiceOrder -->
  <testcase name="VerifyTransferActionServiceOrder" time="31.049" classname="com.NexusPortalAutomation.TestCases.Java.TC0050_VerifyMoveiinCustomerAppearing"/>
  <testcase name="VerifyRecentWidget" time="15.977" classname="com.NexusPortalAutomation.TestCases.Java.TC0023_VerifyRecentWidget"/>
  <testcase name="VerifyActionServiceOrder_Transfers_NotSchedule" time="50.312" classname="com.NexusPortalAutomation.TestCases.Java.TC0025_VerifyAction_Transfers_NotScheduled">
    <failure type="java.lang.AssertionError" message="Object Not Found Expected condition failed: waiting for visibility of Proxy element for: DefaultElementLocator &amp;apos;By.id: XFER_Search_Option_2_Customer_Name&amp;apos; (tried for 20 second(s) with 500 milliseconds interval)">
      <![CDATA[java.lang.AssertionError: Object Not Found Expected condition failed: waiting for visibility of Proxy element for: DefaultElementLocator 'By.id: XFER_Search_Option_2_Customer_Name' (tried for 20 second(s) with 500 milliseconds interval)
at com.NexusPortalAutomation.Utilities.Java.CommonMethods.waitForObject(CommonMethods.java:231)
at com.NexusPortalAutomation.PageObjects.Java.DashBoard.ClickElement(DashBoard.java:783)
at com.NexusPortalAutomation.PageObjects.Java.Dashboard_Transfers.enterdefaultCustomer(Dashboard_Transfers.java:327)
at com.NexusPortalAutomation.TestCases.Java.TC0025_VerifyAction_Transfers_NotScheduled.VerifyActionServiceOrder_Transfers_NotSchedule(TC0025_VerifyAction_Transfers_NotScheduled.java:71)
... Removed 30 stack frames]]>
    </failure>
  </testcase> <!-- VerifyActionServiceOrder_Transfers_NotSchedule -->
  <testcase name="VerifyTransferActionServiceOrder" time="37.646" classname="com.NexusPortalAutomation.TestCases.Java.TC0030_1_VerifyAction_Transfers_StartService_Scheduled_SameCustomerMovein"/>
  <testcase name="VerifyTransferActionServiceOrder" time="23.393" classname="com.NexusPortalAutomation.TestCases.Java.TC0026_VerifyAction_Transfers_StartService_NotScheduled"/>
  <testcase name="VerifyTransferActionServiceOrder" time="27.232" classname="com.NexusPortalAutomation.TestCases.Java.TC0030_VerifyAction_Transfers_StartService_Scheduled"/>
  <testcase name="VerifyTransferActionServiceOrder" time="27.444" classname="com.NexusPortalAutomation.TestCases.Java.TC0027_VerifyAction_Transfers_StopService_NotScheduled"/>
  <testcase name="VerifyTransferActionServiceOrder" time="32.77" classname="com.NexusPortalAutomation.TestCases.Java.TC0031_VerifyAction_Transfers_StopService_Scheduled"/>
  <testcase name="VerifyTransferActionServiceOrder" time="70.959" classname="com.NexusPortalAutomation.TestCases.Java.TC0032_VerifyAction_Transfers_Stack_StopService_Scheduled"/>
  <testcase name="VerifyAction_Transfers_Stack_StartService_Scheduled" time="68.331" classname="com.NexusPortalAutomation.TestCases.Java.TC0033_VerifyAction_Transfers_Stack_StartService_Scheduled"/>
  <testcase name="VerifyAction_Transfers_Stack_TwoLocations" time="45.412" classname="com.NexusPortalAutomation.TestCases.Java.TC0034_VerifyAction_Transfers_Stack_TwoLocations">
    <failure type="org.openqa.selenium.NoSuchElementException" message="no such element: Unable to locate element: {&amp;quot;method&amp;quot;:&amp;quot;css selector&amp;quot;,&amp;quot;selector&amp;quot;:&amp;quot;#XFER_Warning_Message&amp;quot;}
  (Session info: chrome=78.0.3904.87)
For documentation on this error, please visit: http://seleniumhq.org/exceptions/no_such_element.html
Build info: version: &amp;apos;3.14.0&amp;apos;, revision: &amp;apos;aacccce0&amp;apos;, time: &amp;apos;2018-08-02T20:19:58.91Z&amp;apos;
System info: host: &amp;apos;RND-BASE-A&amp;apos;, ip: &amp;apos;10.0.2.15&amp;apos;, os.name: &amp;apos;Windows Server 2012 R2&amp;apos;, os.arch: &amp;apos;amd64&amp;apos;, os.version: &amp;apos;6.3&amp;apos;, java.version: &amp;apos;1.8.0_201&amp;apos;
Driver info: org.openqa.selenium.chrome.ChromeDriver
Capabilities {acceptInsecureCerts: false, browserName: chrome, browserVersion: 78.0.3904.87, chrome: {chromedriverVersion: 78.0.3904.70 (edb9c9f3de024..., userDataDir: C:\Users\ADMINI~1\AppData\L...}, goog:chromeOptions: {debuggerAddress: localhost:59304}, javascriptEnabled: true, networkConnectionEnabled: false, pageLoadStrategy: normal, platform: XP, platformName: XP, proxy: Proxy(), setWindowRect: true, strictFileInteractability: false, timeouts: {implicit: 0, pageLoad: 300000, script: 30000}, unhandledPromptBehavior: dismiss and notify}
Session ID: 878ace81956a5c0d8ee9e470dfc819d2
*** Element info: {Using=id, value=XFER_Warning_Message}">
      <![CDATA[org.openqa.selenium.NoSuchElementException: no such element: Unable to locate element: {"method":"css selector","selector":"#XFER_Warning_Message"}
  (Session info: chrome=78.0.3904.87)
For documentation on this error, please visit: http://seleniumhq.org/exceptions/no_such_element.html
Build info: version: '3.14.0', revision: 'aacccce0', time: '2018-08-02T20:19:58.91Z'
System info: host: 'RND-BASE-A', ip: '10.0.2.15', os.name: 'Windows Server 2012 R2', os.arch: 'amd64', os.version: '6.3', java.version: '1.8.0_201'
Driver info: org.openqa.selenium.chrome.ChromeDriver
Capabilities {acceptInsecureCerts: false, browserName: chrome, browserVersion: 78.0.3904.87, chrome: {chromedriverVersion: 78.0.3904.70 (edb9c9f3de024..., userDataDir: C:\Users\ADMINI~1\AppData\L...}, goog:chromeOptions: {debuggerAddress: localhost:59304}, javascriptEnabled: true, networkConnectionEnabled: false, pageLoadStrategy: normal, platform: XP, platformName: XP, proxy: Proxy(), setWindowRect: true, strictFileInteractability: false, timeouts: {implicit: 0, pageLoad: 300000, script: 30000}, unhandledPromptBehavior: dismiss and notify}
Session ID: 878ace81956a5c0d8ee9e470dfc819d2
*** Element info: {Using=id, value=XFER_Warning_Message}
at org.openqa.selenium.remote.http.W3CHttpResponseCodec.createException(W3CHttpResponseCodec.java:187)
at org.openqa.selenium.remote.http.W3CHttpResponseCodec.decode(W3CHttpResponseCodec.java:122)
at org.openqa.selenium.remote.http.W3CHttpResponseCodec.decode(W3CHttpResponseCodec.java:49)
at org.openqa.selenium.remote.HttpCommandExecutor.execute(HttpCommandExecutor.java:158)
at org.openqa.selenium.remote.service.DriverCommandExecutor.execute(DriverCommandExecutor.java:83)
at org.openqa.selenium.remote.RemoteWebDriver.execute(RemoteWebDriver.java:548)
at org.openqa.selenium.remote.RemoteWebDriver.findElement(RemoteWebDriver.java:322)
at org.openqa.selenium.remote.RemoteWebDriver.findElementById(RemoteWebDriver.java:368)
at org.openqa.selenium.By$ById.findElement(By.java:188)
at org.openqa.selenium.remote.RemoteWebDriver.findElement(RemoteWebDriver.java:314)
at org.openqa.selenium.support.pagefactory.DefaultElementLocator.findElement(DefaultElementLocator.java:69)
at org.openqa.selenium.support.pagefactory.internal.LocatingElementHandler.invoke(LocatingElementHandler.java:38)
at com.sun.proxy.$Proxy7.getText(Unknown Source)
at com.NexusPortalAutomation.PageObjects.Java.DashBoard.verifyServiceWarningSingleSO(DashBoard.java:979)
at com.NexusPortalAutomation.TestCases.Java.TC0034_VerifyAction_Transfers_Stack_TwoLocations.VerifyAction_Transfers_Stack_TwoLocations(TC0034_VerifyAction_Transfers_Stack_TwoLocations.java:80)
... Removed 32 stack frames]]>
    </failure>
  </testcase> <!-- VerifyAction_Transfers_Stack_TwoLocations -->
  <testcase name="VerifyAction_Transfers_StopService" time="42.421" classname="com.NexusPortalAutomation.TestCases.Java.TC0035_VerifyAction_Transfers_StopService">
    <failure type="org.openqa.selenium.NoSuchElementException" message="no such element: Unable to locate element: {&amp;quot;method&amp;quot;:&amp;quot;css selector&amp;quot;,&amp;quot;selector&amp;quot;:&amp;quot;#XFER_Warning_Message&amp;quot;}
  (Session info: chrome=78.0.3904.87)
For documentation on this error, please visit: http://seleniumhq.org/exceptions/no_such_element.html
Build info: version: &amp;apos;3.14.0&amp;apos;, revision: &amp;apos;aacccce0&amp;apos;, time: &amp;apos;2018-08-02T20:19:58.91Z&amp;apos;
System info: host: &amp;apos;RND-BASE-A&amp;apos;, ip: &amp;apos;10.0.2.15&amp;apos;, os.name: &amp;apos;Windows Server 2012 R2&amp;apos;, os.arch: &amp;apos;amd64&amp;apos;, os.version: &amp;apos;6.3&amp;apos;, java.version: &amp;apos;1.8.0_201&amp;apos;
Driver info: org.openqa.selenium.chrome.ChromeDriver
Capabilities {acceptInsecureCerts: false, browserName: chrome, browserVersion: 78.0.3904.87, chrome: {chromedriverVersion: 78.0.3904.70 (edb9c9f3de024..., userDataDir: C:\Users\ADMINI~1\AppData\L...}, goog:chromeOptions: {debuggerAddress: localhost:59408}, javascriptEnabled: true, networkConnectionEnabled: false, pageLoadStrategy: normal, platform: XP, platformName: XP, proxy: Proxy(), setWindowRect: true, strictFileInteractability: false, timeouts: {implicit: 0, pageLoad: 300000, script: 30000}, unhandledPromptBehavior: dismiss and notify}
Session ID: 57dead58f55adf569001b589c0484f26
*** Element info: {Using=id, value=XFER_Warning_Message}">
      <![CDATA[org.openqa.selenium.NoSuchElementException: no such element: Unable to locate element: {"method":"css selector","selector":"#XFER_Warning_Message"}
  (Session info: chrome=78.0.3904.87)
For documentation on this error, please visit: http://seleniumhq.org/exceptions/no_such_element.html
Build info: version: '3.14.0', revision: 'aacccce0', time: '2018-08-02T20:19:58.91Z'
System info: host: 'RND-BASE-A', ip: '10.0.2.15', os.name: 'Windows Server 2012 R2', os.arch: 'amd64', os.version: '6.3', java.version: '1.8.0_201'
Driver info: org.openqa.selenium.chrome.ChromeDriver
Capabilities {acceptInsecureCerts: false, browserName: chrome, browserVersion: 78.0.3904.87, chrome: {chromedriverVersion: 78.0.3904.70 (edb9c9f3de024..., userDataDir: C:\Users\ADMINI~1\AppData\L...}, goog:chromeOptions: {debuggerAddress: localhost:59408}, javascriptEnabled: true, networkConnectionEnabled: false, pageLoadStrategy: normal, platform: XP, platformName: XP, proxy: Proxy(), setWindowRect: true, strictFileInteractability: false, timeouts: {implicit: 0, pageLoad: 300000, script: 30000}, unhandledPromptBehavior: dismiss and notify}
Session ID: 57dead58f55adf569001b589c0484f26
*** Element info: {Using=id, value=XFER_Warning_Message}
at org.openqa.selenium.remote.http.W3CHttpResponseCodec.createException(W3CHttpResponseCodec.java:187)
at org.openqa.selenium.remote.http.W3CHttpResponseCodec.decode(W3CHttpResponseCodec.java:122)
at org.openqa.selenium.remote.http.W3CHttpResponseCodec.decode(W3CHttpResponseCodec.java:49)
at org.openqa.selenium.remote.HttpCommandExecutor.execute(HttpCommandExecutor.java:158)
at org.openqa.selenium.remote.service.DriverCommandExecutor.execute(DriverCommandExecutor.java:83)
at org.openqa.selenium.remote.RemoteWebDriver.execute(RemoteWebDriver.java:548)
at org.openqa.selenium.remote.RemoteWebDriver.findElement(RemoteWebDriver.java:322)
at org.openqa.selenium.remote.RemoteWebDriver.findElementById(RemoteWebDriver.java:368)
at org.openqa.selenium.By$ById.findElement(By.java:188)
at org.openqa.selenium.remote.RemoteWebDriver.findElement(RemoteWebDriver.java:314)
at org.openqa.selenium.support.pagefactory.DefaultElementLocator.findElement(DefaultElementLocator.java:69)
at org.openqa.selenium.support.pagefactory.internal.LocatingElementHandler.invoke(LocatingElementHandler.java:38)
at com.sun.proxy.$Proxy7.getText(Unknown Source)
at com.NexusPortalAutomation.PageObjects.Java.DashBoard.verifyServiceWarningSingleSO(DashBoard.java:979)
at com.NexusPortalAutomation.TestCases.Java.TC0035_VerifyAction_Transfers_StopService.VerifyAction_Transfers_StopService(TC0035_VerifyAction_Transfers_StopService.java:84)
... Removed 32 stack frames]]>
    </failure>
  </testcase> <!-- VerifyAction_Transfers_StopService -->
  <testcase name="VerifyTransferActionServiceOrder" time="69.416" classname="com.NexusPortalAutomation.TestCases.Java.TC0036_VerifyAction_Transfers_StartService"/>
  <testcase name="VerifyAction_Transfers_Stack_TwoLocations_NotScheduled" time="73.224" classname="com.NexusPortalAutomation.TestCases.Java.TC0037_VerifyAction_Transfers_Stack_TwoLocations_NotScheduled"/>
  <testcase name="TestSearchAutobyRecent" time="42.031" classname="com.NexusPortalAutomation.TestCases.Java.TC0004_TestSearchbyRecentFunction"/>
  <testcase name="TestSearchAutobyBookMark" time="16.907" classname="com.NexusPortalAutomation.TestCases.Java.TC0005_TestBookMarks"/>
  <testcase name="TestSummarySectionOnChange" time="24.376" classname="com.NexusPortalAutomation.TestCases.Java.TC0007_TestSummarySection">
    <failure type="org.openqa.selenium.TimeoutException" message="Expected condition failed: waiting for element to be clickable: By.id: BILL_Installment_Budget (tried for 10 second(s) with 500 milliseconds interval)">
      <![CDATA[org.openqa.selenium.TimeoutException: Expected condition failed: waiting for element to be clickable: By.id: BILL_Installment_Budget (tried for 10 second(s) with 500 milliseconds interval)
at org.openqa.selenium.support.ui.WebDriverWait.timeoutException(WebDriverWait.java:113)
at org.openqa.selenium.support.ui.FluentWait.until(FluentWait.java:283)
at com.NexusPortalAutomation.Utilities.Java.CommonMethods.waitforObjectById(CommonMethods.java:152)
at com.NexusPortalAutomation.PageObjects.Java.DashBoard.GetBillingInfo(DashBoard.java:1572)
at com.NexusPortalAutomation.TestCases.Java.TC0007_TestSummarySection.TestSummarySectionOnChange(TC0007_TestSummarySection.java:41)
Caused by: org.openqa.selenium.NoSuchElementException: Cannot locate an element using By.id: BILL_Installment_Budget
For documentation on this error, please visit: http://seleniumhq.org/exceptions/no_such_element.html
Build info: version: '3.14.0', revision: 'aacccce0', time: '2018-08-02T20:19:58.91Z'
System info: host: 'RND-BASE-A', ip: '10.0.2.15', os.name: 'Windows Server 2012 R2', os.arch: 'amd64', os.version: '6.3', java.version: '1.8.0_201'
Driver info: driver.version: unknown
at org.openqa.selenium.support.ui.ExpectedConditions.lambda$findElement$0(ExpectedConditions.java:896)
at java.util.Optional.orElseThrow(Optional.java:290)
at org.openqa.selenium.support.ui.ExpectedConditions.findElement(ExpectedConditions.java:895)
at org.openqa.selenium.support.ui.ExpectedConditions.access$000(ExpectedConditions.java:44)
at org.openqa.selenium.support.ui.ExpectedConditions$7.apply(ExpectedConditions.java:206)
at org.openqa.selenium.support.ui.ExpectedConditions$7.apply(ExpectedConditions.java:202)
at org.openqa.selenium.support.ui.ExpectedConditions$22.apply(ExpectedConditions.java:657)
at org.openqa.selenium.support.ui.ExpectedConditions$22.apply(ExpectedConditions.java:654)
at org.openqa.selenium.support.ui.FluentWait.until(FluentWait.java:260)
... 32 more
... Removed 29 stack frames]]>
    </failure>
  </testcase> <!-- TestSummarySectionOnChange -->
  <testcase name="TestSearchAutobyFirstName" time="55.25" classname="com.NexusPortalAutomation.TestCases.Java.TC0024_TestCustDetailSearch">
    <failure type="java.lang.AssertionError" message="Object Not Found Expected condition failed: waiting for visibility of Proxy element for: DefaultElementLocator &amp;apos;By.id: SRCH_Option_1_Customer_Id&amp;apos; (tried for 20 second(s) with 500 milliseconds interval)">
      <![CDATA[java.lang.AssertionError: Object Not Found Expected condition failed: waiting for visibility of Proxy element for: DefaultElementLocator 'By.id: SRCH_Option_1_Customer_Id' (tried for 20 second(s) with 500 milliseconds interval)
at com.NexusPortalAutomation.Utilities.Java.CommonMethods.waitForObject(CommonMethods.java:231)
at com.NexusPortalAutomation.PageObjects.Java.DashBoard.getDashBoardSearchResult1CustomerId(DashBoard.java:634)
at com.NexusPortalAutomation.TestCases.Java.TC0024_TestCustDetailSearch.TestSearchAutobyFirstName(TC0024_TestCustDetailSearch.java:48)
... Removed 30 stack frames]]>
    </failure>
  </testcase> <!-- TestSearchAutobyFirstName -->
  <testcase name="TestSearchAutobyFirstName" time="18.376" classname="com.NexusPortalAutomation.TestCases.Java.TC0028_TestEnhancedNotes"/>
  <testcase name="TestSearchAlertOnLoad" time="40.506" classname="com.NexusPortalAutomation.TestCases.Java.TC0006_1_TestAlertOnLoadOnce"/>
  <testcase name="TestSearchAlertOnLoad" time="18.615" classname="com.NexusPortalAutomation.TestCases.Java.TC0006_TestAlertOnLoad"/>
  <testcase name="TestSearchAutobyFirstName" time="20.735" classname="com.NexusPortalAutomation.TestCases.Java.TC0002_TestSearchAutobyFirstName"/>
  <testcase name="TestSearchAutobyLastName" time="17.871" classname="com.NexusPortalAutomation.TestCases.Java.TC0003_TestSearchAutobyLastName"/>
</testsuite> <!-- NexusTest -->
