<?xml version="1.0" encoding="UTF-8"?>
<!-- Generated by org.testng.reporters.JUnitXMLReporter -->
<testsuite hostname="RND-BASE-A" ignored="0" name="NexusTest" tests="24" failures="0" timestamp="11 Jul 2019 17:11:57 GMT" time="732.401" errors="0">
  <testcase name="TestBookMark" time="42.41" classname="com.NexusPortalAutomation.TestCases.Java.TC0011_VerifyBookMark"/>
  <testcase name="VerifyDrillBackTransactions" time="32.805" classname="com.NexusPortalAutomation.TestCases.Java.TC0019_VerifyDrillBackTransactions"/>
  <testcase name="TestDrillBackServices" time="29.804" classname="com.NexusPortalAutomation.TestCases.Java.TC0020_VerifyDrillBackServices"/>
  <testcase name="TestServiceOrderDetails" time="20.482" classname="com.NexusPortalAutomation.TestCases.Java.TC0021_VerifyServicesOrderDetails"/>
  <testcase name="TestCustomerDetails" time="15.307" classname="com.NexusPortalAutomation.TestCases.Java.TC0010_VerifyCustomerDetails"/>
  <testcase name="VerifyDrillBacksGeneral" time="29.665" classname="com.NexusPortalAutomation.TestCases.Java.TC0018_VerifyDrillBacksGeneral"/>
  <testcase name="TestSearchAccount" time="32.796" classname="com.NexusPortalAutomation.TestCases.Java.TC0009_VerifyAccountSearch"/>
  <testcase name="TestBillingStatements" time="24.888" classname="com.NexusPortalAutomation.TestCases.Java.TC0017_StatementsValue"/>
  <testcase name="TestSearchbyLocationID" time="20.273" classname="com.NexusPortalAutomation.TestCases.Java.TC0008_VerifySignInbyLocationID"/>
  <testcase name="TestContactLogs" time="24.362" classname="com.NexusPortalAutomation.TestCases.Java.TC0015_VerifyContactLogs"/>
  <testcase name="VerifyBillingDetails" time="26.541" classname="com.NexusPortalAutomation.TestCases.Java.TC0016_VerifyBillingDetails"/>
  <testcase name="TestContactEdit" time="21.036" classname="com.NexusPortalAutomation.TestCases.Java.TC0013_VerifyContactEdit"/>
  <testcase name="TestSecondayContact" time="23.39" classname="com.NexusPortalAutomation.TestCases.Java.TC0014_VerifySecondaryContact"/>
  <testcase name="TestCreditStatus" time="26.157" classname="com.NexusPortalAutomation.TestCases.Java.TC0012_VerifyCreditStatus"/>
  <testcase name="TestSearchID" time="20.828" classname="com.NexusPortalAutomation.TestCases.Java.TC0001_VerifySignInbyID"/>
  <testcase name="VerifyActionServiceOrder" time="26.351" classname="com.NexusPortalAutomation.TestCases.Java.TC0022_VerifyAction_ServiceOrder"/>
  <testcase name="VerifyRecentWidget" time="27.624" classname="com.NexusPortalAutomation.TestCases.Java.TC0023_VerifyRecentWidget"/>
  <testcase name="TestSearchAutobyRecent" time="48.792" classname="com.NexusPortalAutomation.TestCases.Java.TC0004_TestSearchbyRecentFunction"/>
  <testcase name="TestSearchAutobyBookMark" time="24.392" classname="com.NexusPortalAutomation.TestCases.Java.TC0005_TestBookMarks"/>
  <testcase name="TestSearchAlertOnLoad" time="23.786" classname="com.NexusPortalAutomation.TestCases.Java.TC0006_TestAlertOnLoad"/>
  <testcase name="TestSummarySectionOnChange" time="25.828" classname="com.NexusPortalAutomation.TestCases.Java.TC0007_TestSummarySection"/>
  <testcase name="TestSearchAutobyFirstName" time="22.075" classname="com.NexusPortalAutomation.TestCases.Java.TC0002_TestSearchAutobyFirstName"/>
  <testcase name="TestSearchAutobyFirstName" time="36.501" classname="com.NexusPortalAutomation.TestCases.Java.TC0024_TestCustDetailSearch"/>
  <testcase name="TestSearchAutobyLastName" time="19.639" classname="com.NexusPortalAutomation.TestCases.Java.TC0003_TestSearchAutobyLastName"/>
</testsuite> <!-- NexusTest -->
