<?xml version="1.0" encoding="UTF-8"?>
<!-- Generated by org.testng.reporters.JUnitXMLReporter -->
<testsuite hostname="RND-BASE-A" ignored="0" name="NexusTest" tests="59" failures="12" timestamp="08 Nov 2019 16:06:40 GMT" time="1562.392" errors="0">
  <testcase name="TestBookMark" time="22.479" classname="com.NexusPortalAutomation.TestCases.Java.TC0011_VerifyBookMark"/>
  <testcase name="VerifyTransactionsSaperatebill_saperate" time="18.394" classname="com.NexusPortalAutomation.TestCases.Java.TC0016_1_VerifyBillingDetails_VerifyBillSaperately"/>
  <testcase name="verifyDrillbackTransactions" time="12.371" classname="com.NexusPortalAutomation.TestCases.Java.TC0019_verifyDrillbackTransactions"/>
  <testcase name="VerifyTransactionsSaperatebill_saperate" time="14.776" classname="com.NexusPortalAutomation.TestCases.Java.TC0042_1_Transactions_OrderbyAmount"/>
  <testcase name="TestDrillBackServices" time="12.567" classname="com.NexusPortalAutomation.TestCases.Java.TC0020_verifyDrillbackServices"/>
  <testcase name="VerifyTransactionsSaperatebill_saperate" time="14.647" classname="com.NexusPortalAutomation.TestCases.Java.TC0042_1_Transactions_OrderbyDueBilled"/>
  <testcase name="TestserviceOrderDetails" time="12.206" classname="com.NexusPortalAutomation.TestCases.Java.TC0021_VerifyservicesOrderDetails"/>
  <testcase name="VerifyTransactionsSaperatebill_saperate" time="15.326" classname="com.NexusPortalAutomation.TestCases.Java.TC0042_Transactions_OrderbyDate"/>
  <testcase name="TestCustomerDetails" time="11.845" classname="com.NexusPortalAutomation.TestCases.Java.TC0010_verifyCustDetails"/>
  <testcase name="VerifyBillingDetails_SPA" time="10.843" classname="com.NexusPortalAutomation.TestCases.Java.TC0016_1_VerifyBillingDetails_SPA"/>
  <testcase name="verifyDrillbacksGeneral" time="18.207" classname="com.NexusPortalAutomation.TestCases.Java.TC0018_verifyDrillbacksGeneral"/>
  <testcase name="VerifyAction_Transfers_Stack_TwoLocations_Scheduled_NotScheduled" time="56.265" classname="com.NexusPortalAutomation.TestCases.Java.TC0041_VerifyAction_Transfers_Stack_TwoLocations_Scheduled_NotScheduled">
    <failure type="java.lang.AssertionError" message="Order not submitted">
      <![CDATA[java.lang.AssertionError: Order not submitted
at com.NexusPortalAutomation.PageObjects.Java.DashBoard.verifySubmitMessage(DashBoard.java:666)
at com.NexusPortalAutomation.TestCases.Java.TC0041_VerifyAction_Transfers_Stack_TwoLocations_Scheduled_NotScheduled.VerifyAction_Transfers_Stack_TwoLocations_Scheduled_NotScheduled(TC0041_VerifyAction_Transfers_Stack_TwoLocations_Scheduled_NotScheduled.java:122)
... Removed 30 stack frames]]>
    </failure>
  </testcase> <!-- VerifyAction_Transfers_Stack_TwoLocations_Scheduled_NotScheduled -->
  <testcase name="TestCustomerDetails" time="10.09" classname="com.NexusPortalAutomation.TestCases.Java.TC0010_2_verifyCustDetails_Blank"/>
  <testcase name="VerifyBillingDetails" time="19.172" classname="com.NexusPortalAutomation.TestCases.Java.TC0016_1_VerifyBillingDetails_EBill"/>
  <testcase name="TestBillingStatements" time="10.821" classname="com.NexusPortalAutomation.TestCases.Java.TC0017_StatementsValue"/>
  <testcase name="VerifyAction_Transfers_Stack_TwoLocations_Scheduled_NotScheduled" time="54.968" classname="com.NexusPortalAutomation.TestCases.Java.TC0040_VerifyAction_Transfers_Stack_TwoLocations_Scheduled_NotScheduled">
    <failure type="java.lang.AssertionError" message="Order not submitted">
      <![CDATA[java.lang.AssertionError: Order not submitted
at com.NexusPortalAutomation.PageObjects.Java.DashBoard.verifySubmitMessage(DashBoard.java:666)
at com.NexusPortalAutomation.TestCases.Java.TC0040_VerifyAction_Transfers_Stack_TwoLocations_Scheduled_NotScheduled.VerifyAction_Transfers_Stack_TwoLocations_Scheduled_NotScheduled(TC0040_VerifyAction_Transfers_Stack_TwoLocations_Scheduled_NotScheduled.java:122)
... Removed 30 stack frames]]>
    </failure>
  </testcase> <!-- VerifyAction_Transfers_Stack_TwoLocations_Scheduled_NotScheduled -->
  <testcase name="TestCustomerDetails" time="10.636" classname="com.NexusPortalAutomation.TestCases.Java.TC0010_1_verifyCustDetails_Business"/>
  <testcase name="VerifyBillingDetails_budgetSPA" time="11.826" classname="com.NexusPortalAutomation.TestCases.Java.TC0016_1_VerifyBillingDetails_Budget_SPA"/>
  <testcase name="TestBillingStatements" time="9.774" classname="com.NexusPortalAutomation.TestCases.Java.TC0017_StatementsOrderByDate"/>
  <testcase name="VerifyAction_Transfers_Stack_TwoLocations_Scheduled_NotScheduled" time="54.735" classname="com.NexusPortalAutomation.TestCases.Java.TC0039_VerifyAction_Transfers_Stack_TwoLocations_Scheduled_NotScheduled">
    <failure type="java.lang.AssertionError" message="Order not submitted">
      <![CDATA[java.lang.AssertionError: Order not submitted
at com.NexusPortalAutomation.PageObjects.Java.DashBoard.verifySubmitMessage(DashBoard.java:666)
at com.NexusPortalAutomation.TestCases.Java.TC0039_VerifyAction_Transfers_Stack_TwoLocations_Scheduled_NotScheduled.VerifyAction_Transfers_Stack_TwoLocations_Scheduled_NotScheduled(TC0039_VerifyAction_Transfers_Stack_TwoLocations_Scheduled_NotScheduled.java:124)
... Removed 30 stack frames]]>
    </failure>
  </testcase> <!-- VerifyAction_Transfers_Stack_TwoLocations_Scheduled_NotScheduled -->
  <testcase name="TestSearchAccount" time="13.466" classname="com.NexusPortalAutomation.TestCases.Java.TC0009_VerifyAccountSearch"/>
  <testcase name="VerifyBillingDetails_Budget" time="11.515" classname="com.NexusPortalAutomation.TestCases.Java.TC0016_1_VerifyBillingDetails_Budget"/>
  <testcase name="VerifyBillingDetails" time="16.143" classname="com.NexusPortalAutomation.TestCases.Java.TC0016_VerifyBillingDetails_UsageGraph"/>
  <testcase name="TestSearchAccount" time="9.859" classname="com.NexusPortalAutomation.TestCases.Java.TC0009_1_VerifyAccountSearch_NoAccounts"/>
  <testcase name="VerifyBillingDetailsAutoPay" time="10.956" classname="com.NexusPortalAutomation.TestCases.Java.TC0016_1_VerifyBillingDetails_AutoPay"/>
  <testcase name="VerifyBillingDetails" time="15.982" classname="com.NexusPortalAutomation.TestCases.Java.TC0016_VerifyBillingDetails"/>
  <testcase name="TestSearchAccount" time="17.862" classname="com.NexusPortalAutomation.TestCases.Java.TC0009_1_VerifyAccountSearchRefresh"/>
  <testcase name="TestContactLogs" time="11.786" classname="com.NexusPortalAutomation.TestCases.Java.TC0015_VerifyContactLogs"/>
  <testcase name="TestSearchbylocationID" time="13.771" classname="com.NexusPortalAutomation.TestCases.Java.TC0008_VerifySignInbylocationID"/>
  <testcase name="TestContactEdit" time="17.278" classname="com.NexusPortalAutomation.TestCases.Java.TC0013_VerifyContactEdit"/>
  <testcase name="TestSecondayContact" time="9.571" classname="com.NexusPortalAutomation.TestCases.Java.TC0014_VerifySecondaryContact"/>
  <testcase name="TestCreditStatus" time="18.859" classname="com.NexusPortalAutomation.TestCases.Java.TC0012_verifyCreditStatusStatus"/>
  <testcase name="VerifySignInbyID" time="10.253" classname="com.NexusPortalAutomation.TestCases.Java.TC0001_VerifySignInbyID"/>
  <testcase name="VerifyActionServiceOrder" time="15.513" classname="com.NexusPortalAutomation.TestCases.Java.TC0022_VerifyAction_ServiceOrder"/>
  <testcase name="VerifyActionServiceOrder_Transfers_NotSchedule" time="30.953" classname="com.NexusPortalAutomation.TestCases.Java.TC0025_1_VerifyAction_Transfers_Scheduled_CurrentMoveinCustomer">
    <failure type="org.openqa.selenium.NoSuchElementException" message="no such element: Unable to locate element: {&amp;quot;method&amp;quot;:&amp;quot;css selector&amp;quot;,&amp;quot;selector&amp;quot;:&amp;quot;div.requiered-field&amp;quot;}
  (Session info: chrome=78.0.3904.87)
For documentation on this error, please visit: http://seleniumhq.org/exceptions/no_such_element.html
Build info: version: &amp;apos;3.14.0&amp;apos;, revision: &amp;apos;aacccce0&amp;apos;, time: &amp;apos;2018-08-02T20:19:58.91Z&amp;apos;
System info: host: &amp;apos;RND-BASE-A&amp;apos;, ip: &amp;apos;10.0.2.15&amp;apos;, os.name: &amp;apos;Windows Server 2012 R2&amp;apos;, os.arch: &amp;apos;amd64&amp;apos;, os.version: &amp;apos;6.3&amp;apos;, java.version: &amp;apos;1.8.0_201&amp;apos;
Driver info: org.openqa.selenium.chrome.ChromeDriver
Capabilities {acceptInsecureCerts: false, browserName: chrome, browserVersion: 78.0.3904.87, chrome: {chromedriverVersion: 78.0.3904.70 (edb9c9f3de024..., userDataDir: C:\Users\ADMINI~1\AppData\L...}, goog:chromeOptions: {debuggerAddress: localhost:52434}, javascriptEnabled: true, networkConnectionEnabled: false, pageLoadStrategy: normal, platform: XP, platformName: XP, proxy: Proxy(), setWindowRect: true, strictFileInteractability: false, timeouts: {implicit: 0, pageLoad: 300000, script: 30000}, unhandledPromptBehavior: dismiss and notify}
Session ID: 3cb1537d49e4a63b5826021ebf803175
*** Element info: {Using=css selector, value=div.requiered-field}">
      <![CDATA[org.openqa.selenium.NoSuchElementException: no such element: Unable to locate element: {"method":"css selector","selector":"div.requiered-field"}
  (Session info: chrome=78.0.3904.87)
For documentation on this error, please visit: http://seleniumhq.org/exceptions/no_such_element.html
Build info: version: '3.14.0', revision: 'aacccce0', time: '2018-08-02T20:19:58.91Z'
System info: host: 'RND-BASE-A', ip: '10.0.2.15', os.name: 'Windows Server 2012 R2', os.arch: 'amd64', os.version: '6.3', java.version: '1.8.0_201'
Driver info: org.openqa.selenium.chrome.ChromeDriver
Capabilities {acceptInsecureCerts: false, browserName: chrome, browserVersion: 78.0.3904.87, chrome: {chromedriverVersion: 78.0.3904.70 (edb9c9f3de024..., userDataDir: C:\Users\ADMINI~1\AppData\L...}, goog:chromeOptions: {debuggerAddress: localhost:52434}, javascriptEnabled: true, networkConnectionEnabled: false, pageLoadStrategy: normal, platform: XP, platformName: XP, proxy: Proxy(), setWindowRect: true, strictFileInteractability: false, timeouts: {implicit: 0, pageLoad: 300000, script: 30000}, unhandledPromptBehavior: dismiss and notify}
Session ID: 3cb1537d49e4a63b5826021ebf803175
*** Element info: {Using=css selector, value=div.requiered-field}
at org.openqa.selenium.remote.http.W3CHttpResponseCodec.createException(W3CHttpResponseCodec.java:187)
at org.openqa.selenium.remote.http.W3CHttpResponseCodec.decode(W3CHttpResponseCodec.java:122)
at org.openqa.selenium.remote.http.W3CHttpResponseCodec.decode(W3CHttpResponseCodec.java:49)
at org.openqa.selenium.remote.HttpCommandExecutor.execute(HttpCommandExecutor.java:158)
at org.openqa.selenium.remote.service.DriverCommandExecutor.execute(DriverCommandExecutor.java:83)
at org.openqa.selenium.remote.RemoteWebDriver.execute(RemoteWebDriver.java:548)
at org.openqa.selenium.remote.RemoteWebDriver.findElement(RemoteWebDriver.java:322)
at org.openqa.selenium.remote.RemoteWebDriver.findElementByCssSelector(RemoteWebDriver.java:416)
at org.openqa.selenium.By$ByCssSelector.findElement(By.java:431)
at org.openqa.selenium.remote.RemoteWebDriver.findElement(RemoteWebDriver.java:314)
at org.openqa.selenium.support.pagefactory.DefaultElementLocator.findElement(DefaultElementLocator.java:69)
at org.openqa.selenium.support.pagefactory.internal.LocatingElementHandler.invoke(LocatingElementHandler.java:38)
at com.sun.proxy.$Proxy7.getText(Unknown Source)
at com.NexusPortalAutomation.PageObjects.Java.Dashboard_Transfers.verifySamemoveinCustomer(Dashboard_Transfers.java:158)
at com.NexusPortalAutomation.TestCases.Java.TC0025_1_VerifyAction_Transfers_Scheduled_CurrentMoveinCustomer.VerifyActionServiceOrder_Transfers_NotSchedule(TC0025_1_VerifyAction_Transfers_Scheduled_CurrentMoveinCustomer.java:92)
... Removed 33 stack frames]]>
    </failure>
  </testcase> <!-- VerifyActionServiceOrder_Transfers_NotSchedule -->
  <testcase name="VerifyActionServiceOrder" time="30.813" classname="com.NexusPortalAutomation.TestCases.Java.TC0029_VerifyAction_Transfers_Scheduled"/>
  <testcase name="VerifyTransferActionServiceOrder" time="46.781" classname="com.NexusPortalAutomation.TestCases.Java.TC0050_VerifyMoveiinCustomerAppearing">
    <failure type="java.lang.AssertionError" message="Object Not Found Expected condition failed: waiting for visibility of Proxy element for: DefaultElementLocator &amp;apos;By.id: XFER_Button_Done&amp;apos; (tried for 20 second(s) with 500 milliseconds interval)">
      <![CDATA[java.lang.AssertionError: Object Not Found Expected condition failed: waiting for visibility of Proxy element for: DefaultElementLocator 'By.id: XFER_Button_Done' (tried for 20 second(s) with 500 milliseconds interval)
at com.NexusPortalAutomation.Utilities.Java.CommonMethods.waitForObject(CommonMethods.java:228)
at com.NexusPortalAutomation.PageObjects.Java.DashBoard.ClickElement(DashBoard.java:775)
at com.NexusPortalAutomation.PageObjects.Java.Dashboard_Transfers.clickDone(Dashboard_Transfers.java:279)
at com.NexusPortalAutomation.PageObjects.Java.Dashboard_Transfers.submitStartStopServiceTransferOrder(Dashboard_Transfers.java:458)
at com.NexusPortalAutomation.TestCases.Java.TC0050_VerifyMoveiinCustomerAppearing.VerifyTransferActionServiceOrder(TC0050_VerifyMoveiinCustomerAppearing.java:66)
... Removed 30 stack frames]]>
    </failure>
  </testcase> <!-- VerifyTransferActionServiceOrder -->
  <testcase name="VerifyRecentWidget" time="11.408" classname="com.NexusPortalAutomation.TestCases.Java.TC0023_VerifyRecentWidget"/>
  <testcase name="VerifyActionServiceOrder_Transfers_NotSchedule" time="23.504" classname="com.NexusPortalAutomation.TestCases.Java.TC0025_VerifyAction_Transfers_NotScheduled"/>
  <testcase name="VerifyTransferActionServiceOrder" time="27.032" classname="com.NexusPortalAutomation.TestCases.Java.TC0030_1_VerifyAction_Transfers_StartService_Scheduled_SameCustomerMovein">
    <failure type="org.openqa.selenium.NoSuchElementException" message="no such element: Unable to locate element: {&amp;quot;method&amp;quot;:&amp;quot;css selector&amp;quot;,&amp;quot;selector&amp;quot;:&amp;quot;div.requiered-field&amp;quot;}
  (Session info: chrome=78.0.3904.87)
For documentation on this error, please visit: http://seleniumhq.org/exceptions/no_such_element.html
Build info: version: &amp;apos;3.14.0&amp;apos;, revision: &amp;apos;aacccce0&amp;apos;, time: &amp;apos;2018-08-02T20:19:58.91Z&amp;apos;
System info: host: &amp;apos;RND-BASE-A&amp;apos;, ip: &amp;apos;10.0.2.15&amp;apos;, os.name: &amp;apos;Windows Server 2012 R2&amp;apos;, os.arch: &amp;apos;amd64&amp;apos;, os.version: &amp;apos;6.3&amp;apos;, java.version: &amp;apos;1.8.0_201&amp;apos;
Driver info: org.openqa.selenium.chrome.ChromeDriver
Capabilities {acceptInsecureCerts: false, browserName: chrome, browserVersion: 78.0.3904.87, chrome: {chromedriverVersion: 78.0.3904.70 (edb9c9f3de024..., userDataDir: C:\Users\ADMINI~1\AppData\L...}, goog:chromeOptions: {debuggerAddress: localhost:52716}, javascriptEnabled: true, networkConnectionEnabled: false, pageLoadStrategy: normal, platform: XP, platformName: XP, proxy: Proxy(), setWindowRect: true, strictFileInteractability: false, timeouts: {implicit: 0, pageLoad: 300000, script: 30000}, unhandledPromptBehavior: dismiss and notify}
Session ID: 6d51df66bf0a3c3dbcd19ed01aa2cc9a
*** Element info: {Using=css selector, value=div.requiered-field}">
      <![CDATA[org.openqa.selenium.NoSuchElementException: no such element: Unable to locate element: {"method":"css selector","selector":"div.requiered-field"}
  (Session info: chrome=78.0.3904.87)
For documentation on this error, please visit: http://seleniumhq.org/exceptions/no_such_element.html
Build info: version: '3.14.0', revision: 'aacccce0', time: '2018-08-02T20:19:58.91Z'
System info: host: 'RND-BASE-A', ip: '10.0.2.15', os.name: 'Windows Server 2012 R2', os.arch: 'amd64', os.version: '6.3', java.version: '1.8.0_201'
Driver info: org.openqa.selenium.chrome.ChromeDriver
Capabilities {acceptInsecureCerts: false, browserName: chrome, browserVersion: 78.0.3904.87, chrome: {chromedriverVersion: 78.0.3904.70 (edb9c9f3de024..., userDataDir: C:\Users\ADMINI~1\AppData\L...}, goog:chromeOptions: {debuggerAddress: localhost:52716}, javascriptEnabled: true, networkConnectionEnabled: false, pageLoadStrategy: normal, platform: XP, platformName: XP, proxy: Proxy(), setWindowRect: true, strictFileInteractability: false, timeouts: {implicit: 0, pageLoad: 300000, script: 30000}, unhandledPromptBehavior: dismiss and notify}
Session ID: 6d51df66bf0a3c3dbcd19ed01aa2cc9a
*** Element info: {Using=css selector, value=div.requiered-field}
at org.openqa.selenium.remote.http.W3CHttpResponseCodec.createException(W3CHttpResponseCodec.java:187)
at org.openqa.selenium.remote.http.W3CHttpResponseCodec.decode(W3CHttpResponseCodec.java:122)
at org.openqa.selenium.remote.http.W3CHttpResponseCodec.decode(W3CHttpResponseCodec.java:49)
at org.openqa.selenium.remote.HttpCommandExecutor.execute(HttpCommandExecutor.java:158)
at org.openqa.selenium.remote.service.DriverCommandExecutor.execute(DriverCommandExecutor.java:83)
at org.openqa.selenium.remote.RemoteWebDriver.execute(RemoteWebDriver.java:548)
at org.openqa.selenium.remote.RemoteWebDriver.findElement(RemoteWebDriver.java:322)
at org.openqa.selenium.remote.RemoteWebDriver.findElementByCssSelector(RemoteWebDriver.java:416)
at org.openqa.selenium.By$ByCssSelector.findElement(By.java:431)
at org.openqa.selenium.remote.RemoteWebDriver.findElement(RemoteWebDriver.java:314)
at org.openqa.selenium.support.pagefactory.DefaultElementLocator.findElement(DefaultElementLocator.java:69)
at org.openqa.selenium.support.pagefactory.internal.LocatingElementHandler.invoke(LocatingElementHandler.java:38)
at com.sun.proxy.$Proxy7.getText(Unknown Source)
at com.NexusPortalAutomation.PageObjects.Java.Dashboard_Transfers.verifySamemoveinCustomer(Dashboard_Transfers.java:158)
at com.NexusPortalAutomation.TestCases.Java.TC0030_1_VerifyAction_Transfers_StartService_Scheduled_SameCustomerMovein.VerifyTransferActionServiceOrder(TC0030_1_VerifyAction_Transfers_StartService_Scheduled_SameCustomerMovein.java:90)
... Removed 33 stack frames]]>
    </failure>
  </testcase> <!-- VerifyTransferActionServiceOrder -->
  <testcase name="VerifyTransferActionServiceOrder" time="45.197" classname="com.NexusPortalAutomation.TestCases.Java.TC0026_VerifyAction_Transfers_StartService_NotScheduled">
    <failure type="java.lang.AssertionError" message="Object Not Found Expected condition failed: waiting for visibility of Proxy element for: DefaultElementLocator &amp;apos;By.id: XFER_Button_Done&amp;apos; (tried for 20 second(s) with 500 milliseconds interval)">
      <![CDATA[java.lang.AssertionError: Object Not Found Expected condition failed: waiting for visibility of Proxy element for: DefaultElementLocator 'By.id: XFER_Button_Done' (tried for 20 second(s) with 500 milliseconds interval)
at com.NexusPortalAutomation.Utilities.Java.CommonMethods.waitForObject(CommonMethods.java:228)
at com.NexusPortalAutomation.PageObjects.Java.DashBoard.ClickElement(DashBoard.java:775)
at com.NexusPortalAutomation.PageObjects.Java.Dashboard_Transfers.clickDone(Dashboard_Transfers.java:279)
at com.NexusPortalAutomation.TestCases.Java.TC0026_VerifyAction_Transfers_StartService_NotScheduled.VerifyTransferActionServiceOrder(TC0026_VerifyAction_Transfers_StartService_NotScheduled.java:78)
... Removed 30 stack frames]]>
    </failure>
  </testcase> <!-- VerifyTransferActionServiceOrder -->
  <testcase name="VerifyTransferActionServiceOrder" time="46.796" classname="com.NexusPortalAutomation.TestCases.Java.TC0030_VerifyAction_Transfers_StartService_Scheduled">
    <failure type="java.lang.AssertionError" message="Object Not Found Expected condition failed: waiting for visibility of Proxy element for: DefaultElementLocator &amp;apos;By.id: XFER_Button_Done&amp;apos; (tried for 20 second(s) with 500 milliseconds interval)">
      <![CDATA[java.lang.AssertionError: Object Not Found Expected condition failed: waiting for visibility of Proxy element for: DefaultElementLocator 'By.id: XFER_Button_Done' (tried for 20 second(s) with 500 milliseconds interval)
at com.NexusPortalAutomation.Utilities.Java.CommonMethods.waitForObject(CommonMethods.java:228)
at com.NexusPortalAutomation.PageObjects.Java.DashBoard.ClickElement(DashBoard.java:775)
at com.NexusPortalAutomation.PageObjects.Java.Dashboard_Transfers.clickDone(Dashboard_Transfers.java:279)
at com.NexusPortalAutomation.PageObjects.Java.Dashboard_Transfers.submitStartStopServiceTransferOrder(Dashboard_Transfers.java:458)
at com.NexusPortalAutomation.TestCases.Java.TC0030_VerifyAction_Transfers_StartService_Scheduled.VerifyTransferActionServiceOrder(TC0030_VerifyAction_Transfers_StartService_Scheduled.java:78)
... Removed 30 stack frames]]>
    </failure>
  </testcase> <!-- VerifyTransferActionServiceOrder -->
  <testcase name="VerifyTransferActionServiceOrder" time="17.353" classname="com.NexusPortalAutomation.TestCases.Java.TC0027_VerifyAction_Transfers_StopService_NotScheduled"/>
  <testcase name="VerifyTransferActionServiceOrder" time="19.007" classname="com.NexusPortalAutomation.TestCases.Java.TC0031_VerifyAction_Transfers_StopService_Scheduled"/>
  <testcase name="VerifyTransferActionServiceOrder" time="46.377" classname="com.NexusPortalAutomation.TestCases.Java.TC0032_VerifyAction_Transfers_Stack_StopService_Scheduled"/>
  <testcase name="VerifyAction_Transfers_Stack_StartService_Scheduled" time="46.359" classname="com.NexusPortalAutomation.TestCases.Java.TC0033_VerifyAction_Transfers_Stack_StartService_Scheduled">
    <failure type="java.lang.AssertionError" message="Object Not Found Expected condition failed: waiting for visibility of Proxy element for: DefaultElementLocator &amp;apos;By.id: XFER_Button_Done&amp;apos; (tried for 20 second(s) with 500 milliseconds interval)">
      <![CDATA[java.lang.AssertionError: Object Not Found Expected condition failed: waiting for visibility of Proxy element for: DefaultElementLocator 'By.id: XFER_Button_Done' (tried for 20 second(s) with 500 milliseconds interval)
at com.NexusPortalAutomation.Utilities.Java.CommonMethods.waitForObject(CommonMethods.java:228)
at com.NexusPortalAutomation.PageObjects.Java.DashBoard.ClickElement(DashBoard.java:775)
at com.NexusPortalAutomation.PageObjects.Java.Dashboard_Transfers.clickDone(Dashboard_Transfers.java:279)
at com.NexusPortalAutomation.PageObjects.Java.Dashboard_Transfers.submitStartStopServiceTransferOrder(Dashboard_Transfers.java:458)
at com.NexusPortalAutomation.TestCases.Java.TC0033_VerifyAction_Transfers_Stack_StartService_Scheduled.VerifyAction_Transfers_Stack_StartService_Scheduled(TC0033_VerifyAction_Transfers_Stack_StartService_Scheduled.java:81)
... Removed 30 stack frames]]>
    </failure>
  </testcase> <!-- VerifyAction_Transfers_Stack_StartService_Scheduled -->
  <testcase name="VerifyAction_Transfers_Stack_TwoLocations" time="54.423" classname="com.NexusPortalAutomation.TestCases.Java.TC0034_VerifyAction_Transfers_Stack_TwoLocations">
    <failure type="java.lang.AssertionError" message="Order not submitted">
      <![CDATA[java.lang.AssertionError: Order not submitted
at com.NexusPortalAutomation.PageObjects.Java.DashBoard.verifySubmitMessage(DashBoard.java:666)
at com.NexusPortalAutomation.TestCases.Java.TC0034_VerifyAction_Transfers_Stack_TwoLocations.VerifyAction_Transfers_Stack_TwoLocations(TC0034_VerifyAction_Transfers_Stack_TwoLocations.java:126)
... Removed 30 stack frames]]>
    </failure>
  </testcase> <!-- VerifyAction_Transfers_Stack_TwoLocations -->
  <testcase name="VerifyAction_Transfers_StopService" time="45.658" classname="com.NexusPortalAutomation.TestCases.Java.TC0035_VerifyAction_Transfers_StopService"/>
  <testcase name="VerifyTransferActionServiceOrder" time="45.719" classname="com.NexusPortalAutomation.TestCases.Java.TC0036_VerifyAction_Transfers_StartService">
    <failure type="java.lang.AssertionError" message="Object Not Found Expected condition failed: waiting for visibility of Proxy element for: DefaultElementLocator &amp;apos;By.id: XFER_Button_Done&amp;apos; (tried for 20 second(s) with 500 milliseconds interval)">
      <![CDATA[java.lang.AssertionError: Object Not Found Expected condition failed: waiting for visibility of Proxy element for: DefaultElementLocator 'By.id: XFER_Button_Done' (tried for 20 second(s) with 500 milliseconds interval)
at com.NexusPortalAutomation.Utilities.Java.CommonMethods.waitForObject(CommonMethods.java:228)
at com.NexusPortalAutomation.PageObjects.Java.DashBoard.ClickElement(DashBoard.java:775)
at com.NexusPortalAutomation.PageObjects.Java.Dashboard_Transfers.clickDone(Dashboard_Transfers.java:279)
at com.NexusPortalAutomation.PageObjects.Java.Dashboard_Transfers.submitStartStopServiceTransferOrder(Dashboard_Transfers.java:458)
at com.NexusPortalAutomation.TestCases.Java.TC0036_VerifyAction_Transfers_StartService.VerifyTransferActionServiceOrder(TC0036_VerifyAction_Transfers_StartService.java:80)
... Removed 30 stack frames]]>
    </failure>
  </testcase> <!-- VerifyTransferActionServiceOrder -->
  <testcase name="VerifyAction_Transfers_Stack_TwoLocations_NotScheduled" time="53.937" classname="com.NexusPortalAutomation.TestCases.Java.TC0037_VerifyAction_Transfers_Stack_TwoLocations_NotScheduled">
    <failure type="java.lang.AssertionError" message="Order not submitted">
      <![CDATA[java.lang.AssertionError: Order not submitted
at com.NexusPortalAutomation.PageObjects.Java.DashBoard.verifySubmitMessage(DashBoard.java:666)
at com.NexusPortalAutomation.TestCases.Java.TC0037_VerifyAction_Transfers_Stack_TwoLocations_NotScheduled.VerifyAction_Transfers_Stack_TwoLocations_NotScheduled(TC0037_VerifyAction_Transfers_Stack_TwoLocations_NotScheduled.java:124)
... Removed 30 stack frames]]>
    </failure>
  </testcase> <!-- VerifyAction_Transfers_Stack_TwoLocations_NotScheduled -->
  <testcase name="TestSearchAutobyRecent" time="29.94" classname="com.NexusPortalAutomation.TestCases.Java.TC0004_TestSearchbyRecentFunction"/>
  <testcase name="TestSearchAutobyBookMark" time="11.306" classname="com.NexusPortalAutomation.TestCases.Java.TC0005_TestBookMarks"/>
  <testcase name="TestSummarySectionOnChange" time="13.824" classname="com.NexusPortalAutomation.TestCases.Java.TC0007_TestSummarySection"/>
  <testcase name="TestSearchAutobyFirstName" time="17.936" classname="com.NexusPortalAutomation.TestCases.Java.TC0024_TestCustDetailSearch"/>
  <testcase name="TestSearchAutobyFirstName" time="10.698" classname="com.NexusPortalAutomation.TestCases.Java.TC0028_TestEnhancedNotes"/>
  <testcase name="TestSearchAlertOnLoad" time="34.001" classname="com.NexusPortalAutomation.TestCases.Java.TC0006_1_TestAlertOnLoadOnce"/>
  <testcase name="TestSearchAlertOnLoad" time="10.8" classname="com.NexusPortalAutomation.TestCases.Java.TC0006_TestAlertOnLoad"/>
  <testcase name="TestSearchAutobyFirstName" time="10.653" classname="com.NexusPortalAutomation.TestCases.Java.TC0002_TestSearchAutobyFirstName"/>
  <testcase name="TestSearchAutobyLastName" time="10.659" classname="com.NexusPortalAutomation.TestCases.Java.TC0003_TestSearchAutobyLastName"/>
</testsuite> <!-- NexusTest -->
