<?xml version="1.0" encoding="UTF-8"?>
<!-- Generated by org.testng.reporters.JUnitXMLReporter -->
<testsuite hostname="RND-BASE-A" ignored="0" name="NexusTest" tests="15" failures="4" timestamp="12 Jun 2019 19:36:08 GMT" time="493.234" errors="0">
  <testcase name="TestSearchID" time="28.796" classname="com.NexusPortalAutomation.TestCases.Java.TC0001_VerifySignInbyID"/>
  <testcase name="TestSearchbyLocationID" time="30.242" classname="com.NexusPortalAutomation.TestCases.Java.TC0008_VerifySignInbyLocationID"/>
  <testcase name="TestSearchAccount" time="29.078" classname="com.NexusPortalAutomation.TestCases.Java.TC0009_VerifyAccountSearch"/>
  <testcase name="TestCustomerDetails" time="30.791" classname="com.NexusPortalAutomation.TestCases.Java.TC0010_VerifyCustomerDetails"/>
  <testcase name="TestCreditStatus" time="28.677" classname="com.NexusPortalAutomation.TestCases.Java.TC0012_VerifyCreditStatus"/>
  <testcase name="TestContactEdit" time="29.824" classname="com.NexusPortalAutomation.TestCases.Java.TC0013_VerifyContactEdit"/>
  <testcase name="TestSecondayContact" time="25.66" classname="com.NexusPortalAutomation.TestCases.Java.TC0014_VerifySecondaryContact"/>
  <testcase name="TestNotesSection" time="27.82" classname="com.NexusPortalAutomation.TestCases.Java.TC0015_VerifyContactLogs"/>
  <testcase name="TestBillingStatements" time="30.88" classname="com.NexusPortalAutomation.TestCases.Java.TC0017_StatementsValue"/>
  <testcase name="TestSearchAutobyRecent" time="41.703" classname="com.NexusPortalAutomation.TestCases.Java.TC0004_TestSearchbyRecentFunction"/>
  <testcase name="TestSearchAutobyBookMark" time="32.755" classname="com.NexusPortalAutomation.TestCases.Java.TC0005_TestSearchbyBookMarks"/>
  <testcase name="TestSearchAlertOnLoad" time="18.657" classname="com.NexusPortalAutomation.TestCases.Java.TC0006_TestAlertOnLoad">
    <failure type="java.lang.AssertionError" message="expected [Alert Test] but found [Mr. Alert Test]">
      <![CDATA[java.lang.AssertionError: expected [Alert Test] but found [Mr. Alert Test]
at com.NexusPortalAutomation.Utilities.Java.CommonMethods.VerifyString(CommonMethods.java:61)
at com.NexusPortalAutomation.TestCases.Java.TC0006_TestAlertOnLoad.TestSearchAlertOnLoad(TC0006_TestAlertOnLoad.java:37)
... Removed 35 stack frames]]>
    </failure>
  </testcase> <!-- TestSearchAlertOnLoad -->
  <testcase name="TestSummarySectionOnChange" time="19.352" classname="com.NexusPortalAutomation.TestCases.Java.TC0007_TestSummarySection">
    <failure type="java.lang.AssertionError" message="expected [Automation Mate] but found [Mr. Automation Mate]">
      <![CDATA[java.lang.AssertionError: expected [Automation Mate] but found [Mr. Automation Mate]
at com.NexusPortalAutomation.Utilities.Java.CommonMethods.VerifyString(CommonMethods.java:61)
at com.NexusPortalAutomation.TestCases.Java.TC0007_TestSummarySection.TestSummarySectionOnChange(TC0007_TestSummarySection.java:39)
... Removed 35 stack frames]]>
    </failure>
  </testcase> <!-- TestSummarySectionOnChange -->
  <testcase name="TestSearchAutobyFirstName" time="19.828" classname="com.NexusPortalAutomation.TestCases.Java.TC0002_TestSearchAutobyFirstName">
    <failure type="java.lang.AssertionError" message="expected [Automation Mate] but found [Mr. Automation Mate]">
      <![CDATA[java.lang.AssertionError: expected [Automation Mate] but found [Mr. Automation Mate]
at com.NexusPortalAutomation.Utilities.Java.CommonMethods.VerifyString(CommonMethods.java:61)
at com.NexusPortalAutomation.TestCases.Java.TC0002_TestSearchAutobyFirstName.TestSearchAutobyFirstName(TC0002_TestSearchAutobyFirstName.java:34)
... Removed 35 stack frames]]>
    </failure>
  </testcase> <!-- TestSearchAutobyFirstName -->
  <testcase name="TestSearchAutobyLastName" time="19.118" classname="com.NexusPortalAutomation.TestCases.Java.TC0003_TestSearchAutobyLastName">
    <failure type="java.lang.AssertionError" message="expected [Automation Mate] but found [Mr. Automation Mate]">
      <![CDATA[java.lang.AssertionError: expected [Automation Mate] but found [Mr. Automation Mate]
at com.NexusPortalAutomation.Utilities.Java.CommonMethods.VerifyString(CommonMethods.java:61)
at com.NexusPortalAutomation.TestCases.Java.TC0003_TestSearchAutobyLastName.TestSearchAutobyLastName(TC0003_TestSearchAutobyLastName.java:34)
... Removed 35 stack frames]]>
    </failure>
  </testcase> <!-- TestSearchAutobyLastName -->
</testsuite> <!-- NexusTest -->
