<?xml version="1.0" encoding="UTF-8"?>
<!-- Generated by org.testng.reporters.JUnitXMLReporter -->
<testsuite hostname="RND-BASE-A" ignored="0" name="NexusTest" tests="28" failures="0" timestamp="18 Jul 2019 19:23:40 GMT" time="875.609" errors="0">
  <testcase name="TestBookMark" time="42.694" classname="com.NexusPortalAutomation.TestCases.Java.TC0011_VerifyBookMark"/>
  <testcase name="VerifyDrillBackTransactions" time="24.513" classname="com.NexusPortalAutomation.TestCases.Java.TC0019_VerifyDrillBackTransactions"/>
  <testcase name="TestDrillBackServices" time="24.485" classname="com.NexusPortalAutomation.TestCases.Java.TC0020_VerifyDrillBackServices"/>
  <testcase name="TestServiceOrderDetails" time="24.071" classname="com.NexusPortalAutomation.TestCases.Java.TC0021_VerifyServicesOrderDetails"/>
  <testcase name="TestCustomerDetails" time="22.65" classname="com.NexusPortalAutomation.TestCases.Java.TC0010_VerifyCustomerDetails"/>
  <testcase name="VerifyDrillBacksGeneral" time="33.008" classname="com.NexusPortalAutomation.TestCases.Java.TC0018_VerifyDrillBacksGeneral"/>
  <testcase name="TestSearchAccount" time="25.257" classname="com.NexusPortalAutomation.TestCases.Java.TC0009_VerifyAccountSearch"/>
  <testcase name="TestBillingStatements" time="24.206" classname="com.NexusPortalAutomation.TestCases.Java.TC0017_StatementsValue"/>
  <testcase name="TestSearchbyLocationID" time="22.341" classname="com.NexusPortalAutomation.TestCases.Java.TC0008_VerifySignInbyLocationID"/>
  <testcase name="TestContactLogs" time="23.775" classname="com.NexusPortalAutomation.TestCases.Java.TC0015_VerifyContactLogs"/>
  <testcase name="VerifyBillingDetails" time="27.656" classname="com.NexusPortalAutomation.TestCases.Java.TC0016_VerifyBillingDetails"/>
  <testcase name="TestContactEdit" time="26.035" classname="com.NexusPortalAutomation.TestCases.Java.TC0013_VerifyContactEdit"/>
  <testcase name="TestSecondayContact" time="24.391" classname="com.NexusPortalAutomation.TestCases.Java.TC0014_VerifySecondaryContact"/>
  <testcase name="TestCreditStatus" time="20.898" classname="com.NexusPortalAutomation.TestCases.Java.TC0012_VerifyCreditStatus"/>
  <testcase name="TestSearchID" time="22.183" classname="com.NexusPortalAutomation.TestCases.Java.TC0001_VerifySignInbyID"/>
  <testcase name="VerifyActionServiceOrder" time="31.389" classname="com.NexusPortalAutomation.TestCases.Java.TC0022_VerifyAction_ServiceOrder"/>
  <testcase name="VerifyActionServiceOrder" time="43.255" classname="com.NexusPortalAutomation.TestCases.Java.TC0025_VerifyAction_Transfers"/>
  <testcase name="VerifyRecentWidget" time="22.656" classname="com.NexusPortalAutomation.TestCases.Java.TC0023_VerifyRecentWidget"/>
  <testcase name="VerifyActionServiceOrder" time="35.177" classname="com.NexusPortalAutomation.TestCases.Java.TC0026_VerifyAction_Transfers_StartService"/>
  <testcase name="VerifyActionServiceOrder" time="34.388" classname="com.NexusPortalAutomation.TestCases.Java.TC0027_VerifyAction_Transfers_StopService"/>
  <testcase name="TestSearchAutobyRecent" time="49.899" classname="com.NexusPortalAutomation.TestCases.Java.TC0004_TestSearchbyRecentFunction"/>
  <testcase name="TestSearchAutobyBookMark" time="23.009" classname="com.NexusPortalAutomation.TestCases.Java.TC0005_TestBookMarks"/>
  <testcase name="TestSummarySectionOnChange" time="26.367" classname="com.NexusPortalAutomation.TestCases.Java.TC0007_TestSummarySection"/>
  <testcase name="TestSearchAutobyFirstName" time="34.93" classname="com.NexusPortalAutomation.TestCases.Java.TC0024_TestCustDetailSearch"/>
  <testcase name="TestSearchAlertOnLoad" time="23.393" classname="com.NexusPortalAutomation.TestCases.Java.TC0006_TestAlertOnLoad"/>
  <testcase name="TestSearchAutobyFirstName" time="21.247" classname="com.NexusPortalAutomation.TestCases.Java.TC0002_TestSearchAutobyFirstName"/>
  <testcase name="TestSearchAutobyFirstName" time="22.218" classname="com.NexusPortalAutomation.TestCases.Java.TC0028_TestEnhancedNotes"/>
  <testcase name="TestSearchAutobyLastName" time="21.024" classname="com.NexusPortalAutomation.TestCases.Java.TC0003_TestSearchAutobyLastName"/>
</testsuite> <!-- NexusTest -->
