<?xml version="1.0" encoding="UTF-8"?>
<!-- Generated by org.testng.reporters.JUnitXMLReporter -->
<testsuite hostname="RND-BASE-A" ignored="0" name="NexusTest" tests="15" failures="1" timestamp="03 Jun 2019 12:31:03 GMT" time="685.178" errors="0">
  <testcase name="TestSearchID" time="37.14" classname="com.NexusPortalAutomation.TestCases.Java.TC0001_VerifySignInbyID"/>
  <testcase name="TestSearchbyLocationID" time="36.57" classname="com.NexusPortalAutomation.TestCases.Java.TC0008_VerifySignInbyLocationID"/>
  <testcase name="TestSearchAccount" time="35.914" classname="com.NexusPortalAutomation.TestCases.Java.TC0009_VerifyAccountSearch"/>
  <testcase name="TestCustomerDetails" time="40.019" classname="com.NexusPortalAutomation.TestCases.Java.TC0010_VerifyCustomerDetails"/>
  <testcase name="TestCreditStatus" time="37.321" classname="com.NexusPortalAutomation.TestCases.Java.TC0012_VerifyCreditStatus"/>
  <testcase name="TestContactEdit" time="42.438" classname="com.NexusPortalAutomation.TestCases.Java.TC0013_VerifyContactEdit"/>
  <testcase name="TestSecondayContact" time="37.582" classname="com.NexusPortalAutomation.TestCases.Java.TC0014_VerifySecondaryContact"/>
  <testcase name="TestNotesSection" time="29.617" classname="com.NexusPortalAutomation.TestCases.Java.TC0015_VerifyContactLogs"/>
  <testcase name="TestBillingStatements" time="29.831" classname="com.NexusPortalAutomation.TestCases.Java.TC0017_StatementsValue"/>
  <testcase name="TestSearchAutobyRecent" time="46.152" classname="com.NexusPortalAutomation.TestCases.Java.TC0004_TestSearchbyRecentFunction"/>
  <testcase name="TestSearchAutobyBookMark" time="46.921" classname="com.NexusPortalAutomation.TestCases.Java.TC0005_TestSearchbyBookMarks">
    <failure type="java.lang.AssertionError" message="expected [Mr. Talha Rahim] but found [Noel Ford]">
      <![CDATA[java.lang.AssertionError: expected [Mr. Talha Rahim] but found [Noel Ford]
at com.NexusPortalAutomation.Utilities.Java.CommonMethods.VerifyString(CommonMethods.java:61)
at com.NexusPortalAutomation.TestCases.Java.TC0005_TestSearchbyBookMarks.TestSearchAutobyBookMark(TC0005_TestSearchbyBookMarks.java:37)
... Removed 35 stack frames]]>
    </failure>
  </testcase> <!-- TestSearchAutobyBookMark -->
  <testcase name="TestSearchAlertOnLoad" time="50.277" classname="com.NexusPortalAutomation.TestCases.Java.TC0006_TestAlertOnLoad"/>
  <testcase name="TestSummarySectionOnChange" time="38.327" classname="com.NexusPortalAutomation.TestCases.Java.TC0007_TestSummarySection"/>
  <testcase name="TestSearchAutobyFirstName" time="54.53" classname="com.NexusPortalAutomation.TestCases.Java.TC0002_TestSearchAutobyFirstName"/>
  <testcase name="TestSearchAutobyLastName" time="55.269" classname="com.NexusPortalAutomation.TestCases.Java.TC0003_TestSearchAutobyLastName"/>
</testsuite> <!-- NexusTest -->
