<?xml version="1.0" encoding="UTF-8"?>
<testsuite xmlns:xsi="http://www.w3.org/2001/XMLSchema-instance" xsi:noNamespaceSchemaLocation="https://maven.apache.org/surefire/maven-surefire-plugin/xsd/surefire-test-report-3.0.xsd" version="3.0" name="TestSuite" time="683.244" tests="23" errors="0" skipped="0" failures="1">
  <properties>
[...]
</properties>
  <testcase name="TestBookMark" classname="com.NexusPortalAutomation.TestCases.Java.TC0011_VerifyBookMark" time="41.664"/>
  <testcase name="VerifyDrillBackTransactions" classname="com.NexusPortalAutomation.TestCases.Java.TC0019_VerifyDrillBackTransactions" time="23.974"/>
  <testcase name="TestDrillBackServices" classname="com.NexusPortalAutomation.TestCases.Java.TC0020_VerifyDrillBackServices" time="24.194"/>
  <testcase name="TestServiceOrderDetails" classname="com.NexusPortalAutomation.TestCases.Java.TC0021_VerifyServicesOrderDetails" time="24.446"/>
  <testcase name="TestCustomerDetails" classname="com.NexusPortalAutomation.TestCases.Java.TC0010_VerifyCustomerDetails" time="22.931"/>
  <testcase name="VerifyDrillBacksGeneral" classname="com.NexusPortalAutomation.TestCases.Java.TC0018_VerifyDrillBacksGeneral" time="23.196"/>
  <testcase name="TestSearchAccount" classname="com.NexusPortalAutomation.TestCases.Java.TC0009_VerifyAccountSearch" time="22.369"/>
  <testcase name="TestBillingStatements" classname="com.NexusPortalAutomation.TestCases.Java.TC0017_StatementsValue" time="23.124"/>
  <testcase name="TestSearchbyLocationID" classname="com.NexusPortalAutomation.TestCases.Java.TC0008_VerifySignInbyLocationID" time="22.323"/>
  <testcase name="TestContactLogs" classname="com.NexusPortalAutomation.TestCases.Java.TC0015_VerifyContactLogs" time="49.423">
    <failure message="Object Not Found expected [true] but found [false]" type="java.lang.AssertionError">java.lang.AssertionError: Object Not Found expected [true] but found [false]
	at com.NexusPortalAutomation.TestCases.Java.TC0015_VerifyContactLogs.TestContactLogs(TC0015_VerifyContactLogs.java:43)
</failure>
    <system-out><![CDATA[Test completed successfully- TestSearchbyLocationID
Closing Browser
Test Completed...
Launching Chrome
Browser Maximised
Test started- TestContactLogs
Angular Request Completed in 40ms
Element [[ChromeDriver: chrome on XP (9bba1869e474d0dbcf92ddbef77c8a3f)] -> id: kc-header-wrapper] displayed in 54ms
Login Page Title Verified
Element [[ChromeDriver: chrome on XP (9bba1869e474d0dbcf92ddbef77c8a3f)] -> id: username] displayed in 48ms
Element [[ChromeDriver: chrome on XP (9bba1869e474d0dbcf92ddbef77c8a3f)] -> id: password] displayed in 43ms
Element [[ChromeDriver: chrome on XP (9bba1869e474d0dbcf92ddbef77c8a3f)] -> id: kc-login] displayed in 51ms
Angular Request Completed in 30ms
User signed Admin
Enter Text for Search =LOC@0004
Element [[ChromeDriver: chrome on XP (9bba1869e474d0dbcf92ddbef77c8a3f)] -> id: SRCH_Input] displayed in 100ms
Angular request time 1053ms
Click Customer
Angular request time 2336ms
Angular request time 23ms
Element [[ChromeDriver: chrome on XP (9bba1869e474d0dbcf92ddbef77c8a3f)] -> id: 'LOC_Location_Id'] displayed in 44ms
get Text Text CustomerLocId
Angular request time 12ms
Customer Location Id found LOC@0004
Strings Matched: LOC@0004 = LOC@0004
Angular request time 13ms
]]></system-out>
    <system-err><![CDATA[Starting ChromeDriver 74.0.3729.6 (255758eccf3d244491b8a1317aa76e1ce10d57e9-refs/branch-heads/3729@{#29}) on port 25884
Only local connections are allowed.
Please protect ports used by ChromeDriver and related test frameworks to prevent access by malicious code.
[1562263960.665][WARNING]: This version of ChromeDriver has not been tested with Chrome version 75.
Jul 04, 2019 1:12:41 PM org.openqa.selenium.remote.ProtocolHandshake createSession
INFO: Detected dialect: OSS
]]></system-err>
  </testcase>
  <testcase name="VerifyBillingDetails" classname="com.NexusPortalAutomation.TestCases.Java.TC0016_VerifyBillingDetails" time="23.007"/>
  <testcase name="TestContactEdit" classname="com.NexusPortalAutomation.TestCases.Java.TC0013_VerifyContactEdit" time="25.776"/>
  <testcase name="TestSecondayContact" classname="com.NexusPortalAutomation.TestCases.Java.TC0014_VerifySecondaryContact" time="22.293"/>
  <testcase name="TestCreditStatus" classname="com.NexusPortalAutomation.TestCases.Java.TC0012_VerifyCreditStatus" time="22.475"/>
  <testcase name="TestSearchID" classname="com.NexusPortalAutomation.TestCases.Java.TC0001_VerifySignInbyID" time="19.879"/>
  <testcase name="VerifyActionServiceOrder" classname="com.NexusPortalAutomation.TestCases.Java.TC0022_VerifyAction_ServiceOrder" time="28.594"/>
  <testcase name="VerifyRecentWidget" classname="com.NexusPortalAutomation.TestCases.Java.TC0023_VerifyRecentWidget" time="22.855"/>
  <testcase name="TestSearchAutobyRecent" classname="com.NexusPortalAutomation.TestCases.Java.TC0004_TestSearchbyRecentFunction" time="47.903"/>
  <testcase name="TestSearchAutobyBookMark" classname="com.NexusPortalAutomation.TestCases.Java.TC0005_TestBookMarks" time="22.333"/>
  <testcase name="TestSearchAlertOnLoad" classname="com.NexusPortalAutomation.TestCases.Java.TC0006_TestAlertOnLoad" time="22.292"/>
  <testcase name="TestSummarySectionOnChange" classname="com.NexusPortalAutomation.TestCases.Java.TC0007_TestSummarySection" time="25.404"/>
  <testcase name="TestSearchAutobyFirstName" classname="com.NexusPortalAutomation.TestCases.Java.TC0002_TestSearchAutobyFirstName" time="18.463"/>
  <testcase name="TestSearchAutobyLastName" classname="com.NexusPortalAutomation.TestCases.Java.TC0003_TestSearchAutobyLastName" time="21.453"/>
</testsuite>