<?xml version="1.0" encoding="UTF-8"?>
<testsuite xmlns:xsi="http://www.w3.org/2001/XMLSchema-instance" xsi:noNamespaceSchemaLocation="https://maven.apache.org/surefire/maven-surefire-plugin/xsd/surefire-test-report-3.0.xsd" version="3.0" name="TestSuite" time="1,547.867" tests="37" errors="0" skipped="0" failures="1">
  <properties>
[...]
</properties>
  <testcase name="TestBookMark" classname="com.NexusPortalAutomation.TestCases.Java.TC0011_VerifyBookMark" time="47.604"/>
  <testcase name="VerifyDrillBackTransactions" classname="com.NexusPortalAutomation.TestCases.Java.TC0019_VerifyDrillBackTransactions" time="24.213"/>
  <testcase name="TestDrillBackServices" classname="com.NexusPortalAutomation.TestCases.Java.TC0020_VerifyDrillBackServices" time="21.262"/>
  <testcase name="TestServiceOrderDetails" classname="com.NexusPortalAutomation.TestCases.Java.TC0021_VerifyServicesOrderDetails" time="21.868"/>
  <testcase name="TestCustomerDetails" classname="com.NexusPortalAutomation.TestCases.Java.TC0010_VerifyCustomerDetails" time="22.228"/>
  <testcase name="VerifyDrillBacksGeneral" classname="com.NexusPortalAutomation.TestCases.Java.TC0018_VerifyDrillBacksGeneral" time="32.47"/>
  <testcase name="TestSearchAccount" classname="com.NexusPortalAutomation.TestCases.Java.TC0009_VerifyAccountSearch" time="28.245"/>
  <testcase name="TestBillingStatements" classname="com.NexusPortalAutomation.TestCases.Java.TC0017_StatementsValue" time="22.613"/>
  <testcase name="TestSearchbyLocationID" classname="com.NexusPortalAutomation.TestCases.Java.TC0008_VerifySignInbyLocationID" time="22.36"/>
  <testcase name="TestContactLogs" classname="com.NexusPortalAutomation.TestCases.Java.TC0015_VerifyContactLogs" time="18.911"/>
  <testcase name="VerifyBillingDetails" classname="com.NexusPortalAutomation.TestCases.Java.TC0016_VerifyBillingDetails" time="28.254"/>
  <testcase name="TestContactEdit" classname="com.NexusPortalAutomation.TestCases.Java.TC0013_VerifyContactEdit" time="33.633"/>
  <testcase name="TestSecondayContact" classname="com.NexusPortalAutomation.TestCases.Java.TC0014_VerifySecondaryContact" time="25.437"/>
  <testcase name="TestCreditStatus" classname="com.NexusPortalAutomation.TestCases.Java.TC0012_VerifyCreditStatus" time="85.225">
    <failure message="Object Not Found Expected condition failed: waiting for visibility of Proxy element for: DefaultElementLocator &apos;By.id: USR_Name&apos; (tried for 20 second(s) with 500 milliseconds interval)" type="java.lang.AssertionError">java.lang.AssertionError: Object Not Found Expected condition failed: waiting for visibility of Proxy element for: DefaultElementLocator 'By.id: USR_Name' (tried for 20 second(s) with 500 milliseconds interval)
	at com.NexusPortalAutomation.TestCases.Java.TC0012_VerifyCreditStatus.TestCreditStatus(TC0012_VerifyCreditStatus.java:56)
</failure>
    <system-out><![CDATA[Test completed successfully- TestSecondayContact
Closing Browser
Test Completed...
Launching Chrome
Browser Maximised
Test started- TestCreditStatus
Angular Request Completed in 23ms
Log in to Nexus View
Element [[ChromeDriver: chrome on XP (74f276102291a9683b5c3c7c46b71170)] -> id: username] displayed in 73ms
Login Page Title Verified
Element [[ChromeDriver: chrome on XP (74f276102291a9683b5c3c7c46b71170)] -> id: username] displayed in 25ms
Element [[ChromeDriver: chrome on XP (74f276102291a9683b5c3c7c46b71170)] -> id: password] displayed in 44ms
Element [[ChromeDriver: chrome on XP (74f276102291a9683b5c3c7c46b71170)] -> id: kc-login] displayed in 54ms
Angular Request Completed in 14ms
User signed Admin
Enter Text for Search =TESTLOCATION03
Element [[ChromeDriver: chrome on XP (74f276102291a9683b5c3c7c46b71170)] -> id: SRCH_Input] displayed in 60ms
Angular request time 1140ms
Click Customer
Angular request time 2436ms
Angular request time 13ms
Element [[ChromeDriver: chrome on XP (74f276102291a9683b5c3c7c46b71170)] -> id: 'LOC_Location_Id'] displayed in 59ms
get Text Text CustomerLocId
Angular request time 12ms
Customer Location Id found TESTLOCATION03
Strings Matched: TESTLOCATION03 = TESTLOCATION03
Verify Credit Status
Strings Matched: EXCELLEN = EXCELLEN
Angular request time 12ms
Angular request time 10ms
Angular request time 12ms
Element [[ChromeDriver: chrome on XP (74f276102291a9683b5c3c7c46b71170)] -> id: USR_Name] displayed in 65ms
Element [[ChromeDriver: chrome on XP (74f276102291a9683b5c3c7c46b71170)] -> id: USR_Name] displayed in 47ms
Angular request time 9ms
Click Logged User Link
Angular request time 19ms
Element [[ChromeDriver: chrome on XP (74f276102291a9683b5c3c7c46b71170)] -> id: ACTION_Logout] displayed in 65ms
Element [[ChromeDriver: chrome on XP (74f276102291a9683b5c3c7c46b71170)] -> id: ACTION_Logout] displayed in 68ms
Angular request time 24ms
Click LogOut Link
Angular request time 14ms
Angular request time 13ms
Angular Request Completed in 33ms
Log in to Nexus View
Element [[ChromeDriver: chrome on XP (74f276102291a9683b5c3c7c46b71170)] -> id: username] displayed in 58ms
Login Page Title Verified
Element [[ChromeDriver: chrome on XP (74f276102291a9683b5c3c7c46b71170)] -> id: username] displayed in 28ms
Element [[ChromeDriver: chrome on XP (74f276102291a9683b5c3c7c46b71170)] -> id: password] displayed in 55ms
Element [[ChromeDriver: chrome on XP (74f276102291a9683b5c3c7c46b71170)] -> id: kc-login] displayed in 60ms
Angular Request Completed in 17ms
User signed Admin
Enter Text for Search =LOC@0001
Element [[ChromeDriver: chrome on XP (74f276102291a9683b5c3c7c46b71170)] -> id: SRCH_Input] displayed in 53ms
Angular request time 1011ms
Click Customer
Angular request time 3691ms
Angular request time 12ms
Element [[ChromeDriver: chrome on XP (74f276102291a9683b5c3c7c46b71170)] -> id: 'LOC_Location_Id'] displayed in 46ms
get Text Text CustomerLocId
Angular request time 9ms
Customer Location Id found LOC@0001
Strings Matched: LOC@0001 = LOC@0001
Verify Credit Status
Strings Matched: BAD = BAD
Angular request time 10ms
Angular request time 13ms
Angular request time 9ms
Element [[ChromeDriver: chrome on XP (74f276102291a9683b5c3c7c46b71170)] -> id: USR_Name] displayed in 52ms
Element [[ChromeDriver: chrome on XP (74f276102291a9683b5c3c7c46b71170)] -> id: USR_Name] displayed in 47ms
Angular request time 23ms
Click Logged User Link
Angular request time 11ms
Element [[ChromeDriver: chrome on XP (74f276102291a9683b5c3c7c46b71170)] -> id: ACTION_Logout] displayed in 55ms
Element [[ChromeDriver: chrome on XP (74f276102291a9683b5c3c7c46b71170)] -> id: ACTION_Logout] displayed in 48ms
Angular request time 9ms
Click LogOut Link
Angular request time 8ms
Angular request time 11ms
Angular request time 7ms
no such element: Unable to locate element: {"method":"css selector","selector":".cdk\-overlay\-container"}
  (Session info: chrome=76.0.3809.100)
For documentation on this error, please visit: http://seleniumhq.org/exceptions/no_such_element.html
Build info: version: '3.14.0', revision: 'aacccce0', time: '2018-08-02T20:19:58.91Z'
System info: host: 'RND-BASE-A', ip: '192.168.1.102', os.name: 'Windows Server 2012 R2', os.arch: 'amd64', os.version: '6.3', java.version: '1.8.0_201'
Driver info: org.openqa.selenium.chrome.ChromeDriver
Capabilities {acceptInsecureCerts: false, browserName: chrome, browserVersion: 76.0.3809.100, chrome: {chromedriverVersion: 76.0.3809.126 (d80a294506b4..., userDataDir: C:\Users\ADMINI~1\AppData\L...}, goog:chromeOptions: {debuggerAddress: localhost:53333}, javascriptEnabled: true, networkConnectionEnabled: false, pageLoadStrategy: normal, platform: XP, platformName: XP, proxy: Proxy(), setWindowRect: true, strictFileInteractability: false, timeouts: {implicit: 0, pageLoad: 300000, script: 30000}, unhandledPromptBehavior: dismiss and notify}
Session ID: 74f276102291a9683b5c3c7c46b71170
*** Element info: {Using=class name, value=cdk-overlay-container}
Angular request time 8ms
]]></system-out>
    <system-err><![CDATA[Starting ChromeDriver 76.0.3809.126 (d80a294506b4c9d18015e755cee48f953ddc3f2f-refs/branch-heads/3809@{#1024}) on port 42061
Only local connections are allowed.
Please protect ports used by ChromeDriver and related test frameworks to prevent access by malicious code.
Aug 22, 2019 1:06:04 PM org.openqa.selenium.remote.ProtocolHandshake createSession
INFO: Detected dialect: W3C
]]></system-err>
  </testcase>
  <testcase name="TestSearchID" classname="com.NexusPortalAutomation.TestCases.Java.TC0001_VerifySignInbyID" time="23.115"/>
  <testcase name="VerifyActionServiceOrder" classname="com.NexusPortalAutomation.TestCases.Java.TC0022_VerifyAction_ServiceOrder" time="32.376"/>
  <testcase name="VerifyActionServiceOrder" classname="com.NexusPortalAutomation.TestCases.Java.TC0025_VerifyAction_Transfers_NotScheduled" time="37.999"/>
  <testcase name="VerifyActionServiceOrder" classname="com.NexusPortalAutomation.TestCases.Java.TC0029_VerifyAction_Transfers_Scheduled" time="61.155"/>
  <testcase name="VerifyRecentWidget" classname="com.NexusPortalAutomation.TestCases.Java.TC0023_VerifyRecentWidget" time="19.21"/>
  <testcase name="VerifyTransferActionServiceOrder" classname="com.NexusPortalAutomation.TestCases.Java.TC0026_VerifyAction_Transfers_StartService_NotScheduled" time="26.392"/>
  <testcase name="VerifyTransferActionServiceOrder" classname="com.NexusPortalAutomation.TestCases.Java.TC0030_VerifyAction_Transfers_StartService_Scheduled" time="41.794"/>
  <testcase name="VerifyTransferActionServiceOrder" classname="com.NexusPortalAutomation.TestCases.Java.TC0027_VerifyAction_Transfers_StopService_NotScheduled" time="35.252"/>
  <testcase name="VerifyTransferActionServiceOrder" classname="com.NexusPortalAutomation.TestCases.Java.TC0031_VerifyAction_Transfers_StopService_Scheduled" time="26.734"/>
  <testcase name="VerifyTransferActionServiceOrder" classname="com.NexusPortalAutomation.TestCases.Java.TC0032_VerifyAction_Transfers_Stack_StopService_Scheduled" time="71.994"/>
  <testcase name="VerifyTransferActionServiceOrder" classname="com.NexusPortalAutomation.TestCases.Java.TC0033_VerifyAction_Transfers_Stack_StartService_Scheduled" time="72.104"/>
  <testcase name="VerifyTransferActionServiceOrder" classname="com.NexusPortalAutomation.TestCases.Java.TC0034_VerifyAction_Transfers_Stack_TwoLocations" time="93.607"/>
  <testcase name="VerifyTransferActionServiceOrder" classname="com.NexusPortalAutomation.TestCases.Java.TC0035_VerifyAction_Transfers_StopService" time="56.444"/>
  <testcase name="VerifyTransferActionServiceOrder" classname="com.NexusPortalAutomation.TestCases.Java.TC0036_VerifyAction_Transfers_StartService" time="69.369"/>
  <testcase name="VerifyTransferActionServiceOrder" classname="com.NexusPortalAutomation.TestCases.Java.TC0037_VerifyAction_Transfers_Stack_TwoLocations_NotScheduled" time="85.523"/>
  <testcase name="TestSearchAutobyRecent" classname="com.NexusPortalAutomation.TestCases.Java.TC0004_TestSearchbyRecentFunction" time="46.852"/>
  <testcase name="TestSearchAutobyBookMark" classname="com.NexusPortalAutomation.TestCases.Java.TC0005_TestBookMarks" time="31.292"/>
  <testcase name="TestSummarySectionOnChange" classname="com.NexusPortalAutomation.TestCases.Java.TC0007_TestSummarySection" time="24.885"/>
  <testcase name="TestSearchAutobyFirstName" classname="com.NexusPortalAutomation.TestCases.Java.TC0024_TestCustDetailSearch" time="27.877"/>
  <testcase name="TestSearchAutobyFirstName" classname="com.NexusPortalAutomation.TestCases.Java.TC0028_TestEnhancedNotes" time="20.288"/>
  <testcase name="TestSearchAlertOnLoad" classname="com.NexusPortalAutomation.TestCases.Java.TC0006_TestAlertOnLoad" time="23.32"/>
  <testcase name="TestSearchAutobyFirstName" classname="com.NexusPortalAutomation.TestCases.Java.TC0002_TestSearchAutobyFirstName" time="29.111"/>
  <testcase name="TestSearchAutobyLastName" classname="com.NexusPortalAutomation.TestCases.Java.TC0003_TestSearchAutobyLastName" time="26.426"/>
</testsuite>