<?xml version="1.0" encoding="UTF-8"?>
<testsuite xmlns:xsi="http://www.w3.org/2001/XMLSchema-instance" xsi:noNamespaceSchemaLocation="https://maven.apache.org/surefire/maven-surefire-plugin/xsd/surefire-test-report-3.0.xsd" version="3.0" name="TestSuite" time="701.093" tests="21" errors="0" skipped="0" failures="3">
  <properties>
[...]
</properties>
  <testcase name="TestBookMark" classname="com.NexusPortalAutomation.TestCases.Java.TC0011_VerifyBookMark" time="48.355"/>
  <testcase name="VerifyDrillBackTransactions" classname="com.NexusPortalAutomation.TestCases.Java.TC0019_VerifyDrillBackTransactions" time="27.056"/>
  <testcase name="TestDrillBackServices" classname="com.NexusPortalAutomation.TestCases.Java.TC0020_VerifyDrillBackServices" time="28.578">
    <failure message="no such element: Unable to locate element: {&quot;method&quot;:&quot;id&quot;,&quot;selector&quot;:&quot;SODV_Drillback&quot;}&#10;  (Session info: chrome=75.0.3770.90)&#10;  (Driver info: chromedriver=74.0.3729.6 (255758eccf3d244491b8a1317aa76e1ce10d57e9-refs/branch-heads/3729@{#29}),platform=Windows NT 6.3.9600 x86_64) (WARNING: The server did not provide any stacktrace information)&#10;Command duration or timeout: 0 milliseconds&#10;For documentation on this error, please visit: http://seleniumhq.org/exceptions/no_such_element.html&#10;Build info: version: &apos;3.14.0&apos;, revision: &apos;aacccce0&apos;, time: &apos;2018-08-02T20:19:58.91Z&apos;&#10;System info: host: &apos;RND-BASE-A&apos;, ip: &apos;10.14.13.250&apos;, os.name: &apos;Windows Server 2012 R2&apos;, os.arch: &apos;amd64&apos;, os.version: &apos;6.3&apos;, java.version: &apos;1.8.0_201&apos;&#10;Driver info: org.openqa.selenium.chrome.ChromeDriver&#10;Capabilities {acceptInsecureCerts: false, acceptSslCerts: false, applicationCacheEnabled: false, browserConnectionEnabled: false, browserName: chrome, chrome: {chromedriverVersion: 74.0.3729.6 (255758eccf3d24..., userDataDir: C:\Users\ADMINI~1\AppData\L...}, cssSelectorsEnabled: true, databaseEnabled: false, goog:chromeOptions: {debuggerAddress: localhost:50034}, handlesAlerts: true, hasTouchScreen: false, javascriptEnabled: true, locationContextEnabled: true, mobileEmulationEnabled: false, nativeEvents: true, networkConnectionEnabled: false, pageLoadStrategy: normal, platform: XP, platformName: XP, proxy: Proxy(), rotatable: false, setWindowRect: true, strictFileInteractability: false, takesHeapSnapshot: true, takesScreenshot: true, timeouts: {implicit: 0, pageLoad: 300000, script: 30000}, unexpectedAlertBehaviour: ignore, unhandledPromptBehavior: ignore, version: 75.0.3770.90, webStorageEnabled: true}&#10;Session ID: db4627c0fedb5431ebc1c881744e76cc&#10;*** Element info: {Using=id, value=SODV_Drillback}" type="org.openqa.selenium.NoSuchElementException">org.openqa.selenium.NoSuchElementException: 
no such element: Unable to locate element: {"method":"id","selector":"SODV_Drillback"}
  (Session info: chrome=75.0.3770.90)
  (Driver info: chromedriver=74.0.3729.6 (255758eccf3d244491b8a1317aa76e1ce10d57e9-refs/branch-heads/3729@{#29}),platform=Windows NT 6.3.9600 x86_64) (WARNING: The server did not provide any stacktrace information)
Command duration or timeout: 0 milliseconds
For documentation on this error, please visit: http://seleniumhq.org/exceptions/no_such_element.html
Build info: version: '3.14.0', revision: 'aacccce0', time: '2018-08-02T20:19:58.91Z'
System info: host: 'RND-BASE-A', ip: '10.14.13.250', os.name: 'Windows Server 2012 R2', os.arch: 'amd64', os.version: '6.3', java.version: '1.8.0_201'
Driver info: org.openqa.selenium.chrome.ChromeDriver
Capabilities {acceptInsecureCerts: false, acceptSslCerts: false, applicationCacheEnabled: false, browserConnectionEnabled: false, browserName: chrome, chrome: {chromedriverVersion: 74.0.3729.6 (255758eccf3d24..., userDataDir: C:\Users\ADMINI~1\AppData\L...}, cssSelectorsEnabled: true, databaseEnabled: false, goog:chromeOptions: {debuggerAddress: localhost:50034}, handlesAlerts: true, hasTouchScreen: false, javascriptEnabled: true, locationContextEnabled: true, mobileEmulationEnabled: false, nativeEvents: true, networkConnectionEnabled: false, pageLoadStrategy: normal, platform: XP, platformName: XP, proxy: Proxy(), rotatable: false, setWindowRect: true, strictFileInteractability: false, takesHeapSnapshot: true, takesScreenshot: true, timeouts: {implicit: 0, pageLoad: 300000, script: 30000}, unexpectedAlertBehaviour: ignore, unhandledPromptBehavior: ignore, version: 75.0.3770.90, webStorageEnabled: true}
Session ID: db4627c0fedb5431ebc1c881744e76cc
*** Element info: {Using=id, value=SODV_Drillback}
	at com.NexusPortalAutomation.TestCases.Java.TC0020_VerifyDrillBackServices.TestDrillBackServices(TC0020_VerifyDrillBackServices.java:41)
</failure>
    <system-out><![CDATA[Test completed successfully- VerifyDrillBackTransactions
Closing Browser
Test Completed...
Launching Chrome
Browser Maximised
Test started- TestDrillBackServices
Angular Request Completed in 26ms
Element [[ChromeDriver: chrome on XP (db4627c0fedb5431ebc1c881744e76cc)] -> xpath: //div[@class='login-title']] displayed in 82ms
Sign in Page Title Verified
Element [[ChromeDriver: chrome on XP (db4627c0fedb5431ebc1c881744e76cc)] -> xpath: //input[@id='mat-input-0']] displayed in 48ms
Element [[ChromeDriver: chrome on XP (db4627c0fedb5431ebc1c881744e76cc)] -> xpath: //input[@id='mat-input-1']] displayed in 54ms
Element [[ChromeDriver: chrome on XP (db4627c0fedb5431ebc1c881744e76cc)] -> xpath: //span[@class='label ng-star-inserted']] displayed in 49ms
Angular Request Completed in 30ms
User signed Admin
Enter Text for Search =LOC@0001
Element [[ChromeDriver: chrome on XP (db4627c0fedb5431ebc1c881744e76cc)] -> id: SRCH_Input] displayed in 56ms
Angular request time 938ms
Click Customer
Angular request time 2118ms
Angular request time 348ms
Customer Location Id found LOC@0001
Strings Matched: LOC@0001 = LOC@0001
Element [[ChromeDriver: chrome on XP (db4627c0fedb5431ebc1c881744e76cc)] -> css selector: #mat-tab-label-0-2 > div] displayed in 36ms
Click Service Order Link
Angular request time 849ms
]]></system-out>
    <system-err><![CDATA[Starting ChromeDriver 74.0.3729.6 (255758eccf3d244491b8a1317aa76e1ce10d57e9-refs/branch-heads/3729@{#29}) on port 21577
Only local connections are allowed.
Please protect ports used by ChromeDriver and related test frameworks to prevent access by malicious code.
[1560948964.174][WARNING]: This version of ChromeDriver has not been tested with Chrome version 75.
Jun 19, 2019 7:56:05 AM org.openqa.selenium.remote.ProtocolHandshake createSession
INFO: Detected dialect: OSS
]]></system-err>
  </testcase>
  <testcase name="TestServiceOrderDetails" classname="com.NexusPortalAutomation.TestCases.Java.TC0021_VerifyServicesOrderDetails" time="27.344">
    <failure message="no such element: Unable to locate element: {&quot;method&quot;:&quot;id&quot;,&quot;selector&quot;:&quot;SOLV_Service_Order_1_Request_Id&quot;}&#10;  (Session info: chrome=75.0.3770.90)&#10;  (Driver info: chromedriver=74.0.3729.6 (255758eccf3d244491b8a1317aa76e1ce10d57e9-refs/branch-heads/3729@{#29}),platform=Windows NT 6.3.9600 x86_64) (WARNING: The server did not provide any stacktrace information)&#10;Command duration or timeout: 0 milliseconds&#10;For documentation on this error, please visit: http://seleniumhq.org/exceptions/no_such_element.html&#10;Build info: version: &apos;3.14.0&apos;, revision: &apos;aacccce0&apos;, time: &apos;2018-08-02T20:19:58.91Z&apos;&#10;System info: host: &apos;RND-BASE-A&apos;, ip: &apos;10.14.13.250&apos;, os.name: &apos;Windows Server 2012 R2&apos;, os.arch: &apos;amd64&apos;, os.version: &apos;6.3&apos;, java.version: &apos;1.8.0_201&apos;&#10;Driver info: org.openqa.selenium.chrome.ChromeDriver&#10;Capabilities {acceptInsecureCerts: false, acceptSslCerts: false, applicationCacheEnabled: false, browserConnectionEnabled: false, browserName: chrome, chrome: {chromedriverVersion: 74.0.3729.6 (255758eccf3d24..., userDataDir: C:\Users\ADMINI~1\AppData\L...}, cssSelectorsEnabled: true, databaseEnabled: false, goog:chromeOptions: {debuggerAddress: localhost:50218}, handlesAlerts: true, hasTouchScreen: false, javascriptEnabled: true, locationContextEnabled: true, mobileEmulationEnabled: false, nativeEvents: true, networkConnectionEnabled: false, pageLoadStrategy: normal, platform: XP, platformName: XP, proxy: Proxy(), rotatable: false, setWindowRect: true, strictFileInteractability: false, takesHeapSnapshot: true, takesScreenshot: true, timeouts: {implicit: 0, pageLoad: 300000, script: 30000}, unexpectedAlertBehaviour: ignore, unhandledPromptBehavior: ignore, version: 75.0.3770.90, webStorageEnabled: true}&#10;Session ID: b3f974701ed2411349b5a1c9fa5213ac&#10;*** Element info: {Using=id, value=SOLV_Service_Order_1_Request_Id}" type="org.openqa.selenium.NoSuchElementException">org.openqa.selenium.NoSuchElementException: 
no such element: Unable to locate element: {"method":"id","selector":"SOLV_Service_Order_1_Request_Id"}
  (Session info: chrome=75.0.3770.90)
  (Driver info: chromedriver=74.0.3729.6 (255758eccf3d244491b8a1317aa76e1ce10d57e9-refs/branch-heads/3729@{#29}),platform=Windows NT 6.3.9600 x86_64) (WARNING: The server did not provide any stacktrace information)
Command duration or timeout: 0 milliseconds
For documentation on this error, please visit: http://seleniumhq.org/exceptions/no_such_element.html
Build info: version: '3.14.0', revision: 'aacccce0', time: '2018-08-02T20:19:58.91Z'
System info: host: 'RND-BASE-A', ip: '10.14.13.250', os.name: 'Windows Server 2012 R2', os.arch: 'amd64', os.version: '6.3', java.version: '1.8.0_201'
Driver info: org.openqa.selenium.chrome.ChromeDriver
Capabilities {acceptInsecureCerts: false, acceptSslCerts: false, applicationCacheEnabled: false, browserConnectionEnabled: false, browserName: chrome, chrome: {chromedriverVersion: 74.0.3729.6 (255758eccf3d24..., userDataDir: C:\Users\ADMINI~1\AppData\L...}, cssSelectorsEnabled: true, databaseEnabled: false, goog:chromeOptions: {debuggerAddress: localhost:50218}, handlesAlerts: true, hasTouchScreen: false, javascriptEnabled: true, locationContextEnabled: true, mobileEmulationEnabled: false, nativeEvents: true, networkConnectionEnabled: false, pageLoadStrategy: normal, platform: XP, platformName: XP, proxy: Proxy(), rotatable: false, setWindowRect: true, strictFileInteractability: false, takesHeapSnapshot: true, takesScreenshot: true, timeouts: {implicit: 0, pageLoad: 300000, script: 30000}, unexpectedAlertBehaviour: ignore, unhandledPromptBehavior: ignore, version: 75.0.3770.90, webStorageEnabled: true}
Session ID: b3f974701ed2411349b5a1c9fa5213ac
*** Element info: {Using=id, value=SOLV_Service_Order_1_Request_Id}
	at com.NexusPortalAutomation.TestCases.Java.TC0021_VerifyServicesOrderDetails.TestServiceOrderDetails(TC0021_VerifyServicesOrderDetails.java:57)
</failure>
    <system-out><![CDATA[***** Error TestDrillBackServices test has failed *****
Closing Browser
Test Completed...
Launching Chrome
Browser Maximised
Test started- TestServiceOrderDetails
Angular Request Completed in 153ms
Element [[ChromeDriver: chrome on XP (b3f974701ed2411349b5a1c9fa5213ac)] -> xpath: //div[@class='login-title']] displayed in 74ms
Sign in Page Title Verified
Element [[ChromeDriver: chrome on XP (b3f974701ed2411349b5a1c9fa5213ac)] -> xpath: //input[@id='mat-input-0']] displayed in 59ms
Element [[ChromeDriver: chrome on XP (b3f974701ed2411349b5a1c9fa5213ac)] -> xpath: //input[@id='mat-input-1']] displayed in 38ms
Element [[ChromeDriver: chrome on XP (b3f974701ed2411349b5a1c9fa5213ac)] -> xpath: //span[@class='label ng-star-inserted']] displayed in 39ms
Angular Request Completed in 47ms
User signed Admin
Enter Text for Search =LOC@0001
Element [[ChromeDriver: chrome on XP (b3f974701ed2411349b5a1c9fa5213ac)] -> id: SRCH_Input] displayed in 128ms
Angular request time 962ms
Click Customer
Angular request time 2304ms
Angular request time 351ms
Customer Location Id found LOC@0001
Strings Matched: LOC@0001 = LOC@0001
Element [[ChromeDriver: chrome on XP (b3f974701ed2411349b5a1c9fa5213ac)] -> css selector: #mat-tab-label-0-2 > div] displayed in 40ms
Click Service Order Link
Angular request time 839ms
Element [[ChromeDriver: chrome on XP (b3f974701ed2411349b5a1c9fa5213ac)] -> id: SOLV_Select_Date_Range] displayed in 43ms
Click Date Drop Down
Angular request time 11ms
Date Drop Down Clicked
Element [[ChromeDriver: chrome on XP (b3f974701ed2411349b5a1c9fa5213ac)] -> id: SOLV_Select_Date_Range_Option_4] displayed in 55ms
Click Any Time
Angular request time 14ms
All time date selected
Angular request time 8ms
Angular request time 11ms
Verifying Service Order Details using HashMap
]]></system-out>
    <system-err><![CDATA[Starting ChromeDriver 74.0.3729.6 (255758eccf3d244491b8a1317aa76e1ce10d57e9-refs/branch-heads/3729@{#29}) on port 45103
Only local connections are allowed.
Please protect ports used by ChromeDriver and related test frameworks to prevent access by malicious code.
[1560948999.301][WARNING]: This version of ChromeDriver has not been tested with Chrome version 75.
Jun 19, 2019 7:56:40 AM org.openqa.selenium.remote.ProtocolHandshake createSession
INFO: Detected dialect: OSS
]]></system-err>
  </testcase>
  <testcase name="TestCustomerDetails" classname="com.NexusPortalAutomation.TestCases.Java.TC0010_VerifyCustomerDetails" time="22.889"/>
  <testcase name="VerifyDrillBacksGeneral" classname="com.NexusPortalAutomation.TestCases.Java.TC0018_VerifyDrillBacksGeneral" time="15.634">
    <failure message="expected [cogsdrillback://DGPB/?Db=SQL_2017&amp;Srv=RND-BASE-A&amp;Cmp=TWO&amp;Bug reported] but found [null]" type="java.lang.AssertionError"><![CDATA[java.lang.AssertionError: expected [cogsdrillback://DGPB/?Db=SQL_2017&Srv=RND-BASE-A&Cmp=TWO&Bug reported] but found [null]
	at com.NexusPortalAutomation.TestCases.Java.TC0018_VerifyDrillBacksGeneral.VerifyDrillBacksGeneral(TC0018_VerifyDrillBacksGeneral.java:88)
]]></failure>
    <system-out><![CDATA[Test completed successfully- TestCustomerDetails
Closing Browser
Test Completed...
Launching Chrome
Browser Maximised
Test started- VerifyDrillBacksGeneral
Angular Request Completed in 22ms
Element [[ChromeDriver: chrome on XP (a8f92c1f6c1f75177b9e6c034040bc7e)] -> xpath: //div[@class='login-title']] displayed in 53ms
Sign in Page Title Verified
Element [[ChromeDriver: chrome on XP (a8f92c1f6c1f75177b9e6c034040bc7e)] -> xpath: //input[@id='mat-input-0']] displayed in 126ms
Element [[ChromeDriver: chrome on XP (a8f92c1f6c1f75177b9e6c034040bc7e)] -> xpath: //input[@id='mat-input-1']] displayed in 43ms
Element [[ChromeDriver: chrome on XP (a8f92c1f6c1f75177b9e6c034040bc7e)] -> xpath: //span[@class='label ng-star-inserted']] displayed in 44ms
Angular Request Completed in 15ms
User signed Admin
Enter Text for Search =LOC@0004
Element [[ChromeDriver: chrome on XP (a8f92c1f6c1f75177b9e6c034040bc7e)] -> id: SRCH_Input] displayed in 72ms
Angular request time 1076ms
Click Customer
Angular request time 2154ms
Angular request time 10ms
Customer Location Id found LOC@0004
Strings Matched: LOC@0004 = LOC@0004
Element [[ChromeDriver: chrome on XP (a8f92c1f6c1f75177b9e6c034040bc7e)] -> id: ACTION_DRILLBACK] displayed in 42ms
Strings Matched: cogsdrillback://DGPB/?Db=SQL_2017&Srv=RND-BASE-A&Cmp=TWO&Prod=229&Act=OPEN&Func=CustomerMaintenance&CustomerID=0000011111&LocationID=LOC@0004&CogsDrillback=1 = cogsdrillback://DGPB/?Db=SQL_2017&Srv=RND-BASE-A&Cmp=TWO&Prod=229&Act=OPEN&Func=CustomerMaintenance&CustomerID=0000011111&LocationID=LOC@0004&CogsDrillback=1
Element [[ChromeDriver: chrome on XP (a8f92c1f6c1f75177b9e6c034040bc7e)] -> id: SCUST_Drillback] displayed in 67ms
Strings Not Matched: cogsdrillback://DGPB/?Db=SQL_2017&Srv=RND-BASE-A&Cmp=TWO&Bug reported != null
]]></system-out>
    <system-err><![CDATA[Starting ChromeDriver 74.0.3729.6 (255758eccf3d244491b8a1317aa76e1ce10d57e9-refs/branch-heads/3729@{#29}) on port 1982
Only local connections are allowed.
Please protect ports used by ChromeDriver and related test frameworks to prevent access by malicious code.
[1560949061.248][WARNING]: This version of ChromeDriver has not been tested with Chrome version 75.
Jun 19, 2019 7:57:42 AM org.openqa.selenium.remote.ProtocolHandshake createSession
INFO: Detected dialect: OSS
]]></system-err>
  </testcase>
  <testcase name="TestSearchAccount" classname="com.NexusPortalAutomation.TestCases.Java.TC0009_VerifyAccountSearch" time="25.633"/>
  <testcase name="TestBillingStatements" classname="com.NexusPortalAutomation.TestCases.Java.TC0017_StatementsValue" time="28.162"/>
  <testcase name="TestSearchbyLocationID" classname="com.NexusPortalAutomation.TestCases.Java.TC0008_VerifySignInbyLocationID" time="26.911"/>
  <testcase name="TestContactLogs" classname="com.NexusPortalAutomation.TestCases.Java.TC0015_VerifyContactLogs" time="25.465"/>
  <testcase name="VerifyBillingDetails" classname="com.NexusPortalAutomation.TestCases.Java.TC0016_VerifyBillingDetails" time="34.778"/>
  <testcase name="TestContactEdit" classname="com.NexusPortalAutomation.TestCases.Java.TC0013_VerifyContactEdit" time="28.174"/>
  <testcase name="TestSecondayContact" classname="com.NexusPortalAutomation.TestCases.Java.TC0014_VerifySecondaryContact" time="26.502"/>
  <testcase name="TestCreditStatus" classname="com.NexusPortalAutomation.TestCases.Java.TC0012_VerifyCreditStatus" time="23.578"/>
  <testcase name="TestSearchID" classname="com.NexusPortalAutomation.TestCases.Java.TC0001_VerifySignInbyID" time="25.538"/>
  <testcase name="TestSearchAutobyRecent" classname="com.NexusPortalAutomation.TestCases.Java.TC0004_TestSearchbyRecentFunction" time="35.109"/>
  <testcase name="TestSearchAutobyBookMark" classname="com.NexusPortalAutomation.TestCases.Java.TC0005_TestBookMarks" time="29.109"/>
  <testcase name="TestSearchAlertOnLoad" classname="com.NexusPortalAutomation.TestCases.Java.TC0006_TestAlertOnLoad" time="27.191"/>
  <testcase name="TestSummarySectionOnChange" classname="com.NexusPortalAutomation.TestCases.Java.TC0007_TestSummarySection" time="32.625"/>
  <testcase name="TestSearchAutobyFirstName" classname="com.NexusPortalAutomation.TestCases.Java.TC0002_TestSearchAutobyFirstName" time="29.321"/>
  <testcase name="TestSearchAutobyLastName" classname="com.NexusPortalAutomation.TestCases.Java.TC0003_TestSearchAutobyLastName" time="27.941"/>
</testsuite>