-------------------------------------------------------------------------------
Test set: TestSuite
-------------------------------------------------------------------------------
Tests run: 50, Failures: 1, Errors: 0, Skipped: 0, Time elapsed: 2,609.638 s <<< FAILURE! - in TestSuite
VerifyAction_Transfers_StopService(com.NexusPortalAutomation.TestCases.Java.TC0035_VerifyAction_Transfers_StopService)  Time elapsed: 81.647 s  <<< FAILURE!
java.lang.AssertionError: Actual Value 'Mr. Movein Cus (Moveincus2)' not Matched the expected value 'Mr. Automation Mate (0000011111)' 
	at com.NexusPortalAutomation.TestCases.Java.TC0035_VerifyAction_Transfers_StopService.VerifyAction_Transfers_StopService(TC0035_VerifyAction_Transfers_StopService.java:123)

