-------------------------------------------------------------------------------
Test set: TestSuite
-------------------------------------------------------------------------------
Tests run: 23, Failures: 1, Errors: 0, Skipped: 0, Time elapsed: 724.247 s <<< FAILURE! - in TestSuite
TestSearchAccount(com.NexusPortalAutomation.TestCases.Java.TC0009_VerifyAccountSearch)  Time elapsed: 21.625 s  <<< FAILURE!
java.lang.AssertionError: expected [Current] but found [Move In]
	at com.NexusPortalAutomation.TestCases.Java.TC0009_VerifyAccountSearch.TestSearchAccount(TC0009_VerifyAccountSearch.java:46)

