<?xml version="1.0" encoding="UTF-8"?>
<testsuite xmlns:xsi="http://www.w3.org/2001/XMLSchema-instance" xsi:noNamespaceSchemaLocation="https://maven.apache.org/surefire/maven-surefire-plugin/xsd/surefire-test-report-3.0.xsd" version="3.0" name="TestSuite" time="873.657" tests="28" errors="0" skipped="0" failures="1">
  <properties>
[...]
</properties>
  <testcase name="TestBookMark" classname="com.NexusPortalAutomation.TestCases.Java.TC0011_VerifyBookMark" time="45.624"/>
  <testcase name="VerifyDrillBackTransactions" classname="com.NexusPortalAutomation.TestCases.Java.TC0019_VerifyDrillBackTransactions" time="24.632"/>
  <testcase name="TestDrillBackServices" classname="com.NexusPortalAutomation.TestCases.Java.TC0020_VerifyDrillBackServices" time="24.08"/>
  <testcase name="TestServiceOrderDetails" classname="com.NexusPortalAutomation.TestCases.Java.TC0021_VerifyServicesOrderDetails" time="24.942"/>
  <testcase name="TestCustomerDetails" classname="com.NexusPortalAutomation.TestCases.Java.TC0010_VerifyCustomerDetails" time="22.781"/>
  <testcase name="VerifyDrillBacksGeneral" classname="com.NexusPortalAutomation.TestCases.Java.TC0018_VerifyDrillBacksGeneral" time="32.07"/>
  <testcase name="TestSearchAccount" classname="com.NexusPortalAutomation.TestCases.Java.TC0009_VerifyAccountSearch" time="25.676"/>
  <testcase name="TestBillingStatements" classname="com.NexusPortalAutomation.TestCases.Java.TC0017_StatementsValue" time="24.579"/>
  <testcase name="TestSearchbyLocationID" classname="com.NexusPortalAutomation.TestCases.Java.TC0008_VerifySignInbyLocationID" time="22.41"/>
  <testcase name="TestContactLogs" classname="com.NexusPortalAutomation.TestCases.Java.TC0015_VerifyContactLogs" time="22.961"/>
  <testcase name="VerifyBillingDetails" classname="com.NexusPortalAutomation.TestCases.Java.TC0016_VerifyBillingDetails" time="27.512"/>
  <testcase name="TestContactEdit" classname="com.NexusPortalAutomation.TestCases.Java.TC0013_VerifyContactEdit" time="26.168"/>
  <testcase name="TestSecondayContact" classname="com.NexusPortalAutomation.TestCases.Java.TC0014_VerifySecondaryContact" time="23.168"/>
  <testcase name="TestCreditStatus" classname="com.NexusPortalAutomation.TestCases.Java.TC0012_VerifyCreditStatus" time="19.413"/>
  <testcase name="TestSearchID" classname="com.NexusPortalAutomation.TestCases.Java.TC0001_VerifySignInbyID" time="19.188"/>
  <testcase name="VerifyActionServiceOrder" classname="com.NexusPortalAutomation.TestCases.Java.TC0022_VerifyAction_ServiceOrder" time="30.871"/>
  <testcase name="VerifyActionServiceOrder" classname="com.NexusPortalAutomation.TestCases.Java.TC0025_VerifyAction_Transfers" time="44.345"/>
  <testcase name="VerifyRecentWidget" classname="com.NexusPortalAutomation.TestCases.Java.TC0023_VerifyRecentWidget" time="24.485"/>
  <testcase name="VerifyActionServiceOrder" classname="com.NexusPortalAutomation.TestCases.Java.TC0026_VerifyAction_Transfers_StartService" time="35.982"/>
  <testcase name="VerifyActionServiceOrder" classname="com.NexusPortalAutomation.TestCases.Java.TC0027_VerifyAction_Transfers_StopService" time="37.759"/>
  <testcase name="TestSearchAutobyRecent" classname="com.NexusPortalAutomation.TestCases.Java.TC0004_TestSearchbyRecentFunction" time="50.378"/>
  <testcase name="TestSearchAutobyBookMark" classname="com.NexusPortalAutomation.TestCases.Java.TC0005_TestBookMarks" time="23.309"/>
  <testcase name="TestSummarySectionOnChange" classname="com.NexusPortalAutomation.TestCases.Java.TC0007_TestSummarySection" time="23.348"/>
  <testcase name="TestSearchAutobyFirstName" classname="com.NexusPortalAutomation.TestCases.Java.TC0024_TestCustDetailSearch" time="34.721"/>
  <testcase name="TestSearchAlertOnLoad" classname="com.NexusPortalAutomation.TestCases.Java.TC0006_TestAlertOnLoad" time="23.477"/>
  <testcase name="TestSearchAutobyFirstName" classname="com.NexusPortalAutomation.TestCases.Java.TC0002_TestSearchAutobyFirstName" time="21.239"/>
  <testcase name="TestSearchAutobyFirstName" classname="com.NexusPortalAutomation.TestCases.Java.TC0028_TestEnhancedNotes" time="18.047">
    <failure message="expected [Location Test Notes for Automation] but found [Location Test notes for AuTOMation]" type="java.lang.AssertionError">java.lang.AssertionError: expected [Location Test Notes for Automation] but found [Location Test notes for AuTOMation]
	at com.NexusPortalAutomation.TestCases.Java.TC0028_TestEnhancedNotes.TestSearchAutobyFirstName(TC0028_TestEnhancedNotes.java:40)
</failure>
    <system-out><![CDATA[Test completed successfully- TestSearchAutobyFirstName
Closing Browser
Test Completed...
Launching Chrome
Browser Maximised
Test started- TestSearchAutobyFirstName
Angular Request Completed in 80ms
Element [[ChromeDriver: chrome on XP (31a750d1d1bc8e349a058966c7ccaf48)] -> id: kc-header-wrapper] displayed in 43ms
Login Page Title Verified
Element [[ChromeDriver: chrome on XP (31a750d1d1bc8e349a058966c7ccaf48)] -> id: username] displayed in 44ms
Element [[ChromeDriver: chrome on XP (31a750d1d1bc8e349a058966c7ccaf48)] -> id: password] displayed in 47ms
Element [[ChromeDriver: chrome on XP (31a750d1d1bc8e349a058966c7ccaf48)] -> id: kc-login] displayed in 58ms
Angular Request Completed in 31ms
User signed Admin
Enter Text for Search =Automation Mate
Element [[ChromeDriver: chrome on XP (31a750d1d1bc8e349a058966c7ccaf48)] -> id: SRCH_Input] displayed in 68ms
Angular request time 1050ms
Click Customer
Angular request time 2361ms
Element [[ChromeDriver: chrome on XP (31a750d1d1bc8e349a058966c7ccaf48)] -> id: CUST_Title] displayed in 37ms
Element [[ChromeDriver: chrome on XP (31a750d1d1bc8e349a058966c7ccaf48)] -> id: CUST_Title] displayed in 20ms
get Text Text CustomerTitle
Angular request time 7ms
Strings Matched: Mr. = Mr.
Angular request time 11ms
Element [[ChromeDriver: chrome on XP (31a750d1d1bc8e349a058966c7ccaf48)] -> id: CUST_First_Last_Name] displayed in 68ms
get Text Text Customer Name
Angular request time 9ms
Customer Name found Automation Mate
Strings Matched: Automation Mate = Automation Mate
Element [[ChromeDriver: chrome on XP (31a750d1d1bc8e349a058966c7ccaf48)] -> id: ENH_Result_1_Message] displayed in 67ms
get Text Text Customer Notes
Angular request time 9ms
Strings Not Matched: Location Test Notes for Automation != Location Test notes for AuTOMation
]]></system-out>
    <system-err><![CDATA[Starting ChromeDriver 74.0.3729.6 (255758eccf3d244491b8a1317aa76e1ce10d57e9-refs/branch-heads/3729@{#29}) on port 26750
Only local connections are allowed.
Please protect ports used by ChromeDriver and related test frameworks to prevent access by malicious code.
[1563475087.254][WARNING]: This version of ChromeDriver has not been tested with Chrome version 75.
Jul 18, 2019 1:38:08 PM org.openqa.selenium.remote.ProtocolHandshake createSession
INFO: Detected dialect: OSS
]]></system-err>
  </testcase>
  <testcase name="TestSearchAutobyLastName" classname="com.NexusPortalAutomation.TestCases.Java.TC0003_TestSearchAutobyLastName" time="19.472"/>
</testsuite>