<?xml version="1.0" encoding="UTF-8"?>
<testsuite xmlns:xsi="http://www.w3.org/2001/XMLSchema-instance" xsi:noNamespaceSchemaLocation="https://maven.apache.org/surefire/maven-surefire-plugin/xsd/surefire-test-report-3.0.xsd" version="3.0" name="TestSuite" time="2,515.079" tests="55" errors="0" skipped="0" failures="14">
  <properties>
[...]
</properties>
  <testcase name="TestBookMark" classname="com.NexusPortalAutomation.TestCases.Java.TC0011_VerifyBookMark" time="36.365"/>
  <testcase name="VerifyTransactionsSaperatebill_saperate" classname="com.NexusPortalAutomation.TestCases.Java.TC0016_1_VerifyBillingDetails_VerifyBillSaperately" time="30.04"/>
  <testcase name="verifyDrillbackTransactions" classname="com.NexusPortalAutomation.TestCases.Java.TC0019_verifyDrillbackTransactions" time="38.958"/>
  <testcase name="VerifyTransactionsSaperatebill_saperate" classname="com.NexusPortalAutomation.TestCases.Java.TC0042_1_Transactions_OrderbyAmount" time="29.223"/>
  <testcase name="TestDrillBackServices" classname="com.NexusPortalAutomation.TestCases.Java.TC0020_verifyDrillbackServices" time="20.955"/>
  <testcase name="VerifyTransactionsSaperatebill_saperate" classname="com.NexusPortalAutomation.TestCases.Java.TC0042_1_Transactions_OrderbyDueBilled" time="28.638"/>
  <testcase name="TestserviceOrderDetails" classname="com.NexusPortalAutomation.TestCases.Java.TC0021_VerifyservicesOrderDetails" time="21.345"/>
  <testcase name="VerifyTransactionsSaperatebill_saperate" classname="com.NexusPortalAutomation.TestCases.Java.TC0042_Transactions_OrderbyDate" time="27.104"/>
  <testcase name="TestCustomerDetails" classname="com.NexusPortalAutomation.TestCases.Java.TC0010_verifyCustDetails" time="21.596"/>
  <testcase name="VerifyBillingDetails_SPA" classname="com.NexusPortalAutomation.TestCases.Java.TC0016_1_VerifyBillingDetails_SPA" time="19.109"/>
  <testcase name="verifyDrillbacksGeneral" classname="com.NexusPortalAutomation.TestCases.Java.TC0018_verifyDrillbacksGeneral" time="34.273"/>
  <testcase name="VerifyAction_Transfers_Stack_TwoLocations_Scheduled_NotScheduled" classname="com.NexusPortalAutomation.TestCases.Java.TC0041_VerifyAction_Transfers_Stack_TwoLocations_Scheduled_NotScheduled" time="76.171">
    <failure message="Actual Value &apos;Mr. Vacant Vacant&apos; not Matched the expected value &apos;Mr. Automation Mate&apos; " type="java.lang.AssertionError">java.lang.AssertionError: Actual Value 'Mr. Vacant Vacant' not Matched the expected value 'Mr. Automation Mate' 
	at com.NexusPortalAutomation.TestCases.Java.TC0041_VerifyAction_Transfers_Stack_TwoLocations_Scheduled_NotScheduled.VerifyAction_Transfers_Stack_TwoLocations_Scheduled_NotScheduled(TC0041_VerifyAction_Transfers_Stack_TwoLocations_Scheduled_NotScheduled.java:139)
</failure>
    <system-out><![CDATA[Closing Browser
Test Completed...
Launching Chrome
Browser Maximised
Test started- VerifyAction_Transfers_Stack_TwoLocations_Scheduled_NotScheduled
Deleting Records for ServiceOrder = 
SORD00000002450
Deleting Records for ServiceOrder = SORD00000002450
0
Deleting Records for Location =  LOC@0002
Angular Request Completed in 18ms
Log in to Nexus View
Element [[ChromeDriver: chrome on XP (02ba3dd4bbf2f2088dec85eb294c3a1c)] -> id: username] displayed in 48ms
Login Page title Verified
Element [[ChromeDriver: chrome on XP (02ba3dd4bbf2f2088dec85eb294c3a1c)] -> id: username] displayed in 28ms
Element [[ChromeDriver: chrome on XP (02ba3dd4bbf2f2088dec85eb294c3a1c)] -> id: password] displayed in 40ms
Element [[ChromeDriver: chrome on XP (02ba3dd4bbf2f2088dec85eb294c3a1c)] -> id: kc-login] displayed in 519ms
Angular Request Completed in 31ms
User signed Admin
Enter Text for Search =LOC@0004
Element [[ChromeDriver: chrome on XP (02ba3dd4bbf2f2088dec85eb294c3a1c)] -> id: SRCH_Input] displayed in 86ms
Angular request time 668ms
Element [[ChromeDriver: chrome on XP (02ba3dd4bbf2f2088dec85eb294c3a1c)] -> id: SRCH_Option_1_Address_Line] displayed in 41ms
Click Customer
Angular request time 397ms
Angular request time 10ms
Element [[ChromeDriver: chrome on XP (02ba3dd4bbf2f2088dec85eb294c3a1c)] -> id: 'LOC_Location_Id'] displayed in 45ms
Angular request time 12ms
got Text CustomerLocId = LOC@0004
Customer Location Id found LOC@0004
Strings Matched: LOC@0004 = LOC@0004
Click Action Dropdown
Element [[ChromeDriver: chrome on XP (02ba3dd4bbf2f2088dec85eb294c3a1c)] -> id: ACTION_Button] displayed in 66ms
Element [[ChromeDriver: chrome on XP (02ba3dd4bbf2f2088dec85eb294c3a1c)] -> id: ACTION_Button] displayed in 19ms
Angular request time 120ms
Click Action Drop down
Angular request time 36ms
Element [[ChromeDriver: chrome on XP (02ba3dd4bbf2f2088dec85eb294c3a1c)] -> id: ACTION_Transfer_Service] displayed in 665ms
Element [[ChromeDriver: chrome on XP (02ba3dd4bbf2f2088dec85eb294c3a1c)] -> id: ACTION_Transfer_Service] displayed in 93ms
Angular request time 33ms
Click Action Transfer Service Drop down
Angular request time 23ms
Element [[ChromeDriver: chrome on XP (02ba3dd4bbf2f2088dec85eb294c3a1c)] -> id: XFER_Select] displayed in 73ms
Angular request time 14ms
Click Transfer Combo
Angular request time 8ms
Element [[ChromeDriver: chrome on XP (02ba3dd4bbf2f2088dec85eb294c3a1c)] -> id: XFER_Select_Option_3] displayed in 271ms
Angular request time 13ms
Click Transfer Option 3
Angular request time 7ms
Element [[ChromeDriver: chrome on XP (02ba3dd4bbf2f2088dec85eb294c3a1c)] -> id: XFER_Date_Picker_Requested] displayed in 39ms
Entered Request Date = 10/01/2019 01:27
Submit Transfer Request
TRANSFER
Element [[ChromeDriver: chrome on XP (02ba3dd4bbf2f2088dec85eb294c3a1c)] -> id: CLO_Service_Order_Input] displayed in 261ms
Setting Text on Search Request with Text = TRANSFER
Angular request time 8ms
Element [[ChromeDriver: chrome on XP (02ba3dd4bbf2f2088dec85eb294c3a1c)] -> id: XFER_Date_Picker_Scheduled] displayed in 545ms
Enter Schedule Date Date
Element [[ChromeDriver: chrome on XP (02ba3dd4bbf2f2088dec85eb294c3a1c)] -> id: XFER_Date_Picker_Scheduled] displayed in 35ms
Setting Text on DatePicket with Text = 10/01/2019 01:2701:00
Angular request time 16ms
Strings Matched: Mr. VACANT VACANT = Mr. VACANT VACANT
Element [[ChromeDriver: chrome on XP (02ba3dd4bbf2f2088dec85eb294c3a1c)] -> id: XFER_Search_Input] displayed in 35ms
Setting Text on Customer Name Request with Text = Mr. VACANT VACANT
Angular request time 8ms
Element [[ChromeDriver: chrome on XP (02ba3dd4bbf2f2088dec85eb294c3a1c)] -> id: XFER_Search_Option_1] displayed in 812ms
Angular request time 53ms
Click XFER_Search_Option_1_Customer_Name
Angular request time 18ms
Element [[ChromeDriver: chrome on XP (02ba3dd4bbf2f2088dec85eb294c3a1c)] -> id: XFER_Description] displayed in 161ms
Setting Text on Description Request with Text = Description for Stop Service
Angular request time 24ms
Click Submit
Element [[ChromeDriver: chrome on XP (02ba3dd4bbf2f2088dec85eb294c3a1c)] -> id: XFER_Button_Action] displayed in 161ms
Element [[ChromeDriver: chrome on XP (02ba3dd4bbf2f2088dec85eb294c3a1c)] -> id: XFER_Button_Action] displayed in 27ms
Angular request time 113ms
Click MoveInSubmit Button
Angular request time 28ms
Element [[ChromeDriver: chrome on XP (02ba3dd4bbf2f2088dec85eb294c3a1c)] -> id: XFER_Button_Done] displayed in 69ms
Angular request time 32ms
Click Done Button for Transfer
Angular request time 17ms
Clicking Servic Order Link
Element [[ChromeDriver: chrome on XP (02ba3dd4bbf2f2088dec85eb294c3a1c)] -> css selector: #mat-tab-label-0-2 > div] displayed in 73ms
Angular request time 1106ms
Click Service Order Link
Angular request time 14ms
Element [[ChromeDriver: chrome on XP (02ba3dd4bbf2f2088dec85eb294c3a1c)] -> id: SOLV_Service_Order_1] displayed in 85ms
Element [[ChromeDriver: chrome on XP (02ba3dd4bbf2f2088dec85eb294c3a1c)] -> id: SOLV_Service_Order_1] displayed in 60ms
Angular request time 15ms
Click Clicking Service Order 1
Angular request time 13ms
Angular request time 11ms
Capturing Servic Order Number
Element [[ChromeDriver: chrome on XP (02ba3dd4bbf2f2088dec85eb294c3a1c)] -> id: SODV_Service_Order_Id] displayed in 60ms
Angular request time 8ms
got Text Service Order Number = SORD00000002468
Element [[ChromeDriver: chrome on XP (02ba3dd4bbf2f2088dec85eb294c3a1c)] -> id: ACTION_Refresh_Page] displayed in 68ms
Element [[ChromeDriver: chrome on XP (02ba3dd4bbf2f2088dec85eb294c3a1c)] -> id: ACTION_Refresh_Page] displayed in 32ms
Angular request time 512ms
Click Refresh Button
Angular request time 12ms
Refresh Page
Click Action Dropdown
Element [[ChromeDriver: chrome on XP (02ba3dd4bbf2f2088dec85eb294c3a1c)] -> id: ACTION_Button] displayed in 31ms
Element [[ChromeDriver: chrome on XP (02ba3dd4bbf2f2088dec85eb294c3a1c)] -> id: ACTION_Button] displayed in 31ms
Angular request time 12ms
Click Action Drop down
Angular request time 12ms
Element [[ChromeDriver: chrome on XP (02ba3dd4bbf2f2088dec85eb294c3a1c)] -> id: ACTION_Transfer_Service] displayed in 46ms
Element [[ChromeDriver: chrome on XP (02ba3dd4bbf2f2088dec85eb294c3a1c)] -> id: ACTION_Transfer_Service] displayed in 63ms
Angular request time 60ms
Click Action Transfer Service Drop down
Angular request time 20ms
Element [[ChromeDriver: chrome on XP (02ba3dd4bbf2f2088dec85eb294c3a1c)] -> id: XFER_Select] displayed in 86ms
Angular request time 111ms
Click Transfer Combo
Angular request time 12ms
Element [[ChromeDriver: chrome on XP (02ba3dd4bbf2f2088dec85eb294c3a1c)] -> id: XFER_Select_Option_3] displayed in 37ms
Angular request time 12ms
Click Transfer Option 3
Angular request time 9ms
Element [[ChromeDriver: chrome on XP (02ba3dd4bbf2f2088dec85eb294c3a1c)] -> id: XFER_Warning_Message] displayed in 25ms
Strings Matched: Service Order Exist. TRANSFER = Service Order Exist. TRANSFER
Element [[ChromeDriver: chrome on XP (02ba3dd4bbf2f2088dec85eb294c3a1c)] -> id: XFER_Warning_Drillback] displayed in 37ms
String Verified  =cogsdrillback://DGPB/?Db=SQL_2017&Srv=RND-BASE-A&Cmp=TWO&Prod=229&Act=OPEN&Func=ServiceOrder&LocationID=LOC@0004&ServiceOrderNumber=SORD00000002468&CogsDrillback=1 Contains = SORD00000002468
Date after Addition of two days Oct 3, 2019
Submit Transfer Request
TRANSFER
Element [[ChromeDriver: chrome on XP (02ba3dd4bbf2f2088dec85eb294c3a1c)] -> id: CLO_Service_Order_Input] displayed in 69ms
Setting Text on Search Request with Text = TRANSFER
Angular request time 13ms
Element [[ChromeDriver: chrome on XP (02ba3dd4bbf2f2088dec85eb294c3a1c)] -> id: XFER_Date_Picker_Scheduled] displayed in 43ms
Enter Schedule Date Date
Element [[ChromeDriver: chrome on XP (02ba3dd4bbf2f2088dec85eb294c3a1c)] -> id: XFER_Date_Picker_Scheduled] displayed in 32ms
Setting Text on DatePicket with Text = Oct 3, 201901:00
Angular request time 526ms
Strings Matched: Mr. VACANT VACANT = Mr. VACANT VACANT
Element [[ChromeDriver: chrome on XP (02ba3dd4bbf2f2088dec85eb294c3a1c)] -> id: XFER_Search_Input] displayed in 40ms
Setting Text on Customer Name Request with Text = Mrs. Gail M Dewar
Angular request time 6ms
Element [[ChromeDriver: chrome on XP (02ba3dd4bbf2f2088dec85eb294c3a1c)] -> id: XFER_Search_Option_1] displayed in 865ms
Angular request time 13ms
Click XFER_Search_Option_1_Customer_Name
Angular request time 8ms
Element [[ChromeDriver: chrome on XP (02ba3dd4bbf2f2088dec85eb294c3a1c)] -> id: XFER_Description] displayed in 38ms
Setting Text on Description Request with Text = Description for Stop Service
Angular request time 8ms
Click Submit
Element [[ChromeDriver: chrome on XP (02ba3dd4bbf2f2088dec85eb294c3a1c)] -> id: XFER_Button_Action] displayed in 40ms
Element [[ChromeDriver: chrome on XP (02ba3dd4bbf2f2088dec85eb294c3a1c)] -> id: XFER_Button_Action] displayed in 28ms
Angular request time 121ms
Click MoveInSubmit Button
Angular request time 15ms
Element [[ChromeDriver: chrome on XP (02ba3dd4bbf2f2088dec85eb294c3a1c)] -> id: XFER_Button_Done] displayed in 582ms
Angular request time 28ms
Click Done Button for Transfer
Angular request time 24ms
Element [[ChromeDriver: chrome on XP (02ba3dd4bbf2f2088dec85eb294c3a1c)] -> id: ACTION_Refresh_Page] displayed in 80ms
Element [[ChromeDriver: chrome on XP (02ba3dd4bbf2f2088dec85eb294c3a1c)] -> id: ACTION_Refresh_Page] displayed in 49ms
Angular request time 729ms
Click Refresh Button
Angular request time 8ms
Refresh Page
Clicking Servic Order Link
Element [[ChromeDriver: chrome on XP (02ba3dd4bbf2f2088dec85eb294c3a1c)] -> css selector: #mat-tab-label-0-2 > div] displayed in 47ms
Angular request time 9ms
Click Service Order Link
Angular request time 8ms
Element [[ChromeDriver: chrome on XP (02ba3dd4bbf2f2088dec85eb294c3a1c)] -> id: SOLV_Service_Order_1] displayed in 46ms
Element [[ChromeDriver: chrome on XP (02ba3dd4bbf2f2088dec85eb294c3a1c)] -> id: SOLV_Service_Order_1] displayed in 527ms
Angular request time 8ms
Click Clicking Service Order 1
Angular request time 8ms
Angular request time 13ms
Element [[ChromeDriver: chrome on XP (02ba3dd4bbf2f2088dec85eb294c3a1c)] -> id: ACTION_Refresh_Page] displayed in 28ms
Element [[ChromeDriver: chrome on XP (02ba3dd4bbf2f2088dec85eb294c3a1c)] -> id: ACTION_Refresh_Page] displayed in 28ms
Angular request time 948ms
Click Refresh Button
Angular request time 1ms
Refresh Page
Element [[ChromeDriver: chrome on XP (02ba3dd4bbf2f2088dec85eb294c3a1c)] -> id: SRCH_Input] displayed in 68ms
Element [[ChromeDriver: chrome on XP (02ba3dd4bbf2f2088dec85eb294c3a1c)] -> id: SRCH_Input] displayed in 15ms
Setting Text on Search Text with Text = LOC@0002
Angular request time 6ms
Search Text
Element [[ChromeDriver: chrome on XP (02ba3dd4bbf2f2088dec85eb294c3a1c)] -> id: SRCH_Option_1_Customer_Name] displayed in 682ms
Click DashBoard Search Result 
Angular request time 593ms
Click Action Dropdown
Element [[ChromeDriver: chrome on XP (02ba3dd4bbf2f2088dec85eb294c3a1c)] -> id: ACTION_Button] displayed in 29ms
Element [[ChromeDriver: chrome on XP (02ba3dd4bbf2f2088dec85eb294c3a1c)] -> id: ACTION_Button] displayed in 31ms
Angular request time 10ms
Click Action Drop down
Angular request time 8ms
Element [[ChromeDriver: chrome on XP (02ba3dd4bbf2f2088dec85eb294c3a1c)] -> id: ACTION_Transfer_Service] displayed in 388ms
Element [[ChromeDriver: chrome on XP (02ba3dd4bbf2f2088dec85eb294c3a1c)] -> id: ACTION_Transfer_Service] displayed in 63ms
Angular request time 30ms
Click Action Transfer Service Drop down
Angular request time 17ms
Element [[ChromeDriver: chrome on XP (02ba3dd4bbf2f2088dec85eb294c3a1c)] -> id: XFER_Select] displayed in 112ms
Angular request time 8ms
Click Transfer Combo
Angular request time 11ms
Element [[ChromeDriver: chrome on XP (02ba3dd4bbf2f2088dec85eb294c3a1c)] -> id: XFER_Select_Option_1] displayed in 493ms
Angular request time 16ms
Click Transfer Option 1
Angular request time 8ms
TRANSFER
Element [[ChromeDriver: chrome on XP (02ba3dd4bbf2f2088dec85eb294c3a1c)] -> id: CLO_Service_Order_Input] displayed in 42ms
Setting Text on Search Request with Text = Transfer
Angular request time 8ms
Element [[ChromeDriver: chrome on XP (02ba3dd4bbf2f2088dec85eb294c3a1c)] -> id: XFER_MoveFrom_Date_Picker_Requested] displayed in 537ms
10/01/2019 01:28
Strings Matched: Mr. VACANT VACANT = Mr. VACANT VACANT
TEST DEFAULT VALUE FOR CUSTOMER ===Mr. VACANT VACANT
Element [[ChromeDriver: chrome on XP (02ba3dd4bbf2f2088dec85eb294c3a1c)] -> id: XFER_Search_Input] displayed in 46ms
Setting Text on Customer Name Request with Text = Mr. VACANT VACANT
Angular request time 12ms
Element [[ChromeDriver: chrome on XP (02ba3dd4bbf2f2088dec85eb294c3a1c)] -> id: XFER_Search_Option_1_Customer_Name] displayed in 880ms
Angular request time 388ms
Click XFER_Search_Option_1_Customer_Name
Angular request time 29ms
Element [[ChromeDriver: chrome on XP (02ba3dd4bbf2f2088dec85eb294c3a1c)] -> id: XFER_Description] displayed in 620ms
Setting Text on Description Request with Text = AUTOMATION TEST
Angular request time 21ms
Element [[ChromeDriver: chrome on XP (02ba3dd4bbf2f2088dec85eb294c3a1c)] -> id: XFER_MoveTo_Tab] displayed in 121ms
Angular request time 28ms
Click Move To Tab (Transfers)
Angular request time 11ms
Element [[ChromeDriver: chrome on XP (02ba3dd4bbf2f2088dec85eb294c3a1c)] -> id: CLO_Service_Order_Input] displayed in 359ms
Enter Request Name
Element [[ChromeDriver: chrome on XP (02ba3dd4bbf2f2088dec85eb294c3a1c)] -> id: CLO_Service_Order_Input] displayed in 44ms
Setting Text on Service Order Input with Text = TRANSFER
Angular request time 16ms
Element [[ChromeDriver: chrome on XP (02ba3dd4bbf2f2088dec85eb294c3a1c)] -> id: XFER_Search_Input] displayed in 108ms
Element [[ChromeDriver: chrome on XP (02ba3dd4bbf2f2088dec85eb294c3a1c)] -> id: XFER_Search_Input] displayed in 31ms
Setting Text on XFERSearchInput with Text = LOC@0004
Angular request time 420ms
Element [[ChromeDriver: chrome on XP (02ba3dd4bbf2f2088dec85eb294c3a1c)] -> id: XFER_Search_Option_1_Customer_Name] displayed in 660ms
Angular request time 122ms
Click XFER_Search_Option_1_Customer_Name
Angular request time 16ms
Enter Request Description
Element [[ChromeDriver: chrome on XP (02ba3dd4bbf2f2088dec85eb294c3a1c)] -> id: XFER_Description] displayed in 85ms
Element [[ChromeDriver: chrome on XP (02ba3dd4bbf2f2088dec85eb294c3a1c)] -> id: XFER_Description] displayed in 29ms
Setting Text on XFER Description with Text = Move in from location LOC@0004
Angular request time 15ms
Click Submit
Element [[ChromeDriver: chrome on XP (02ba3dd4bbf2f2088dec85eb294c3a1c)] -> id: XFER_Button_Action] displayed in 42ms
Element [[ChromeDriver: chrome on XP (02ba3dd4bbf2f2088dec85eb294c3a1c)] -> id: XFER_Button_Action] displayed in 526ms
Angular request time 164ms
Click MoveInSubmit Button
Angular request time 11ms
String Verified  =check
Transfer initiated Contains = Transfer initiated
Element [[ChromeDriver: chrome on XP (02ba3dd4bbf2f2088dec85eb294c3a1c)] -> id: XFER_Button_Done] displayed in 68ms
Angular request time 120ms
Click Done Button for Transfer
Angular request time 13ms
Element [[ChromeDriver: chrome on XP (02ba3dd4bbf2f2088dec85eb294c3a1c)] -> id: SRCH_Input] displayed in 28ms
Element [[ChromeDriver: chrome on XP (02ba3dd4bbf2f2088dec85eb294c3a1c)] -> id: SRCH_Input] displayed in 19ms
Setting Text on Search Text with Text = LOC@0004
Angular request time 6ms
Search Text
Element [[ChromeDriver: chrome on XP (02ba3dd4bbf2f2088dec85eb294c3a1c)] -> id: SRCH_Option_1_Customer_Name] displayed in 683ms
Click DashBoard Search Result 
Angular request time 562ms
Element [[ChromeDriver: chrome on XP (02ba3dd4bbf2f2088dec85eb294c3a1c)] -> id: ACTION_Refresh_Page] displayed in 44ms
Element [[ChromeDriver: chrome on XP (02ba3dd4bbf2f2088dec85eb294c3a1c)] -> id: ACTION_Refresh_Page] displayed in 63ms
Angular request time 488ms
Click Refresh Button
Angular request time 9ms
Refresh Page
Clicking Servic Order Link
Element [[ChromeDriver: chrome on XP (02ba3dd4bbf2f2088dec85eb294c3a1c)] -> css selector: #mat-tab-label-0-2 > div] displayed in 47ms
Angular request time 10ms
Click Service Order Link
Angular request time 7ms
Element [[ChromeDriver: chrome on XP (02ba3dd4bbf2f2088dec85eb294c3a1c)] -> id: SOLV_Service_Order_1] displayed in 38ms
Element [[ChromeDriver: chrome on XP (02ba3dd4bbf2f2088dec85eb294c3a1c)] -> id: SOLV_Service_Order_1] displayed in 33ms
Angular request time 8ms
Click Clicking Service Order 1
Angular request time 360ms
Angular request time 7ms
get Requested Customer Name
Strings Matched: Mr. Automation Mate = Mr. Automation Mate
get Move Out Customer Date
Strings Matched: Mr. Automation Mate = Mr. Automation Mate
get Movein Customer Name Date
Strings Matched: Mrs. Gail M Dewar (Customer010) = Mrs. Gail M Dewar (Customer010)
get Scheduled Date
Strings Matched: Not Scheduled = Not Scheduled
get Requested Date
Strings Matched: Oct 1, 2019 = Oct 1, 2019
Meter Reading-electric
Strings Matched: Meter Reading-electric = Meter Reading-electric
get Task Description
Strings Matched: Charge New Customer = Charge New Customer
get Task Description
Strings Matched: Property Transfer = Property Transfer
get Task Description
Strings Matched: Deposit Request-new Customer = Deposit Request-new Customer
Deposit Payment-new Customer E
Strings Matched: Deposit Payment-new Customer E = Deposit Payment-new Customer E
Prepayment Required-new Custom
Strings Matched: Prepayment Required-new Custom = Prepayment Required-new Custom
Element [[ChromeDriver: chrome on XP (02ba3dd4bbf2f2088dec85eb294c3a1c)] -> id: SODV_Drillback] displayed in 37ms
Capturing Servic Order Number
Element [[ChromeDriver: chrome on XP (02ba3dd4bbf2f2088dec85eb294c3a1c)] -> id: SODV_Service_Order_Id] displayed in 37ms
Angular request time 5ms
got Text Service Order Number = SORD00000002471
String Verified  =cogsdrillback://DGPB/?Db=SQL_2017&Srv=RND-BASE-A&Cmp=TWO&Prod=229&Act=OPEN&Func=ServiceOrder&LocationID=LOC@0004&ServiceOrderNumber=SORD00000002471&CogsDrillback=1 Contains = SORD00000002471
Element [[ChromeDriver: chrome on XP (02ba3dd4bbf2f2088dec85eb294c3a1c)] -> id: SODV_Description] displayed in 78ms
Angular request time 9ms
Element [[ChromeDriver: chrome on XP (02ba3dd4bbf2f2088dec85eb294c3a1c)] -> id: SODV_Description] displayed in 27ms
Angular request time 16ms
got Text Service Order Description = Move In From Location Loc@0004
Strings Matched: Move In From Location Loc@0004 = Move In From Location Loc@0004
Capturing Servic Order Number
Element [[ChromeDriver: chrome on XP (02ba3dd4bbf2f2088dec85eb294c3a1c)] -> id: SODV_Service_Order_Id] displayed in 63ms
Angular request time 16ms
got Text Service Order Number = SORD00000002471
SORD00000002471
Service Order verified = SORD00000002471
Element [[ChromeDriver: chrome on XP (02ba3dd4bbf2f2088dec85eb294c3a1c)] -> id: SOLV_Service_Order_2] displayed in 73ms
Element [[ChromeDriver: chrome on XP (02ba3dd4bbf2f2088dec85eb294c3a1c)] -> id: SOLV_Service_Order_2] displayed in 28ms
Angular request time 14ms
Click Clicking Service Order 2
Angular request time 8ms
Angular request time 9ms
get Requested Customer Name
***** Error VerifyAction_Transfers_Stack_TwoLocations_Scheduled_NotScheduled test has failed *****
]]></system-out>
    <system-err><![CDATA[Starting ChromeDriver 76.0.3809.126 (d80a294506b4c9d18015e755cee48f953ddc3f2f-refs/branch-heads/3809@{#1024}) on port 36145
Only local connections are allowed.
Please protect ports used by ChromeDriver and related test frameworks to prevent access by malicious code.
[1569954435.024][WARNING]: This version of ChromeDriver has not been tested with Chrome version 77.
Oct 01, 2019 1:27:16 PM org.openqa.selenium.remote.ProtocolHandshake createSession
INFO: Detected dialect: W3C
]]></system-err>
  </testcase>
  <testcase name="TestCustomerDetails" classname="com.NexusPortalAutomation.TestCases.Java.TC0010_2_verifyCustDetails_Blank" time="24.892"/>
  <testcase name="VerifyBillingDetails" classname="com.NexusPortalAutomation.TestCases.Java.TC0016_1_VerifyBillingDetails_EBill" time="27.421"/>
  <testcase name="TestBillingStatements" classname="com.NexusPortalAutomation.TestCases.Java.TC0017_StatementsValue" time="15.305"/>
  <testcase name="VerifyAction_Transfers_Stack_TwoLocations_Scheduled_NotScheduled" classname="com.NexusPortalAutomation.TestCases.Java.TC0040_VerifyAction_Transfers_Stack_TwoLocations_Scheduled_NotScheduled" time="78.53">
    <failure message="Actual Value &apos;Oct 2, 2019&apos; not Matched the expected value &apos;Oct 1, 2019&apos; " type="java.lang.AssertionError">java.lang.AssertionError: Actual Value 'Oct 2, 2019' not Matched the expected value 'Oct 1, 2019' 
	at com.NexusPortalAutomation.TestCases.Java.TC0040_VerifyAction_Transfers_Stack_TwoLocations_Scheduled_NotScheduled.VerifyAction_Transfers_Stack_TwoLocations_Scheduled_NotScheduled(TC0040_VerifyAction_Transfers_Stack_TwoLocations_Scheduled_NotScheduled.java:133)
</failure>
    <system-out><![CDATA[Closing Browser
Test Completed...
Launching Chrome
Browser Maximised
Test started- VerifyAction_Transfers_Stack_TwoLocations_Scheduled_NotScheduled
SORD00000002469
SORD00000002471
SORD00000002468
Deleting Records for ServiceOrder = SORD00000002468
0
0
0
Deleting Records for Location =  LOC@0004
SORD00000002470
Deleting Records for ServiceOrder = SORD00000002470
0
Deleting Records for Location =  LOC@0002
Angular Request Completed in 76ms
Log in to Nexus View
Element [[ChromeDriver: chrome on XP (561ff70888e7c143e0ee2294cf0f132e)] -> id: username] displayed in 547ms
Login Page title Verified
Element [[ChromeDriver: chrome on XP (561ff70888e7c143e0ee2294cf0f132e)] -> id: username] displayed in 15ms
Element [[ChromeDriver: chrome on XP (561ff70888e7c143e0ee2294cf0f132e)] -> id: password] displayed in 30ms
Element [[ChromeDriver: chrome on XP (561ff70888e7c143e0ee2294cf0f132e)] -> id: kc-login] displayed in 31ms
Angular Request Completed in 31ms
User signed Admin
Enter Text for Search =LOC@0004
Element [[ChromeDriver: chrome on XP (561ff70888e7c143e0ee2294cf0f132e)] -> id: SRCH_Input] displayed in 67ms
Angular request time 1186ms
Element [[ChromeDriver: chrome on XP (561ff70888e7c143e0ee2294cf0f132e)] -> id: SRCH_Option_1_Address_Line] displayed in 102ms
Click Customer
Angular request time 858ms
Angular request time 7ms
Element [[ChromeDriver: chrome on XP (561ff70888e7c143e0ee2294cf0f132e)] -> id: 'LOC_Location_Id'] displayed in 30ms
Angular request time 8ms
got Text CustomerLocId = LOC@0004
Customer Location Id found LOC@0004
Strings Matched: LOC@0004 = LOC@0004
Click Action Dropdown
Element [[ChromeDriver: chrome on XP (561ff70888e7c143e0ee2294cf0f132e)] -> id: ACTION_Button] displayed in 31ms
Element [[ChromeDriver: chrome on XP (561ff70888e7c143e0ee2294cf0f132e)] -> id: ACTION_Button] displayed in 17ms
Angular request time 9ms
Click Action Drop down
Angular request time 13ms
Element [[ChromeDriver: chrome on XP (561ff70888e7c143e0ee2294cf0f132e)] -> id: ACTION_Transfer_Service] displayed in 60ms
Element [[ChromeDriver: chrome on XP (561ff70888e7c143e0ee2294cf0f132e)] -> id: ACTION_Transfer_Service] displayed in 62ms
Angular request time 562ms
Click Action Transfer Service Drop down
Angular request time 14ms
Element [[ChromeDriver: chrome on XP (561ff70888e7c143e0ee2294cf0f132e)] -> id: XFER_Select] displayed in 46ms
Angular request time 18ms
Click Transfer Combo
Angular request time 9ms
Element [[ChromeDriver: chrome on XP (561ff70888e7c143e0ee2294cf0f132e)] -> id: XFER_Select_Option_3] displayed in 44ms
Angular request time 154ms
Click Transfer Option 3
Angular request time 37ms
Element [[ChromeDriver: chrome on XP (561ff70888e7c143e0ee2294cf0f132e)] -> id: XFER_Date_Picker_Requested] displayed in 156ms
Entered Request Date = 10/01/2019 01:30
Submit Transfer Request
TRANSFER
Element [[ChromeDriver: chrome on XP (561ff70888e7c143e0ee2294cf0f132e)] -> id: CLO_Service_Order_Input] displayed in 1097ms
Setting Text on Search Request with Text = TRANSFER
Angular request time 27ms
Element [[ChromeDriver: chrome on XP (561ff70888e7c143e0ee2294cf0f132e)] -> id: XFER_Date_Picker_Scheduled] displayed in 147ms
Enter Schedule Date Date
Element [[ChromeDriver: chrome on XP (561ff70888e7c143e0ee2294cf0f132e)] -> id: XFER_Date_Picker_Scheduled] displayed in 139ms
Setting Text on DatePicket with Text = 
Angular request time 617ms
Strings Matched: Mr. VACANT VACANT = Mr. VACANT VACANT
Element [[ChromeDriver: chrome on XP (561ff70888e7c143e0ee2294cf0f132e)] -> id: XFER_Search_Input] displayed in 39ms
Setting Text on Customer Name Request with Text = Mr. VACANT VACANT
Angular request time 13ms
Element [[ChromeDriver: chrome on XP (561ff70888e7c143e0ee2294cf0f132e)] -> id: XFER_Search_Option_1] displayed in 1035ms
Angular request time 19ms
Click XFER_Search_Option_1_Customer_Name
Angular request time 10ms
Element [[ChromeDriver: chrome on XP (561ff70888e7c143e0ee2294cf0f132e)] -> id: XFER_Description] displayed in 87ms
Setting Text on Description Request with Text = Description for Stop Service
Angular request time 12ms
Click Submit
Element [[ChromeDriver: chrome on XP (561ff70888e7c143e0ee2294cf0f132e)] -> id: XFER_Button_Action] displayed in 61ms
Element [[ChromeDriver: chrome on XP (561ff70888e7c143e0ee2294cf0f132e)] -> id: XFER_Button_Action] displayed in 31ms
Angular request time 123ms
Click MoveInSubmit Button
Angular request time 16ms
Element [[ChromeDriver: chrome on XP (561ff70888e7c143e0ee2294cf0f132e)] -> id: XFER_Button_Done] displayed in 100ms
Angular request time 135ms
Click Done Button for Transfer
Angular request time 13ms
Clicking Servic Order Link
Element [[ChromeDriver: chrome on XP (561ff70888e7c143e0ee2294cf0f132e)] -> css selector: #mat-tab-label-0-2 > div] displayed in 49ms
Angular request time 580ms
Click Service Order Link
Angular request time 9ms
Element [[ChromeDriver: chrome on XP (561ff70888e7c143e0ee2294cf0f132e)] -> id: SOLV_Service_Order_1] displayed in 57ms
Element [[ChromeDriver: chrome on XP (561ff70888e7c143e0ee2294cf0f132e)] -> id: SOLV_Service_Order_1] displayed in 537ms
Angular request time 9ms
Click Clicking Service Order 1
Angular request time 7ms
Angular request time 6ms
Capturing Servic Order Number
Element [[ChromeDriver: chrome on XP (561ff70888e7c143e0ee2294cf0f132e)] -> id: SODV_Service_Order_Id] displayed in 59ms
Angular request time 8ms
got Text Service Order Number = SORD00000002472
Element [[ChromeDriver: chrome on XP (561ff70888e7c143e0ee2294cf0f132e)] -> id: ACTION_Refresh_Page] displayed in 67ms
Element [[ChromeDriver: chrome on XP (561ff70888e7c143e0ee2294cf0f132e)] -> id: ACTION_Refresh_Page] displayed in 25ms
Angular request time 478ms
Click Refresh Button
Angular request time 10ms
Refresh Page
Click Action Dropdown
Element [[ChromeDriver: chrome on XP (561ff70888e7c143e0ee2294cf0f132e)] -> id: ACTION_Button] displayed in 47ms
Element [[ChromeDriver: chrome on XP (561ff70888e7c143e0ee2294cf0f132e)] -> id: ACTION_Button] displayed in 31ms
Angular request time 16ms
Click Action Drop down
Angular request time 7ms
Element [[ChromeDriver: chrome on XP (561ff70888e7c143e0ee2294cf0f132e)] -> id: ACTION_Transfer_Service] displayed in 60ms
Element [[ChromeDriver: chrome on XP (561ff70888e7c143e0ee2294cf0f132e)] -> id: ACTION_Transfer_Service] displayed in 63ms
Angular request time 43ms
Click Action Transfer Service Drop down
Angular request time 29ms
Element [[ChromeDriver: chrome on XP (561ff70888e7c143e0ee2294cf0f132e)] -> id: XFER_Select] displayed in 83ms
Angular request time 65ms
Click Transfer Combo
Angular request time 49ms
Element [[ChromeDriver: chrome on XP (561ff70888e7c143e0ee2294cf0f132e)] -> id: XFER_Select_Option_3] displayed in 66ms
Angular request time 19ms
Click Transfer Option 3
Angular request time 7ms
Element [[ChromeDriver: chrome on XP (561ff70888e7c143e0ee2294cf0f132e)] -> id: XFER_Warning_Message] displayed in 23ms
Strings Matched: Service Order Exist. TRANSFER = Service Order Exist. TRANSFER
Element [[ChromeDriver: chrome on XP (561ff70888e7c143e0ee2294cf0f132e)] -> id: XFER_Warning_Drillback] displayed in 21ms
String Verified  =cogsdrillback://DGPB/?Db=SQL_2017&Srv=RND-BASE-A&Cmp=TWO&Prod=229&Act=OPEN&Func=ServiceOrder&LocationID=LOC@0004&ServiceOrderNumber=SORD00000002472&CogsDrillback=1 Contains = SORD00000002472
Date after Addition of two days Oct 3, 2019
Submit Transfer Request
TRANSFER
Element [[ChromeDriver: chrome on XP (561ff70888e7c143e0ee2294cf0f132e)] -> id: CLO_Service_Order_Input] displayed in 366ms
Setting Text on Search Request with Text = TRANSFER
Angular request time 11ms
Element [[ChromeDriver: chrome on XP (561ff70888e7c143e0ee2294cf0f132e)] -> id: XFER_Date_Picker_Scheduled] displayed in 43ms
Enter Schedule Date Date
Element [[ChromeDriver: chrome on XP (561ff70888e7c143e0ee2294cf0f132e)] -> id: XFER_Date_Picker_Scheduled] displayed in 32ms
Setting Text on DatePicket with Text = 
Angular request time 795ms
Strings Matched: Mr. VACANT VACANT = Mr. VACANT VACANT
Element [[ChromeDriver: chrome on XP (561ff70888e7c143e0ee2294cf0f132e)] -> id: XFER_Search_Input] displayed in 43ms
Setting Text on Customer Name Request with Text = Mr. VACANT VACANT
Angular request time 19ms
Element [[ChromeDriver: chrome on XP (561ff70888e7c143e0ee2294cf0f132e)] -> id: XFER_Search_Option_1] displayed in 801ms
Angular request time 16ms
Click XFER_Search_Option_1_Customer_Name
Angular request time 7ms
Element [[ChromeDriver: chrome on XP (561ff70888e7c143e0ee2294cf0f132e)] -> id: XFER_Description] displayed in 71ms
Setting Text on Description Request with Text = Description for Stop Service
Angular request time 12ms
Click Submit
Element [[ChromeDriver: chrome on XP (561ff70888e7c143e0ee2294cf0f132e)] -> id: XFER_Button_Action] displayed in 543ms
Element [[ChromeDriver: chrome on XP (561ff70888e7c143e0ee2294cf0f132e)] -> id: XFER_Button_Action] displayed in 34ms
Angular request time 125ms
Click MoveInSubmit Button
Angular request time 15ms
Element [[ChromeDriver: chrome on XP (561ff70888e7c143e0ee2294cf0f132e)] -> id: XFER_Button_Done] displayed in 83ms
Angular request time 15ms
Click Done Button for Transfer
Angular request time 17ms
Element [[ChromeDriver: chrome on XP (561ff70888e7c143e0ee2294cf0f132e)] -> id: ACTION_Refresh_Page] displayed in 123ms
Element [[ChromeDriver: chrome on XP (561ff70888e7c143e0ee2294cf0f132e)] -> id: ACTION_Refresh_Page] displayed in 78ms
Angular request time 438ms
Click Refresh Button
Angular request time 7ms
Refresh Page
Clicking Servic Order Link
Element [[ChromeDriver: chrome on XP (561ff70888e7c143e0ee2294cf0f132e)] -> css selector: #mat-tab-label-0-2 > div] displayed in 202ms
Angular request time 10ms
Click Service Order Link
Angular request time 8ms
Element [[ChromeDriver: chrome on XP (561ff70888e7c143e0ee2294cf0f132e)] -> id: SOLV_Service_Order_1] displayed in 48ms
Element [[ChromeDriver: chrome on XP (561ff70888e7c143e0ee2294cf0f132e)] -> id: SOLV_Service_Order_1] displayed in 29ms
Angular request time 7ms
Click Clicking Service Order 1
Angular request time 8ms
Angular request time 7ms
Element [[ChromeDriver: chrome on XP (561ff70888e7c143e0ee2294cf0f132e)] -> id: ACTION_Refresh_Page] displayed in 25ms
Element [[ChromeDriver: chrome on XP (561ff70888e7c143e0ee2294cf0f132e)] -> id: ACTION_Refresh_Page] displayed in 26ms
Angular request time 661ms
Click Refresh Button
Angular request time 272ms
Refresh Page
Element [[ChromeDriver: chrome on XP (561ff70888e7c143e0ee2294cf0f132e)] -> id: SRCH_Input] displayed in 83ms
Element [[ChromeDriver: chrome on XP (561ff70888e7c143e0ee2294cf0f132e)] -> id: SRCH_Input] displayed in 215ms
Setting Text on Search Text with Text = LOC@0002
Angular request time 296ms
Search Text
Element [[ChromeDriver: chrome on XP (561ff70888e7c143e0ee2294cf0f132e)] -> id: SRCH_Option_1_Customer_Name] displayed in 1159ms
Click DashBoard Search Result 
Angular request time 522ms
Click Action Dropdown
Element [[ChromeDriver: chrome on XP (561ff70888e7c143e0ee2294cf0f132e)] -> id: ACTION_Button] displayed in 24ms
Element [[ChromeDriver: chrome on XP (561ff70888e7c143e0ee2294cf0f132e)] -> id: ACTION_Button] displayed in 32ms
Angular request time 11ms
Click Action Drop down
Angular request time 9ms
Element [[ChromeDriver: chrome on XP (561ff70888e7c143e0ee2294cf0f132e)] -> id: ACTION_Transfer_Service] displayed in 43ms
Element [[ChromeDriver: chrome on XP (561ff70888e7c143e0ee2294cf0f132e)] -> id: ACTION_Transfer_Service] displayed in 95ms
Angular request time 134ms
Click Action Transfer Service Drop down
Angular request time 14ms
Element [[ChromeDriver: chrome on XP (561ff70888e7c143e0ee2294cf0f132e)] -> id: XFER_Select] displayed in 585ms
Angular request time 10ms
Click Transfer Combo
Angular request time 8ms
Element [[ChromeDriver: chrome on XP (561ff70888e7c143e0ee2294cf0f132e)] -> id: XFER_Select_Option_1] displayed in 42ms
Angular request time 9ms
Click Transfer Option 1
Angular request time 9ms
TRANSFER
Element [[ChromeDriver: chrome on XP (561ff70888e7c143e0ee2294cf0f132e)] -> id: CLO_Service_Order_Input] displayed in 48ms
Setting Text on Search Request with Text = Transfer
Angular request time 8ms
Element [[ChromeDriver: chrome on XP (561ff70888e7c143e0ee2294cf0f132e)] -> id: XFER_MoveFrom_Date_Picker_Requested] displayed in 39ms
10/01/2019 01:30
Strings Matched: Mr. VACANT VACANT = Mr. VACANT VACANT
TEST DEFAULT VALUE FOR CUSTOMER ===Mr. VACANT VACANT
Element [[ChromeDriver: chrome on XP (561ff70888e7c143e0ee2294cf0f132e)] -> id: XFER_Search_Input] displayed in 59ms
Setting Text on Customer Name Request with Text = Mr. VACANT VACANT
Angular request time 11ms
Element [[ChromeDriver: chrome on XP (561ff70888e7c143e0ee2294cf0f132e)] -> id: XFER_Search_Option_1_Customer_Name] displayed in 860ms
Angular request time 20ms
Click XFER_Search_Option_1_Customer_Name
Angular request time 9ms
Element [[ChromeDriver: chrome on XP (561ff70888e7c143e0ee2294cf0f132e)] -> id: XFER_Description] displayed in 60ms
Setting Text on Description Request with Text = AUTOMATION TEST
Angular request time 6ms
Element [[ChromeDriver: chrome on XP (561ff70888e7c143e0ee2294cf0f132e)] -> id: XFER_MoveTo_Tab] displayed in 541ms
Angular request time 9ms
Click Move To Tab (Transfers)
Angular request time 11ms
Enter Schedule Date
Element [[ChromeDriver: chrome on XP (561ff70888e7c143e0ee2294cf0f132e)] -> id: XFER_MoveTo_Date_Picker_Scheduled] displayed in 632ms
Element [[ChromeDriver: chrome on XP (561ff70888e7c143e0ee2294cf0f132e)] -> id: XFER_MoveTo_Date_Picker_Scheduled] displayed in 250ms
Setting Text on DatePicket with Text = Oct 2, 2019
Angular request time 6ms
Element [[ChromeDriver: chrome on XP (561ff70888e7c143e0ee2294cf0f132e)] -> id: CLO_Service_Order_Input] displayed in 67ms
Enter Request Name
Element [[ChromeDriver: chrome on XP (561ff70888e7c143e0ee2294cf0f132e)] -> id: CLO_Service_Order_Input] displayed in 113ms
Setting Text on Service Order Input with Text = TRANSFER
Angular request time 16ms
Element [[ChromeDriver: chrome on XP (561ff70888e7c143e0ee2294cf0f132e)] -> id: XFER_Search_Input] displayed in 36ms
Element [[ChromeDriver: chrome on XP (561ff70888e7c143e0ee2294cf0f132e)] -> id: XFER_Search_Input] displayed in 30ms
Setting Text on XFERSearchInput with Text = LOC@0004
Angular request time 522ms
Element [[ChromeDriver: chrome on XP (561ff70888e7c143e0ee2294cf0f132e)] -> id: XFER_Search_Option_1_Customer_Name] displayed in 687ms
Angular request time 126ms
Click XFER_Search_Option_1_Customer_Name
Angular request time 16ms
Enter Request Description
Element [[ChromeDriver: chrome on XP (561ff70888e7c143e0ee2294cf0f132e)] -> id: XFER_Description] displayed in 69ms
Element [[ChromeDriver: chrome on XP (561ff70888e7c143e0ee2294cf0f132e)] -> id: XFER_Description] displayed in 30ms
Setting Text on XFER Description with Text = Move in from location LOC@0004
Angular request time 16ms
Click Submit
Element [[ChromeDriver: chrome on XP (561ff70888e7c143e0ee2294cf0f132e)] -> id: XFER_Button_Action] displayed in 45ms
Element [[ChromeDriver: chrome on XP (561ff70888e7c143e0ee2294cf0f132e)] -> id: XFER_Button_Action] displayed in 40ms
Angular request time 124ms
Click MoveInSubmit Button
Angular request time 16ms
String Verified  =check
Transfer initiated Contains = Transfer initiated
Element [[ChromeDriver: chrome on XP (561ff70888e7c143e0ee2294cf0f132e)] -> id: XFER_Button_Done] displayed in 1474ms
Angular request time 118ms
Click Done Button for Transfer
Angular request time 14ms
Element [[ChromeDriver: chrome on XP (561ff70888e7c143e0ee2294cf0f132e)] -> id: SRCH_Input] displayed in 219ms
Element [[ChromeDriver: chrome on XP (561ff70888e7c143e0ee2294cf0f132e)] -> id: SRCH_Input] displayed in 382ms
Setting Text on Search Text with Text = LOC@0004
Angular request time 24ms
Search Text
Element [[ChromeDriver: chrome on XP (561ff70888e7c143e0ee2294cf0f132e)] -> id: SRCH_Option_1_Customer_Name] displayed in 1245ms
Click DashBoard Search Result 
Angular request time 597ms
Element [[ChromeDriver: chrome on XP (561ff70888e7c143e0ee2294cf0f132e)] -> id: ACTION_Refresh_Page] displayed in 93ms
Element [[ChromeDriver: chrome on XP (561ff70888e7c143e0ee2294cf0f132e)] -> id: ACTION_Refresh_Page] displayed in 78ms
Angular request time 899ms
Click Refresh Button
Angular request time 17ms
Refresh Page
Clicking Servic Order Link
Element [[ChromeDriver: chrome on XP (561ff70888e7c143e0ee2294cf0f132e)] -> css selector: #mat-tab-label-0-2 > div] displayed in 31ms
Angular request time 9ms
Click Service Order Link
Angular request time 7ms
Element [[ChromeDriver: chrome on XP (561ff70888e7c143e0ee2294cf0f132e)] -> id: SOLV_Service_Order_1] displayed in 39ms
Element [[ChromeDriver: chrome on XP (561ff70888e7c143e0ee2294cf0f132e)] -> id: SOLV_Service_Order_1] displayed in 28ms
Angular request time 8ms
Click Clicking Service Order 1
Angular request time 8ms
Angular request time 8ms
get Requested Customer Name
Strings Matched: Mr. Vacant Vacant = Mr. Vacant Vacant
get Move Out Customer Date
Strings Matched: Mr. Vacant Vacant = Mr. Vacant Vacant
get Movein Customer Name Date
Strings Matched: Mrs. Gail M Dewar (Customer010) = Mrs. Gail M Dewar (Customer010)
get Scheduled Date
***** Error VerifyAction_Transfers_Stack_TwoLocations_Scheduled_NotScheduled test has failed *****
]]></system-out>
    <system-err><![CDATA[Starting ChromeDriver 76.0.3809.126 (d80a294506b4c9d18015e755cee48f953ddc3f2f-refs/branch-heads/3809@{#1024}) on port 19257
Only local connections are allowed.
Please protect ports used by ChromeDriver and related test frameworks to prevent access by malicious code.
[1569954593.930][WARNING]: This version of ChromeDriver has not been tested with Chrome version 77.
Oct 01, 2019 1:29:54 PM org.openqa.selenium.remote.ProtocolHandshake createSession
INFO: Detected dialect: W3C
]]></system-err>
  </testcase>
  <testcase name="TestCustomerDetails" classname="com.NexusPortalAutomation.TestCases.Java.TC0010_1_verifyCustDetails_Business" time="17.768"/>
  <testcase name="VerifyBillingDetails_budgetSPA" classname="com.NexusPortalAutomation.TestCases.Java.TC0016_1_VerifyBillingDetails_Budget_SPA" time="16.584"/>
  <testcase name="VerifyBillingDetails" classname="com.NexusPortalAutomation.TestCases.Java.TC0016_VerifyBillingDetails" time="60.591"/>
  <testcase name="VerifyAction_Transfers_Stack_TwoLocations_Scheduled_NotScheduled" classname="com.NexusPortalAutomation.TestCases.Java.TC0039_VerifyAction_Transfers_Stack_TwoLocations_Scheduled_NotScheduled" time="98.219">
    <failure message="Actual Value &apos;Oct 2, 2019&apos; not Matched the expected value &apos;Oct 1, 2019&apos; " type="java.lang.AssertionError">java.lang.AssertionError: Actual Value 'Oct 2, 2019' not Matched the expected value 'Oct 1, 2019' 
	at com.NexusPortalAutomation.TestCases.Java.TC0039_VerifyAction_Transfers_Stack_TwoLocations_Scheduled_NotScheduled.VerifyAction_Transfers_Stack_TwoLocations_Scheduled_NotScheduled(TC0039_VerifyAction_Transfers_Stack_TwoLocations_Scheduled_NotScheduled.java:135)
</failure>
    <system-out><![CDATA[Closing Browser
Test Completed...
Launching Chrome
Browser Maximised
Test started- VerifyAction_Transfers_Stack_TwoLocations_Scheduled_NotScheduled
SORD00000002472
SORD00000002473
SORD00000002475
Deleting Records for ServiceOrder = SORD00000002475
0
0
0
Deleting Records for Location =  LOC@0004
SORD00000002474
Deleting Records for ServiceOrder = SORD00000002474
0
Deleting Records for Location =  LOC@0002
Angular Request Completed in 20ms
Log in to Nexus View
Element [[ChromeDriver: chrome on XP (3e83fbb5a123acd73ab770c788654548)] -> id: username] displayed in 41ms
Login Page title Verified
Element [[ChromeDriver: chrome on XP (3e83fbb5a123acd73ab770c788654548)] -> id: username] displayed in 16ms
Element [[ChromeDriver: chrome on XP (3e83fbb5a123acd73ab770c788654548)] -> id: password] displayed in 528ms
Element [[ChromeDriver: chrome on XP (3e83fbb5a123acd73ab770c788654548)] -> id: kc-login] displayed in 36ms
Angular Request Completed in 14ms
User signed Admin
Enter Text for Search =LOC@0004
Element [[ChromeDriver: chrome on XP (3e83fbb5a123acd73ab770c788654548)] -> id: SRCH_Input] displayed in 72ms
Angular request time 859ms
Element [[ChromeDriver: chrome on XP (3e83fbb5a123acd73ab770c788654548)] -> id: SRCH_Option_1_Address_Line] displayed in 103ms
Click Customer
Angular request time 392ms
Angular request time 15ms
Element [[ChromeDriver: chrome on XP (3e83fbb5a123acd73ab770c788654548)] -> id: 'LOC_Location_Id'] displayed in 542ms
Angular request time 7ms
got Text CustomerLocId = LOC@0004
Customer Location Id found LOC@0004
Strings Matched: LOC@0004 = LOC@0004
Click Action Dropdown
Element [[ChromeDriver: chrome on XP (3e83fbb5a123acd73ab770c788654548)] -> id: ACTION_Button] displayed in 52ms
Element [[ChromeDriver: chrome on XP (3e83fbb5a123acd73ab770c788654548)] -> id: ACTION_Button] displayed in 18ms
Angular request time 9ms
Click Action Drop down
Angular request time 13ms
Element [[ChromeDriver: chrome on XP (3e83fbb5a123acd73ab770c788654548)] -> id: ACTION_Transfer_Service] displayed in 48ms
Element [[ChromeDriver: chrome on XP (3e83fbb5a123acd73ab770c788654548)] -> id: ACTION_Transfer_Service] displayed in 329ms
Angular request time 36ms
Click Action Transfer Service Drop down
Angular request time 14ms
Element [[ChromeDriver: chrome on XP (3e83fbb5a123acd73ab770c788654548)] -> id: XFER_Select] displayed in 96ms
Angular request time 16ms
Click Transfer Combo
Angular request time 17ms
Element [[ChromeDriver: chrome on XP (3e83fbb5a123acd73ab770c788654548)] -> id: XFER_Select_Option_3] displayed in 67ms
Angular request time 27ms
Click Transfer Option 3
Angular request time 8ms
Element [[ChromeDriver: chrome on XP (3e83fbb5a123acd73ab770c788654548)] -> id: XFER_Date_Picker_Requested] displayed in 49ms
Entered Request Date = 10/01/2019 01:33
Submit Transfer Request
TRANSFER
Element [[ChromeDriver: chrome on XP (3e83fbb5a123acd73ab770c788654548)] -> id: CLO_Service_Order_Input] displayed in 271ms
Setting Text on Search Request with Text = TRANSFER
Angular request time 8ms
Element [[ChromeDriver: chrome on XP (3e83fbb5a123acd73ab770c788654548)] -> id: XFER_Date_Picker_Scheduled] displayed in 39ms
Enter Schedule Date Date
Element [[ChromeDriver: chrome on XP (3e83fbb5a123acd73ab770c788654548)] -> id: XFER_Date_Picker_Scheduled] displayed in 31ms
Setting Text on DatePicket with Text = 
Angular request time 1327ms
Strings Matched: Mr. VACANT VACANT = Mr. VACANT VACANT
Element [[ChromeDriver: chrome on XP (3e83fbb5a123acd73ab770c788654548)] -> id: XFER_Search_Input] displayed in 41ms
Setting Text on Customer Name Request with Text = Mr. VACANT VACANT
Angular request time 266ms
Element [[ChromeDriver: chrome on XP (3e83fbb5a123acd73ab770c788654548)] -> id: XFER_Search_Option_1] displayed in 628ms
Angular request time 24ms
Click XFER_Search_Option_1_Customer_Name
Angular request time 7ms
Element [[ChromeDriver: chrome on XP (3e83fbb5a123acd73ab770c788654548)] -> id: XFER_Description] displayed in 57ms
Setting Text on Description Request with Text = Description for Stop Service
Angular request time 14ms
Click Submit
Element [[ChromeDriver: chrome on XP (3e83fbb5a123acd73ab770c788654548)] -> id: XFER_Button_Action] displayed in 39ms
Element [[ChromeDriver: chrome on XP (3e83fbb5a123acd73ab770c788654548)] -> id: XFER_Button_Action] displayed in 366ms
Angular request time 134ms
Click MoveInSubmit Button
Angular request time 22ms
Element [[ChromeDriver: chrome on XP (3e83fbb5a123acd73ab770c788654548)] -> id: XFER_Button_Done] displayed in 672ms
Angular request time 220ms
Click Done Button for Transfer
Angular request time 61ms
Clicking Servic Order Link
Element [[ChromeDriver: chrome on XP (3e83fbb5a123acd73ab770c788654548)] -> css selector: #mat-tab-label-0-2 > div] displayed in 116ms
Angular request time 1423ms
Click Service Order Link
Angular request time 9ms
Element [[ChromeDriver: chrome on XP (3e83fbb5a123acd73ab770c788654548)] -> id: SOLV_Service_Order_1] displayed in 41ms
Element [[ChromeDriver: chrome on XP (3e83fbb5a123acd73ab770c788654548)] -> id: SOLV_Service_Order_1] displayed in 35ms
Angular request time 7ms
Click Clicking Service Order 1
Angular request time 6ms
Angular request time 5ms
Capturing Servic Order Number
Element [[ChromeDriver: chrome on XP (3e83fbb5a123acd73ab770c788654548)] -> id: SODV_Service_Order_Id] displayed in 57ms
Angular request time 9ms
got Text Service Order Number = SORD00000002476
Element [[ChromeDriver: chrome on XP (3e83fbb5a123acd73ab770c788654548)] -> id: ACTION_Refresh_Page] displayed in 72ms
Element [[ChromeDriver: chrome on XP (3e83fbb5a123acd73ab770c788654548)] -> id: ACTION_Refresh_Page] displayed in 29ms
Angular request time 1317ms
Click Refresh Button
Angular request time 10ms
Refresh Page
Click Action Dropdown
Element [[ChromeDriver: chrome on XP (3e83fbb5a123acd73ab770c788654548)] -> id: ACTION_Button] displayed in 63ms
Element [[ChromeDriver: chrome on XP (3e83fbb5a123acd73ab770c788654548)] -> id: ACTION_Button] displayed in 62ms
Angular request time 144ms
Click Action Drop down
Angular request time 72ms
Element [[ChromeDriver: chrome on XP (3e83fbb5a123acd73ab770c788654548)] -> id: ACTION_Transfer_Service] displayed in 101ms
Element [[ChromeDriver: chrome on XP (3e83fbb5a123acd73ab770c788654548)] -> id: ACTION_Transfer_Service] displayed in 250ms
Angular request time 19ms
Click Action Transfer Service Drop down
Angular request time 10ms
Element [[ChromeDriver: chrome on XP (3e83fbb5a123acd73ab770c788654548)] -> id: XFER_Select] displayed in 65ms
Angular request time 19ms
Click Transfer Combo
Angular request time 14ms
Element [[ChromeDriver: chrome on XP (3e83fbb5a123acd73ab770c788654548)] -> id: XFER_Select_Option_3] displayed in 78ms
Angular request time 21ms
Click Transfer Option 3
Angular request time 6ms
Element [[ChromeDriver: chrome on XP (3e83fbb5a123acd73ab770c788654548)] -> id: XFER_Warning_Message] displayed in 29ms
Strings Matched: Service Order Exist. TRANSFER = Service Order Exist. TRANSFER
Element [[ChromeDriver: chrome on XP (3e83fbb5a123acd73ab770c788654548)] -> id: XFER_Warning_Drillback] displayed in 34ms
String Verified  =cogsdrillback://DGPB/?Db=SQL_2017&Srv=RND-BASE-A&Cmp=TWO&Prod=229&Act=OPEN&Func=ServiceOrder&LocationID=LOC@0004&ServiceOrderNumber=SORD00000002476&CogsDrillback=1 Contains = SORD00000002476
Date after Addition of two days Oct 3, 2019
Submit Transfer Request
TRANSFER
Element [[ChromeDriver: chrome on XP (3e83fbb5a123acd73ab770c788654548)] -> id: CLO_Service_Order_Input] displayed in 553ms
Setting Text on Search Request with Text = TRANSFER
Angular request time 7ms
Element [[ChromeDriver: chrome on XP (3e83fbb5a123acd73ab770c788654548)] -> id: XFER_Date_Picker_Scheduled] displayed in 588ms
Enter Schedule Date Date
Element [[ChromeDriver: chrome on XP (3e83fbb5a123acd73ab770c788654548)] -> id: XFER_Date_Picker_Scheduled] displayed in 85ms
Setting Text on DatePicket with Text = Oct 3, 201901:00
Angular request time 32ms
Strings Matched: Mr. VACANT VACANT = Mr. VACANT VACANT
Element [[ChromeDriver: chrome on XP (3e83fbb5a123acd73ab770c788654548)] -> id: XFER_Search_Input] displayed in 98ms
Setting Text on Customer Name Request with Text = Mr. VACANT VACANT
Angular request time 19ms
Element [[ChromeDriver: chrome on XP (3e83fbb5a123acd73ab770c788654548)] -> id: XFER_Search_Option_1] displayed in 592ms
Angular request time 15ms
Click XFER_Search_Option_1_Customer_Name
Angular request time 7ms
Element [[ChromeDriver: chrome on XP (3e83fbb5a123acd73ab770c788654548)] -> id: XFER_Description] displayed in 43ms
Setting Text on Description Request with Text = Description for Stop Service
Angular request time 9ms
Click Submit
Element [[ChromeDriver: chrome on XP (3e83fbb5a123acd73ab770c788654548)] -> id: XFER_Button_Action] displayed in 34ms
Element [[ChromeDriver: chrome on XP (3e83fbb5a123acd73ab770c788654548)] -> id: XFER_Button_Action] displayed in 28ms
Angular request time 122ms
Click MoveInSubmit Button
Angular request time 15ms
Element [[ChromeDriver: chrome on XP (3e83fbb5a123acd73ab770c788654548)] -> id: XFER_Button_Done] displayed in 102ms
Angular request time 132ms
Click Done Button for Transfer
Angular request time 23ms
Element [[ChromeDriver: chrome on XP (3e83fbb5a123acd73ab770c788654548)] -> id: ACTION_Refresh_Page] displayed in 71ms
Element [[ChromeDriver: chrome on XP (3e83fbb5a123acd73ab770c788654548)] -> id: ACTION_Refresh_Page] displayed in 35ms
Angular request time 1036ms
Click Refresh Button
Angular request time 6ms
Refresh Page
Clicking Servic Order Link
Element [[ChromeDriver: chrome on XP (3e83fbb5a123acd73ab770c788654548)] -> css selector: #mat-tab-label-0-2 > div] displayed in 46ms
Angular request time 9ms
Click Service Order Link
Angular request time 5ms
Element [[ChromeDriver: chrome on XP (3e83fbb5a123acd73ab770c788654548)] -> id: SOLV_Service_Order_1] displayed in 40ms
Element [[ChromeDriver: chrome on XP (3e83fbb5a123acd73ab770c788654548)] -> id: SOLV_Service_Order_1] displayed in 539ms
Angular request time 8ms
Click Clicking Service Order 1
Angular request time 6ms
Angular request time 7ms
Element [[ChromeDriver: chrome on XP (3e83fbb5a123acd73ab770c788654548)] -> id: ACTION_Refresh_Page] displayed in 42ms
Element [[ChromeDriver: chrome on XP (3e83fbb5a123acd73ab770c788654548)] -> id: ACTION_Refresh_Page] displayed in 56ms
Angular request time 828ms
Click Refresh Button
Angular request time 11ms
Refresh Page
Element [[ChromeDriver: chrome on XP (3e83fbb5a123acd73ab770c788654548)] -> id: SRCH_Input] displayed in 53ms
Element [[ChromeDriver: chrome on XP (3e83fbb5a123acd73ab770c788654548)] -> id: SRCH_Input] displayed in 17ms
Setting Text on Search Text with Text = LOC@0002
Angular request time 6ms
Search Text
Element [[ChromeDriver: chrome on XP (3e83fbb5a123acd73ab770c788654548)] -> id: SRCH_Option_1_Customer_Name] displayed in 1151ms
Click DashBoard Search Result 
Angular request time 681ms
Click Action Dropdown
Element [[ChromeDriver: chrome on XP (3e83fbb5a123acd73ab770c788654548)] -> id: ACTION_Button] displayed in 47ms
Element [[ChromeDriver: chrome on XP (3e83fbb5a123acd73ab770c788654548)] -> id: ACTION_Button] displayed in 31ms
Angular request time 16ms
Click Action Drop down
Angular request time 7ms
Element [[ChromeDriver: chrome on XP (3e83fbb5a123acd73ab770c788654548)] -> id: ACTION_Transfer_Service] displayed in 43ms
Element [[ChromeDriver: chrome on XP (3e83fbb5a123acd73ab770c788654548)] -> id: ACTION_Transfer_Service] displayed in 78ms
Angular request time 122ms
Click Action Transfer Service Drop down
Angular request time 17ms
Element [[ChromeDriver: chrome on XP (3e83fbb5a123acd73ab770c788654548)] -> id: XFER_Select] displayed in 94ms
Angular request time 16ms
Click Transfer Combo
Angular request time 7ms
Element [[ChromeDriver: chrome on XP (3e83fbb5a123acd73ab770c788654548)] -> id: XFER_Select_Option_1] displayed in 273ms
Angular request time 9ms
Click Transfer Option 1
Angular request time 8ms
TRANSFER
Element [[ChromeDriver: chrome on XP (3e83fbb5a123acd73ab770c788654548)] -> id: CLO_Service_Order_Input] displayed in 43ms
Setting Text on Search Request with Text = Transfer
Angular request time 16ms
Element [[ChromeDriver: chrome on XP (3e83fbb5a123acd73ab770c788654548)] -> id: XFER_MoveFrom_Date_Picker_Requested] displayed in 51ms
10/01/2019 01:34
Strings Matched: Mr. VACANT VACANT = Mr. VACANT VACANT
TEST DEFAULT VALUE FOR CUSTOMER ===Mr. VACANT VACANT
Element [[ChromeDriver: chrome on XP (3e83fbb5a123acd73ab770c788654548)] -> id: XFER_Search_Input] displayed in 32ms
Setting Text on Customer Name Request with Text = Mr. VACANT VACANT
Angular request time 2758ms
Element [[ChromeDriver: chrome on XP (3e83fbb5a123acd73ab770c788654548)] -> id: XFER_Search_Option_1_Customer_Name] displayed in 118ms
Angular request time 115ms
Click XFER_Search_Option_1_Customer_Name
Angular request time 15ms
Element [[ChromeDriver: chrome on XP (3e83fbb5a123acd73ab770c788654548)] -> id: XFER_Description] displayed in 68ms
Setting Text on Description Request with Text = AUTOMATION TEST
Angular request time 8ms
Element [[ChromeDriver: chrome on XP (3e83fbb5a123acd73ab770c788654548)] -> id: XFER_MoveTo_Tab] displayed in 40ms
Angular request time 10ms
Click Move To Tab (Transfers)
Angular request time 7ms
Enter Schedule Date
Element [[ChromeDriver: chrome on XP (3e83fbb5a123acd73ab770c788654548)] -> id: XFER_MoveTo_Date_Picker_Scheduled] displayed in 1233ms
Element [[ChromeDriver: chrome on XP (3e83fbb5a123acd73ab770c788654548)] -> id: XFER_MoveTo_Date_Picker_Scheduled] displayed in 37ms
Setting Text on DatePicket with Text = Oct 2, 2019
Angular request time 15ms
Element [[ChromeDriver: chrome on XP (3e83fbb5a123acd73ab770c788654548)] -> id: CLO_Service_Order_Input] displayed in 578ms
Enter Request Name
Element [[ChromeDriver: chrome on XP (3e83fbb5a123acd73ab770c788654548)] -> id: CLO_Service_Order_Input] displayed in 28ms
Setting Text on Service Order Input with Text = TRANSFER
Angular request time 8ms
Element [[ChromeDriver: chrome on XP (3e83fbb5a123acd73ab770c788654548)] -> id: XFER_Search_Input] displayed in 36ms
Element [[ChromeDriver: chrome on XP (3e83fbb5a123acd73ab770c788654548)] -> id: XFER_Search_Input] displayed in 30ms
Setting Text on XFERSearchInput with Text = LOC@0004
Angular request time 564ms
Element [[ChromeDriver: chrome on XP (3e83fbb5a123acd73ab770c788654548)] -> id: XFER_Search_Option_1_Customer_Name] displayed in 885ms
Angular request time 118ms
Click XFER_Search_Option_1_Customer_Name
Angular request time 16ms
Enter Request Description
Element [[ChromeDriver: chrome on XP (3e83fbb5a123acd73ab770c788654548)] -> id: XFER_Description] displayed in 146ms
Element [[ChromeDriver: chrome on XP (3e83fbb5a123acd73ab770c788654548)] -> id: XFER_Description] displayed in 98ms
Setting Text on XFER Description with Text = Move in from location LOC@0004
Angular request time 31ms
Click Submit
Element [[ChromeDriver: chrome on XP (3e83fbb5a123acd73ab770c788654548)] -> id: XFER_Button_Action] displayed in 442ms
Element [[ChromeDriver: chrome on XP (3e83fbb5a123acd73ab770c788654548)] -> id: XFER_Button_Action] displayed in 546ms
Angular request time 117ms
Click MoveInSubmit Button
Angular request time 15ms
String Verified  =check
Transfer initiated Contains = Transfer initiated
Element [[ChromeDriver: chrome on XP (3e83fbb5a123acd73ab770c788654548)] -> id: XFER_Button_Done] displayed in 67ms
Angular request time 263ms
Click Done Button for Transfer
Angular request time 12ms
Element [[ChromeDriver: chrome on XP (3e83fbb5a123acd73ab770c788654548)] -> id: SRCH_Input] displayed in 49ms
Element [[ChromeDriver: chrome on XP (3e83fbb5a123acd73ab770c788654548)] -> id: SRCH_Input] displayed in 21ms
Setting Text on Search Text with Text = LOC@0004
Angular request time 9ms
Search Text
Element [[ChromeDriver: chrome on XP (3e83fbb5a123acd73ab770c788654548)] -> id: SRCH_Option_1_Customer_Name] displayed in 1221ms
Click DashBoard Search Result 
Angular request time 643ms
Element [[ChromeDriver: chrome on XP (3e83fbb5a123acd73ab770c788654548)] -> id: ACTION_Refresh_Page] displayed in 93ms
Element [[ChromeDriver: chrome on XP (3e83fbb5a123acd73ab770c788654548)] -> id: ACTION_Refresh_Page] displayed in 63ms
Angular request time 583ms
Click Refresh Button
Angular request time 16ms
Refresh Page
Clicking Servic Order Link
Element [[ChromeDriver: chrome on XP (3e83fbb5a123acd73ab770c788654548)] -> css selector: #mat-tab-label-0-2 > div] displayed in 48ms
Angular request time 7ms
Click Service Order Link
Angular request time 7ms
Element [[ChromeDriver: chrome on XP (3e83fbb5a123acd73ab770c788654548)] -> id: SOLV_Service_Order_1] displayed in 35ms
Element [[ChromeDriver: chrome on XP (3e83fbb5a123acd73ab770c788654548)] -> id: SOLV_Service_Order_1] displayed in 31ms
Angular request time 8ms
Click Clicking Service Order 1
Angular request time 12ms
Angular request time 8ms
get Requested Customer Name
Strings Matched: Mr. Vacant Vacant = Mr. Vacant Vacant
get Move Out Customer Date
Strings Matched: Mr. Vacant Vacant = Mr. Vacant Vacant
get Movein Customer Name Date
Strings Matched: Mrs. Gail M Dewar (Customer010) = Mrs. Gail M Dewar (Customer010)
get Scheduled Date
***** Error VerifyAction_Transfers_Stack_TwoLocations_Scheduled_NotScheduled test has failed *****
]]></system-out>
    <system-err><![CDATA[Starting ChromeDriver 76.0.3809.126 (d80a294506b4c9d18015e755cee48f953ddc3f2f-refs/branch-heads/3809@{#1024}) on port 29765
Only local connections are allowed.
Please protect ports used by ChromeDriver and related test frameworks to prevent access by malicious code.
[1569954782.197][WARNING]: This version of ChromeDriver has not been tested with Chrome version 77.
Oct 01, 2019 1:33:03 PM org.openqa.selenium.remote.ProtocolHandshake createSession
INFO: Detected dialect: W3C
]]></system-err>
  </testcase>
  <testcase name="TestSearchAccount" classname="com.NexusPortalAutomation.TestCases.Java.TC0009_VerifyAccountSearch" time="20.793"/>
  <testcase name="VerifyBillingDetails_Budget" classname="com.NexusPortalAutomation.TestCases.Java.TC0016_1_VerifyBillingDetails_Budget" time="19.617"/>
  <testcase name="VerifyAction_Transfers_Stack_TwoLocations_defaultCustomerLocationBased_NotScheduled" classname="com.NexusPortalAutomation.TestCases.Java.TC0038_VerifyAction_Transfers_Stack_TwoLocations_defaultCustomerLocationBased_NotScheduled" time="0.109"/>
  <testcase name="TestSearchAccount" classname="com.NexusPortalAutomation.TestCases.Java.TC0009_1_VerifyAccountSearch_NoAccounts" time="19.791"/>
  <testcase name="VerifyBillingDetailsAutoPay" classname="com.NexusPortalAutomation.TestCases.Java.TC0016_1_VerifyBillingDetails_AutoPay" time="98.11"/>
  <testcase name="VerifyAction_Transfers_Stack_TwoLocations_NotScheduled" classname="com.NexusPortalAutomation.TestCases.Java.TC0037_VerifyAction_Transfers_Stack_TwoLocations_NotScheduled" time="124.889">
    <failure message="Actual Value &apos;Mr. Automation Mate (0000011111)&apos; not Matched the expected value &apos;Mr. Movein Cus (Moveincus2)&apos; " type="java.lang.AssertionError">java.lang.AssertionError: Actual Value 'Mr. Automation Mate (0000011111)' not Matched the expected value 'Mr. Movein Cus (Moveincus2)' 
	at com.NexusPortalAutomation.TestCases.Java.TC0037_VerifyAction_Transfers_Stack_TwoLocations_NotScheduled.VerifyAction_Transfers_Stack_TwoLocations_NotScheduled(TC0037_VerifyAction_Transfers_Stack_TwoLocations_NotScheduled.java:135)
</failure>
    <system-out><![CDATA[Closing Browser
Test Completed...
Launching Chrome
Browser Maximised
Test started- VerifyAction_Transfers_Stack_TwoLocations_NotScheduled
Deleting Records for ServiceOrder = 
Deleting Records for ServiceOrder = 
Angular Request Completed in 18ms
Log in to Nexus View
Element [[ChromeDriver: chrome on XP (739dd22b50e0e2e11c30354658c7c8f3)] -> id: username] displayed in 46ms
Login Page title Verified
Element [[ChromeDriver: chrome on XP (739dd22b50e0e2e11c30354658c7c8f3)] -> id: username] displayed in 15ms
Element [[ChromeDriver: chrome on XP (739dd22b50e0e2e11c30354658c7c8f3)] -> id: password] displayed in 35ms
Element [[ChromeDriver: chrome on XP (739dd22b50e0e2e11c30354658c7c8f3)] -> id: kc-login] displayed in 34ms
Angular Request Completed in 94ms
User signed Admin
Enter Text for Search =LOC@0004
Element [[ChromeDriver: chrome on XP (739dd22b50e0e2e11c30354658c7c8f3)] -> id: SRCH_Input] displayed in 68ms
Angular request time 743ms
Element [[ChromeDriver: chrome on XP (739dd22b50e0e2e11c30354658c7c8f3)] -> id: SRCH_Option_1_Address_Line] displayed in 101ms
Click Customer
Angular request time 607ms
Angular request time 11ms
Element [[ChromeDriver: chrome on XP (739dd22b50e0e2e11c30354658c7c8f3)] -> id: 'LOC_Location_Id'] displayed in 62ms
Angular request time 14ms
got Text CustomerLocId = LOC@0004
Customer Location Id found LOC@0004
Strings Matched: LOC@0004 = LOC@0004
Click Action Dropdown
Element [[ChromeDriver: chrome on XP (739dd22b50e0e2e11c30354658c7c8f3)] -> id: ACTION_Button] displayed in 28ms
Element [[ChromeDriver: chrome on XP (739dd22b50e0e2e11c30354658c7c8f3)] -> id: ACTION_Button] displayed in 17ms
Angular request time 8ms
Click Action Drop down
Angular request time 7ms
Element [[ChromeDriver: chrome on XP (739dd22b50e0e2e11c30354658c7c8f3)] -> id: ACTION_Transfer_Service] displayed in 66ms
Element [[ChromeDriver: chrome on XP (739dd22b50e0e2e11c30354658c7c8f3)] -> id: ACTION_Transfer_Service] displayed in 78ms
Angular request time 26ms
Click Action Transfer Service Drop down
Angular request time 12ms
Element [[ChromeDriver: chrome on XP (739dd22b50e0e2e11c30354658c7c8f3)] -> id: XFER_Select] displayed in 76ms
Angular request time 23ms
Click Transfer Combo
Angular request time 10ms
Element [[ChromeDriver: chrome on XP (739dd22b50e0e2e11c30354658c7c8f3)] -> id: XFER_Select_Option_3] displayed in 56ms
Angular request time 16ms
Click Transfer Option 3
Angular request time 6ms
Element [[ChromeDriver: chrome on XP (739dd22b50e0e2e11c30354658c7c8f3)] -> id: XFER_Date_Picker_Requested] displayed in 49ms
Entered Request Date = 10/01/2019 01:38
Submit Transfer Request
TRANSFER
Element [[ChromeDriver: chrome on XP (739dd22b50e0e2e11c30354658c7c8f3)] -> id: CLO_Service_Order_Input] displayed in 56ms
Setting Text on Search Request with Text = TRANSFER
Angular request time 7ms
Element [[ChromeDriver: chrome on XP (739dd22b50e0e2e11c30354658c7c8f3)] -> id: XFER_Date_Picker_Scheduled] displayed in 41ms
Enter Schedule Date Date
Element [[ChromeDriver: chrome on XP (739dd22b50e0e2e11c30354658c7c8f3)] -> id: XFER_Date_Picker_Scheduled] displayed in 30ms
Setting Text on DatePicket with Text = 
Angular request time 1047ms
Strings Matched: Mr. VACANT VACANT = Mr. VACANT VACANT
Element [[ChromeDriver: chrome on XP (739dd22b50e0e2e11c30354658c7c8f3)] -> id: XFER_Search_Input] displayed in 122ms
Setting Text on Customer Name Request with Text = Mr. VACANT VACANT
Angular request time 20ms
Element [[ChromeDriver: chrome on XP (739dd22b50e0e2e11c30354658c7c8f3)] -> id: XFER_Search_Option_1] displayed in 694ms
Angular request time 11ms
Click XFER_Search_Option_1_Customer_Name
Angular request time 10ms
Element [[ChromeDriver: chrome on XP (739dd22b50e0e2e11c30354658c7c8f3)] -> id: XFER_Description] displayed in 68ms
Setting Text on Description Request with Text = Description for Stop Service
Angular request time 9ms
Click Submit
Element [[ChromeDriver: chrome on XP (739dd22b50e0e2e11c30354658c7c8f3)] -> id: XFER_Button_Action] displayed in 47ms
Element [[ChromeDriver: chrome on XP (739dd22b50e0e2e11c30354658c7c8f3)] -> id: XFER_Button_Action] displayed in 40ms
Angular request time 114ms
Click MoveInSubmit Button
Angular request time 31ms
Element [[ChromeDriver: chrome on XP (739dd22b50e0e2e11c30354658c7c8f3)] -> id: XFER_Button_Done] displayed in 68ms
Angular request time 30ms
Click Done Button for Transfer
Angular request time 14ms
Clicking Servic Order Link
Element [[ChromeDriver: chrome on XP (739dd22b50e0e2e11c30354658c7c8f3)] -> css selector: #mat-tab-label-0-2 > div] displayed in 525ms
Angular request time 1068ms
Click Service Order Link
Angular request time 10ms
Element [[ChromeDriver: chrome on XP (739dd22b50e0e2e11c30354658c7c8f3)] -> id: SOLV_Service_Order_1] displayed in 83ms
Element [[ChromeDriver: chrome on XP (739dd22b50e0e2e11c30354658c7c8f3)] -> id: SOLV_Service_Order_1] displayed in 34ms
Angular request time 9ms
Click Clicking Service Order 1
Angular request time 5ms
Angular request time 8ms
Capturing Servic Order Number
Element [[ChromeDriver: chrome on XP (739dd22b50e0e2e11c30354658c7c8f3)] -> id: SODV_Service_Order_Id] displayed in 54ms
Angular request time 7ms
got Text Service Order Number = SORD00000002480
Element [[ChromeDriver: chrome on XP (739dd22b50e0e2e11c30354658c7c8f3)] -> id: ACTION_Refresh_Page] displayed in 69ms
Element [[ChromeDriver: chrome on XP (739dd22b50e0e2e11c30354658c7c8f3)] -> id: ACTION_Refresh_Page] displayed in 49ms
Angular request time 497ms
Click Refresh Button
Angular request time 12ms
Refresh Page
Click Action Dropdown
Element [[ChromeDriver: chrome on XP (739dd22b50e0e2e11c30354658c7c8f3)] -> id: ACTION_Button] displayed in 46ms
Element [[ChromeDriver: chrome on XP (739dd22b50e0e2e11c30354658c7c8f3)] -> id: ACTION_Button] displayed in 32ms
Angular request time 8ms
Click Action Drop down
Angular request time 10ms
Element [[ChromeDriver: chrome on XP (739dd22b50e0e2e11c30354658c7c8f3)] -> id: ACTION_Transfer_Service] displayed in 44ms
Element [[ChromeDriver: chrome on XP (739dd22b50e0e2e11c30354658c7c8f3)] -> id: ACTION_Transfer_Service] displayed in 62ms
Angular request time 29ms
Click Action Transfer Service Drop down
Angular request time 18ms
Element [[ChromeDriver: chrome on XP (739dd22b50e0e2e11c30354658c7c8f3)] -> id: XFER_Select] displayed in 76ms
Angular request time 16ms
Click Transfer Combo
Angular request time 17ms
Element [[ChromeDriver: chrome on XP (739dd22b50e0e2e11c30354658c7c8f3)] -> id: XFER_Select_Option_3] displayed in 56ms
Angular request time 13ms
Click Transfer Option 3
Angular request time 6ms
Element [[ChromeDriver: chrome on XP (739dd22b50e0e2e11c30354658c7c8f3)] -> id: XFER_Warning_Message] displayed in 24ms
Strings Matched: Service Order Exist. TRANSFER = Service Order Exist. TRANSFER
Element [[ChromeDriver: chrome on XP (739dd22b50e0e2e11c30354658c7c8f3)] -> id: XFER_Warning_Drillback] displayed in 24ms
String Verified  =cogsdrillback://DGPB/?Db=SQL_2017&Srv=RND-BASE-A&Cmp=TWO&Prod=229&Act=OPEN&Func=ServiceOrder&LocationID=LOC@0004&ServiceOrderNumber=SORD00000002480&CogsDrillback=1 Contains = SORD00000002480
Date after Addition of two days Oct 3, 2019
Submit Transfer Request
TRANSFER
Element [[ChromeDriver: chrome on XP (739dd22b50e0e2e11c30354658c7c8f3)] -> id: CLO_Service_Order_Input] displayed in 31ms
Setting Text on Search Request with Text = TRANSFER
Angular request time 7ms
Element [[ChromeDriver: chrome on XP (739dd22b50e0e2e11c30354658c7c8f3)] -> id: XFER_Date_Picker_Scheduled] displayed in 43ms
Enter Schedule Date Date
Element [[ChromeDriver: chrome on XP (739dd22b50e0e2e11c30354658c7c8f3)] -> id: XFER_Date_Picker_Scheduled] displayed in 35ms
Setting Text on DatePicket with Text = 
Angular request time 790ms
Strings Matched: Mr. VACANT VACANT = Mr. VACANT VACANT
Element [[ChromeDriver: chrome on XP (739dd22b50e0e2e11c30354658c7c8f3)] -> id: XFER_Search_Input] displayed in 36ms
Setting Text on Customer Name Request with Text = Mr. VACANT VACANT
Angular request time 7ms
Element [[ChromeDriver: chrome on XP (739dd22b50e0e2e11c30354658c7c8f3)] -> id: XFER_Search_Option_1] displayed in 762ms
Angular request time 70ms
Click XFER_Search_Option_1_Customer_Name
Angular request time 21ms
Element [[ChromeDriver: chrome on XP (739dd22b50e0e2e11c30354658c7c8f3)] -> id: XFER_Description] displayed in 147ms
Setting Text on Description Request with Text = Description for Stop Service
Angular request time 19ms
Click Submit
Element [[ChromeDriver: chrome on XP (739dd22b50e0e2e11c30354658c7c8f3)] -> id: XFER_Button_Action] displayed in 153ms
Element [[ChromeDriver: chrome on XP (739dd22b50e0e2e11c30354658c7c8f3)] -> id: XFER_Button_Action] displayed in 99ms
Angular request time 110ms
Click MoveInSubmit Button
Angular request time 16ms
Element [[ChromeDriver: chrome on XP (739dd22b50e0e2e11c30354658c7c8f3)] -> id: XFER_Button_Done] displayed in 167ms
Angular request time 25ms
Click Done Button for Transfer
Angular request time 12ms
Element [[ChromeDriver: chrome on XP (739dd22b50e0e2e11c30354658c7c8f3)] -> id: ACTION_Refresh_Page] displayed in 42ms
Element [[ChromeDriver: chrome on XP (739dd22b50e0e2e11c30354658c7c8f3)] -> id: ACTION_Refresh_Page] displayed in 766ms
Angular request time 908ms
Click Refresh Button
Angular request time 7ms
Refresh Page
Clicking Servic Order Link
Element [[ChromeDriver: chrome on XP (739dd22b50e0e2e11c30354658c7c8f3)] -> css selector: #mat-tab-label-0-2 > div] displayed in 46ms
Angular request time 6ms
Click Service Order Link
Angular request time 9ms
Element [[ChromeDriver: chrome on XP (739dd22b50e0e2e11c30354658c7c8f3)] -> id: SOLV_Service_Order_1] displayed in 34ms
Element [[ChromeDriver: chrome on XP (739dd22b50e0e2e11c30354658c7c8f3)] -> id: SOLV_Service_Order_1] displayed in 26ms
Angular request time 11ms
Click Clicking Service Order 1
Angular request time 8ms
Angular request time 6ms
Element [[ChromeDriver: chrome on XP (739dd22b50e0e2e11c30354658c7c8f3)] -> id: ACTION_Refresh_Page] displayed in 27ms
Element [[ChromeDriver: chrome on XP (739dd22b50e0e2e11c30354658c7c8f3)] -> id: ACTION_Refresh_Page] displayed in 31ms
Angular request time 1044ms
Click Refresh Button
Angular request time 15ms
Refresh Page
Element [[ChromeDriver: chrome on XP (739dd22b50e0e2e11c30354658c7c8f3)] -> id: SRCH_Input] displayed in 52ms
Element [[ChromeDriver: chrome on XP (739dd22b50e0e2e11c30354658c7c8f3)] -> id: SRCH_Input] displayed in 16ms
Setting Text on Search Text with Text = LOC@0005
Angular request time 6ms
Search Text
Element [[ChromeDriver: chrome on XP (739dd22b50e0e2e11c30354658c7c8f3)] -> id: SRCH_Option_1_Customer_Name] displayed in 670ms
Click DashBoard Search Result 
Angular request time 589ms
Click Action Dropdown
Element [[ChromeDriver: chrome on XP (739dd22b50e0e2e11c30354658c7c8f3)] -> id: ACTION_Button] displayed in 529ms
Element [[ChromeDriver: chrome on XP (739dd22b50e0e2e11c30354658c7c8f3)] -> id: ACTION_Button] displayed in 31ms
Angular request time 512ms
Click Action Drop down
Angular request time 8ms
Element [[ChromeDriver: chrome on XP (739dd22b50e0e2e11c30354658c7c8f3)] -> id: ACTION_Transfer_Service] displayed in 488ms
Element [[ChromeDriver: chrome on XP (739dd22b50e0e2e11c30354658c7c8f3)] -> id: ACTION_Transfer_Service] displayed in 63ms
Angular request time 18ms
Click Action Transfer Service Drop down
Angular request time 15ms
Element [[ChromeDriver: chrome on XP (739dd22b50e0e2e11c30354658c7c8f3)] -> id: XFER_Select] displayed in 55ms
Angular request time 16ms
Click Transfer Combo
Angular request time 23ms
Element [[ChromeDriver: chrome on XP (739dd22b50e0e2e11c30354658c7c8f3)] -> id: XFER_Select_Option_1] displayed in 44ms
Angular request time 11ms
Click Transfer Option 1
Angular request time 9ms
TRANSFER
Element [[ChromeDriver: chrome on XP (739dd22b50e0e2e11c30354658c7c8f3)] -> id: CLO_Service_Order_Input] displayed in 45ms
Setting Text on Search Request with Text = Transfer
Angular request time 6ms
Element [[ChromeDriver: chrome on XP (739dd22b50e0e2e11c30354658c7c8f3)] -> id: XFER_MoveFrom_Date_Picker_Requested] displayed in 41ms
10/01/2019 01:39
Strings Matched: Mr. VACANT VACANT = Mr. VACANT VACANT
TEST DEFAULT VALUE FOR CUSTOMER ===Mr. VACANT VACANT
Element [[ChromeDriver: chrome on XP (739dd22b50e0e2e11c30354658c7c8f3)] -> id: XFER_Search_Input] displayed in 541ms
Setting Text on Customer Name Request with Text = Mr. VACANT VACANT
Angular request time 6ms
Element [[ChromeDriver: chrome on XP (739dd22b50e0e2e11c30354658c7c8f3)] -> id: XFER_Search_Option_1_Customer_Name] displayed in 606ms
Angular request time 381ms
Click XFER_Search_Option_1_Customer_Name
Angular request time 8ms
Element [[ChromeDriver: chrome on XP (739dd22b50e0e2e11c30354658c7c8f3)] -> id: XFER_Description] displayed in 57ms
Setting Text on Description Request with Text = AUTOMATION TEST
Angular request time 10ms
Element [[ChromeDriver: chrome on XP (739dd22b50e0e2e11c30354658c7c8f3)] -> id: XFER_MoveTo_Tab] displayed in 539ms
Angular request time 15ms
Click Move To Tab (Transfers)
Angular request time 12ms
Element [[ChromeDriver: chrome on XP (739dd22b50e0e2e11c30354658c7c8f3)] -> id: CLO_Service_Order_Input] displayed in 49ms
Enter Request Name
Element [[ChromeDriver: chrome on XP (739dd22b50e0e2e11c30354658c7c8f3)] -> id: CLO_Service_Order_Input] displayed in 29ms
Setting Text on Service Order Input with Text = TRANSFER
Angular request time 6ms
Element [[ChromeDriver: chrome on XP (739dd22b50e0e2e11c30354658c7c8f3)] -> id: XFER_Search_Input] displayed in 35ms
Element [[ChromeDriver: chrome on XP (739dd22b50e0e2e11c30354658c7c8f3)] -> id: XFER_Search_Input] displayed in 31ms
Setting Text on XFERSearchInput with Text = LOC@0004
Angular request time 623ms
Element [[ChromeDriver: chrome on XP (739dd22b50e0e2e11c30354658c7c8f3)] -> id: XFER_Search_Option_1_Customer_Name] displayed in 967ms
Angular request time 127ms
Click XFER_Search_Option_1_Customer_Name
Angular request time 16ms
Enter Request Description
Element [[ChromeDriver: chrome on XP (739dd22b50e0e2e11c30354658c7c8f3)] -> id: XFER_Description] displayed in 105ms
Element [[ChromeDriver: chrome on XP (739dd22b50e0e2e11c30354658c7c8f3)] -> id: XFER_Description] displayed in 34ms
Setting Text on XFER Description with Text = Move in from location LOC@0004
Angular request time 16ms
Click Submit
Element [[ChromeDriver: chrome on XP (739dd22b50e0e2e11c30354658c7c8f3)] -> id: XFER_Button_Action] displayed in 49ms
Element [[ChromeDriver: chrome on XP (739dd22b50e0e2e11c30354658c7c8f3)] -> id: XFER_Button_Action] displayed in 36ms
Angular request time 122ms
Click MoveInSubmit Button
Angular request time 16ms
String Verified  =check
Transfer initiated Contains = Transfer initiated
Element [[ChromeDriver: chrome on XP (739dd22b50e0e2e11c30354658c7c8f3)] -> id: XFER_Button_Done] displayed in 61ms
Angular request time 51ms
Click Done Button for Transfer
Angular request time 18ms
Element [[ChromeDriver: chrome on XP (739dd22b50e0e2e11c30354658c7c8f3)] -> id: SRCH_Input] displayed in 366ms
Element [[ChromeDriver: chrome on XP (739dd22b50e0e2e11c30354658c7c8f3)] -> id: SRCH_Input] displayed in 18ms
Setting Text on Search Text with Text = LOC@0004
Angular request time 8ms
Search Text
Element [[ChromeDriver: chrome on XP (739dd22b50e0e2e11c30354658c7c8f3)] -> id: SRCH_Option_1_Customer_Name] displayed in 1493ms
Click DashBoard Search Result 
Angular request time 976ms
Element [[ChromeDriver: chrome on XP (739dd22b50e0e2e11c30354658c7c8f3)] -> id: ACTION_Refresh_Page] displayed in 127ms
Element [[ChromeDriver: chrome on XP (739dd22b50e0e2e11c30354658c7c8f3)] -> id: ACTION_Refresh_Page] displayed in 110ms
Angular request time 1131ms
Click Refresh Button
Angular request time 31ms
Refresh Page
Clicking Servic Order Link
Element [[ChromeDriver: chrome on XP (739dd22b50e0e2e11c30354658c7c8f3)] -> css selector: #mat-tab-label-0-2 > div] displayed in 47ms
Angular request time 14ms
Click Service Order Link
Angular request time 8ms
Element [[ChromeDriver: chrome on XP (739dd22b50e0e2e11c30354658c7c8f3)] -> id: SOLV_Service_Order_1] displayed in 45ms
Element [[ChromeDriver: chrome on XP (739dd22b50e0e2e11c30354658c7c8f3)] -> id: SOLV_Service_Order_1] displayed in 38ms
Angular request time 9ms
Click Clicking Service Order 1
Angular request time 8ms
Angular request time 6ms
get Requested Customer Name
Strings Matched: Mr. Automation Mate = Mr. Automation Mate
get Move Out Customer Date
Strings Matched: Mr. Automation Mate = Mr. Automation Mate
get Movein Customer Name Date
***** Error VerifyAction_Transfers_Stack_TwoLocations_NotScheduled test has failed *****
]]></system-out>
    <system-err><![CDATA[Starting ChromeDriver 76.0.3809.126 (d80a294506b4c9d18015e755cee48f953ddc3f2f-refs/branch-heads/3809@{#1024}) on port 35397
Only local connections are allowed.
Please protect ports used by ChromeDriver and related test frameworks to prevent access by malicious code.
[1569955061.778][WARNING]: This version of ChromeDriver has not been tested with Chrome version 77.
Oct 01, 2019 1:37:42 PM org.openqa.selenium.remote.ProtocolHandshake createSession
INFO: Detected dialect: W3C
]]></system-err>
  </testcase>
  <testcase name="TestSearchbylocationID" classname="com.NexusPortalAutomation.TestCases.Java.TC0008_VerifySignInbylocationID" time="19.869"/>
  <testcase name="TestContactLogs" classname="com.NexusPortalAutomation.TestCases.Java.TC0015_VerifyContactLogs" time="16.48"/>
  <testcase name="VerifyTransferActionServiceOrder" classname="com.NexusPortalAutomation.TestCases.Java.TC0036_VerifyAction_Transfers_StartService" time="75.296">
[...]
Session ID: 7981c5b5416e94a2f1e307be123aa5a7
*** Element info: {Using=xpath, value=//div[@class='requiered-field text ng-star-inserted']}
	at com.NexusPortalAutomation.TestCases.Java.TC0025_1_VerifyAction_Transfers_Scheduled_CurrentMoveinCustomer.VerifyActionServiceOrder_Transfers_NotSchedule(TC0025_1_VerifyAction_Transfers_Scheduled_CurrentMoveinCustomer.java:91)
</failure>
    <system-out><![CDATA[Closing Browser
Test Completed...
Launching Chrome
Browser Maximised
Test started- VerifyActionServiceOrder_Transfers_NotSchedule
Deleting Records for ServiceOrder = 
SORD00000002496
Deleting Records for ServiceOrder = SORD00000002496
0
Deleting Records for Location =  LOC@0005
Angular Request Completed in 42ms
Log in to Nexus View
Element [[ChromeDriver: chrome on XP (7981c5b5416e94a2f1e307be123aa5a7)] -> id: username] displayed in 37ms
Login Page title Verified
Element [[ChromeDriver: chrome on XP (7981c5b5416e94a2f1e307be123aa5a7)] -> id: username] displayed in 14ms
Element [[ChromeDriver: chrome on XP (7981c5b5416e94a2f1e307be123aa5a7)] -> id: password] displayed in 30ms
Element [[ChromeDriver: chrome on XP (7981c5b5416e94a2f1e307be123aa5a7)] -> id: kc-login] displayed in 42ms
Angular Request Completed in 14ms
User signed Admin
Enter Text for Search =LOC@0004
Element [[ChromeDriver: chrome on XP (7981c5b5416e94a2f1e307be123aa5a7)] -> id: SRCH_Input] displayed in 100ms
Angular request time 1670ms
Element [[ChromeDriver: chrome on XP (7981c5b5416e94a2f1e307be123aa5a7)] -> id: SRCH_Option_1_Address_Line] displayed in 62ms
Click Customer
Angular request time 344ms
Angular request time 11ms
Element [[ChromeDriver: chrome on XP (7981c5b5416e94a2f1e307be123aa5a7)] -> id: 'LOC_Location_Id'] displayed in 555ms
Angular request time 15ms
got Text CustomerLocId = LOC@0004
Customer Location Id found LOC@0004
Strings Matched: LOC@0004 = LOC@0004
Click Action Dropdown
Element [[ChromeDriver: chrome on XP (7981c5b5416e94a2f1e307be123aa5a7)] -> id: ACTION_Button] displayed in 64ms
Element [[ChromeDriver: chrome on XP (7981c5b5416e94a2f1e307be123aa5a7)] -> id: ACTION_Button] displayed in 538ms
Angular request time 8ms
Click Action Drop down
Angular request time 8ms
Element [[ChromeDriver: chrome on XP (7981c5b5416e94a2f1e307be123aa5a7)] -> id: ACTION_Transfer_Service] displayed in 57ms
Element [[ChromeDriver: chrome on XP (7981c5b5416e94a2f1e307be123aa5a7)] -> id: ACTION_Transfer_Service] displayed in 110ms
Angular request time 33ms
Click Action Transfer Service Drop down
Angular request time 29ms
Element [[ChromeDriver: chrome on XP (7981c5b5416e94a2f1e307be123aa5a7)] -> id: XFER_Select] displayed in 77ms
Angular request time 20ms
Click Transfer Combo
Angular request time 9ms
Element [[ChromeDriver: chrome on XP (7981c5b5416e94a2f1e307be123aa5a7)] -> id: XFER_Select_Option_1] displayed in 57ms
Angular request time 9ms
Click Transfer Option 1
Angular request time 7ms
TRANSFER
Element [[ChromeDriver: chrome on XP (7981c5b5416e94a2f1e307be123aa5a7)] -> id: CLO_Service_Order_Input] displayed in 40ms
Setting Text on Search Request with Text = Transfer
Angular request time 7ms
Element [[ChromeDriver: chrome on XP (7981c5b5416e94a2f1e307be123aa5a7)] -> id: XFER_MoveFrom_Date_Picker_Requested] displayed in 43ms
10/01/2019 01:52
Enter Schedule Date
Element [[ChromeDriver: chrome on XP (7981c5b5416e94a2f1e307be123aa5a7)] -> id: XFER_MoveFrom_Date_Picker_Scheduled] displayed in 47ms
Element [[ChromeDriver: chrome on XP (7981c5b5416e94a2f1e307be123aa5a7)] -> id: XFER_MoveFrom_Date_Picker_Scheduled] displayed in 45ms
Setting Text on DatePicket with Text = 10/01/2019 01:52
Angular request time 1189ms
Strings Matched: Mr. VACANT VACANT = Mr. VACANT VACANT
TEST DEFAULT VALUE FOR CUSTOMER ===Mr. VACANT VACANT
Element [[ChromeDriver: chrome on XP (7981c5b5416e94a2f1e307be123aa5a7)] -> id: XFER_Search_Input] displayed in 46ms
Setting Text on Customer Name Request with Text = Mr. Automation Mate
Angular request time 9ms
Element [[ChromeDriver: chrome on XP (7981c5b5416e94a2f1e307be123aa5a7)] -> id: XFER_Search_Option_1_Customer_Name] displayed in 1227ms
Angular request time 46ms
Click XFER_Search_Option_1_Customer_Name
Angular request time 25ms
Element [[ChromeDriver: chrome on XP (7981c5b5416e94a2f1e307be123aa5a7)] -> id: XFER_Description] displayed in 151ms
Setting Text on Description Request with Text = AUTOMATION TEST
Angular request time 21ms
Element [[ChromeDriver: chrome on XP (7981c5b5416e94a2f1e307be123aa5a7)] -> id: XFER_MoveTo_Tab] displayed in 134ms
Angular request time 89ms
Click Move To Tab (Transfers)
Angular request time 72ms
Element [[ChromeDriver: chrome on XP (7981c5b5416e94a2f1e307be123aa5a7)] -> id: XFER_MoveTo_Date_Picker_Requested] displayed in 301ms
10/01/2019 01:52
Enter Request Date
Element [[ChromeDriver: chrome on XP (7981c5b5416e94a2f1e307be123aa5a7)] -> id: XFER_MoveTo_Date_Picker_Requested] displayed in 994ms
Element [[ChromeDriver: chrome on XP (7981c5b5416e94a2f1e307be123aa5a7)] -> id: XFER_MoveTo_Date_Picker_Requested] displayed in 63ms
Setting Text on DatePicket with Text = 10/01/2019 01:52
Angular request time 16ms
Element [[ChromeDriver: chrome on XP (7981c5b5416e94a2f1e307be123aa5a7)] -> id: CLO_Service_Order_Input] displayed in 40ms
Enter Request Name
Element [[ChromeDriver: chrome on XP (7981c5b5416e94a2f1e307be123aa5a7)] -> id: CLO_Service_Order_Input] displayed in 31ms
Setting Text on Service Order Input with Text = TRANSFER
Angular request time 5ms
Element [[ChromeDriver: chrome on XP (7981c5b5416e94a2f1e307be123aa5a7)] -> id: XFER_Search_Input] displayed in 38ms
Element [[ChromeDriver: chrome on XP (7981c5b5416e94a2f1e307be123aa5a7)] -> id: XFER_Search_Input] displayed in 31ms
Setting Text on XFERSearchInput with Text = LOC@0005
Angular request time 532ms
Element [[ChromeDriver: chrome on XP (7981c5b5416e94a2f1e307be123aa5a7)] -> id: XFER_Search_Option_1_Customer_Name] displayed in 666ms
Angular request time 123ms
Click XFER_Search_Option_1_Customer_Name
Angular request time 15ms
Enter Request Description
Element [[ChromeDriver: chrome on XP (7981c5b5416e94a2f1e307be123aa5a7)] -> id: XFER_Description] displayed in 102ms
Element [[ChromeDriver: chrome on XP (7981c5b5416e94a2f1e307be123aa5a7)] -> id: XFER_Description] displayed in 28ms
Setting Text on XFER Description with Text = Move in from location
Angular request time 4ms
Element [[ChromeDriver: chrome on XP (7981c5b5416e94a2f1e307be123aa5a7)] -> id: XFER_Search_Input] displayed in 19ms
Element [[ChromeDriver: chrome on XP (7981c5b5416e94a2f1e307be123aa5a7)] -> id: XFER_Search_Input] displayed in 14ms
Setting Text on Customer Name Request with Text = Mr. Automation Mate
Angular request time 7ms
Click Submit
Element [[ChromeDriver: chrome on XP (7981c5b5416e94a2f1e307be123aa5a7)] -> id: XFER_Button_Action] displayed in 40ms
Element [[ChromeDriver: chrome on XP (7981c5b5416e94a2f1e307be123aa5a7)] -> id: XFER_Button_Action] displayed in 31ms
Angular request time 379ms
Click MoveInSubmit Button
Angular request time 9ms
***** Error VerifyActionServiceOrder_Transfers_NotSchedule test has failed *****
]]></system-out>
    <system-err><![CDATA[Starting ChromeDriver 76.0.3809.126 (d80a294506b4c9d18015e755cee48f953ddc3f2f-refs/branch-heads/3809@{#1024}) on port 22432
Only local connections are allowed.
Please protect ports used by ChromeDriver and related test frameworks to prevent access by malicious code.
[1569955932.138][WARNING]: This version of ChromeDriver has not been tested with Chrome version 77.
Oct 01, 2019 1:52:13 PM org.openqa.selenium.remote.ProtocolHandshake createSession
INFO: Detected dialect: W3C
]]></system-err>
  </testcase>
  <testcase name="VerifyRecentWidget" classname="com.NexusPortalAutomation.TestCases.Java.TC0023_VerifyRecentWidget" time="14.345"/>
  <testcase name="VerifyActionServiceOrder_Transfers_NotSchedule" classname="com.NexusPortalAutomation.TestCases.Java.TC0025_VerifyAction_Transfers_NotScheduled" time="49.664"/>
  <testcase name="VerifyTransferActionServiceOrder" classname="com.NexusPortalAutomation.TestCases.Java.TC0026_VerifyAction_Transfers_StartService_NotScheduled" time="56.905">
    <failure message="Object Not Found Expected condition failed: waiting for visibility of Proxy element for: DefaultElementLocator &apos;By.id: XFER_Button_Done&apos; (tried for 20 second(s) with 500 milliseconds interval)" type="java.lang.AssertionError">java.lang.AssertionError: Object Not Found Expected condition failed: waiting for visibility of Proxy element for: DefaultElementLocator 'By.id: XFER_Button_Done' (tried for 20 second(s) with 500 milliseconds interval)
	at com.NexusPortalAutomation.TestCases.Java.TC0026_VerifyAction_Transfers_StartService_NotScheduled.VerifyTransferActionServiceOrder(TC0026_VerifyAction_Transfers_StartService_NotScheduled.java:78)
</failure>
    <system-out><![CDATA[Closing Browser
Test Completed...
Launching Chrome
Browser Maximised
Test started- VerifyTransferActionServiceOrder
SORD00000002500
Deleting Records for ServiceOrder = SORD00000002500
0
Deleting Records for Location =  LOC@0004
Angular Request Completed in 36ms
Log in to Nexus View
Element [[ChromeDriver: chrome on XP (9e061509edf5cea255519fc621e55634)] -> id: username] displayed in 37ms
Login Page title Verified
Element [[ChromeDriver: chrome on XP (9e061509edf5cea255519fc621e55634)] -> id: username] displayed in 16ms
Element [[ChromeDriver: chrome on XP (9e061509edf5cea255519fc621e55634)] -> id: password] displayed in 32ms
Element [[ChromeDriver: chrome on XP (9e061509edf5cea255519fc621e55634)] -> id: kc-login] displayed in 381ms
Angular Request Completed in 32ms
User signed Admin
Enter Text for Search =LOC@0004
Element [[ChromeDriver: chrome on XP (9e061509edf5cea255519fc621e55634)] -> id: SRCH_Input] displayed in 66ms
Angular request time 728ms
Element [[ChromeDriver: chrome on XP (9e061509edf5cea255519fc621e55634)] -> id: SRCH_Option_1_Address_Line] displayed in 101ms
Click Customer
Angular request time 768ms
Angular request time 12ms
Element [[ChromeDriver: chrome on XP (9e061509edf5cea255519fc621e55634)] -> id: 'LOC_Location_Id'] displayed in 35ms
Angular request time 9ms
got Text CustomerLocId = LOC@0004
Customer Location Id found LOC@0004
Strings Matched: LOC@0004 = LOC@0004
Click Action Dropdown
Element [[ChromeDriver: chrome on XP (9e061509edf5cea255519fc621e55634)] -> id: ACTION_Button] displayed in 61ms
Element [[ChromeDriver: chrome on XP (9e061509edf5cea255519fc621e55634)] -> id: ACTION_Button] displayed in 24ms
Angular request time 15ms
Click Action Drop down
Angular request time 9ms
Element [[ChromeDriver: chrome on XP (9e061509edf5cea255519fc621e55634)] -> id: ACTION_Transfer_Service] displayed in 49ms
Element [[ChromeDriver: chrome on XP (9e061509edf5cea255519fc621e55634)] -> id: ACTION_Transfer_Service] displayed in 156ms
Angular request time 32ms
Click Action Transfer Service Drop down
Angular request time 15ms
Element [[ChromeDriver: chrome on XP (9e061509edf5cea255519fc621e55634)] -> id: XFER_Select] displayed in 79ms
Angular request time 48ms
Click Transfer Combo
Angular request time 16ms
Element [[ChromeDriver: chrome on XP (9e061509edf5cea255519fc621e55634)] -> id: XFER_Select_Option_2] displayed in 42ms
Angular request time 13ms
Click Transfer Option 2
Angular request time 7ms
TRANSFER
Element [[ChromeDriver: chrome on XP (9e061509edf5cea255519fc621e55634)] -> id: CLO_Service_Order_Input] displayed in 44ms
Setting Text on Search Request with Text = TRANSFER
Angular request time 185ms
Element [[ChromeDriver: chrome on XP (9e061509edf5cea255519fc621e55634)] -> id: XFER_Date_Picker_Requested] displayed in 49ms
Entered Request Date = 10/01/2019 01:54
Strings Matched: Mr. VACANT VACANT = Mr. VACANT VACANT
Element [[ChromeDriver: chrome on XP (9e061509edf5cea255519fc621e55634)] -> id: XFER_Search_Input] displayed in 35ms
Setting Text on Customer Name Request with Text = Mr. VACANT VACANT
Angular request time 12ms
Element [[ChromeDriver: chrome on XP (9e061509edf5cea255519fc621e55634)] -> id: XFER_Search_Option_1] displayed in 336ms
Angular request time 142ms
Click XFER_Search_Option_1_Customer_Name
Angular request time 16ms
Element [[ChromeDriver: chrome on XP (9e061509edf5cea255519fc621e55634)] -> id: XFER_Description] displayed in 104ms
Setting Text on Description Request with Text = AUTOMATION TEST
Angular request time 8ms
Click Submit
Element [[ChromeDriver: chrome on XP (9e061509edf5cea255519fc621e55634)] -> id: XFER_Button_Action] displayed in 40ms
Element [[ChromeDriver: chrome on XP (9e061509edf5cea255519fc621e55634)] -> id: XFER_Button_Action] displayed in 560ms
Angular request time 7ms
Click MoveInSubmit Button
Angular request time 6ms
***** Error VerifyTransferActionServiceOrder test has failed *****
]]></system-out>
    <system-err><![CDATA[Starting ChromeDriver 76.0.3809.126 (d80a294506b4c9d18015e755cee48f953ddc3f2f-refs/branch-heads/3809@{#1024}) on port 31690
Only local connections are allowed.
Please protect ports used by ChromeDriver and related test frameworks to prevent access by malicious code.
[1569956047.877][WARNING]: This version of ChromeDriver has not been tested with Chrome version 77.
Oct 01, 2019 1:54:08 PM org.openqa.selenium.remote.ProtocolHandshake createSession
INFO: Detected dialect: W3C
]]></system-err>
  </testcase>
  <testcase name="VerifyTransferActionServiceOrder" classname="com.NexusPortalAutomation.TestCases.Java.TC0027_VerifyAction_Transfers_StopService_NotScheduled" time="53.576"/>
  <testcase name="TestSearchAutobyRecent" classname="com.NexusPortalAutomation.TestCases.Java.TC0004_TestSearchbyRecentFunction" time="39.9"/>
  <testcase name="TestSearchAutobyBookMark" classname="com.NexusPortalAutomation.TestCases.Java.TC0005_TestBookMarks" time="17.072"/>
  <testcase name="TestSummarySectionOnChange" classname="com.NexusPortalAutomation.TestCases.Java.TC0007_TestSummarySection" time="40.222"/>
  <testcase name="TestSearchAutobyFirstName" classname="com.NexusPortalAutomation.TestCases.Java.TC0028_TestEnhancedNotes" time="37.668"/>
  <testcase name="TestSearchAutobyFirstName" classname="com.NexusPortalAutomation.TestCases.Java.TC0024_TestCustDetailSearch" time="61.06"/>
  <testcase name="TestSearchAlertOnLoad" classname="com.NexusPortalAutomation.TestCases.Java.TC0006_TestAlertOnLoad" time="42.923">
    <failure message="javascript error: Cannot read property &apos;left&apos; of undefined&#10;  (Session info: chrome=77.0.3865.90)&#10;Build info: version: &apos;3.14.0&apos;, revision: &apos;aacccce0&apos;, time: &apos;2018-08-02T20:19:58.91Z&apos;&#10;System info: host: &apos;RND-BASE-A&apos;, ip: &apos;10.0.2.15&apos;, os.name: &apos;Windows Server 2012 R2&apos;, os.arch: &apos;amd64&apos;, os.version: &apos;6.3&apos;, java.version: &apos;1.8.0_201&apos;&#10;Driver info: org.openqa.selenium.chrome.ChromeDriver&#10;Capabilities {acceptInsecureCerts: false, browserName: chrome, browserVersion: 77.0.3865.90, chrome: {chromedriverVersion: 76.0.3809.126 (d80a294506b4..., userDataDir: C:\Users\ADMINI~1\AppData\L...}, goog:chromeOptions: {debuggerAddress: localhost:60640}, javascriptEnabled: true, networkConnectionEnabled: false, pageLoadStrategy: normal, platform: XP, platformName: XP, proxy: Proxy(), setWindowRect: true, strictFileInteractability: false, timeouts: {implicit: 0, pageLoad: 300000, script: 30000}, unhandledPromptBehavior: dismiss and notify}&#10;Session ID: 683f8e7635199f94d790114dbc731c77" type="org.openqa.selenium.JavascriptException">org.openqa.selenium.JavascriptException: 
javascript error: Cannot read property 'left' of undefined
  (Session info: chrome=77.0.3865.90)
Build info: version: '3.14.0', revision: 'aacccce0', time: '2018-08-02T20:19:58.91Z'
System info: host: 'RND-BASE-A', ip: '10.0.2.15', os.name: 'Windows Server 2012 R2', os.arch: 'amd64', os.version: '6.3', java.version: '1.8.0_201'
Driver info: org.openqa.selenium.chrome.ChromeDriver
Capabilities {acceptInsecureCerts: false, browserName: chrome, browserVersion: 77.0.3865.90, chrome: {chromedriverVersion: 76.0.3809.126 (d80a294506b4..., userDataDir: C:\Users\ADMINI~1\AppData\L...}, goog:chromeOptions: {debuggerAddress: localhost:60640}, javascriptEnabled: true, networkConnectionEnabled: false, pageLoadStrategy: normal, platform: XP, platformName: XP, proxy: Proxy(), setWindowRect: true, strictFileInteractability: false, timeouts: {implicit: 0, pageLoad: 300000, script: 30000}, unhandledPromptBehavior: dismiss and notify}
Session ID: 683f8e7635199f94d790114dbc731c77
	at com.NexusPortalAutomation.TestCases.Java.TC0006_TestAlertOnLoad.TestSearchAlertOnLoad(TC0006_TestAlertOnLoad.java:45)
</failure>
    <system-out><![CDATA[Closing Browser
Test Completed...
Launching Chrome
Browser Maximised
Test started- TestSearchAlertOnLoad
Angular Request Completed in 38ms
Log in to Nexus View
Element [[ChromeDriver: chrome on XP (683f8e7635199f94d790114dbc731c77)] -> id: username] displayed in 44ms
Login Page title Verified
Element [[ChromeDriver: chrome on XP (683f8e7635199f94d790114dbc731c77)] -> id: username] displayed in 20ms
Element [[ChromeDriver: chrome on XP (683f8e7635199f94d790114dbc731c77)] -> id: password] displayed in 40ms
Element [[ChromeDriver: chrome on XP (683f8e7635199f94d790114dbc731c77)] -> id: kc-login] displayed in 31ms
Angular Request Completed in 31ms
User signed Admin
Element '//input[@id='SRCH_Input']' is displayed in 71ms
Element 'toolbar-saved' is displayed in 43ms
Enter Text for Search =Alert
Element [[ChromeDriver: chrome on XP (683f8e7635199f94d790114dbc731c77)] -> id: SRCH_Input] displayed in 35ms
Angular request time 616ms
Element [[ChromeDriver: chrome on XP (683f8e7635199f94d790114dbc731c77)] -> id: SRCH_Option_1_Address_Line] displayed in 45ms
Click Customer
Angular request time 679ms
Element '//div[@class='address-details']' is displayed in 60ms
Angular request time 18ms
Element [[ChromeDriver: chrome on XP (683f8e7635199f94d790114dbc731c77)] -> id: 'LOC_Location_Id'] displayed in 55ms
Angular request time 31ms
got Text CustomerLocId = AUTOLOC001
Customer Location Id found AUTOLOC001
Strings Matched: AUTOLOC001 = AUTOLOC001
Element 'ALERTO_Action_Button' is displayed in 141ms
Element [[ChromeDriver: chrome on XP (683f8e7635199f94d790114dbc731c77)] -> id: ALERTO_Action_Button] displayed in 117ms
Angular request time 47ms
Click Alert OK
Angular request time 141ms
Alert on Load Clicked
Click Alert Description
Element [[ChromeDriver: chrome on XP (683f8e7635199f94d790114dbc731c77)] -> id: ALERT_1_Description] displayed in 242ms
Angular request time 94ms
Click Alert Description
Angular request time 180ms
Click Description
Element 'ALERTO_Action_Button' is displayed in 325ms
Element [[ChromeDriver: chrome on XP (683f8e7635199f94d790114dbc731c77)] -> id: ALERTO_Action_Button] displayed in 108ms
Angular request time 47ms
Click Alert OK
Angular request time 24ms
Alert on description Clicked
Angular request time 44ms
***** Error TestSearchAlertOnLoad test has failed *****
]]></system-out>
    <system-err><![CDATA[Starting ChromeDriver 76.0.3809.126 (d80a294506b4c9d18015e755cee48f953ddc3f2f-refs/branch-heads/3809@{#1024}) on port 20884
Only local connections are allowed.
Please protect ports used by ChromeDriver and related test frameworks to prevent access by malicious code.
[1569956381.307][WARNING]: This version of ChromeDriver has not been tested with Chrome version 77.
Oct 01, 2019 1:59:42 PM org.openqa.selenium.remote.ProtocolHandshake createSession
INFO: Detected dialect: W3C
Oct 01, 2019 2:00:25 PM org.openqa.selenium.interactions.Actions moveToElement
INFO: When using the W3C Action commands, offsets are from the center of element
]]></system-err>
  </testcase>
  <testcase name="TestSearchAutobyFirstName" classname="com.NexusPortalAutomation.TestCases.Java.TC0002_TestSearchAutobyFirstName" time="79.192"/>
  <testcase name="TestSearchAutobyLastName" classname="com.NexusPortalAutomation.TestCases.Java.TC0003_TestSearchAutobyLastName" time="43.798"/>
</testsuite>