-------------------------------------------------------------------------------
Test set: TestSuite
-------------------------------------------------------------------------------
Tests run: 53, Failures: 13, Errors: 0, Skipped: 0, Time elapsed: 2,033.159 s <<< FAILURE! - in TestSuite
TestserviceOrderDetails(com.NexusPortalAutomation.TestCases.Java.TC0021_VerifyservicesOrderDetails)  Time elapsed: 15.345 s  <<< FAILURE!
java.lang.AssertionError: Actual Value 'TRANSFER' not Matched the expected value 'REQ-EST-ELE' 
	at com.NexusPortalAutomation.TestCases.Java.TC0021_VerifyservicesOrderDetails.TestserviceOrderDetails(TC0021_VerifyservicesOrderDetails.java:59)

VerifyAction_Transfers_Stack_TwoLocations_Scheduled_NotScheduled(com.NexusPortalAutomation.TestCases.Java.TC0041_VerifyAction_Transfers_Stack_TwoLocations_Scheduled_NotScheduled)  Time elapsed: 97.359 s  <<< FAILURE!
java.lang.AssertionError: Actual Value 'Sep 29, 2019' not Matched the expected value 'Sep 28, 2019' 
	at com.NexusPortalAutomation.TestCases.Java.TC0041_VerifyAction_Transfers_Stack_TwoLocations_Scheduled_NotScheduled.VerifyAction_Transfers_Stack_TwoLocations_Scheduled_NotScheduled(TC0041_VerifyAction_Transfers_Stack_TwoLocations_Scheduled_NotScheduled.java:139)

VerifyAction_Transfers_Stack_TwoLocations_Scheduled_NotScheduled(com.NexusPortalAutomation.TestCases.Java.TC0040_VerifyAction_Transfers_Stack_TwoLocations_Scheduled_NotScheduled)  Time elapsed: 53.172 s  <<< FAILURE!
java.lang.AssertionError: Actual Value 'Sep 28, 2019' not Matched the expected value 'Sep 27, 2019' 
	at com.NexusPortalAutomation.TestCases.Java.TC0040_VerifyAction_Transfers_Stack_TwoLocations_Scheduled_NotScheduled.VerifyAction_Transfers_Stack_TwoLocations_Scheduled_NotScheduled(TC0040_VerifyAction_Transfers_Stack_TwoLocations_Scheduled_NotScheduled.java:133)

VerifyBillingDetails_budgetSPA(com.NexusPortalAutomation.TestCases.Java.TC0016_1_VerifyBillingDetails_Budget_SPA)  Time elapsed: 33.922 s  <<< FAILURE!
java.lang.AssertionError: Actual Value '$35.26' not Matched the expected value '$0.00' 
	at com.NexusPortalAutomation.TestCases.Java.TC0016_1_VerifyBillingDetails_Budget_SPA.VerifyBillingDetails_budgetSPA(TC0016_1_VerifyBillingDetails_Budget_SPA.java:57)

VerifyBillingDetails(com.NexusPortalAutomation.TestCases.Java.TC0016_VerifyBillingDetails)  Time elapsed: 34.657 s  <<< FAILURE!
java.lang.AssertionError: Actual Value '$35.26' not Matched the expected value '$0.00' 
	at com.NexusPortalAutomation.TestCases.Java.TC0016_VerifyBillingDetails.VerifyBillingDetails(TC0016_VerifyBillingDetails.java:59)

VerifyAction_Transfers_Stack_TwoLocations_Scheduled_NotScheduled(com.NexusPortalAutomation.TestCases.Java.TC0039_VerifyAction_Transfers_Stack_TwoLocations_Scheduled_NotScheduled)  Time elapsed: 53.687 s  <<< FAILURE!
java.lang.AssertionError: Actual Value 'Sep 28, 2019' not Matched the expected value 'Sep 27, 2019' 
	at com.NexusPortalAutomation.TestCases.Java.TC0039_VerifyAction_Transfers_Stack_TwoLocations_Scheduled_NotScheduled.VerifyAction_Transfers_Stack_TwoLocations_Scheduled_NotScheduled(TC0039_VerifyAction_Transfers_Stack_TwoLocations_Scheduled_NotScheduled.java:135)

VerifyBillingDetails_Budget(com.NexusPortalAutomation.TestCases.Java.TC0016_1_VerifyBillingDetails_Budget)  Time elapsed: 10.968 s  <<< FAILURE!
java.lang.AssertionError: Actual Value '$100.00' not Matched the expected value '$0.00' 
	at com.NexusPortalAutomation.TestCases.Java.TC0016_1_VerifyBillingDetails_Budget.VerifyBillingDetails_Budget(TC0016_1_VerifyBillingDetails_Budget.java:59)

VerifyTransferActionServiceOrder(com.NexusPortalAutomation.TestCases.Java.TC0036_VerifyAction_Transfers_StartService)  Time elapsed: 48.703 s  <<< FAILURE!
java.lang.AssertionError: Object Not Found Expected condition failed: waiting for visibility of Proxy element for: DefaultElementLocator 'By.id: XFER_Button_Done' (tried for 20 second(s) with 500 milliseconds interval)
	at com.NexusPortalAutomation.TestCases.Java.TC0036_VerifyAction_Transfers_StartService.VerifyTransferActionServiceOrder(TC0036_VerifyAction_Transfers_StartService.java:80)

VerifyAction_Transfers_Stack_TwoLocations(com.NexusPortalAutomation.TestCases.Java.TC0034_VerifyAction_Transfers_Stack_TwoLocations)  Time elapsed: 95.316 s  <<< FAILURE!
java.lang.AssertionError: Actual Value 'Sep 28, 2019' not Matched the expected value 'Sep 27, 2019' 
	at com.NexusPortalAutomation.TestCases.Java.TC0034_VerifyAction_Transfers_Stack_TwoLocations.VerifyAction_Transfers_Stack_TwoLocations(TC0034_VerifyAction_Transfers_Stack_TwoLocations.java:133)

VerifyTransferActionServiceOrder(com.NexusPortalAutomation.TestCases.Java.TC0032_VerifyAction_Transfers_Stack_StopService_Scheduled)  Time elapsed: 102.173 s  <<< FAILURE!
java.lang.AssertionError: Actual Value 'Sep 28, 2019' not Matched the expected value 'Sep 27, 2019' 
	at com.NexusPortalAutomation.TestCases.Java.TC0032_VerifyAction_Transfers_Stack_StopService_Scheduled.VerifyTransferActionServiceOrder(TC0032_VerifyAction_Transfers_Stack_StopService_Scheduled.java:122)

VerifyAction_Transfers_Stack_StartService_Scheduled(com.NexusPortalAutomation.TestCases.Java.TC0033_VerifyAction_Transfers_Stack_StartService_Scheduled)  Time elapsed: 49.578 s  <<< FAILURE!
java.lang.AssertionError: Object Not Found Expected condition failed: waiting for visibility of Proxy element for: DefaultElementLocator 'By.id: XFER_Button_Done' (tried for 20 second(s) with 500 milliseconds interval)
	at com.NexusPortalAutomation.TestCases.Java.TC0033_VerifyAction_Transfers_Stack_StartService_Scheduled.VerifyAction_Transfers_Stack_StartService_Scheduled(TC0033_VerifyAction_Transfers_Stack_StartService_Scheduled.java:81)

VerifyTransferActionServiceOrder(com.NexusPortalAutomation.TestCases.Java.TC0030_VerifyAction_Transfers_StartService_Scheduled)  Time elapsed: 50.344 s  <<< FAILURE!
java.lang.AssertionError: Object Not Found Expected condition failed: waiting for visibility of Proxy element for: DefaultElementLocator 'By.id: XFER_Button_Done' (tried for 20 second(s) with 500 milliseconds interval)
	at com.NexusPortalAutomation.TestCases.Java.TC0030_VerifyAction_Transfers_StartService_Scheduled.VerifyTransferActionServiceOrder(TC0030_VerifyAction_Transfers_StartService_Scheduled.java:78)

VerifyTransferActionServiceOrder(com.NexusPortalAutomation.TestCases.Java.TC0026_VerifyAction_Transfers_StartService_NotScheduled)  Time elapsed: 51.109 s  <<< FAILURE!
java.lang.AssertionError: Object Not Found Expected condition failed: waiting for visibility of Proxy element for: DefaultElementLocator 'By.id: XFER_Button_Done' (tried for 20 second(s) with 500 milliseconds interval)
	at com.NexusPortalAutomation.TestCases.Java.TC0026_VerifyAction_Transfers_StartService_NotScheduled.VerifyTransferActionServiceOrder(TC0026_VerifyAction_Transfers_StartService_NotScheduled.java:78)

