<?xml version="1.0" encoding="UTF-8"?>
<testng-results skipped="0" failed="4" ignored="0" total="15" passed="11">
  <reporter-output>
    <line>
      <![CDATA[Launching Chrome]]>
    </line>
    <line>
      <![CDATA[Browser Maximised]]>
    </line>
    <line>
      <![CDATA[Angular Request Completed in 106ms]]>
    </line>
    <line>
      <![CDATA[Sign in Page Title Verified]]>
    </line>
    <line>
      <![CDATA[Angular Request Completed in 31ms]]>
    </line>
    <line>
      <![CDATA[User signed Admin]]>
    </line>
    <line>
      <![CDATA[Enter Text for Search =0000011111]]>
    </line>
    <line>
      <![CDATA[Element [[ChromeDriver: chrome on XP (c03c777d82594fa27526d17acb8a3aea)] -> id: SRCH_Input] displayed in 78ms]]>
    </line>
    <line>
      <![CDATA[Angular request time 1061ms]]>
    </line>
    <line>
      <![CDATA[Click Customer]]>
    </line>
    <line>
      <![CDATA[Angular request time 2085ms]]>
    </line>
    <line>
      <![CDATA[Angular request time 23ms]]>
    </line>
    <line>
      <![CDATA[CustomerId found 0000011111]]>
    </line>
    <line>
      <![CDATA[Strings Matched: 0000011111 = 0000011111]]>
    </line>
    <line>
      <![CDATA[Angular request time 11ms]]>
    </line>
    <line>
      <![CDATA[Angular request time 413ms]]>
    </line>
    <line>
      <![CDATA[Element [[ChromeDriver: chrome on XP (c03c777d82594fa27526d17acb8a3aea)] -> id: USR_Name] displayed in 55ms]]>
    </line>
    <line>
      <![CDATA[Element [[ChromeDriver: chrome on XP (c03c777d82594fa27526d17acb8a3aea)] -> css selector: .logout-label] displayed in 56ms]]>
    </line>
    <line>
      <![CDATA[Angular request time 28ms]]>
    </line>
    <line>
      <![CDATA[Closing Browser]]>
    </line>
    <line>
      <![CDATA[Test Completed...]]>
    </line>
    <line>
      <![CDATA[Launching Chrome]]>
    </line>
    <line>
      <![CDATA[Browser Maximised]]>
    </line>
    <line>
      <![CDATA[Angular Request Completed in 137ms]]>
    </line>
    <line>
      <![CDATA[Sign in Page Title Verified]]>
    </line>
    <line>
      <![CDATA[Angular Request Completed in 15ms]]>
    </line>
    <line>
      <![CDATA[User signed Admin]]>
    </line>
    <line>
      <![CDATA[Enter Text for Search =LOC@0001]]>
    </line>
    <line>
      <![CDATA[Element [[ChromeDriver: chrome on XP (59c5bb17da116fb8c1c64a07a63959ca)] -> id: SRCH_Input] displayed in 47ms]]>
    </line>
    <line>
      <![CDATA[Angular request time 1292ms]]>
    </line>
    <line>
      <![CDATA[Click Customer]]>
    </line>
    <line>
      <![CDATA[Angular request time 3206ms]]>
    </line>
    <line>
      <![CDATA[Angular request time 12ms]]>
    </line>
    <line>
      <![CDATA[Customer Location Id found LOC@0001]]>
    </line>
    <line>
      <![CDATA[Strings Matched: LOC@0001 = LOC@0001]]>
    </line>
    <line>
      <![CDATA[Angular request time 14ms]]>
    </line>
    <line>
      <![CDATA[Verifying Address Details]]>
    </line>
    <line>
      <![CDATA[Strings Matched: 007 Aut Automation Street Rt 20001 Apt = 007 Aut Automation Street Rt 20001 Apt]]>
    </line>
    <line>
      <![CDATA[Strings Matched: Cloudy = Cloudy]]>
    </line>
    <line>
      <![CDATA[Strings Matched: D = D]]>
    </line>
    <line>
      <![CDATA[Strings Matched: 00720-019 = 00720-019]]>
    </line>
    <line>
      <![CDATA[Angular request time 30ms]]>
    </line>
    <line>
      <![CDATA[Angular request time 12ms]]>
    </line>
    <line>
      <![CDATA[Element [[ChromeDriver: chrome on XP (59c5bb17da116fb8c1c64a07a63959ca)] -> id: USR_Name] displayed in 119ms]]>
    </line>
    <line>
      <![CDATA[Element [[ChromeDriver: chrome on XP (59c5bb17da116fb8c1c64a07a63959ca)] -> css selector: .logout-label] displayed in 45ms]]>
    </line>
    <line>
      <![CDATA[Angular request time 31ms]]>
    </line>
    <line>
      <![CDATA[Closing Browser]]>
    </line>
    <line>
      <![CDATA[Test Completed...]]>
    </line>
    <line>
      <![CDATA[Launching Chrome]]>
    </line>
    <line>
      <![CDATA[Browser Maximised]]>
    </line>
    <line>
      <![CDATA[Angular Request Completed in 25ms]]>
    </line>
    <line>
      <![CDATA[Sign in Page Title Verified]]>
    </line>
    <line>
      <![CDATA[Angular Request Completed in 16ms]]>
    </line>
    <line>
      <![CDATA[User signed Admin]]>
    </line>
    <line>
      <![CDATA[Enter Text for Search =LOC@0004]]>
    </line>
    <line>
      <![CDATA[Element [[ChromeDriver: chrome on XP (6753fb691ff4a3e2f62482eea33e8f01)] -> id: SRCH_Input] displayed in 46ms]]>
    </line>
    <line>
      <![CDATA[Angular request time 1162ms]]>
    </line>
    <line>
      <![CDATA[Click Customer]]>
    </line>
    <line>
      <![CDATA[Angular request time 2069ms]]>
    </line>
    <line>
      <![CDATA[Angular request time 14ms]]>
    </line>
    <line>
      <![CDATA[Customer Location Id found LOC@0004]]>
    </line>
    <line>
      <![CDATA[Strings Matched: LOC@0004 = LOC@0004]]>
    </line>
    <line>
      <![CDATA[Angular request time 20ms]]>
    </line>
    <line>
      <![CDATA[Click on Account Drop down]]>
    </line>
    <line>
      <![CDATA[Element [[ChromeDriver: chrome on XP (6753fb691ff4a3e2f62482eea33e8f01)] -> id: SRCH_Accounts_Label] displayed in 55ms]]>
    </line>
    <line>
      <![CDATA[Enter Account Name]]>
    </line>
    <line>
      <![CDATA[Angular request time 32ms]]>
    </line>
    <line>
      <![CDATA[Element [[ChromeDriver: chrome on XP (6753fb691ff4a3e2f62482eea33e8f01)] -> id: SRCH_Accounts] displayed in 43ms]]>
    </line>
    <line>
      <![CDATA[Angular request time 207ms]]>
    </line>
    <line>
      <![CDATA[Angular request time 16ms]]>
    </line>
    <line>
      <![CDATA[Verify Account Name =1 Water 1 Bldg]]>
    </line>
    <line>
      <![CDATA[Element [[ChromeDriver: chrome on XP (6753fb691ff4a3e2f62482eea33e8f01)] -> id: SRCH_Accounts_Result1] displayed in 47ms]]>
    </line>
    <line>
      <![CDATA[Strings Matched: 1 Water 1 Bldg
New Smyrna Beach FL 12312-3
LOC@0004
$0.00
Apr 2019 - Current
Current = 1 Water 1 Bldg]]>
    </line>
    <line>
      <![CDATA[Angular request time 16ms]]>
    </line>
    <line>
      <![CDATA[Angular request time 16ms]]>
    </line>
    <line>
      <![CDATA[Angular request time 13ms]]>
    </line>
    <line>
      <![CDATA[Element [[ChromeDriver: chrome on XP (6753fb691ff4a3e2f62482eea33e8f01)] -> id: USR_Name] displayed in 36ms]]>
    </line>
    <line>
      <![CDATA[Element [[ChromeDriver: chrome on XP (6753fb691ff4a3e2f62482eea33e8f01)] -> css selector: .logout-label] displayed in 59ms]]>
    </line>
    <line>
      <![CDATA[Angular request time 21ms]]>
    </line>
    <line>
      <![CDATA[Closing Browser]]>
    </line>
    <line>
      <![CDATA[Test Completed...]]>
    </line>
    <line>
      <![CDATA[Launching Chrome]]>
    </line>
    <line>
      <![CDATA[Browser Maximised]]>
    </line>
    <line>
      <![CDATA[Angular Request Completed in 45ms]]>
    </line>
    <line>
      <![CDATA[Sign in Page Title Verified]]>
    </line>
    <line>
      <![CDATA[Angular Request Completed in 31ms]]>
    </line>
    <line>
      <![CDATA[User signed Admin]]>
    </line>
    <line>
      <![CDATA[Enter Text for Search =LOC@0001]]>
    </line>
    <line>
      <![CDATA[Element [[ChromeDriver: chrome on XP (b60b6a851c328b05628f32cd88d1c41e)] -> id: SRCH_Input] displayed in 62ms]]>
    </line>
    <line>
      <![CDATA[Angular request time 973ms]]>
    </line>
    <line>
      <![CDATA[Click Customer]]>
    </line>
    <line>
      <![CDATA[Angular request time 2043ms]]>
    </line>
    <line>
      <![CDATA[Angular request time 13ms]]>
    </line>
    <line>
      <![CDATA[Customer Location Id found LOC@0001]]>
    </line>
    <line>
      <![CDATA[Strings Matched: LOC@0001 = LOC@0001]]>
    </line>
    <line>
      <![CDATA[Angular request time 10ms]]>
    </line>
    <line>
      <![CDATA[Verifying Customer Details]]>
    </line>
    <line>
      <![CDATA[Strings Matched: 2312 = 2312]]>
    </line>
    <line>
      <![CDATA[Strings Matched: Driv12312OUL312 = Driv12312OUL312]]>
    </line>
    <line>
      <![CDATA[Strings Matched: (090) 078-6010 = (090) 078-6010]]>
    </line>
    <line>
      <![CDATA[Strings Matched: + Ext. 2112 = + Ext. 2112]]>
    </line>
    <line>
      <![CDATA[Strings Matched: automation@cogsdale.com = automation@cogsdale.com]]>
    </line>
    <line>
      <![CDATA[Strings Matched: 007 Test Apt = 007 Test Apt]]>
    </line>
    <line>
      <![CDATA[Strings Matched: New York NY 12345-67890 = New York NY 12345-67890]]>
    </line>
    <line>
      <![CDATA[Angular request time 12ms]]>
    </line>
    <line>
      <![CDATA[Angular request time 10ms]]>
    </line>
    <line>
      <![CDATA[Element [[ChromeDriver: chrome on XP (b60b6a851c328b05628f32cd88d1c41e)] -> id: USR_Name] displayed in 35ms]]>
    </line>
    <line>
      <![CDATA[Element [[ChromeDriver: chrome on XP (b60b6a851c328b05628f32cd88d1c41e)] -> css selector: .logout-label] displayed in 35ms]]>
    </line>
    <line>
      <![CDATA[Angular request time 33ms]]>
    </line>
    <line>
      <![CDATA[Closing Browser]]>
    </line>
    <line>
      <![CDATA[Test Completed...]]>
    </line>
    <line>
      <![CDATA[Launching Chrome]]>
    </line>
    <line>
      <![CDATA[Browser Maximised]]>
    </line>
    <line>
      <![CDATA[Angular Request Completed in 35ms]]>
    </line>
    <line>
      <![CDATA[Sign in Page Title Verified]]>
    </line>
    <line>
      <![CDATA[Angular Request Completed in 16ms]]>
    </line>
    <line>
      <![CDATA[User signed Admin]]>
    </line>
    <line>
      <![CDATA[Enter Text for Search =LOC@0001]]>
    </line>
    <line>
      <![CDATA[Element [[ChromeDriver: chrome on XP (5336110f9860c906300678e9f75f5396)] -> id: SRCH_Input] displayed in 48ms]]>
    </line>
    <line>
      <![CDATA[Angular request time 1065ms]]>
    </line>
    <line>
      <![CDATA[Click Customer]]>
    </line>
    <line>
      <![CDATA[Angular request time 2138ms]]>
    </line>
    <line>
      <![CDATA[Angular request time 12ms]]>
    </line>
    <line>
      <![CDATA[Customer Location Id found LOC@0001]]>
    </line>
    <line>
      <![CDATA[Strings Matched: LOC@0001 = LOC@0001]]>
    </line>
    <line>
      <![CDATA[Verify Credit Status]]>
    </line>
    <line>
      <![CDATA[Angular request time 15ms]]>
    </line>
    <line>
      <![CDATA[Angular request time 15ms]]>
    </line>
    <line>
      <![CDATA[Angular request time 11ms]]>
    </line>
    <line>
      <![CDATA[Element [[ChromeDriver: chrome on XP (5336110f9860c906300678e9f75f5396)] -> id: USR_Name] displayed in 28ms]]>
    </line>
    <line>
      <![CDATA[Element [[ChromeDriver: chrome on XP (5336110f9860c906300678e9f75f5396)] -> css selector: .logout-label] displayed in 49ms]]>
    </line>
    <line>
      <![CDATA[Angular request time 30ms]]>
    </line>
    <line>
      <![CDATA[Closing Browser]]>
    </line>
    <line>
      <![CDATA[Test Completed...]]>
    </line>
    <line>
      <![CDATA[Launching Chrome]]>
    </line>
    <line>
      <![CDATA[Browser Maximised]]>
    </line>
    <line>
      <![CDATA[Angular Request Completed in 380ms]]>
    </line>
    <line>
      <![CDATA[Sign in Page Title Verified]]>
    </line>
    <line>
      <![CDATA[Angular Request Completed in 50ms]]>
    </line>
    <line>
      <![CDATA[User signed Admin]]>
    </line>
    <line>
      <![CDATA[Enter Text for Search =LOC@0004]]>
    </line>
    <line>
      <![CDATA[Element [[ChromeDriver: chrome on XP (573aa00095d936b50bc515087d8f7018)] -> id: SRCH_Input] displayed in 78ms]]>
    </line>
    <line>
      <![CDATA[Angular request time 1046ms]]>
    </line>
    <line>
      <![CDATA[Click Customer]]>
    </line>
    <line>
      <![CDATA[Angular request time 1523ms]]>
    </line>
    <line>
      <![CDATA[Angular request time 321ms]]>
    </line>
    <line>
      <![CDATA[Customer Location Id found LOC@0004]]>
    </line>
    <line>
      <![CDATA[Strings Matched: LOC@0004 = LOC@0004]]>
    </line>
    <line>
      <![CDATA[Angular request time 8ms]]>
    </line>
    <line>
      <![CDATA[Element '[[ChromeDriver: chrome on XP (573aa00095d936b50bc515087d8f7018)] -> id: 'CUST_Drillback_Button']' is displayed in 56ms]]>
    </line>
    <line>
      <![CDATA[Angular request time 19ms]]>
    </line>
    <line>
      <![CDATA[Angular request time 10ms]]>
    </line>
    <line>
      <![CDATA[Element '[[ChromeDriver: chrome on XP (573aa00095d936b50bc515087d8f7018)] -> id: ECI_Phone_Number_1]' is displayed in 92ms]]>
    </line>
    <line>
      <![CDATA[Angular request time 23ms]]>
    </line>
    <line>
      <![CDATA[Angular request time 25ms]]>
    </line>
    <line>
      <![CDATA[Angular request time 12ms]]>
    </line>
    <line>
      <![CDATA[Element '[[ChromeDriver: chrome on XP (573aa00095d936b50bc515087d8f7018)] -> id: ECI_Email]' is displayed in 109ms]]>
    </line>
    <line>
      <![CDATA[Angular request time 9ms]]>
    </line>
    <line>
      <![CDATA[Angular request time 12ms]]>
    </line>
    <line>
      <![CDATA[Angular request time 10ms]]>
    </line>
    <line>
      <![CDATA[Element '[[ChromeDriver: chrome on XP (573aa00095d936b50bc515087d8f7018)] -> id: ECI_Action_Button]' is displayed in 80ms]]>
    </line>
    <line>
      <![CDATA[Angular request time 374ms]]>
    </line>
    <line>
      <![CDATA[Angular request time 335ms]]>
    </line>
    <line>
      <![CDATA[Verifying Customer Details]]>
    </line>
    <line>
      <![CDATA[Strings Matched: 2312 = 2312]]>
    </line>
    <line>
      <![CDATA[Strings Matched: Driv12312OUL312 = Driv12312OUL312]]>
    </line>
    <line>
      <![CDATA[Strings Matched: (090) 078-6010 = (090) 078-6010]]>
    </line>
    <line>
      <![CDATA[Strings Matched: + Ext. 2112 = + Ext. 2112]]>
    </line>
    <line>
      <![CDATA[Strings Matched: automation@cogsdale.com = automation@cogsdale.com]]>
    </line>
    <line>
      <![CDATA[Strings Matched: 007 Test Apt = 007 Test Apt]]>
    </line>
    <line>
      <![CDATA[Strings Matched: New York NY 12345-67890 = New York NY 12345-67890]]>
    </line>
    <line>
      <![CDATA[Angular request time 15ms]]>
    </line>
    <line>
      <![CDATA[Angular request time 10ms]]>
    </line>
    <line>
      <![CDATA[Element [[ChromeDriver: chrome on XP (573aa00095d936b50bc515087d8f7018)] -> id: USR_Name] displayed in 29ms]]>
    </line>
    <line>
      <![CDATA[Element [[ChromeDriver: chrome on XP (573aa00095d936b50bc515087d8f7018)] -> css selector: .logout-label] displayed in 49ms]]>
    </line>
    <line>
      <![CDATA[Angular request time 29ms]]>
    </line>
    <line>
      <![CDATA[Closing Browser]]>
    </line>
    <line>
      <![CDATA[Test Completed...]]>
    </line>
    <line>
      <![CDATA[Launching Chrome]]>
    </line>
    <line>
      <![CDATA[Browser Maximised]]>
    </line>
    <line>
      <![CDATA[Angular Request Completed in 21ms]]>
    </line>
    <line>
      <![CDATA[Sign in Page Title Verified]]>
    </line>
    <line>
      <![CDATA[Angular Request Completed in 16ms]]>
    </line>
    <line>
      <![CDATA[User signed Admin]]>
    </line>
    <line>
      <![CDATA[Enter Text for Search =LOC@0004]]>
    </line>
    <line>
      <![CDATA[Element [[ChromeDriver: chrome on XP (3ce6bb779a4131eef08d15dc1aab54ef)] -> id: SRCH_Input] displayed in 31ms]]>
    </line>
    <line>
      <![CDATA[Angular request time 1106ms]]>
    </line>
    <line>
      <![CDATA[Click Customer]]>
    </line>
    <line>
      <![CDATA[Angular request time 1502ms]]>
    </line>
    <line>
      <![CDATA[Angular request time 329ms]]>
    </line>
    <line>
      <![CDATA[Customer Location Id found LOC@0004]]>
    </line>
    <line>
      <![CDATA[Strings Matched: LOC@0004 = LOC@0004]]>
    </line>
    <line>
      <![CDATA[Angular request time 10ms]]>
    </line>
    <line>
      <![CDATA[Angular request time 11ms]]>
    </line>
    <line>
      <![CDATA[Angular request time 10ms]]>
    </line>
    <line>
      <![CDATA[Angular request time 13ms]]>
    </line>
    <line>
      <![CDATA[Strings Matched: Secondary Customer (SECONDARY) = Secondary Customer (SECONDARY)]]>
    </line>
    <line>
      <![CDATA[Angular request time 8ms]]>
    </line>
    <line>
      <![CDATA[Angular request time 11ms]]>
    </line>
    <line>
      <![CDATA[Element [[ChromeDriver: chrome on XP (3ce6bb779a4131eef08d15dc1aab54ef)] -> id: USR_Name] displayed in 30ms]]>
    </line>
    <line>
      <![CDATA[Element [[ChromeDriver: chrome on XP (3ce6bb779a4131eef08d15dc1aab54ef)] -> css selector: .logout-label] displayed in 51ms]]>
    </line>
    <line>
      <![CDATA[Angular request time 39ms]]>
    </line>
    <line>
      <![CDATA[Closing Browser]]>
    </line>
    <line>
      <![CDATA[Test Completed...]]>
    </line>
    <line>
      <![CDATA[Launching Chrome]]>
    </line>
    <line>
      <![CDATA[Browser Maximised]]>
    </line>
    <line>
      <![CDATA[Angular Request Completed in 147ms]]>
    </line>
    <line>
      <![CDATA[Sign in Page Title Verified]]>
    </line>
    <line>
      <![CDATA[Angular Request Completed in 4ms]]>
    </line>
    <line>
      <![CDATA[User signed Admin]]>
    </line>
    <line>
      <![CDATA[Enter Text for Search =LOC@0004]]>
    </line>
    <line>
      <![CDATA[Element [[ChromeDriver: chrome on XP (5bc7826d35f15a1251d9eacd4d085032)] -> id: SRCH_Input] displayed in 31ms]]>
    </line>
    <line>
      <![CDATA[Angular request time 1276ms]]>
    </line>
    <line>
      <![CDATA[Click Customer]]>
    </line>
    <line>
      <![CDATA[Angular request time 2532ms]]>
    </line>
    <line>
      <![CDATA[Angular request time 20ms]]>
    </line>
    <line>
      <![CDATA[Customer Location Id found LOC@0004]]>
    </line>
    <line>
      <![CDATA[Strings Matched: LOC@0004 = LOC@0004]]>
    </line>
    <line>
      <![CDATA[Angular request time 15ms]]>
    </line>
    <line>
      <![CDATA[Angular request time 7ms]]>
    </line>
    <line>
      <![CDATA[Angular request time 435ms]]>
    </line>
    <line>
      <![CDATA[Angular request time 334ms]]>
    </line>
    <line>
      <![CDATA[Strings Matched: Notes added2019/06/12 08:22:42 = Notes added2019/06/12 08:22:42]]>
    </line>
    <line>
      <![CDATA[Angular request time 11ms]]>
    </line>
    <line>
      <![CDATA[Angular request time 10ms]]>
    </line>
    <line>
      <![CDATA[Element [[ChromeDriver: chrome on XP (5bc7826d35f15a1251d9eacd4d085032)] -> id: USR_Name] displayed in 29ms]]>
    </line>
    <line>
      <![CDATA[Element [[ChromeDriver: chrome on XP (5bc7826d35f15a1251d9eacd4d085032)] -> css selector: .logout-label] displayed in 39ms]]>
    </line>
    <line>
      <![CDATA[Angular request time 26ms]]>
    </line>
    <line>
      <![CDATA[Closing Browser]]>
    </line>
    <line>
      <![CDATA[Test Completed...]]>
    </line>
    <line>
      <![CDATA[Launching Chrome]]>
    </line>
    <line>
      <![CDATA[Browser Maximised]]>
    </line>
    <line>
      <![CDATA[Angular Request Completed in 26ms]]>
    </line>
    <line>
      <![CDATA[Sign in Page Title Verified]]>
    </line>
    <line>
      <![CDATA[Angular Request Completed in 46ms]]>
    </line>
    <line>
      <![CDATA[User signed Admin]]>
    </line>
    <line>
      <![CDATA[Enter Text for Search =STATEMENTS001]]>
    </line>
    <line>
      <![CDATA[Element [[ChromeDriver: chrome on XP (ec8d185cb43650d55b2453a0e4db5aab)] -> id: SRCH_Input] displayed in 63ms]]>
    </line>
    <line>
      <![CDATA[Angular request time 1074ms]]>
    </line>
    <line>
      <![CDATA[Click Customer]]>
    </line>
    <line>
      <![CDATA[Angular request time 1801ms]]>
    </line>
    <line>
      <![CDATA[Angular request time 1259ms]]>
    </line>
    <line>
      <![CDATA[Customer Location Id found STATEMENTS001]]>
    </line>
    <line>
      <![CDATA[Strings Matched: STATEMENTS001 = STATEMENTS001]]>
    </line>
    <line>
      <![CDATA[Angular request time 15ms]]>
    </line>
    <line>
      <![CDATA[Angular request time 12ms]]>
    </line>
    <line>
      <![CDATA[Verify Bill Statement Date]]>
    </line>
    <line>
      <![CDATA[Angular request time 10ms]]>
    </line>
    <line>
      <![CDATA[Element [[ChromeDriver: chrome on XP (ec8d185cb43650d55b2453a0e4db5aab)] -> id: BILL_Statement_1] displayed in 42ms]]>
    </line>
    <line>
      <![CDATA[Strings Matched: Jul 31, 2019 = Jul 31, 2019]]>
    </line>
    <line>
      <![CDATA[Angular request time 12ms]]>
    </line>
    <line>
      <![CDATA[Element [[ChromeDriver: chrome on XP (ec8d185cb43650d55b2453a0e4db5aab)] -> id: BILL_Statement_Value_1] displayed in 32ms]]>
    </line>
    <line>
      <![CDATA[Strings Matched: $56.71 = $56.71]]>
    </line>
    <line>
      <![CDATA[Angular request time 10ms]]>
    </line>
    <line>
      <![CDATA[Angular request time 16ms]]>
    </line>
    <line>
      <![CDATA[Element [[ChromeDriver: chrome on XP (ec8d185cb43650d55b2453a0e4db5aab)] -> id: USR_Name] displayed in 36ms]]>
    </line>
    <line>
      <![CDATA[Element [[ChromeDriver: chrome on XP (ec8d185cb43650d55b2453a0e4db5aab)] -> css selector: .logout-label] displayed in 46ms]]>
    </line>
    <line>
      <![CDATA[Angular request time 19ms]]>
    </line>
    <line>
      <![CDATA[Closing Browser]]>
    </line>
    <line>
      <![CDATA[Test Completed...]]>
    </line>
    <line>
      <![CDATA[Launching Chrome]]>
    </line>
    <line>
      <![CDATA[Browser Maximised]]>
    </line>
    <line>
      <![CDATA[Angular Request Completed in 242ms]]>
    </line>
    <line>
      <![CDATA[Sign in Page Title Verified]]>
    </line>
    <line>
      <![CDATA[Angular Request Completed in 15ms]]>
    </line>
    <line>
      <![CDATA[User signed Admin]]>
    </line>
    <line>
      <![CDATA[Element '//input[@id='SRCH_Input']' is displayed in 63ms]]>
    </line>
    <line>
      <![CDATA[Click Recent]]>
    </line>
    <line>
      <![CDATA[Recent Customer =Aut Statement]]>
    </line>
    <line>
      <![CDATA[Click Customer]]>
    </line>
    <line>
      <![CDATA[Angular request time 2014ms]]>
    </line>
    <line>
      <![CDATA[Alert not configured]]>
    </line>
    <line>
      <![CDATA[Element '//div[@class='address-details']' is displayed in 109ms]]>
    </line>
    <line>
      <![CDATA[Angular request time 16ms]]>
    </line>
    <line>
      <![CDATA[Strings Matched: Aut Statement = Aut Statement]]>
    </line>
    <line>
      <![CDATA[Angular request time 30ms]]>
    </line>
    <line>
      <![CDATA[Angular request time 10ms]]>
    </line>
    <line>
      <![CDATA[Element [[ChromeDriver: chrome on XP (ffb40d0d1e9368d62cf607c34b138fed)] -> id: USR_Name] displayed in 28ms]]>
    </line>
    <line>
      <![CDATA[Element [[ChromeDriver: chrome on XP (ffb40d0d1e9368d62cf607c34b138fed)] -> css selector: .logout-label] displayed in 39ms]]>
    </line>
    <line>
      <![CDATA[Angular request time 13ms]]>
    </line>
    <line>
      <![CDATA[Closing Browser]]>
    </line>
    <line>
      <![CDATA[Test Completed...]]>
    </line>
    <line>
      <![CDATA[Launching Chrome]]>
    </line>
    <line>
      <![CDATA[Browser Maximised]]>
    </line>
    <line>
      <![CDATA[Angular Request Completed in 126ms]]>
    </line>
    <line>
      <![CDATA[Sign in Page Title Verified]]>
    </line>
    <line>
      <![CDATA[Angular Request Completed in 15ms]]>
    </line>
    <line>
      <![CDATA[User signed Admin]]>
    </line>
    <line>
      <![CDATA[Element '//input[@id='SRCH_Input']' is displayed in 78ms]]>
    </line>
    <line>
      <![CDATA[Element 'SRCH_Button_Favorites' is displayed in 62ms]]>
    </line>
    <line>
      <![CDATA[Click BookMarked Customer]]>
    </line>
    <line>
      <![CDATA[Click Customer]]>
    </line>
    <line>
      <![CDATA[Angular request time 2315ms]]>
    </line>
    <line>
      <![CDATA[Element '//div[@class='address-details']' is displayed in 93ms]]>
    </line>
    <line>
      <![CDATA[Angular request time 16ms]]>
    </line>
    <line>
      <![CDATA[Customer Name found Noel Ford]]>
    </line>
    <line>
      <![CDATA[Strings Matched: Noel Ford = Noel Ford]]>
    </line>
    <line>
      <![CDATA[Angular request time 10ms]]>
    </line>
    <line>
      <![CDATA[Angular request time 10ms]]>
    </line>
    <line>
      <![CDATA[Element [[ChromeDriver: chrome on XP (b80800e0e24f8225cee8d137d28def74)] -> id: USR_Name] displayed in 28ms]]>
    </line>
    <line>
      <![CDATA[Element [[ChromeDriver: chrome on XP (b80800e0e24f8225cee8d137d28def74)] -> css selector: .logout-label] displayed in 47ms]]>
    </line>
    <line>
      <![CDATA[Angular request time 16ms]]>
    </line>
    <line>
      <![CDATA[Closing Browser]]>
    </line>
    <line>
      <![CDATA[Test Completed...]]>
    </line>
    <line>
      <![CDATA[Launching Chrome]]>
    </line>
    <line>
      <![CDATA[Browser Maximised]]>
    </line>
    <line>
      <![CDATA[Angular Request Completed in 236ms]]>
    </line>
    <line>
      <![CDATA[Sign in Page Title Verified]]>
    </line>
    <line>
      <![CDATA[Angular Request Completed in 27ms]]>
    </line>
    <line>
      <![CDATA[User signed Admin]]>
    </line>
    <line>
      <![CDATA[Element '//input[@id='SRCH_Input']' is displayed in 141ms]]>
    </line>
    <line>
      <![CDATA[Element 'toolbar-saved' is displayed in 78ms]]>
    </line>
    <line>
      <![CDATA[Enter Text for Search =Alert]]>
    </line>
    <line>
      <![CDATA[Element [[ChromeDriver: chrome on XP (1cf24d8e9edb601e36ef9c175ed45827)] -> id: SRCH_Input] displayed in 31ms]]>
    </line>
    <line>
      <![CDATA[Angular request time 949ms]]>
    </line>
    <line>
      <![CDATA[Click Customer]]>
    </line>
    <line>
      <![CDATA[Angular request time 1916ms]]>
    </line>
    <line>
      <![CDATA[Element '//div[@class='address-details']' is displayed in 386ms]]>
    </line>
    <line>
      <![CDATA[Angular request time 9ms]]>
    </line>
    <line>
      <![CDATA[Customer Name found Alert Test]]>
    </line>
    <line>
      <![CDATA[Strings Not Matched: Mr. Alert Test != Alert Test]]>
    </line>
    <line>
      <![CDATA[<a href="F:\FailedTestsScreenshots\TestSearchAlertOnLoadScreenshot-1560346136881.jpg"><align="left">Error screenshot at Wed Jun 12 08:28:57 CDT 2019]]>
    </line>
    <line>
      <![CDATA[<img width="1024" src="F:\FailedTestsScreenshots\TestSearchAlertOnLoadScreenshot-1560346136881.jpg" alt="screenshot at Wed Jun 12 08:28:57 CDT 2019"/></a><br />]]>
    </line>
    <line>
      <![CDATA[Closing Browser]]>
    </line>
    <line>
      <![CDATA[Test Completed...]]>
    </line>
    <line>
      <![CDATA[Launching Chrome]]>
    </line>
    <line>
      <![CDATA[Browser Maximised]]>
    </line>
    <line>
      <![CDATA[Angular Request Completed in 96ms]]>
    </line>
    <line>
      <![CDATA[Sign in Page Title Verified]]>
    </line>
    <line>
      <![CDATA[Angular Request Completed in 31ms]]>
    </line>
    <line>
      <![CDATA[User signed Admin]]>
    </line>
    <line>
      <![CDATA[Element '//input[@id='SRCH_Input']' is displayed in 79ms]]>
    </line>
    <line>
      <![CDATA[Element 'toolbar-saved' is displayed in 63ms]]>
    </line>
    <line>
      <![CDATA[Angular Request Completed in 15ms]]>
    </line>
    <line>
      <![CDATA[Enter Text for Search =Automation]]>
    </line>
    <line>
      <![CDATA[Element [[ChromeDriver: chrome on XP (98cab7bfacc07277c7c3020a89d889c0)] -> id: SRCH_Input] displayed in 31ms]]>
    </line>
    <line>
      <![CDATA[Angular request time 1082ms]]>
    </line>
    <line>
      <![CDATA[Click Customer]]>
    </line>
    <line>
      <![CDATA[Angular request time 2145ms]]>
    </line>
    <line>
      <![CDATA[Element '//div[@class='address-details']' is displayed in 77ms]]>
    </line>
    <line>
      <![CDATA[Angular request time 10ms]]>
    </line>
    <line>
      <![CDATA[Customer Name found Automation Mate]]>
    </line>
    <line>
      <![CDATA[Strings Not Matched: Mr. Automation Mate != Automation Mate]]>
    </line>
    <line>
      <![CDATA[<a href="F:\FailedTestsScreenshots\TestSummarySectionOnChangeScreenshot-1560346159226.jpg"><align="left">Error screenshot at Wed Jun 12 08:29:19 CDT 2019]]>
    </line>
    <line>
      <![CDATA[<img width="1024" src="F:\FailedTestsScreenshots\TestSummarySectionOnChangeScreenshot-1560346159226.jpg" alt="screenshot at Wed Jun 12 08:29:19 CDT 2019"/></a><br />]]>
    </line>
    <line>
      <![CDATA[Closing Browser]]>
    </line>
    <line>
      <![CDATA[Test Completed...]]>
    </line>
    <line>
      <![CDATA[Launching Chrome]]>
    </line>
    <line>
      <![CDATA[Browser Maximised]]>
    </line>
    <line>
      <![CDATA[Angular Request Completed in 138ms]]>
    </line>
    <line>
      <![CDATA[Sign in Page Title Verified]]>
    </line>
    <line>
      <![CDATA[Angular Request Completed in 16ms]]>
    </line>
    <line>
      <![CDATA[User signed Admin]]>
    </line>
    <line>
      <![CDATA[Enter Text for Search =Automation]]>
    </line>
    <line>
      <![CDATA[Element [[ChromeDriver: chrome on XP (6cd274bebf8f316c953cf4fc39025c2c)] -> id: SRCH_Input] displayed in 47ms]]>
    </line>
    <line>
      <![CDATA[Angular request time 1119ms]]>
    </line>
    <line>
      <![CDATA[Click Customer]]>
    </line>
    <line>
      <![CDATA[Angular request time 2343ms]]>
    </line>
    <line>
      <![CDATA[Angular request time 8ms]]>
    </line>
    <line>
      <![CDATA[Customer Name found Automation Mate]]>
    </line>
    <line>
      <![CDATA[Strings Not Matched: Mr. Automation Mate != Automation Mate]]>
    </line>
    <line>
      <![CDATA[<a href="F:\FailedTestsScreenshots\TestSearchAutobyFirstNameScreenshot-1560346182162.jpg"><align="left">Error screenshot at Wed Jun 12 08:29:42 CDT 2019]]>
    </line>
    <line>
      <![CDATA[<img width="1024" src="F:\FailedTestsScreenshots\TestSearchAutobyFirstNameScreenshot-1560346182162.jpg" alt="screenshot at Wed Jun 12 08:29:42 CDT 2019"/></a><br />]]>
    </line>
    <line>
      <![CDATA[Closing Browser]]>
    </line>
    <line>
      <![CDATA[Test Completed...]]>
    </line>
    <line>
      <![CDATA[Launching Chrome]]>
    </line>
    <line>
      <![CDATA[Browser Maximised]]>
    </line>
    <line>
      <![CDATA[Angular Request Completed in 12ms]]>
    </line>
    <line>
      <![CDATA[Sign in Page Title Verified]]>
    </line>
    <line>
      <![CDATA[Angular Request Completed in 16ms]]>
    </line>
    <line>
      <![CDATA[User signed Admin]]>
    </line>
    <line>
      <![CDATA[Enter Text for Search =Mate]]>
    </line>
    <line>
      <![CDATA[Element [[ChromeDriver: chrome on XP (4e259c23247034c2c3c37c2769e7c295)] -> id: SRCH_Input] displayed in 32ms]]>
    </line>
    <line>
      <![CDATA[Angular request time 1059ms]]>
    </line>
    <line>
      <![CDATA[Click Customer]]>
    </line>
    <line>
      <![CDATA[Angular request time 1846ms]]>
    </line>
    <line>
      <![CDATA[Angular request time 7ms]]>
    </line>
    <line>
      <![CDATA[Customer Name found Automation Mate]]>
    </line>
    <line>
      <![CDATA[Strings Not Matched: Mr. Automation Mate != Automation Mate]]>
    </line>
    <line>
      <![CDATA[<a href="F:\FailedTestsScreenshots\TestSearchAutobyLastNameScreenshot-1560346205584.jpg"><align="left">Error screenshot at Wed Jun 12 08:30:05 CDT 2019]]>
    </line>
    <line>
      <![CDATA[<img width="1024" src="F:\FailedTestsScreenshots\TestSearchAutobyLastNameScreenshot-1560346205584.jpg" alt="screenshot at Wed Jun 12 08:30:05 CDT 2019"/></a><br />]]>
    </line>
    <line>
      <![CDATA[Closing Browser]]>
    </line>
    <line>
      <![CDATA[Test Completed...]]>
    </line>
  </reporter-output>
  <suite name="Test Suite for Nexus Portal" duration-ms="445985" started-at="2019-06-12T13:22:42Z" finished-at="2019-06-12T13:30:08Z">
    <groups>
    </groups>
    <test name="NexusTest" duration-ms="445985" started-at="2019-06-12T13:22:42Z" finished-at="2019-06-12T13:30:08Z">
      <class name="com.NexusPortalAutomation.TestCases.Java.TC0017_StatementsValue">
        <test-method status="PASS" signature="readProp(org.testng.ITestContext)[pri:0, instance:com.NexusPortalAutomation.TestCases.Java.TC0017_StatementsValue@617faa95]" name="readProp" is-config="true" duration-ms="3375" started-at="2019-06-12T13:26:57Z" finished-at="2019-06-12T13:27:00Z">
          <params>
            <param index="0">
              <value>
                <![CDATA[org.testng.TestRunner@480cbe2e]]>
              </value>
            </param>
          </params>
          <reporter-output>
            <line>
              <![CDATA[Launching Chrome]]>
            </line>
            <line>
              <![CDATA[Browser Maximised]]>
            </line>
          </reporter-output>
        </test-method> <!-- readProp -->
        <test-method status="PASS" signature="TestBillingStatements()[pri:1, instance:com.NexusPortalAutomation.TestCases.Java.TC0017_StatementsValue@617faa95]" name="TestBillingStatements" duration-ms="27091" started-at="2019-06-12T13:27:00Z" finished-at="2019-06-12T13:27:27Z">
          <reporter-output>
            <line>
              <![CDATA[Angular Request Completed in 26ms]]>
            </line>
            <line>
              <![CDATA[Sign in Page Title Verified]]>
            </line>
            <line>
              <![CDATA[Angular Request Completed in 46ms]]>
            </line>
            <line>
              <![CDATA[User signed Admin]]>
            </line>
            <line>
              <![CDATA[Enter Text for Search =STATEMENTS001]]>
            </line>
            <line>
              <![CDATA[Element [[ChromeDriver: chrome on XP (ec8d185cb43650d55b2453a0e4db5aab)] -> id: SRCH_Input] displayed in 63ms]]>
            </line>
            <line>
              <![CDATA[Angular request time 1074ms]]>
            </line>
            <line>
              <![CDATA[Click Customer]]>
            </line>
            <line>
              <![CDATA[Angular request time 1801ms]]>
            </line>
            <line>
              <![CDATA[Angular request time 1259ms]]>
            </line>
            <line>
              <![CDATA[Customer Location Id found STATEMENTS001]]>
            </line>
            <line>
              <![CDATA[Strings Matched: STATEMENTS001 = STATEMENTS001]]>
            </line>
            <line>
              <![CDATA[Angular request time 15ms]]>
            </line>
            <line>
              <![CDATA[Angular request time 12ms]]>
            </line>
            <line>
              <![CDATA[Verify Bill Statement Date]]>
            </line>
            <line>
              <![CDATA[Angular request time 10ms]]>
            </line>
            <line>
              <![CDATA[Element [[ChromeDriver: chrome on XP (ec8d185cb43650d55b2453a0e4db5aab)] -> id: BILL_Statement_1] displayed in 42ms]]>
            </line>
            <line>
              <![CDATA[Strings Matched: Jul 31, 2019 = Jul 31, 2019]]>
            </line>
            <line>
              <![CDATA[Angular request time 12ms]]>
            </line>
            <line>
              <![CDATA[Element [[ChromeDriver: chrome on XP (ec8d185cb43650d55b2453a0e4db5aab)] -> id: BILL_Statement_Value_1] displayed in 32ms]]>
            </line>
            <line>
              <![CDATA[Strings Matched: $56.71 = $56.71]]>
            </line>
            <line>
              <![CDATA[Angular request time 10ms]]>
            </line>
            <line>
              <![CDATA[Angular request time 16ms]]>
            </line>
            <line>
              <![CDATA[Element [[ChromeDriver: chrome on XP (ec8d185cb43650d55b2453a0e4db5aab)] -> id: USR_Name] displayed in 36ms]]>
            </line>
            <line>
              <![CDATA[Element [[ChromeDriver: chrome on XP (ec8d185cb43650d55b2453a0e4db5aab)] -> css selector: .logout-label] displayed in 46ms]]>
            </line>
            <line>
              <![CDATA[Angular request time 19ms]]>
            </line>
          </reporter-output>
        </test-method> <!-- TestBillingStatements -->
        <test-method status="PASS" signature="TearDown()[pri:0, instance:com.NexusPortalAutomation.TestCases.Java.TC0017_StatementsValue@617faa95]" name="TearDown" is-config="true" duration-ms="127" started-at="2019-06-12T13:27:27Z" finished-at="2019-06-12T13:27:27Z">
          <reporter-output>
            <line>
              <![CDATA[Closing Browser]]>
            </line>
            <line>
              <![CDATA[Test Completed...]]>
            </line>
          </reporter-output>
        </test-method> <!-- TearDown -->
      </class> <!-- com.NexusPortalAutomation.TestCases.Java.TC0017_StatementsValue -->
      <class name="com.NexusPortalAutomation.TestCases.Java.TC0012_VerifyCreditStatus">
        <test-method status="PASS" signature="readProp(org.testng.ITestContext)[pri:0, instance:com.NexusPortalAutomation.TestCases.Java.TC0012_VerifyCreditStatus@dc24521]" name="readProp" is-config="true" duration-ms="4157" started-at="2019-06-12T13:24:54Z" finished-at="2019-06-12T13:24:58Z">
          <params>
            <param index="0">
              <value>
                <![CDATA[org.testng.TestRunner@480cbe2e]]>
              </value>
            </param>
          </params>
          <reporter-output>
            <line>
              <![CDATA[Launching Chrome]]>
            </line>
            <line>
              <![CDATA[Browser Maximised]]>
            </line>
          </reporter-output>
        </test-method> <!-- readProp -->
        <test-method status="PASS" signature="TestCreditStatus()[pri:1, instance:com.NexusPortalAutomation.TestCases.Java.TC0012_VerifyCreditStatus@dc24521]" name="TestCreditStatus" duration-ms="25445" started-at="2019-06-12T13:24:58Z" finished-at="2019-06-12T13:25:23Z">
          <reporter-output>
            <line>
              <![CDATA[Angular Request Completed in 35ms]]>
            </line>
            <line>
              <![CDATA[Sign in Page Title Verified]]>
            </line>
            <line>
              <![CDATA[Angular Request Completed in 16ms]]>
            </line>
            <line>
              <![CDATA[User signed Admin]]>
            </line>
            <line>
              <![CDATA[Enter Text for Search =LOC@0001]]>
            </line>
            <line>
              <![CDATA[Element [[ChromeDriver: chrome on XP (5336110f9860c906300678e9f75f5396)] -> id: SRCH_Input] displayed in 48ms]]>
            </line>
            <line>
              <![CDATA[Angular request time 1065ms]]>
            </line>
            <line>
              <![CDATA[Click Customer]]>
            </line>
            <line>
              <![CDATA[Angular request time 2138ms]]>
            </line>
            <line>
              <![CDATA[Angular request time 12ms]]>
            </line>
            <line>
              <![CDATA[Customer Location Id found LOC@0001]]>
            </line>
            <line>
              <![CDATA[Strings Matched: LOC@0001 = LOC@0001]]>
            </line>
            <line>
              <![CDATA[Verify Credit Status]]>
            </line>
            <line>
              <![CDATA[Angular request time 15ms]]>
            </line>
            <line>
              <![CDATA[Angular request time 15ms]]>
            </line>
            <line>
              <![CDATA[Angular request time 11ms]]>
            </line>
            <line>
              <![CDATA[Element [[ChromeDriver: chrome on XP (5336110f9860c906300678e9f75f5396)] -> id: USR_Name] displayed in 28ms]]>
            </line>
            <line>
              <![CDATA[Element [[ChromeDriver: chrome on XP (5336110f9860c906300678e9f75f5396)] -> css selector: .logout-label] displayed in 49ms]]>
            </line>
            <line>
              <![CDATA[Angular request time 30ms]]>
            </line>
          </reporter-output>
        </test-method> <!-- TestCreditStatus -->
        <test-method status="PASS" signature="TearDown()[pri:0, instance:com.NexusPortalAutomation.TestCases.Java.TC0012_VerifyCreditStatus@dc24521]" name="TearDown" is-config="true" duration-ms="163" started-at="2019-06-12T13:25:23Z" finished-at="2019-06-12T13:25:23Z">
          <reporter-output>
            <line>
              <![CDATA[Closing Browser]]>
            </line>
            <line>
              <![CDATA[Test Completed...]]>
            </line>
          </reporter-output>
        </test-method> <!-- TearDown -->
      </class> <!-- com.NexusPortalAutomation.TestCases.Java.TC0012_VerifyCreditStatus -->
      <class name="com.NexusPortalAutomation.TestCases.Java.TC0007_TestSummarySection">
        <test-method status="PASS" signature="readProp(org.testng.ITestContext)[pri:0, instance:com.NexusPortalAutomation.TestCases.Java.TC0007_TestSummarySection@64bfbc86]" name="readProp" is-config="true" duration-ms="3358" started-at="2019-06-12T13:28:59Z" finished-at="2019-06-12T13:29:02Z">
          <params>
            <param index="0">
              <value>
                <![CDATA[org.testng.TestRunner@480cbe2e]]>
              </value>
            </param>
          </params>
          <reporter-output>
            <line>
              <![CDATA[Launching Chrome]]>
            </line>
            <line>
              <![CDATA[Browser Maximised]]>
            </line>
          </reporter-output>
        </test-method> <!-- readProp -->
        <test-method status="FAIL" signature="TestSummarySectionOnChange()[pri:2, instance:com.NexusPortalAutomation.TestCases.Java.TC0007_TestSummarySection@64bfbc86]" name="TestSummarySectionOnChange" duration-ms="16329" started-at="2019-06-12T13:29:02Z" finished-at="2019-06-12T13:29:19Z">
          <exception class="java.lang.AssertionError">
            <message>
              <![CDATA[expected [Automation Mate] but found [Mr. Automation Mate]]]>
            </message>
            <full-stacktrace>
              <![CDATA[java.lang.AssertionError: expected [Automation Mate] but found [Mr. Automation Mate]
at org.testng.Assert.fail(Assert.java:96)
at org.testng.Assert.failNotEquals(Assert.java:776)
at org.testng.Assert.assertEqualsImpl(Assert.java:137)
at org.testng.Assert.assertEquals(Assert.java:118)
at org.testng.Assert.assertEquals(Assert.java:453)
at org.testng.Assert.assertEquals(Assert.java:463)
at com.NexusPortalAutomation.Utilities.Java.CommonMethods.VerifyString(CommonMethods.java:61)
at com.NexusPortalAutomation.TestCases.Java.TC0007_TestSummarySection.TestSummarySectionOnChange(TC0007_TestSummarySection.java:39)
at sun.reflect.NativeMethodAccessorImpl.invoke0(Native Method)
at sun.reflect.NativeMethodAccessorImpl.invoke(NativeMethodAccessorImpl.java:62)
at sun.reflect.DelegatingMethodAccessorImpl.invoke(DelegatingMethodAccessorImpl.java:43)
at java.lang.reflect.Method.invoke(Method.java:498)
at org.testng.internal.MethodInvocationHelper.invokeMethod(MethodInvocationHelper.java:124)
at org.testng.internal.Invoker.invokeMethod(Invoker.java:583)
at org.testng.internal.Invoker.invokeTestMethod(Invoker.java:719)
at org.testng.internal.Invoker.invokeTestMethods(Invoker.java:989)
at org.testng.internal.TestMethodWorker.invokeTestMethods(TestMethodWorker.java:125)
at org.testng.internal.TestMethodWorker.run(TestMethodWorker.java:109)
at org.testng.TestRunner.privateRun(TestRunner.java:648)
at org.testng.TestRunner.run(TestRunner.java:505)
at org.testng.SuiteRunner.runTest(SuiteRunner.java:455)
at org.testng.SuiteRunner.runSequentially(SuiteRunner.java:450)
at org.testng.SuiteRunner.privateRun(SuiteRunner.java:415)
at org.testng.SuiteRunner.run(SuiteRunner.java:364)
at org.testng.SuiteRunnerWorker.runSuite(SuiteRunnerWorker.java:52)
at org.testng.SuiteRunnerWorker.run(SuiteRunnerWorker.java:84)
at org.testng.TestNG.runSuitesSequentially(TestNG.java:1208)
at org.testng.TestNG.runSuitesLocally(TestNG.java:1137)
at org.testng.TestNG.runSuites(TestNG.java:1049)
at org.testng.TestNG.run(TestNG.java:1017)
at org.apache.maven.surefire.testng.TestNGExecutor.run(TestNGExecutor.java:283)
at org.apache.maven.surefire.testng.TestNGXmlTestSuite.execute(TestNGXmlTestSuite.java:75)
at org.apache.maven.surefire.testng.TestNGProvider.invoke(TestNGProvider.java:120)
at org.apache.maven.surefire.booter.ForkedBooter.invokeProviderInSameClassLoader(ForkedBooter.java:384)
at org.apache.maven.surefire.booter.ForkedBooter.runSuitesInProcess(ForkedBooter.java:345)
at org.apache.maven.surefire.booter.ForkedBooter.execute(ForkedBooter.java:126)
at org.apache.maven.surefire.booter.ForkedBooter.main(ForkedBooter.java:418)
]]>
            </full-stacktrace>
          </exception> <!-- java.lang.AssertionError -->
          <reporter-output>
            <line>
              <![CDATA[Angular Request Completed in 96ms]]>
            </line>
            <line>
              <![CDATA[Sign in Page Title Verified]]>
            </line>
            <line>
              <![CDATA[Angular Request Completed in 31ms]]>
            </line>
            <line>
              <![CDATA[User signed Admin]]>
            </line>
            <line>
              <![CDATA[Element '//input[@id='SRCH_Input']' is displayed in 79ms]]>
            </line>
            <line>
              <![CDATA[Element 'toolbar-saved' is displayed in 63ms]]>
            </line>
            <line>
              <![CDATA[Angular Request Completed in 15ms]]>
            </line>
            <line>
              <![CDATA[Enter Text for Search =Automation]]>
            </line>
            <line>
              <![CDATA[Element [[ChromeDriver: chrome on XP (98cab7bfacc07277c7c3020a89d889c0)] -> id: SRCH_Input] displayed in 31ms]]>
            </line>
            <line>
              <![CDATA[Angular request time 1082ms]]>
            </line>
            <line>
              <![CDATA[Click Customer]]>
            </line>
            <line>
              <![CDATA[Angular request time 2145ms]]>
            </line>
            <line>
              <![CDATA[Element '//div[@class='address-details']' is displayed in 77ms]]>
            </line>
            <line>
              <![CDATA[Angular request time 10ms]]>
            </line>
            <line>
              <![CDATA[Customer Name found Automation Mate]]>
            </line>
            <line>
              <![CDATA[Strings Not Matched: Mr. Automation Mate != Automation Mate]]>
            </line>
            <line>
              <![CDATA[<a href="F:\FailedTestsScreenshots\TestSummarySectionOnChangeScreenshot-1560346159226.jpg"><align="left">Error screenshot at Wed Jun 12 08:29:19 CDT 2019]]>
            </line>
            <line>
              <![CDATA[<img width="1024" src="F:\FailedTestsScreenshots\TestSummarySectionOnChangeScreenshot-1560346159226.jpg" alt="screenshot at Wed Jun 12 08:29:19 CDT 2019"/></a><br />]]>
            </line>
          </reporter-output>
        </test-method> <!-- TestSummarySectionOnChange -->
        <test-method status="PASS" signature="TearDown()[pri:0, instance:com.NexusPortalAutomation.TestCases.Java.TC0007_TestSummarySection@64bfbc86]" name="TearDown" is-config="true" duration-ms="2359" started-at="2019-06-12T13:29:19Z" finished-at="2019-06-12T13:29:21Z">
          <reporter-output>
            <line>
              <![CDATA[Closing Browser]]>
            </line>
            <line>
              <![CDATA[Test Completed...]]>
            </line>
          </reporter-output>
        </test-method> <!-- TearDown -->
      </class> <!-- com.NexusPortalAutomation.TestCases.Java.TC0007_TestSummarySection -->
      <class name="com.NexusPortalAutomation.TestCases.Java.TC0006_TestAlertOnLoad">
        <test-method status="PASS" signature="readProp(org.testng.ITestContext)[pri:0, instance:com.NexusPortalAutomation.TestCases.Java.TC0006_TestAlertOnLoad@192b07fd]" name="readProp" is-config="true" duration-ms="3344" started-at="2019-06-12T13:28:35Z" finished-at="2019-06-12T13:28:38Z">
          <params>
            <param index="0">
              <value>
                <![CDATA[org.testng.TestRunner@480cbe2e]]>
              </value>
            </param>
          </params>
          <reporter-output>
            <line>
              <![CDATA[Launching Chrome]]>
            </line>
            <line>
              <![CDATA[Browser Maximised]]>
            </line>
          </reporter-output>
        </test-method> <!-- readProp -->
        <test-method status="FAIL" signature="TestSearchAlertOnLoad()[pri:2, instance:com.NexusPortalAutomation.TestCases.Java.TC0006_TestAlertOnLoad@192b07fd]" name="TestSearchAlertOnLoad" duration-ms="18421" started-at="2019-06-12T13:28:38Z" finished-at="2019-06-12T13:28:56Z">
          <exception class="java.lang.AssertionError">
            <message>
              <![CDATA[expected [Alert Test] but found [Mr. Alert Test]]]>
            </message>
            <full-stacktrace>
              <![CDATA[java.lang.AssertionError: expected [Alert Test] but found [Mr. Alert Test]
at org.testng.Assert.fail(Assert.java:96)
at org.testng.Assert.failNotEquals(Assert.java:776)
at org.testng.Assert.assertEqualsImpl(Assert.java:137)
at org.testng.Assert.assertEquals(Assert.java:118)
at org.testng.Assert.assertEquals(Assert.java:453)
at org.testng.Assert.assertEquals(Assert.java:463)
at com.NexusPortalAutomation.Utilities.Java.CommonMethods.VerifyString(CommonMethods.java:61)
at com.NexusPortalAutomation.TestCases.Java.TC0006_TestAlertOnLoad.TestSearchAlertOnLoad(TC0006_TestAlertOnLoad.java:37)
at sun.reflect.NativeMethodAccessorImpl.invoke0(Native Method)
at sun.reflect.NativeMethodAccessorImpl.invoke(NativeMethodAccessorImpl.java:62)
at sun.reflect.DelegatingMethodAccessorImpl.invoke(DelegatingMethodAccessorImpl.java:43)
at java.lang.reflect.Method.invoke(Method.java:498)
at org.testng.internal.MethodInvocationHelper.invokeMethod(MethodInvocationHelper.java:124)
at org.testng.internal.Invoker.invokeMethod(Invoker.java:583)
at org.testng.internal.Invoker.invokeTestMethod(Invoker.java:719)
at org.testng.internal.Invoker.invokeTestMethods(Invoker.java:989)
at org.testng.internal.TestMethodWorker.invokeTestMethods(TestMethodWorker.java:125)
at org.testng.internal.TestMethodWorker.run(TestMethodWorker.java:109)
at org.testng.TestRunner.privateRun(TestRunner.java:648)
at org.testng.TestRunner.run(TestRunner.java:505)
at org.testng.SuiteRunner.runTest(SuiteRunner.java:455)
at org.testng.SuiteRunner.runSequentially(SuiteRunner.java:450)
at org.testng.SuiteRunner.privateRun(SuiteRunner.java:415)
at org.testng.SuiteRunner.run(SuiteRunner.java:364)
at org.testng.SuiteRunnerWorker.runSuite(SuiteRunnerWorker.java:52)
at org.testng.SuiteRunnerWorker.run(SuiteRunnerWorker.java:84)
at org.testng.TestNG.runSuitesSequentially(TestNG.java:1208)
at org.testng.TestNG.runSuitesLocally(TestNG.java:1137)
at org.testng.TestNG.runSuites(TestNG.java:1049)
at org.testng.TestNG.run(TestNG.java:1017)
at org.apache.maven.surefire.testng.TestNGExecutor.run(TestNGExecutor.java:283)
at org.apache.maven.surefire.testng.TestNGXmlTestSuite.execute(TestNGXmlTestSuite.java:75)
at org.apache.maven.surefire.testng.TestNGProvider.invoke(TestNGProvider.java:120)
at org.apache.maven.surefire.booter.ForkedBooter.invokeProviderInSameClassLoader(ForkedBooter.java:384)
at org.apache.maven.surefire.booter.ForkedBooter.runSuitesInProcess(ForkedBooter.java:345)
at org.apache.maven.surefire.booter.ForkedBooter.execute(ForkedBooter.java:126)
at org.apache.maven.surefire.booter.ForkedBooter.main(ForkedBooter.java:418)
]]>
            </full-stacktrace>
          </exception> <!-- java.lang.AssertionError -->
          <reporter-output>
            <line>
              <![CDATA[Angular Request Completed in 236ms]]>
            </line>
            <line>
              <![CDATA[Sign in Page Title Verified]]>
            </line>
            <line>
              <![CDATA[Angular Request Completed in 27ms]]>
            </line>
            <line>
              <![CDATA[User signed Admin]]>
            </line>
            <line>
              <![CDATA[Element '//input[@id='SRCH_Input']' is displayed in 141ms]]>
            </line>
            <line>
              <![CDATA[Element 'toolbar-saved' is displayed in 78ms]]>
            </line>
            <line>
              <![CDATA[Enter Text for Search =Alert]]>
            </line>
            <line>
              <![CDATA[Element [[ChromeDriver: chrome on XP (1cf24d8e9edb601e36ef9c175ed45827)] -> id: SRCH_Input] displayed in 31ms]]>
            </line>
            <line>
              <![CDATA[Angular request time 949ms]]>
            </line>
            <line>
              <![CDATA[Click Customer]]>
            </line>
            <line>
              <![CDATA[Angular request time 1916ms]]>
            </line>
            <line>
              <![CDATA[Element '//div[@class='address-details']' is displayed in 386ms]]>
            </line>
            <line>
              <![CDATA[Angular request time 9ms]]>
            </line>
            <line>
              <![CDATA[Customer Name found Alert Test]]>
            </line>
            <line>
              <![CDATA[Strings Not Matched: Mr. Alert Test != Alert Test]]>
            </line>
            <line>
              <![CDATA[<a href="F:\FailedTestsScreenshots\TestSearchAlertOnLoadScreenshot-1560346136881.jpg"><align="left">Error screenshot at Wed Jun 12 08:28:57 CDT 2019]]>
            </line>
            <line>
              <![CDATA[<img width="1024" src="F:\FailedTestsScreenshots\TestSearchAlertOnLoadScreenshot-1560346136881.jpg" alt="screenshot at Wed Jun 12 08:28:57 CDT 2019"/></a><br />]]>
            </line>
          </reporter-output>
        </test-method> <!-- TestSearchAlertOnLoad -->
        <test-method status="PASS" signature="TearDown()[pri:0, instance:com.NexusPortalAutomation.TestCases.Java.TC0006_TestAlertOnLoad@192b07fd]" name="TearDown" is-config="true" duration-ms="2220" started-at="2019-06-12T13:28:57Z" finished-at="2019-06-12T13:28:59Z">
          <reporter-output>
            <line>
              <![CDATA[Closing Browser]]>
            </line>
            <line>
              <![CDATA[Test Completed...]]>
            </line>
          </reporter-output>
        </test-method> <!-- TearDown -->
      </class> <!-- com.NexusPortalAutomation.TestCases.Java.TC0006_TestAlertOnLoad -->
      <class name="com.NexusPortalAutomation.TestCases.Java.TC0010_VerifyCustomerDetails">
        <test-method status="PASS" signature="readProp(org.testng.ITestContext)[pri:0, instance:com.NexusPortalAutomation.TestCases.Java.TC0010_VerifyCustomerDetails@148080bb]" name="readProp" is-config="true" duration-ms="3359" started-at="2019-06-12T13:24:20Z" finished-at="2019-06-12T13:24:23Z">
          <params>
            <param index="0">
              <value>
                <![CDATA[org.testng.TestRunner@480cbe2e]]>
              </value>
            </param>
          </params>
          <reporter-output>
            <line>
              <![CDATA[Launching Chrome]]>
            </line>
            <line>
              <![CDATA[Browser Maximised]]>
            </line>
          </reporter-output>
        </test-method> <!-- readProp -->
        <test-method status="PASS" signature="TestCustomerDetails()[pri:1, instance:com.NexusPortalAutomation.TestCases.Java.TC0010_VerifyCustomerDetails@148080bb]" name="TestCustomerDetails" duration-ms="28047" started-at="2019-06-12T13:24:23Z" finished-at="2019-06-12T13:24:51Z">
          <reporter-output>
            <line>
              <![CDATA[Angular Request Completed in 45ms]]>
            </line>
            <line>
              <![CDATA[Sign in Page Title Verified]]>
            </line>
            <line>
              <![CDATA[Angular Request Completed in 31ms]]>
            </line>
            <line>
              <![CDATA[User signed Admin]]>
            </line>
            <line>
              <![CDATA[Enter Text for Search =LOC@0001]]>
            </line>
            <line>
              <![CDATA[Element [[ChromeDriver: chrome on XP (b60b6a851c328b05628f32cd88d1c41e)] -> id: SRCH_Input] displayed in 62ms]]>
            </line>
            <line>
              <![CDATA[Angular request time 973ms]]>
            </line>
            <line>
              <![CDATA[Click Customer]]>
            </line>
            <line>
              <![CDATA[Angular request time 2043ms]]>
            </line>
            <line>
              <![CDATA[Angular request time 13ms]]>
            </line>
            <line>
              <![CDATA[Customer Location Id found LOC@0001]]>
            </line>
            <line>
              <![CDATA[Strings Matched: LOC@0001 = LOC@0001]]>
            </line>
            <line>
              <![CDATA[Angular request time 10ms]]>
            </line>
            <line>
              <![CDATA[Verifying Customer Details]]>
            </line>
            <line>
              <![CDATA[Strings Matched: 2312 = 2312]]>
            </line>
            <line>
              <![CDATA[Strings Matched: Driv12312OUL312 = Driv12312OUL312]]>
            </line>
            <line>
              <![CDATA[Strings Matched: (090) 078-6010 = (090) 078-6010]]>
            </line>
            <line>
              <![CDATA[Strings Matched: + Ext. 2112 = + Ext. 2112]]>
            </line>
            <line>
              <![CDATA[Strings Matched: automation@cogsdale.com = automation@cogsdale.com]]>
            </line>
            <line>
              <![CDATA[Strings Matched: 007 Test Apt = 007 Test Apt]]>
            </line>
            <line>
              <![CDATA[Strings Matched: New York NY 12345-67890 = New York NY 12345-67890]]>
            </line>
            <line>
              <![CDATA[Angular request time 12ms]]>
            </line>
            <line>
              <![CDATA[Angular request time 10ms]]>
            </line>
            <line>
              <![CDATA[Element [[ChromeDriver: chrome on XP (b60b6a851c328b05628f32cd88d1c41e)] -> id: USR_Name] displayed in 35ms]]>
            </line>
            <line>
              <![CDATA[Element [[ChromeDriver: chrome on XP (b60b6a851c328b05628f32cd88d1c41e)] -> css selector: .logout-label] displayed in 35ms]]>
            </line>
            <line>
              <![CDATA[Angular request time 33ms]]>
            </line>
          </reporter-output>
        </test-method> <!-- TestCustomerDetails -->
        <test-method status="PASS" signature="TearDown()[pri:0, instance:com.NexusPortalAutomation.TestCases.Java.TC0010_VerifyCustomerDetails@148080bb]" name="TearDown" is-config="true" duration-ms="2312" started-at="2019-06-12T13:24:51Z" finished-at="2019-06-12T13:24:54Z">
          <reporter-output>
            <line>
              <![CDATA[Closing Browser]]>
            </line>
            <line>
              <![CDATA[Test Completed...]]>
            </line>
          </reporter-output>
        </test-method> <!-- TearDown -->
      </class> <!-- com.NexusPortalAutomation.TestCases.Java.TC0010_VerifyCustomerDetails -->
      <class name="com.NexusPortalAutomation.TestCases.Java.TC0002_TestSearchAutobyFirstName">
        <test-method status="PASS" signature="readProp(org.testng.ITestContext)[pri:0, instance:com.NexusPortalAutomation.TestCases.Java.TC0002_TestSearchAutobyFirstName@2d928643]" name="readProp" is-config="true" duration-ms="3344" started-at="2019-06-12T13:29:21Z" finished-at="2019-06-12T13:29:25Z">
          <params>
            <param index="0">
              <value>
                <![CDATA[org.testng.TestRunner@480cbe2e]]>
              </value>
            </param>
          </params>
          <reporter-output>
            <line>
              <![CDATA[Launching Chrome]]>
            </line>
            <line>
              <![CDATA[Browser Maximised]]>
            </line>
          </reporter-output>
        </test-method> <!-- readProp -->
        <test-method status="FAIL" signature="TestSearchAutobyFirstName()[pri:2, instance:com.NexusPortalAutomation.TestCases.Java.TC0002_TestSearchAutobyFirstName@2d928643]" name="TestSearchAutobyFirstName" duration-ms="16842" started-at="2019-06-12T13:29:25Z" finished-at="2019-06-12T13:29:42Z">
          <exception class="java.lang.AssertionError">
            <message>
              <![CDATA[expected [Automation Mate] but found [Mr. Automation Mate]]]>
            </message>
            <full-stacktrace>
              <![CDATA[java.lang.AssertionError: expected [Automation Mate] but found [Mr. Automation Mate]
at org.testng.Assert.fail(Assert.java:96)
at org.testng.Assert.failNotEquals(Assert.java:776)
at org.testng.Assert.assertEqualsImpl(Assert.java:137)
at org.testng.Assert.assertEquals(Assert.java:118)
at org.testng.Assert.assertEquals(Assert.java:453)
at org.testng.Assert.assertEquals(Assert.java:463)
at com.NexusPortalAutomation.Utilities.Java.CommonMethods.VerifyString(CommonMethods.java:61)
at com.NexusPortalAutomation.TestCases.Java.TC0002_TestSearchAutobyFirstName.TestSearchAutobyFirstName(TC0002_TestSearchAutobyFirstName.java:34)
at sun.reflect.NativeMethodAccessorImpl.invoke0(Native Method)
at sun.reflect.NativeMethodAccessorImpl.invoke(NativeMethodAccessorImpl.java:62)
at sun.reflect.DelegatingMethodAccessorImpl.invoke(DelegatingMethodAccessorImpl.java:43)
at java.lang.reflect.Method.invoke(Method.java:498)
at org.testng.internal.MethodInvocationHelper.invokeMethod(MethodInvocationHelper.java:124)
at org.testng.internal.Invoker.invokeMethod(Invoker.java:583)
at org.testng.internal.Invoker.invokeTestMethod(Invoker.java:719)
at org.testng.internal.Invoker.invokeTestMethods(Invoker.java:989)
at org.testng.internal.TestMethodWorker.invokeTestMethods(TestMethodWorker.java:125)
at org.testng.internal.TestMethodWorker.run(TestMethodWorker.java:109)
at org.testng.TestRunner.privateRun(TestRunner.java:648)
at org.testng.TestRunner.run(TestRunner.java:505)
at org.testng.SuiteRunner.runTest(SuiteRunner.java:455)
at org.testng.SuiteRunner.runSequentially(SuiteRunner.java:450)
at org.testng.SuiteRunner.privateRun(SuiteRunner.java:415)
at org.testng.SuiteRunner.run(SuiteRunner.java:364)
at org.testng.SuiteRunnerWorker.runSuite(SuiteRunnerWorker.java:52)
at org.testng.SuiteRunnerWorker.run(SuiteRunnerWorker.java:84)
at org.testng.TestNG.runSuitesSequentially(TestNG.java:1208)
at org.testng.TestNG.runSuitesLocally(TestNG.java:1137)
at org.testng.TestNG.runSuites(TestNG.java:1049)
at org.testng.TestNG.run(TestNG.java:1017)
at org.apache.maven.surefire.testng.TestNGExecutor.run(TestNGExecutor.java:283)
at org.apache.maven.surefire.testng.TestNGXmlTestSuite.execute(TestNGXmlTestSuite.java:75)
at org.apache.maven.surefire.testng.TestNGProvider.invoke(TestNGProvider.java:120)
at org.apache.maven.surefire.booter.ForkedBooter.invokeProviderInSameClassLoader(ForkedBooter.java:384)
at org.apache.maven.surefire.booter.ForkedBooter.runSuitesInProcess(ForkedBooter.java:345)
at org.apache.maven.surefire.booter.ForkedBooter.execute(ForkedBooter.java:126)
at org.apache.maven.surefire.booter.ForkedBooter.main(ForkedBooter.java:418)
]]>
            </full-stacktrace>
          </exception> <!-- java.lang.AssertionError -->
          <reporter-output>
            <line>
              <![CDATA[Angular Request Completed in 138ms]]>
            </line>
            <line>
              <![CDATA[Sign in Page Title Verified]]>
            </line>
            <line>
              <![CDATA[Angular Request Completed in 16ms]]>
            </line>
            <line>
              <![CDATA[User signed Admin]]>
            </line>
            <line>
              <![CDATA[Enter Text for Search =Automation]]>
            </line>
            <line>
              <![CDATA[Element [[ChromeDriver: chrome on XP (6cd274bebf8f316c953cf4fc39025c2c)] -> id: SRCH_Input] displayed in 47ms]]>
            </line>
            <line>
              <![CDATA[Angular request time 1119ms]]>
            </line>
            <line>
              <![CDATA[Click Customer]]>
            </line>
            <line>
              <![CDATA[Angular request time 2343ms]]>
            </line>
            <line>
              <![CDATA[Angular request time 8ms]]>
            </line>
            <line>
              <![CDATA[Customer Name found Automation Mate]]>
            </line>
            <line>
              <![CDATA[Strings Not Matched: Mr. Automation Mate != Automation Mate]]>
            </line>
            <line>
              <![CDATA[<a href="F:\FailedTestsScreenshots\TestSearchAutobyFirstNameScreenshot-1560346182162.jpg"><align="left">Error screenshot at Wed Jun 12 08:29:42 CDT 2019]]>
            </line>
            <line>
              <![CDATA[<img width="1024" src="F:\FailedTestsScreenshots\TestSearchAutobyFirstNameScreenshot-1560346182162.jpg" alt="screenshot at Wed Jun 12 08:29:42 CDT 2019"/></a><br />]]>
            </line>
          </reporter-output>
        </test-method> <!-- TestSearchAutobyFirstName -->
        <test-method status="PASS" signature="TearDown()[pri:0, instance:com.NexusPortalAutomation.TestCases.Java.TC0002_TestSearchAutobyFirstName@2d928643]" name="TearDown" is-config="true" duration-ms="2344" started-at="2019-06-12T13:29:42Z" finished-at="2019-06-12T13:29:44Z">
          <reporter-output>
            <line>
              <![CDATA[Closing Browser]]>
            </line>
            <line>
              <![CDATA[Test Completed...]]>
            </line>
          </reporter-output>
        </test-method> <!-- TearDown -->
      </class> <!-- com.NexusPortalAutomation.TestCases.Java.TC0002_TestSearchAutobyFirstName -->
      <class name="com.NexusPortalAutomation.TestCases.Java.TC0005_TestSearchbyBookMarks">
        <test-method status="PASS" signature="readProp(org.testng.ITestContext)[pri:0, instance:com.NexusPortalAutomation.TestCases.Java.TC0005_TestSearchbyBookMarks@20322d26]" name="readProp" is-config="true" duration-ms="3328" started-at="2019-06-12T13:28:07Z" finished-at="2019-06-12T13:28:10Z">
          <params>
            <param index="0">
              <value>
                <![CDATA[org.testng.TestRunner@480cbe2e]]>
              </value>
            </param>
          </params>
          <reporter-output>
            <line>
              <![CDATA[Launching Chrome]]>
            </line>
            <line>
              <![CDATA[Browser Maximised]]>
            </line>
          </reporter-output>
        </test-method> <!-- readProp -->
        <test-method status="PASS" signature="TestSearchAutobyBookMark()[pri:1, instance:com.NexusPortalAutomation.TestCases.Java.TC0005_TestSearchbyBookMarks@20322d26]" name="TestSearchAutobyBookMark" duration-ms="24652" started-at="2019-06-12T13:28:10Z" finished-at="2019-06-12T13:28:35Z">
          <reporter-output>
            <line>
              <![CDATA[Angular Request Completed in 126ms]]>
            </line>
            <line>
              <![CDATA[Sign in Page Title Verified]]>
            </line>
            <line>
              <![CDATA[Angular Request Completed in 15ms]]>
            </line>
            <line>
              <![CDATA[User signed Admin]]>
            </line>
            <line>
              <![CDATA[Element '//input[@id='SRCH_Input']' is displayed in 78ms]]>
            </line>
            <line>
              <![CDATA[Element 'SRCH_Button_Favorites' is displayed in 62ms]]>
            </line>
            <line>
              <![CDATA[Click BookMarked Customer]]>
            </line>
            <line>
              <![CDATA[Click Customer]]>
            </line>
            <line>
              <![CDATA[Angular request time 2315ms]]>
            </line>
            <line>
              <![CDATA[Element '//div[@class='address-details']' is displayed in 93ms]]>
            </line>
            <line>
              <![CDATA[Angular request time 16ms]]>
            </line>
            <line>
              <![CDATA[Customer Name found Noel Ford]]>
            </line>
            <line>
              <![CDATA[Strings Matched: Noel Ford = Noel Ford]]>
            </line>
            <line>
              <![CDATA[Angular request time 10ms]]>
            </line>
            <line>
              <![CDATA[Angular request time 10ms]]>
            </line>
            <line>
              <![CDATA[Element [[ChromeDriver: chrome on XP (b80800e0e24f8225cee8d137d28def74)] -> id: USR_Name] displayed in 28ms]]>
            </line>
            <line>
              <![CDATA[Element [[ChromeDriver: chrome on XP (b80800e0e24f8225cee8d137d28def74)] -> css selector: .logout-label] displayed in 47ms]]>
            </line>
            <line>
              <![CDATA[Angular request time 16ms]]>
            </line>
          </reporter-output>
        </test-method> <!-- TestSearchAutobyBookMark -->
        <test-method status="PASS" signature="TearDown()[pri:0, instance:com.NexusPortalAutomation.TestCases.Java.TC0005_TestSearchbyBookMarks@20322d26]" name="TearDown" is-config="true" duration-ms="114" started-at="2019-06-12T13:28:35Z" finished-at="2019-06-12T13:28:35Z">
          <reporter-output>
            <line>
              <![CDATA[Closing Browser]]>
            </line>
            <line>
              <![CDATA[Test Completed...]]>
            </line>
          </reporter-output>
        </test-method> <!-- TearDown -->
      </class> <!-- com.NexusPortalAutomation.TestCases.Java.TC0005_TestSearchbyBookMarks -->
      <class name="com.NexusPortalAutomation.TestCases.Java.TC0014_VerifySecondaryContact">
        <test-method status="PASS" signature="readProp(org.testng.ITestContext)[pri:0, instance:com.NexusPortalAutomation.TestCases.Java.TC0014_VerifySecondaryContact@6e1ec318]" name="readProp" is-config="true" duration-ms="3453" started-at="2019-06-12T13:25:57Z" finished-at="2019-06-12T13:26:01Z">
          <params>
            <param index="0">
              <value>
                <![CDATA[org.testng.TestRunner@480cbe2e]]>
              </value>
            </param>
          </params>
          <reporter-output>
            <line>
              <![CDATA[Launching Chrome]]>
            </line>
            <line>
              <![CDATA[Browser Maximised]]>
            </line>
          </reporter-output>
        </test-method> <!-- readProp -->
        <test-method status="PASS" signature="TestSecondayContact()[pri:1, instance:com.NexusPortalAutomation.TestCases.Java.TC0014_VerifySecondaryContact@6e1ec318]" name="TestSecondayContact" duration-ms="24279" started-at="2019-06-12T13:26:01Z" finished-at="2019-06-12T13:26:25Z">
          <reporter-output>
            <line>
              <![CDATA[Angular Request Completed in 21ms]]>
            </line>
            <line>
              <![CDATA[Sign in Page Title Verified]]>
            </line>
            <line>
              <![CDATA[Angular Request Completed in 16ms]]>
            </line>
            <line>
              <![CDATA[User signed Admin]]>
            </line>
            <line>
              <![CDATA[Enter Text for Search =LOC@0004]]>
            </line>
            <line>
              <![CDATA[Element [[ChromeDriver: chrome on XP (3ce6bb779a4131eef08d15dc1aab54ef)] -> id: SRCH_Input] displayed in 31ms]]>
            </line>
            <line>
              <![CDATA[Angular request time 1106ms]]>
            </line>
            <line>
              <![CDATA[Click Customer]]>
            </line>
            <line>
              <![CDATA[Angular request time 1502ms]]>
            </line>
            <line>
              <![CDATA[Angular request time 329ms]]>
            </line>
            <line>
              <![CDATA[Customer Location Id found LOC@0004]]>
            </line>
            <line>
              <![CDATA[Strings Matched: LOC@0004 = LOC@0004]]>
            </line>
            <line>
              <![CDATA[Angular request time 10ms]]>
            </line>
            <line>
              <![CDATA[Angular request time 11ms]]>
            </line>
            <line>
              <![CDATA[Angular request time 10ms]]>
            </line>
            <line>
              <![CDATA[Angular request time 13ms]]>
            </line>
            <line>
              <![CDATA[Strings Matched: Secondary Customer (SECONDARY) = Secondary Customer (SECONDARY)]]>
            </line>
            <line>
              <![CDATA[Angular request time 8ms]]>
            </line>
            <line>
              <![CDATA[Angular request time 11ms]]>
            </line>
            <line>
              <![CDATA[Element [[ChromeDriver: chrome on XP (3ce6bb779a4131eef08d15dc1aab54ef)] -> id: USR_Name] displayed in 30ms]]>
            </line>
            <line>
              <![CDATA[Element [[ChromeDriver: chrome on XP (3ce6bb779a4131eef08d15dc1aab54ef)] -> css selector: .logout-label] displayed in 51ms]]>
            </line>
            <line>
              <![CDATA[Angular request time 39ms]]>
            </line>
          </reporter-output>
        </test-method> <!-- TestSecondayContact -->
        <test-method status="PASS" signature="TearDown()[pri:0, instance:com.NexusPortalAutomation.TestCases.Java.TC0014_VerifySecondaryContact@6e1ec318]" name="TearDown" is-config="true" duration-ms="236" started-at="2019-06-12T13:26:25Z" finished-at="2019-06-12T13:26:25Z">
          <reporter-output>
            <line>
              <![CDATA[Closing Browser]]>
            </line>
            <line>
              <![CDATA[Test Completed...]]>
            </line>
          </reporter-output>
        </test-method> <!-- TearDown -->
      </class> <!-- com.NexusPortalAutomation.TestCases.Java.TC0014_VerifySecondaryContact -->
      <class name="com.NexusPortalAutomation.TestCases.Java.TC0009_VerifyAccountSearch">
        <test-method status="PASS" signature="readProp(org.testng.ITestContext)[pri:0, instance:com.NexusPortalAutomation.TestCases.Java.TC0009_VerifyAccountSearch@55d56113]" name="readProp" is-config="true" duration-ms="3375" started-at="2019-06-12T13:23:47Z" finished-at="2019-06-12T13:23:50Z">
          <params>
            <param index="0">
              <value>
                <![CDATA[org.testng.TestRunner@480cbe2e]]>
              </value>
            </param>
          </params>
          <reporter-output>
            <line>
              <![CDATA[Launching Chrome]]>
            </line>
            <line>
              <![CDATA[Browser Maximised]]>
            </line>
          </reporter-output>
        </test-method> <!-- readProp -->
        <test-method status="PASS" signature="TestSearchAccount()[pri:1, instance:com.NexusPortalAutomation.TestCases.Java.TC0009_VerifyAccountSearch@55d56113]" name="TestSearchAccount" duration-ms="27703" started-at="2019-06-12T13:23:50Z" finished-at="2019-06-12T13:24:18Z">
          <reporter-output>
            <line>
              <![CDATA[Angular Request Completed in 25ms]]>
            </line>
            <line>
              <![CDATA[Sign in Page Title Verified]]>
            </line>
            <line>
              <![CDATA[Angular Request Completed in 16ms]]>
            </line>
            <line>
              <![CDATA[User signed Admin]]>
            </line>
            <line>
              <![CDATA[Enter Text for Search =LOC@0004]]>
            </line>
            <line>
              <![CDATA[Element [[ChromeDriver: chrome on XP (6753fb691ff4a3e2f62482eea33e8f01)] -> id: SRCH_Input] displayed in 46ms]]>
            </line>
            <line>
              <![CDATA[Angular request time 1162ms]]>
            </line>
            <line>
              <![CDATA[Click Customer]]>
            </line>
            <line>
              <![CDATA[Angular request time 2069ms]]>
            </line>
            <line>
              <![CDATA[Angular request time 14ms]]>
            </line>
            <line>
              <![CDATA[Customer Location Id found LOC@0004]]>
            </line>
            <line>
              <![CDATA[Strings Matched: LOC@0004 = LOC@0004]]>
            </line>
            <line>
              <![CDATA[Angular request time 20ms]]>
            </line>
            <line>
              <![CDATA[Click on Account Drop down]]>
            </line>
            <line>
              <![CDATA[Element [[ChromeDriver: chrome on XP (6753fb691ff4a3e2f62482eea33e8f01)] -> id: SRCH_Accounts_Label] displayed in 55ms]]>
            </line>
            <line>
              <![CDATA[Enter Account Name]]>
            </line>
            <line>
              <![CDATA[Angular request time 32ms]]>
            </line>
            <line>
              <![CDATA[Element [[ChromeDriver: chrome on XP (6753fb691ff4a3e2f62482eea33e8f01)] -> id: SRCH_Accounts] displayed in 43ms]]>
            </line>
            <line>
              <![CDATA[Angular request time 207ms]]>
            </line>
            <line>
              <![CDATA[Angular request time 16ms]]>
            </line>
            <line>
              <![CDATA[Verify Account Name =1 Water 1 Bldg]]>
            </line>
            <line>
              <![CDATA[Element [[ChromeDriver: chrome on XP (6753fb691ff4a3e2f62482eea33e8f01)] -> id: SRCH_Accounts_Result1] displayed in 47ms]]>
            </line>
            <line>
              <![CDATA[Strings Matched: 1 Water 1 Bldg
New Smyrna Beach FL 12312-3
LOC@0004
$0.00
Apr 2019 - Current
Current = 1 Water 1 Bldg]]>
            </line>
            <line>
              <![CDATA[Angular request time 16ms]]>
            </line>
            <line>
              <![CDATA[Angular request time 16ms]]>
            </line>
            <line>
              <![CDATA[Angular request time 13ms]]>
            </line>
            <line>
              <![CDATA[Element [[ChromeDriver: chrome on XP (6753fb691ff4a3e2f62482eea33e8f01)] -> id: USR_Name] displayed in 36ms]]>
            </line>
            <line>
              <![CDATA[Element [[ChromeDriver: chrome on XP (6753fb691ff4a3e2f62482eea33e8f01)] -> css selector: .logout-label] displayed in 59ms]]>
            </line>
            <line>
              <![CDATA[Angular request time 21ms]]>
            </line>
          </reporter-output>
        </test-method> <!-- TestSearchAccount -->
        <test-method status="PASS" signature="TearDown()[pri:0, instance:com.NexusPortalAutomation.TestCases.Java.TC0009_VerifyAccountSearch@55d56113]" name="TearDown" is-config="true" duration-ms="2171" started-at="2019-06-12T13:24:18Z" finished-at="2019-06-12T13:24:20Z">
          <reporter-output>
            <line>
              <![CDATA[Closing Browser]]>
            </line>
            <line>
              <![CDATA[Test Completed...]]>
            </line>
          </reporter-output>
        </test-method> <!-- TearDown -->
      </class> <!-- com.NexusPortalAutomation.TestCases.Java.TC0009_VerifyAccountSearch -->
      <class name="com.NexusPortalAutomation.TestCases.Java.TC0015_VerifyContactLogs">
        <test-method status="PASS" signature="readProp(org.testng.ITestContext)[pri:0, instance:com.NexusPortalAutomation.TestCases.Java.TC0015_VerifyContactLogs@7e0b0338]" name="readProp" is-config="true" duration-ms="3469" started-at="2019-06-12T13:26:25Z" finished-at="2019-06-12T13:26:29Z">
          <params>
            <param index="0">
              <value>
                <![CDATA[org.testng.TestRunner@480cbe2e]]>
              </value>
            </param>
          </params>
          <reporter-output>
            <line>
              <![CDATA[Launching Chrome]]>
            </line>
            <line>
              <![CDATA[Browser Maximised]]>
            </line>
          </reporter-output>
        </test-method> <!-- readProp -->
        <test-method status="PASS" signature="TestNotesSection()[pri:1, instance:com.NexusPortalAutomation.TestCases.Java.TC0015_VerifyContactLogs@7e0b0338]" name="TestNotesSection" duration-ms="27775" started-at="2019-06-12T13:26:29Z" finished-at="2019-06-12T13:26:57Z">
          <reporter-output>
[...]
            </line>
            <line>
              <![CDATA[Strings Matched: New York NY 12345-67890 = New York NY 12345-67890]]>
            </line>
            <line>
              <![CDATA[Angular request time 15ms]]>
            </line>
            <line>
              <![CDATA[Angular request time 10ms]]>
            </line>
            <line>
              <![CDATA[Element [[ChromeDriver: chrome on XP (573aa00095d936b50bc515087d8f7018)] -> id: USR_Name] displayed in 29ms]]>
            </line>
            <line>
              <![CDATA[Element [[ChromeDriver: chrome on XP (573aa00095d936b50bc515087d8f7018)] -> css selector: .logout-label] displayed in 49ms]]>
            </line>
            <line>
              <![CDATA[Angular request time 29ms]]>
            </line>
          </reporter-output>
        </test-method> <!-- TestContactEdit -->
        <test-method status="PASS" signature="TearDown()[pri:0, instance:com.NexusPortalAutomation.TestCases.Java.TC0013_VerifyContactEdit@10bdf5e5]" name="TearDown" is-config="true" duration-ms="2159" started-at="2019-06-12T13:25:55Z" finished-at="2019-06-12T13:25:57Z">
          <reporter-output>
            <line>
              <![CDATA[Closing Browser]]>
            </line>
            <line>
              <![CDATA[Test Completed...]]>
            </line>
          </reporter-output>
        </test-method> <!-- TearDown -->
      </class> <!-- com.NexusPortalAutomation.TestCases.Java.TC0013_VerifyContactEdit -->
      <class name="com.NexusPortalAutomation.TestCases.Java.TC0008_VerifySignInbyLocationID">
        <test-method status="PASS" signature="readProp(org.testng.ITestContext)[pri:0, instance:com.NexusPortalAutomation.TestCases.Java.TC0008_VerifySignInbyLocationID@64bf3bbf]" name="readProp" is-config="true" duration-ms="3546" started-at="2019-06-12T13:23:13Z" finished-at="2019-06-12T13:23:17Z">
          <params>
            <param index="0">
              <value>
                <![CDATA[org.testng.TestRunner@480cbe2e]]>
              </value>
            </param>
          </params>
          <reporter-output>
            <line>
              <![CDATA[Launching Chrome]]>
            </line>
            <line>
              <![CDATA[Browser Maximised]]>
            </line>
          </reporter-output>
        </test-method> <!-- readProp -->
        <test-method status="PASS" signature="TestSearchbyLocationID()[pri:1, instance:com.NexusPortalAutomation.TestCases.Java.TC0008_VerifySignInbyLocationID@64bf3bbf]" name="TestSearchbyLocationID" duration-ms="29771" started-at="2019-06-12T13:23:17Z" finished-at="2019-06-12T13:23:47Z">
          <reporter-output>
            <line>
              <![CDATA[Angular Request Completed in 137ms]]>
            </line>
            <line>
              <![CDATA[Sign in Page Title Verified]]>
            </line>
            <line>
              <![CDATA[Angular Request Completed in 15ms]]>
            </line>
            <line>
              <![CDATA[User signed Admin]]>
            </line>
            <line>
              <![CDATA[Enter Text for Search =LOC@0001]]>
            </line>
            <line>
              <![CDATA[Element [[ChromeDriver: chrome on XP (59c5bb17da116fb8c1c64a07a63959ca)] -> id: SRCH_Input] displayed in 47ms]]>
            </line>
            <line>
              <![CDATA[Angular request time 1292ms]]>
            </line>
            <line>
              <![CDATA[Click Customer]]>
            </line>
            <line>
              <![CDATA[Angular request time 3206ms]]>
            </line>
            <line>
              <![CDATA[Angular request time 12ms]]>
            </line>
            <line>
              <![CDATA[Customer Location Id found LOC@0001]]>
            </line>
            <line>
              <![CDATA[Strings Matched: LOC@0001 = LOC@0001]]>
            </line>
            <line>
              <![CDATA[Angular request time 14ms]]>
            </line>
            <line>
              <![CDATA[Verifying Address Details]]>
            </line>
            <line>
              <![CDATA[Strings Matched: 007 Aut Automation Street Rt 20001 Apt = 007 Aut Automation Street Rt 20001 Apt]]>
            </line>
            <line>
              <![CDATA[Strings Matched: Cloudy = Cloudy]]>
            </line>
            <line>
              <![CDATA[Strings Matched: D = D]]>
            </line>
            <line>
              <![CDATA[Strings Matched: 00720-019 = 00720-019]]>
            </line>
            <line>
              <![CDATA[Angular request time 30ms]]>
            </line>
            <line>
              <![CDATA[Angular request time 12ms]]>
            </line>
            <line>
              <![CDATA[Element [[ChromeDriver: chrome on XP (59c5bb17da116fb8c1c64a07a63959ca)] -> id: USR_Name] displayed in 119ms]]>
            </line>
            <line>
              <![CDATA[Element [[ChromeDriver: chrome on XP (59c5bb17da116fb8c1c64a07a63959ca)] -> css selector: .logout-label] displayed in 45ms]]>
            </line>
            <line>
              <![CDATA[Angular request time 31ms]]>
            </line>
          </reporter-output>
        </test-method> <!-- TestSearchbyLocationID -->
        <test-method status="PASS" signature="TearDown()[pri:0, instance:com.NexusPortalAutomation.TestCases.Java.TC0008_VerifySignInbyLocationID@64bf3bbf]" name="TearDown" is-config="true" duration-ms="166" started-at="2019-06-12T13:23:47Z" finished-at="2019-06-12T13:23:47Z">
          <reporter-output>
            <line>
              <![CDATA[Closing Browser]]>
            </line>
            <line>
              <![CDATA[Test Completed...]]>
            </line>
          </reporter-output>
        </test-method> <!-- TearDown -->
      </class> <!-- com.NexusPortalAutomation.TestCases.Java.TC0008_VerifySignInbyLocationID -->
      <class name="com.NexusPortalAutomation.TestCases.Java.TC0004_TestSearchbyRecentFunction">
        <test-method status="PASS" signature="readProp(org.testng.ITestContext)[pri:0, instance:com.NexusPortalAutomation.TestCases.Java.TC0004_TestSearchbyRecentFunction@49993335]" name="readProp" is-config="true" duration-ms="3203" started-at="2019-06-12T13:27:27Z" finished-at="2019-06-12T13:27:31Z">
          <params>
            <param index="0">
              <value>
                <![CDATA[org.testng.TestRunner@480cbe2e]]>
              </value>
            </param>
          </params>
          <reporter-output>
            <line>
              <![CDATA[Launching Chrome]]>
            </line>
            <line>
              <![CDATA[Browser Maximised]]>
            </line>
          </reporter-output>
        </test-method> <!-- readProp -->
        <test-method status="PASS" signature="TestSearchAutobyRecent()[pri:1, instance:com.NexusPortalAutomation.TestCases.Java.TC0004_TestSearchbyRecentFunction@49993335]" name="TestSearchAutobyRecent" duration-ms="33502" started-at="2019-06-12T13:27:31Z" finished-at="2019-06-12T13:28:04Z">
          <reporter-output>
            <line>
              <![CDATA[Angular Request Completed in 242ms]]>
            </line>
            <line>
              <![CDATA[Sign in Page Title Verified]]>
            </line>
            <line>
              <![CDATA[Angular Request Completed in 15ms]]>
            </line>
            <line>
              <![CDATA[User signed Admin]]>
            </line>
            <line>
              <![CDATA[Element '//input[@id='SRCH_Input']' is displayed in 63ms]]>
            </line>
            <line>
              <![CDATA[Click Recent]]>
            </line>
            <line>
              <![CDATA[Recent Customer =Aut Statement]]>
            </line>
            <line>
              <![CDATA[Click Customer]]>
            </line>
            <line>
              <![CDATA[Angular request time 2014ms]]>
            </line>
            <line>
              <![CDATA[Alert not configured]]>
            </line>
            <line>
              <![CDATA[Element '//div[@class='address-details']' is displayed in 109ms]]>
            </line>
            <line>
              <![CDATA[Angular request time 16ms]]>
            </line>
            <line>
              <![CDATA[Strings Matched: Aut Statement = Aut Statement]]>
            </line>
            <line>
              <![CDATA[Angular request time 30ms]]>
            </line>
            <line>
              <![CDATA[Angular request time 10ms]]>
            </line>
            <line>
              <![CDATA[Element [[ChromeDriver: chrome on XP (ffb40d0d1e9368d62cf607c34b138fed)] -> id: USR_Name] displayed in 28ms]]>
            </line>
            <line>
              <![CDATA[Element [[ChromeDriver: chrome on XP (ffb40d0d1e9368d62cf607c34b138fed)] -> css selector: .logout-label] displayed in 39ms]]>
            </line>
            <line>
              <![CDATA[Angular request time 13ms]]>
            </line>
          </reporter-output>
        </test-method> <!-- TestSearchAutobyRecent -->
        <test-method status="PASS" signature="TearDown()[pri:0, instance:com.NexusPortalAutomation.TestCases.Java.TC0004_TestSearchbyRecentFunction@49993335]" name="TearDown" is-config="true" duration-ms="2325" started-at="2019-06-12T13:28:04Z" finished-at="2019-06-12T13:28:07Z">
          <reporter-output>
            <line>
              <![CDATA[Closing Browser]]>
            </line>
            <line>
              <![CDATA[Test Completed...]]>
            </line>
          </reporter-output>
        </test-method> <!-- TearDown -->
      </class> <!-- com.NexusPortalAutomation.TestCases.Java.TC0004_TestSearchbyRecentFunction -->
      <class name="com.NexusPortalAutomation.TestCases.Java.TC0001_VerifySignInbyID">
        <test-method status="PASS" signature="readProp(org.testng.ITestContext)[pri:0, instance:com.NexusPortalAutomation.TestCases.Java.TC0001_VerifySignInbyID@6adede5]" name="readProp" is-config="true" duration-ms="4937" started-at="2019-06-12T13:22:42Z" finished-at="2019-06-12T13:22:47Z">
          <params>
            <param index="0">
              <value>
                <![CDATA[org.testng.TestRunner@480cbe2e]]>
              </value>
            </param>
          </params>
          <reporter-output>
            <line>
              <![CDATA[Launching Chrome]]>
            </line>
            <line>
              <![CDATA[Browser Maximised]]>
            </line>
          </reporter-output>
        </test-method> <!-- readProp -->
        <test-method status="PASS" signature="TestSearchID()[pri:1, instance:com.NexusPortalAutomation.TestCases.Java.TC0001_VerifySignInbyID@6adede5]" name="TestSearchID" duration-ms="26641" started-at="2019-06-12T13:22:47Z" finished-at="2019-06-12T13:23:13Z">
          <reporter-output>
            <line>
              <![CDATA[Angular Request Completed in 106ms]]>
            </line>
            <line>
              <![CDATA[Sign in Page Title Verified]]>
            </line>
            <line>
              <![CDATA[Angular Request Completed in 31ms]]>
            </line>
            <line>
              <![CDATA[User signed Admin]]>
            </line>
            <line>
              <![CDATA[Enter Text for Search =0000011111]]>
            </line>
            <line>
              <![CDATA[Element [[ChromeDriver: chrome on XP (c03c777d82594fa27526d17acb8a3aea)] -> id: SRCH_Input] displayed in 78ms]]>
            </line>
            <line>
              <![CDATA[Angular request time 1061ms]]>
            </line>
            <line>
              <![CDATA[Click Customer]]>
            </line>
            <line>
              <![CDATA[Angular request time 2085ms]]>
            </line>
            <line>
              <![CDATA[Angular request time 23ms]]>
            </line>
            <line>
              <![CDATA[CustomerId found 0000011111]]>
            </line>
            <line>
              <![CDATA[Strings Matched: 0000011111 = 0000011111]]>
            </line>
            <line>
              <![CDATA[Angular request time 11ms]]>
            </line>
            <line>
              <![CDATA[Angular request time 413ms]]>
            </line>
            <line>
              <![CDATA[Element [[ChromeDriver: chrome on XP (c03c777d82594fa27526d17acb8a3aea)] -> id: USR_Name] displayed in 55ms]]>
            </line>
            <line>
              <![CDATA[Element [[ChromeDriver: chrome on XP (c03c777d82594fa27526d17acb8a3aea)] -> css selector: .logout-label] displayed in 56ms]]>
            </line>
            <line>
              <![CDATA[Angular request time 28ms]]>
            </line>
          </reporter-output>
        </test-method> <!-- TestSearchID -->
        <test-method status="PASS" signature="TearDown()[pri:0, instance:com.NexusPortalAutomation.TestCases.Java.TC0001_VerifySignInbyID@6adede5]" name="TearDown" is-config="true" duration-ms="93" started-at="2019-06-12T13:23:13Z" finished-at="2019-06-12T13:23:13Z">
          <reporter-output>
            <line>
              <![CDATA[Closing Browser]]>
            </line>
            <line>
              <![CDATA[Test Completed...]]>
            </line>
          </reporter-output>
        </test-method> <!-- TearDown -->
      </class> <!-- com.NexusPortalAutomation.TestCases.Java.TC0001_VerifySignInbyID -->
      <class name="com.NexusPortalAutomation.TestCases.Java.TC0003_TestSearchAutobyLastName">
        <test-method status="PASS" signature="readProp(org.testng.ITestContext)[pri:0, instance:com.NexusPortalAutomation.TestCases.Java.TC0003_TestSearchAutobyLastName@5025a98f]" name="readProp" is-config="true" duration-ms="3406" started-at="2019-06-12T13:29:44Z" finished-at="2019-06-12T13:29:48Z">
          <params>
            <param index="0">
              <value>
                <![CDATA[org.testng.TestRunner@480cbe2e]]>
              </value>
            </param>
          </params>
          <reporter-output>
            <line>
              <![CDATA[Launching Chrome]]>
            </line>
            <line>
              <![CDATA[Browser Maximised]]>
            </line>
          </reporter-output>
        </test-method> <!-- readProp -->
        <test-method status="FAIL" signature="TestSearchAutobyLastName()[pri:3, instance:com.NexusPortalAutomation.TestCases.Java.TC0003_TestSearchAutobyLastName@5025a98f]" name="TestSearchAutobyLastName" duration-ms="17233" started-at="2019-06-12T13:29:48Z" finished-at="2019-06-12T13:30:05Z">
          <exception class="java.lang.AssertionError">
            <message>
              <![CDATA[expected [Automation Mate] but found [Mr. Automation Mate]]]>
            </message>
            <full-stacktrace>
              <![CDATA[java.lang.AssertionError: expected [Automation Mate] but found [Mr. Automation Mate]
at org.testng.Assert.fail(Assert.java:96)
at org.testng.Assert.failNotEquals(Assert.java:776)
at org.testng.Assert.assertEqualsImpl(Assert.java:137)
at org.testng.Assert.assertEquals(Assert.java:118)
at org.testng.Assert.assertEquals(Assert.java:453)
at org.testng.Assert.assertEquals(Assert.java:463)
at com.NexusPortalAutomation.Utilities.Java.CommonMethods.VerifyString(CommonMethods.java:61)
at com.NexusPortalAutomation.TestCases.Java.TC0003_TestSearchAutobyLastName.TestSearchAutobyLastName(TC0003_TestSearchAutobyLastName.java:34)
at sun.reflect.NativeMethodAccessorImpl.invoke0(Native Method)
at sun.reflect.NativeMethodAccessorImpl.invoke(NativeMethodAccessorImpl.java:62)
at sun.reflect.DelegatingMethodAccessorImpl.invoke(DelegatingMethodAccessorImpl.java:43)
at java.lang.reflect.Method.invoke(Method.java:498)
at org.testng.internal.MethodInvocationHelper.invokeMethod(MethodInvocationHelper.java:124)
at org.testng.internal.Invoker.invokeMethod(Invoker.java:583)
at org.testng.internal.Invoker.invokeTestMethod(Invoker.java:719)
at org.testng.internal.Invoker.invokeTestMethods(Invoker.java:989)
at org.testng.internal.TestMethodWorker.invokeTestMethods(TestMethodWorker.java:125)
at org.testng.internal.TestMethodWorker.run(TestMethodWorker.java:109)
at org.testng.TestRunner.privateRun(TestRunner.java:648)
at org.testng.TestRunner.run(TestRunner.java:505)
at org.testng.SuiteRunner.runTest(SuiteRunner.java:455)
at org.testng.SuiteRunner.runSequentially(SuiteRunner.java:450)
at org.testng.SuiteRunner.privateRun(SuiteRunner.java:415)
at org.testng.SuiteRunner.run(SuiteRunner.java:364)
at org.testng.SuiteRunnerWorker.runSuite(SuiteRunnerWorker.java:52)
at org.testng.SuiteRunnerWorker.run(SuiteRunnerWorker.java:84)
at org.testng.TestNG.runSuitesSequentially(TestNG.java:1208)
at org.testng.TestNG.runSuitesLocally(TestNG.java:1137)
at org.testng.TestNG.runSuites(TestNG.java:1049)
at org.testng.TestNG.run(TestNG.java:1017)
at org.apache.maven.surefire.testng.TestNGExecutor.run(TestNGExecutor.java:283)
at org.apache.maven.surefire.testng.TestNGXmlTestSuite.execute(TestNGXmlTestSuite.java:75)
at org.apache.maven.surefire.testng.TestNGProvider.invoke(TestNGProvider.java:120)
at org.apache.maven.surefire.booter.ForkedBooter.invokeProviderInSameClassLoader(ForkedBooter.java:384)
at org.apache.maven.surefire.booter.ForkedBooter.runSuitesInProcess(ForkedBooter.java:345)
at org.apache.maven.surefire.booter.ForkedBooter.execute(ForkedBooter.java:126)
at org.apache.maven.surefire.booter.ForkedBooter.main(ForkedBooter.java:418)
]]>
            </full-stacktrace>
          </exception> <!-- java.lang.AssertionError -->
          <reporter-output>
            <line>
              <![CDATA[Angular Request Completed in 12ms]]>
            </line>
            <line>
              <![CDATA[Sign in Page Title Verified]]>
            </line>
            <line>
              <![CDATA[Angular Request Completed in 16ms]]>
            </line>
            <line>
              <![CDATA[User signed Admin]]>
            </line>
            <line>
              <![CDATA[Enter Text for Search =Mate]]>
            </line>
            <line>
              <![CDATA[Element [[ChromeDriver: chrome on XP (4e259c23247034c2c3c37c2769e7c295)] -> id: SRCH_Input] displayed in 32ms]]>
            </line>
            <line>
              <![CDATA[Angular request time 1059ms]]>
            </line>
            <line>
              <![CDATA[Click Customer]]>
            </line>
            <line>
              <![CDATA[Angular request time 1846ms]]>
            </line>
            <line>
              <![CDATA[Angular request time 7ms]]>
            </line>
            <line>
              <![CDATA[Customer Name found Automation Mate]]>
            </line>
            <line>
              <![CDATA[Strings Not Matched: Mr. Automation Mate != Automation Mate]]>
            </line>
            <line>
              <![CDATA[<a href="F:\FailedTestsScreenshots\TestSearchAutobyLastNameScreenshot-1560346205584.jpg"><align="left">Error screenshot at Wed Jun 12 08:30:05 CDT 2019]]>
            </line>
            <line>
              <![CDATA[<img width="1024" src="F:\FailedTestsScreenshots\TestSearchAutobyLastNameScreenshot-1560346205584.jpg" alt="screenshot at Wed Jun 12 08:30:05 CDT 2019"/></a><br />]]>
            </line>
          </reporter-output>
        </test-method> <!-- TestSearchAutobyLastName -->
        <test-method status="PASS" signature="TearDown()[pri:0, instance:com.NexusPortalAutomation.TestCases.Java.TC0003_TestSearchAutobyLastName@5025a98f]" name="TearDown" is-config="true" duration-ms="2079" started-at="2019-06-12T13:30:05Z" finished-at="2019-06-12T13:30:08Z">
          <reporter-output>
            <line>
              <![CDATA[Closing Browser]]>
            </line>
            <line>
              <![CDATA[Test Completed...]]>
            </line>
          </reporter-output>
        </test-method> <!-- TearDown -->
      </class> <!-- com.NexusPortalAutomation.TestCases.Java.TC0003_TestSearchAutobyLastName -->
    </test> <!-- NexusTest -->
  </suite> <!-- Test Suite for Nexus Portal -->
</testng-results>
