<?xml version="1.0" encoding="UTF-8"?>
<testsuite xmlns:xsi="http://www.w3.org/2001/XMLSchema-instance" xsi:noNamespaceSchemaLocation="https://maven.apache.org/surefire/maven-surefire-plugin/xsd/surefire-test-report-3.0.xsd" version="3.0" name="TestSuite" time="1,867.423" tests="55" errors="0" skipped="0" failures="13">
  <properties>
[...]
</properties>
  <testcase name="TestBookMark" classname="com.NexusPortalAutomation.TestCases.Java.TC0011_VerifyBookMark" time="41.212"/>
  <testcase name="VerifyTransactionsSaperatebill_saperate" classname="com.NexusPortalAutomation.TestCases.Java.TC0016_1_VerifyBillingDetails_VerifyBillSaperately" time="21.009"/>
  <testcase name="verifyDrillbackTransactions" classname="com.NexusPortalAutomation.TestCases.Java.TC0019_verifyDrillbackTransactions" time="13.652"/>
  <testcase name="VerifyTransactionsSaperatebill_saperate" classname="com.NexusPortalAutomation.TestCases.Java.TC0042_1_Transactions_OrderbyAmount" time="15.54"/>
  <testcase name="TestDrillBackServices" classname="com.NexusPortalAutomation.TestCases.Java.TC0020_verifyDrillbackServices" time="12.877"/>
  <testcase name="VerifyTransactionsSaperatebill_saperate" classname="com.NexusPortalAutomation.TestCases.Java.TC0042_1_Transactions_OrderbyDueBilled" time="16.113"/>
  <testcase name="TestserviceOrderDetails" classname="com.NexusPortalAutomation.TestCases.Java.TC0021_VerifyservicesOrderDetails" time="14.279"/>
  <testcase name="VerifyTransactionsSaperatebill_saperate" classname="com.NexusPortalAutomation.TestCases.Java.TC0042_Transactions_OrderbyDate" time="16.472"/>
  <testcase name="TestCustomerDetails" classname="com.NexusPortalAutomation.TestCases.Java.TC0010_verifyCustDetails" time="13.335"/>
  <testcase name="VerifyBillingDetails_SPA" classname="com.NexusPortalAutomation.TestCases.Java.TC0016_1_VerifyBillingDetails_SPA" time="13.173"/>
  <testcase name="verifyDrillbacksGeneral" classname="com.NexusPortalAutomation.TestCases.Java.TC0018_verifyDrillbacksGeneral" time="21.685"/>
  <testcase name="VerifyAction_Transfers_Stack_TwoLocations_Scheduled_NotScheduled" classname="com.NexusPortalAutomation.TestCases.Java.TC0041_VerifyAction_Transfers_Stack_TwoLocations_Scheduled_NotScheduled" time="57.423">
    <failure message="Actual Value &apos;Oct 4, 2019&apos; not Matched the expected value &apos;Oct 3, 2019&apos; " type="java.lang.AssertionError">java.lang.AssertionError: Actual Value 'Oct 4, 2019' not Matched the expected value 'Oct 3, 2019' 
	at com.NexusPortalAutomation.TestCases.Java.TC0041_VerifyAction_Transfers_Stack_TwoLocations_Scheduled_NotScheduled.VerifyAction_Transfers_Stack_TwoLocations_Scheduled_NotScheduled(TC0041_VerifyAction_Transfers_Stack_TwoLocations_Scheduled_NotScheduled.java:139)
</failure>
    <system-out><![CDATA[Closing Browser
Test Completed...
Launching Chrome
Browser Maximised
Test started- VerifyAction_Transfers_Stack_TwoLocations_Scheduled_NotScheduled
Deleting Records for ServiceOrder = 
SORD00000002524
Deleting Records for ServiceOrder = SORD00000002524
0
Deleting Records for Location =  LOC@0002
Angular Request Completed in 54ms
Log in to Nexus View
Element [[ChromeDriver: chrome on XP (52cbe852884fe0a7b2066f7f9e54bfb0)] -> id: username] displayed in 42ms
Login Page title Verified
Element [[ChromeDriver: chrome on XP (52cbe852884fe0a7b2066f7f9e54bfb0)] -> id: username] displayed in 19ms
Element [[ChromeDriver: chrome on XP (52cbe852884fe0a7b2066f7f9e54bfb0)] -> id: password] displayed in 43ms
Element [[ChromeDriver: chrome on XP (52cbe852884fe0a7b2066f7f9e54bfb0)] -> id: kc-login] displayed in 33ms
Angular Request Completed in 15ms
User signed Admin
Enter Text for Search =LOC@0004
Element [[ChromeDriver: chrome on XP (52cbe852884fe0a7b2066f7f9e54bfb0)] -> id: SRCH_Input] displayed in 68ms
Angular request time 652ms
Element [[ChromeDriver: chrome on XP (52cbe852884fe0a7b2066f7f9e54bfb0)] -> id: SRCH_Option_1_Address_Line] displayed in 45ms
Click Customer
Angular request time 518ms
Angular request time 22ms
Element [[ChromeDriver: chrome on XP (52cbe852884fe0a7b2066f7f9e54bfb0)] -> id: 'LOC_Location_Id'] displayed in 53ms
Angular request time 10ms
got Text CustomerLocId = LOC@0004
Customer Location Id found LOC@0004
Strings Matched: LOC@0004 = LOC@0004
Click Action Dropdown
Element [[ChromeDriver: chrome on XP (52cbe852884fe0a7b2066f7f9e54bfb0)] -> id: ACTION_Button] displayed in 56ms
Element [[ChromeDriver: chrome on XP (52cbe852884fe0a7b2066f7f9e54bfb0)] -> id: ACTION_Button] displayed in 20ms
Angular request time 8ms
Click Action Drop down
Angular request time 9ms
Element [[ChromeDriver: chrome on XP (52cbe852884fe0a7b2066f7f9e54bfb0)] -> id: ACTION_Transfer_Service] displayed in 64ms
Element [[ChromeDriver: chrome on XP (52cbe852884fe0a7b2066f7f9e54bfb0)] -> id: ACTION_Transfer_Service] displayed in 62ms
Angular request time 45ms
Click Action Transfer Service Drop down
Angular request time 18ms
Element [[ChromeDriver: chrome on XP (52cbe852884fe0a7b2066f7f9e54bfb0)] -> id: XFER_Select] displayed in 118ms
Angular request time 26ms
Click Transfer Combo
Angular request time 12ms
Element [[ChromeDriver: chrome on XP (52cbe852884fe0a7b2066f7f9e54bfb0)] -> id: XFER_Select_Option_3] displayed in 60ms
Angular request time 13ms
Click Transfer Option 3
Angular request time 8ms
Element [[ChromeDriver: chrome on XP (52cbe852884fe0a7b2066f7f9e54bfb0)] -> id: XFER_Date_Picker_Requested] displayed in 65ms
Entered Request Date = 10/02/2019 01:21
Submit Transfer Request
TRANSFER
Element [[ChromeDriver: chrome on XP (52cbe852884fe0a7b2066f7f9e54bfb0)] -> id: CLO_Service_Order_Input] displayed in 63ms
Setting Text on Search Request with Text = TRANSFER
Angular request time 13ms
Element [[ChromeDriver: chrome on XP (52cbe852884fe0a7b2066f7f9e54bfb0)] -> id: XFER_Date_Picker_Scheduled] displayed in 45ms
Enter Schedule Date Date
Element [[ChromeDriver: chrome on XP (52cbe852884fe0a7b2066f7f9e54bfb0)] -> id: XFER_Date_Picker_Scheduled] displayed in 37ms
Setting Text on DatePicket with Text = 10/02/2019 01:21
Angular request time 536ms
Strings Matched: Mr. VACANT VACANT = Mr. VACANT VACANT
Element [[ChromeDriver: chrome on XP (52cbe852884fe0a7b2066f7f9e54bfb0)] -> id: XFER_Search_Input] displayed in 44ms
Setting Text on Customer Name Request with Text = Mr. VACANT VACANT
Angular request time 8ms
Element [[ChromeDriver: chrome on XP (52cbe852884fe0a7b2066f7f9e54bfb0)] -> id: XFER_Search_Option_1] displayed in 639ms
Angular request time 13ms
Click XFER_Search_Option_1_Customer_Name
Angular request time 20ms
Element [[ChromeDriver: chrome on XP (52cbe852884fe0a7b2066f7f9e54bfb0)] -> id: XFER_Description] displayed in 80ms
Setting Text on Description Request with Text = Description for Stop Service
Angular request time 11ms
Click Submit
Element [[ChromeDriver: chrome on XP (52cbe852884fe0a7b2066f7f9e54bfb0)] -> id: XFER_Button_Action] displayed in 45ms
Element [[ChromeDriver: chrome on XP (52cbe852884fe0a7b2066f7f9e54bfb0)] -> id: XFER_Button_Action] displayed in 38ms
Angular request time 113ms
Click MoveInSubmit Button
Angular request time 9ms
Element [[ChromeDriver: chrome on XP (52cbe852884fe0a7b2066f7f9e54bfb0)] -> id: XFER_Button_Done] displayed in 85ms
Angular request time 132ms
Click Done Button for Transfer
Angular request time 13ms
Clicking Servic Order Link
Element [[ChromeDriver: chrome on XP (52cbe852884fe0a7b2066f7f9e54bfb0)] -> css selector: #mat-tab-label-0-2 > div] displayed in 59ms
Angular request time 638ms
Click Service Order Link
Angular request time 7ms
Element [[ChromeDriver: chrome on XP (52cbe852884fe0a7b2066f7f9e54bfb0)] -> id: SOLV_Service_Order_1] displayed in 43ms
Element [[ChromeDriver: chrome on XP (52cbe852884fe0a7b2066f7f9e54bfb0)] -> id: SOLV_Service_Order_1] displayed in 34ms
Angular request time 8ms
Click Clicking Service Order 1
Angular request time 7ms
Angular request time 8ms
Capturing Servic Order Number
Element [[ChromeDriver: chrome on XP (52cbe852884fe0a7b2066f7f9e54bfb0)] -> id: SODV_Service_Order_Id] displayed in 59ms
Angular request time 12ms
got Text Service Order Number = SORD00000002541
Element [[ChromeDriver: chrome on XP (52cbe852884fe0a7b2066f7f9e54bfb0)] -> id: ACTION_Refresh_Page] displayed in 84ms
Element [[ChromeDriver: chrome on XP (52cbe852884fe0a7b2066f7f9e54bfb0)] -> id: ACTION_Refresh_Page] displayed in 33ms
Angular request time 528ms
Click Refresh Button
Angular request time 15ms
Refresh Page
Click Action Dropdown
Element [[ChromeDriver: chrome on XP (52cbe852884fe0a7b2066f7f9e54bfb0)] -> id: ACTION_Button] displayed in 62ms
Element [[ChromeDriver: chrome on XP (52cbe852884fe0a7b2066f7f9e54bfb0)] -> id: ACTION_Button] displayed in 79ms
Angular request time 81ms
Click Action Drop down
Angular request time 66ms
Element [[ChromeDriver: chrome on XP (52cbe852884fe0a7b2066f7f9e54bfb0)] -> id: ACTION_Transfer_Service] displayed in 202ms
Element [[ChromeDriver: chrome on XP (52cbe852884fe0a7b2066f7f9e54bfb0)] -> id: ACTION_Transfer_Service] displayed in 126ms
Angular request time 187ms
Click Action Transfer Service Drop down
Angular request time 178ms
Element [[ChromeDriver: chrome on XP (52cbe852884fe0a7b2066f7f9e54bfb0)] -> id: XFER_Select] displayed in 301ms
Angular request time 38ms
Click Transfer Combo
Angular request time 43ms
Element [[ChromeDriver: chrome on XP (52cbe852884fe0a7b2066f7f9e54bfb0)] -> id: XFER_Select_Option_3] displayed in 174ms
Angular request time 57ms
Click Transfer Option 3
Angular request time 44ms
Element [[ChromeDriver: chrome on XP (52cbe852884fe0a7b2066f7f9e54bfb0)] -> id: XFER_Warning_Message] displayed in 87ms
Strings Matched: Service Order Exist. TRANSFER = Service Order Exist. TRANSFER
Element [[ChromeDriver: chrome on XP (52cbe852884fe0a7b2066f7f9e54bfb0)] -> id: XFER_Warning_Drillback] displayed in 113ms
String Verified  =cogsdrillback://DGPB/?Db=SQL_2017&Srv=RND-BASE-A&Cmp=TWO&Prod=229&Act=OPEN&Func=ServiceOrder&LocationID=LOC@0004&ServiceOrderNumber=SORD00000002541&CogsDrillback=1 Contains = SORD00000002541
Date after Addition of two days Oct 4, 2019
Submit Transfer Request
TRANSFER
Element [[ChromeDriver: chrome on XP (52cbe852884fe0a7b2066f7f9e54bfb0)] -> id: CLO_Service_Order_Input] displayed in 143ms
Setting Text on Search Request with Text = TRANSFER
Angular request time 22ms
Element [[ChromeDriver: chrome on XP (52cbe852884fe0a7b2066f7f9e54bfb0)] -> id: XFER_Date_Picker_Scheduled] displayed in 53ms
Enter Schedule Date Date
Element [[ChromeDriver: chrome on XP (52cbe852884fe0a7b2066f7f9e54bfb0)] -> id: XFER_Date_Picker_Scheduled] displayed in 32ms
Setting Text on DatePicket with Text = Oct 4, 2019
Angular request time 417ms
Strings Matched: Mr. VACANT VACANT = Mr. VACANT VACANT
Element [[ChromeDriver: chrome on XP (52cbe852884fe0a7b2066f7f9e54bfb0)] -> id: XFER_Search_Input] displayed in 45ms
Setting Text on Customer Name Request with Text = Mrs. Gail M Dewar
Angular request time 8ms
Element [[ChromeDriver: chrome on XP (52cbe852884fe0a7b2066f7f9e54bfb0)] -> id: XFER_Search_Option_1] displayed in 600ms
Angular request time 17ms
Click XFER_Search_Option_1_Customer_Name
Angular request time 7ms
Element [[ChromeDriver: chrome on XP (52cbe852884fe0a7b2066f7f9e54bfb0)] -> id: XFER_Description] displayed in 38ms
Setting Text on Description Request with Text = Description for Stop Service
Angular request time 8ms
Click Submit
Element [[ChromeDriver: chrome on XP (52cbe852884fe0a7b2066f7f9e54bfb0)] -> id: XFER_Button_Action] displayed in 40ms
Element [[ChromeDriver: chrome on XP (52cbe852884fe0a7b2066f7f9e54bfb0)] -> id: XFER_Button_Action] displayed in 33ms
Angular request time 115ms
Click MoveInSubmit Button
Angular request time 16ms
Element [[ChromeDriver: chrome on XP (52cbe852884fe0a7b2066f7f9e54bfb0)] -> id: XFER_Button_Done] displayed in 88ms
Angular request time 39ms
Click Done Button for Transfer
Angular request time 15ms
Element [[ChromeDriver: chrome on XP (52cbe852884fe0a7b2066f7f9e54bfb0)] -> id: ACTION_Refresh_Page] displayed in 102ms
Element [[ChromeDriver: chrome on XP (52cbe852884fe0a7b2066f7f9e54bfb0)] -> id: ACTION_Refresh_Page] displayed in 69ms
Angular request time 569ms
Click Refresh Button
Angular request time 16ms
Refresh Page
Clicking Servic Order Link
Element [[ChromeDriver: chrome on XP (52cbe852884fe0a7b2066f7f9e54bfb0)] -> css selector: #mat-tab-label-0-2 > div] displayed in 47ms
Angular request time 8ms
Click Service Order Link
Angular request time 8ms
Element [[ChromeDriver: chrome on XP (52cbe852884fe0a7b2066f7f9e54bfb0)] -> id: SOLV_Service_Order_1] displayed in 40ms
Element [[ChromeDriver: chrome on XP (52cbe852884fe0a7b2066f7f9e54bfb0)] -> id: SOLV_Service_Order_1] displayed in 33ms
Angular request time 9ms
Click Clicking Service Order 1
Angular request time 9ms
Angular request time 8ms
Element [[ChromeDriver: chrome on XP (52cbe852884fe0a7b2066f7f9e54bfb0)] -> id: ACTION_Refresh_Page] displayed in 34ms
Element [[ChromeDriver: chrome on XP (52cbe852884fe0a7b2066f7f9e54bfb0)] -> id: ACTION_Refresh_Page] displayed in 40ms
Angular request time 467ms
Click Refresh Button
Angular request time 13ms
Refresh Page
Element [[ChromeDriver: chrome on XP (52cbe852884fe0a7b2066f7f9e54bfb0)] -> id: SRCH_Input] displayed in 69ms
Element [[ChromeDriver: chrome on XP (52cbe852884fe0a7b2066f7f9e54bfb0)] -> id: SRCH_Input] displayed in 17ms
Setting Text on Search Text with Text = LOC@0002
Angular request time 9ms
Search Text
Element [[ChromeDriver: chrome on XP (52cbe852884fe0a7b2066f7f9e54bfb0)] -> id: SRCH_Option_1_Customer_Name] displayed in 694ms
Click DashBoard Search Result 
Angular request time 640ms
Click Action Dropdown
Element [[ChromeDriver: chrome on XP (52cbe852884fe0a7b2066f7f9e54bfb0)] -> id: ACTION_Button] displayed in 32ms
Element [[ChromeDriver: chrome on XP (52cbe852884fe0a7b2066f7f9e54bfb0)] -> id: ACTION_Button] displayed in 30ms
Angular request time 10ms
Click Action Drop down
Angular request time 17ms
Element [[ChromeDriver: chrome on XP (52cbe852884fe0a7b2066f7f9e54bfb0)] -> id: ACTION_Transfer_Service] displayed in 57ms
Element [[ChromeDriver: chrome on XP (52cbe852884fe0a7b2066f7f9e54bfb0)] -> id: ACTION_Transfer_Service] displayed in 103ms
Angular request time 38ms
Click Action Transfer Service Drop down
Angular request time 34ms
Element [[ChromeDriver: chrome on XP (52cbe852884fe0a7b2066f7f9e54bfb0)] -> id: XFER_Select] displayed in 169ms
Angular request time 9ms
Click Transfer Combo
Angular request time 8ms
Element [[ChromeDriver: chrome on XP (52cbe852884fe0a7b2066f7f9e54bfb0)] -> id: XFER_Select_Option_1] displayed in 44ms
Angular request time 10ms
Click Transfer Option 1
Angular request time 9ms
TRANSFER
Element [[ChromeDriver: chrome on XP (52cbe852884fe0a7b2066f7f9e54bfb0)] -> id: CLO_Service_Order_Input] displayed in 47ms
Setting Text on Search Request with Text = Transfer
Angular request time 13ms
Element [[ChromeDriver: chrome on XP (52cbe852884fe0a7b2066f7f9e54bfb0)] -> id: XFER_MoveFrom_Date_Picker_Requested] displayed in 44ms
10/02/2019 01:22
Strings Matched: Mr. VACANT VACANT = Mr. VACANT VACANT
TEST DEFAULT VALUE FOR CUSTOMER ===Mr. VACANT VACANT
Element [[ChromeDriver: chrome on XP (52cbe852884fe0a7b2066f7f9e54bfb0)] -> id: XFER_Search_Input] displayed in 72ms
Setting Text on Customer Name Request with Text = Mr. VACANT VACANT
Angular request time 329ms
Element [[ChromeDriver: chrome on XP (52cbe852884fe0a7b2066f7f9e54bfb0)] -> id: XFER_Search_Option_1_Customer_Name] displayed in 614ms
Angular request time 20ms
Click XFER_Search_Option_1_Customer_Name
Angular request time 10ms
Element [[ChromeDriver: chrome on XP (52cbe852884fe0a7b2066f7f9e54bfb0)] -> id: XFER_Description] displayed in 59ms
Setting Text on Description Request with Text = AUTOMATION TEST
Angular request time 9ms
Element [[ChromeDriver: chrome on XP (52cbe852884fe0a7b2066f7f9e54bfb0)] -> id: XFER_MoveTo_Tab] displayed in 41ms
Angular request time 10ms
Click Move To Tab (Transfers)
Angular request time 14ms
Element [[ChromeDriver: chrome on XP (52cbe852884fe0a7b2066f7f9e54bfb0)] -> id: CLO_Service_Order_Input] displayed in 68ms
Enter Request Name
Element [[ChromeDriver: chrome on XP (52cbe852884fe0a7b2066f7f9e54bfb0)] -> id: CLO_Service_Order_Input] displayed in 48ms
Setting Text on Service Order Input with Text = TRANSFER
Angular request time 15ms
Element [[ChromeDriver: chrome on XP (52cbe852884fe0a7b2066f7f9e54bfb0)] -> id: XFER_Search_Input] displayed in 40ms
Element [[ChromeDriver: chrome on XP (52cbe852884fe0a7b2066f7f9e54bfb0)] -> id: XFER_Search_Input] displayed in 37ms
Setting Text on XFERSearchInput with Text = LOC@0004
Angular request time 423ms
Element [[ChromeDriver: chrome on XP (52cbe852884fe0a7b2066f7f9e54bfb0)] -> id: XFER_Search_Option_1_Customer_Name] displayed in 732ms
Angular request time 125ms
Click XFER_Search_Option_1_Customer_Name
Angular request time 16ms
Enter Request Description
Element [[ChromeDriver: chrome on XP (52cbe852884fe0a7b2066f7f9e54bfb0)] -> id: XFER_Description] displayed in 68ms
Element [[ChromeDriver: chrome on XP (52cbe852884fe0a7b2066f7f9e54bfb0)] -> id: XFER_Description] displayed in 35ms
Setting Text on XFER Description with Text = Move in from location LOC@0004
Angular request time 14ms
Click Submit
Element [[ChromeDriver: chrome on XP (52cbe852884fe0a7b2066f7f9e54bfb0)] -> id: XFER_Button_Action] displayed in 43ms
Element [[ChromeDriver: chrome on XP (52cbe852884fe0a7b2066f7f9e54bfb0)] -> id: XFER_Button_Action] displayed in 33ms
Angular request time 120ms
Click MoveInSubmit Button
Angular request time 15ms
String Verified  =check
Transfer initiated Contains = Transfer initiated
Element [[ChromeDriver: chrome on XP (52cbe852884fe0a7b2066f7f9e54bfb0)] -> id: XFER_Button_Done] displayed in 85ms
Angular request time 122ms
Click Done Button for Transfer
Angular request time 12ms
Element [[ChromeDriver: chrome on XP (52cbe852884fe0a7b2066f7f9e54bfb0)] -> id: SRCH_Input] displayed in 31ms
Element [[ChromeDriver: chrome on XP (52cbe852884fe0a7b2066f7f9e54bfb0)] -> id: SRCH_Input] displayed in 19ms
Setting Text on Search Text with Text = LOC@0004
Angular request time 11ms
Search Text
Element [[ChromeDriver: chrome on XP (52cbe852884fe0a7b2066f7f9e54bfb0)] -> id: SRCH_Option_1_Customer_Name] displayed in 724ms
Click DashBoard Search Result 
Angular request time 551ms
Element [[ChromeDriver: chrome on XP (52cbe852884fe0a7b2066f7f9e54bfb0)] -> id: ACTION_Refresh_Page] displayed in 51ms
Element [[ChromeDriver: chrome on XP (52cbe852884fe0a7b2066f7f9e54bfb0)] -> id: ACTION_Refresh_Page] displayed in 62ms
Angular request time 772ms
Click Refresh Button
Angular request time 32ms
Refresh Page
Clicking Servic Order Link
Element [[ChromeDriver: chrome on XP (52cbe852884fe0a7b2066f7f9e54bfb0)] -> css selector: #mat-tab-label-0-2 > div] displayed in 78ms
Angular request time 33ms
Click Service Order Link
Angular request time 25ms
Element [[ChromeDriver: chrome on XP (52cbe852884fe0a7b2066f7f9e54bfb0)] -> id: SOLV_Service_Order_1] displayed in 141ms
Element [[ChromeDriver: chrome on XP (52cbe852884fe0a7b2066f7f9e54bfb0)] -> id: SOLV_Service_Order_1] displayed in 103ms
Angular request time 31ms
Click Clicking Service Order 1
Angular request time 28ms
Angular request time 33ms
get Requested Customer Name
Strings Matched: Mr. Automation Mate = Mr. Automation Mate
get Move Out Customer Date
Strings Matched: Mr. Automation Mate = Mr. Automation Mate
get Movein Customer Name Date
Strings Matched: Mrs. Gail M Dewar (Customer010) = Mrs. Gail M Dewar (Customer010)
get Scheduled Date
Strings Matched: Not Scheduled = Not Scheduled
get Requested Date
Strings Matched: Oct 2, 2019 = Oct 2, 2019
Meter Reading-electric
Strings Matched: Meter Reading-electric = Meter Reading-electric
get Task Description
Strings Matched: Charge New Customer = Charge New Customer
get Task Description
Strings Matched: Property Transfer = Property Transfer
get Task Description
Strings Matched: Deposit Request-new Customer = Deposit Request-new Customer
Deposit Payment-new Customer E
Strings Matched: Deposit Payment-new Customer E = Deposit Payment-new Customer E
Prepayment Required-new Custom
Strings Matched: Prepayment Required-new Custom = Prepayment Required-new Custom
Element [[ChromeDriver: chrome on XP (52cbe852884fe0a7b2066f7f9e54bfb0)] -> id: SODV_Drillback] displayed in 81ms
Capturing Servic Order Number
Element [[ChromeDriver: chrome on XP (52cbe852884fe0a7b2066f7f9e54bfb0)] -> id: SODV_Service_Order_Id] displayed in 153ms
Angular request time 16ms
got Text Service Order Number = SORD00000002544
String Verified  =cogsdrillback://DGPB/?Db=SQL_2017&Srv=RND-BASE-A&Cmp=TWO&Prod=229&Act=OPEN&Func=ServiceOrder&LocationID=LOC@0004&ServiceOrderNumber=SORD00000002544&CogsDrillback=1 Contains = SORD00000002544
Element [[ChromeDriver: chrome on XP (52cbe852884fe0a7b2066f7f9e54bfb0)] -> id: SODV_Description] displayed in 180ms
Angular request time 28ms
Element [[ChromeDriver: chrome on XP (52cbe852884fe0a7b2066f7f9e54bfb0)] -> id: SODV_Description] displayed in 126ms
Angular request time 31ms
got Text Service Order Description = Move In From Location Loc@0004
Strings Matched: Move In From Location Loc@0004 = Move In From Location Loc@0004
Capturing Servic Order Number
Element [[ChromeDriver: chrome on XP (52cbe852884fe0a7b2066f7f9e54bfb0)] -> id: SODV_Service_Order_Id] displayed in 109ms
Angular request time 31ms
got Text Service Order Number = SORD00000002544
SORD00000002544
Service Order verified = SORD00000002544
Element [[ChromeDriver: chrome on XP (52cbe852884fe0a7b2066f7f9e54bfb0)] -> id: SOLV_Service_Order_2] displayed in 162ms
Element [[ChromeDriver: chrome on XP (52cbe852884fe0a7b2066f7f9e54bfb0)] -> id: SOLV_Service_Order_2] displayed in 109ms
Angular request time 34ms
Click Clicking Service Order 2
Angular request time 12ms
Angular request time 30ms
get Requested Customer Name
Strings Matched: Mr. Vacant Vacant = Mr. Vacant Vacant
get Move Out Customer Date
Strings Matched: Mr. Vacant Vacant = Mr. Vacant Vacant
get Movein Customer Name Date
Strings Matched: Mrs. Gail M Dewar (Customer010) = Mrs. Gail M Dewar (Customer010)
get Scheduled Date
***** Error VerifyAction_Transfers_Stack_TwoLocations_Scheduled_NotScheduled test has failed *****
]]></system-out>
    <system-err><![CDATA[Starting ChromeDriver 76.0.3809.126 (d80a294506b4c9d18015e755cee48f953ddc3f2f-refs/branch-heads/3809@{#1024}) on port 42513
Only local connections are allowed.
Please protect ports used by ChromeDriver and related test frameworks to prevent access by malicious code.
[1570040502.233][WARNING]: This version of ChromeDriver has not been tested with Chrome version 77.
Oct 02, 2019 1:21:43 PM org.openqa.selenium.remote.ProtocolHandshake createSession
INFO: Detected dialect: W3C
]]></system-err>
  </testcase>
  <testcase name="TestCustomerDetails" classname="com.NexusPortalAutomation.TestCases.Java.TC0010_2_verifyCustDetails_Blank" time="11.645"/>
  <testcase name="VerifyBillingDetails" classname="com.NexusPortalAutomation.TestCases.Java.TC0016_1_VerifyBillingDetails_EBill" time="20.108"/>
  <testcase name="TestBillingStatements" classname="com.NexusPortalAutomation.TestCases.Java.TC0017_StatementsValue" time="11.427"/>
  <testcase name="VerifyAction_Transfers_Stack_TwoLocations_Scheduled_NotScheduled" classname="com.NexusPortalAutomation.TestCases.Java.TC0040_VerifyAction_Transfers_Stack_TwoLocations_Scheduled_NotScheduled" time="48.896">
    <failure message="Actual Value &apos;Oct 3, 2019&apos; not Matched the expected value &apos;Oct 2, 2019&apos; " type="java.lang.AssertionError">java.lang.AssertionError: Actual Value 'Oct 3, 2019' not Matched the expected value 'Oct 2, 2019' 
	at com.NexusPortalAutomation.TestCases.Java.TC0040_VerifyAction_Transfers_Stack_TwoLocations_Scheduled_NotScheduled.VerifyAction_Transfers_Stack_TwoLocations_Scheduled_NotScheduled(TC0040_VerifyAction_Transfers_Stack_TwoLocations_Scheduled_NotScheduled.java:133)
</failure>
    <system-out><![CDATA[Closing Browser
Test Completed...
Launching Chrome
Browser Maximised
Test started- VerifyAction_Transfers_Stack_TwoLocations_Scheduled_NotScheduled
SORD00000002544
SORD00000002541
SORD00000002542
Deleting Records for ServiceOrder = SORD00000002542
0
0
0
Deleting Records for Location =  LOC@0004
SORD00000002543
Deleting Records for ServiceOrder = SORD00000002543
0
Deleting Records for Location =  LOC@0002
Angular Request Completed in 56ms
Log in to Nexus View
Element [[ChromeDriver: chrome on XP (0c031472c9b1daf51d456401c404ae46)] -> id: username] displayed in 57ms
Login Page title Verified
Element [[ChromeDriver: chrome on XP (0c031472c9b1daf51d456401c404ae46)] -> id: username] displayed in 16ms
Element [[ChromeDriver: chrome on XP (0c031472c9b1daf51d456401c404ae46)] -> id: password] displayed in 31ms
Element [[ChromeDriver: chrome on XP (0c031472c9b1daf51d456401c404ae46)] -> id: kc-login] displayed in 32ms
Angular Request Completed in 30ms
User signed Admin
Enter Text for Search =LOC@0004
Element [[ChromeDriver: chrome on XP (0c031472c9b1daf51d456401c404ae46)] -> id: SRCH_Input] displayed in 68ms
Angular request time 623ms
Element [[ChromeDriver: chrome on XP (0c031472c9b1daf51d456401c404ae46)] -> id: SRCH_Option_1_Address_Line] displayed in 51ms
Click Customer
Angular request time 446ms
Angular request time 17ms
Element [[ChromeDriver: chrome on XP (0c031472c9b1daf51d456401c404ae46)] -> id: 'LOC_Location_Id'] displayed in 67ms
Angular request time 13ms
got Text CustomerLocId = LOC@0004
Customer Location Id found LOC@0004
Strings Matched: LOC@0004 = LOC@0004
Click Action Dropdown
Element [[ChromeDriver: chrome on XP (0c031472c9b1daf51d456401c404ae46)] -> id: ACTION_Button] displayed in 41ms
Element [[ChromeDriver: chrome on XP (0c031472c9b1daf51d456401c404ae46)] -> id: ACTION_Button] displayed in 19ms
Angular request time 8ms
Click Action Drop down
Angular request time 10ms
Element [[ChromeDriver: chrome on XP (0c031472c9b1daf51d456401c404ae46)] -> id: ACTION_Transfer_Service] displayed in 56ms
Element [[ChromeDriver: chrome on XP (0c031472c9b1daf51d456401c404ae46)] -> id: ACTION_Transfer_Service] displayed in 63ms
Angular request time 26ms
Click Action Transfer Service Drop down
Angular request time 10ms
Element [[ChromeDriver: chrome on XP (0c031472c9b1daf51d456401c404ae46)] -> id: XFER_Select] displayed in 192ms
Angular request time 9ms
Click Transfer Combo
Angular request time 5ms
Element [[ChromeDriver: chrome on XP (0c031472c9b1daf51d456401c404ae46)] -> id: XFER_Select_Option_3] displayed in 41ms
Angular request time 11ms
Click Transfer Option 3
Angular request time 9ms
Element [[ChromeDriver: chrome on XP (0c031472c9b1daf51d456401c404ae46)] -> id: XFER_Date_Picker_Requested] displayed in 45ms
Entered Request Date = 10/02/2019 01:23
Submit Transfer Request
TRANSFER
Element [[ChromeDriver: chrome on XP (0c031472c9b1daf51d456401c404ae46)] -> id: CLO_Service_Order_Input] displayed in 41ms
Setting Text on Search Request with Text = TRANSFER
Angular request time 10ms
Element [[ChromeDriver: chrome on XP (0c031472c9b1daf51d456401c404ae46)] -> id: XFER_Date_Picker_Scheduled] displayed in 48ms
Enter Schedule Date Date
Element [[ChromeDriver: chrome on XP (0c031472c9b1daf51d456401c404ae46)] -> id: XFER_Date_Picker_Scheduled] displayed in 33ms
Setting Text on DatePicket with Text = 
Angular request time 420ms
Strings Matched: Mr. VACANT VACANT = Mr. VACANT VACANT
Element [[ChromeDriver: chrome on XP (0c031472c9b1daf51d456401c404ae46)] -> id: XFER_Search_Input] displayed in 35ms
Setting Text on Customer Name Request with Text = Mr. VACANT VACANT
Angular request time 6ms
Element [[ChromeDriver: chrome on XP (0c031472c9b1daf51d456401c404ae46)] -> id: XFER_Search_Option_1] displayed in 601ms
Angular request time 14ms
Click XFER_Search_Option_1_Customer_Name
Angular request time 9ms
Element [[ChromeDriver: chrome on XP (0c031472c9b1daf51d456401c404ae46)] -> id: XFER_Description] displayed in 52ms
Setting Text on Description Request with Text = Description for Stop Service
Angular request time 7ms
Click Submit
Element [[ChromeDriver: chrome on XP (0c031472c9b1daf51d456401c404ae46)] -> id: XFER_Button_Action] displayed in 39ms
Element [[ChromeDriver: chrome on XP (0c031472c9b1daf51d456401c404ae46)] -> id: XFER_Button_Action] displayed in 31ms
Angular request time 118ms
Click MoveInSubmit Button
Angular request time 15ms
Element [[ChromeDriver: chrome on XP (0c031472c9b1daf51d456401c404ae46)] -> id: XFER_Button_Done] displayed in 101ms
Angular request time 125ms
Click Done Button for Transfer
Angular request time 12ms
Clicking Servic Order Link
Element [[ChromeDriver: chrome on XP (0c031472c9b1daf51d456401c404ae46)] -> css selector: #mat-tab-label-0-2 > div] displayed in 39ms
Angular request time 659ms
Click Service Order Link
Angular request time 6ms
Element [[ChromeDriver: chrome on XP (0c031472c9b1daf51d456401c404ae46)] -> id: SOLV_Service_Order_1] displayed in 36ms
Element [[ChromeDriver: chrome on XP (0c031472c9b1daf51d456401c404ae46)] -> id: SOLV_Service_Order_1] displayed in 32ms
Angular request time 9ms
Click Clicking Service Order 1
Angular request time 7ms
Angular request time 8ms
Capturing Servic Order Number
Element [[ChromeDriver: chrome on XP (0c031472c9b1daf51d456401c404ae46)] -> id: SODV_Service_Order_Id] displayed in 65ms
Angular request time 8ms
got Text Service Order Number = SORD00000002545
Element [[ChromeDriver: chrome on XP (0c031472c9b1daf51d456401c404ae46)] -> id: ACTION_Refresh_Page] displayed in 71ms
Element [[ChromeDriver: chrome on XP (0c031472c9b1daf51d456401c404ae46)] -> id: ACTION_Refresh_Page] displayed in 69ms
Angular request time 488ms
Click Refresh Button
Angular request time 9ms
Refresh Page
Click Action Dropdown
Element [[ChromeDriver: chrome on XP (0c031472c9b1daf51d456401c404ae46)] -> id: ACTION_Button] displayed in 47ms
Element [[ChromeDriver: chrome on XP (0c031472c9b1daf51d456401c404ae46)] -> id: ACTION_Button] displayed in 31ms
Angular request time 13ms
Click Action Drop down
Angular request time 10ms
Element [[ChromeDriver: chrome on XP (0c031472c9b1daf51d456401c404ae46)] -> id: ACTION_Transfer_Service] displayed in 44ms
Element [[ChromeDriver: chrome on XP (0c031472c9b1daf51d456401c404ae46)] -> id: ACTION_Transfer_Service] displayed in 61ms
Angular request time 32ms
Click Action Transfer Service Drop down
Angular request time 15ms
Element [[ChromeDriver: chrome on XP (0c031472c9b1daf51d456401c404ae46)] -> id: XFER_Select] displayed in 78ms
Angular request time 27ms
Click Transfer Combo
Angular request time 24ms
Element [[ChromeDriver: chrome on XP (0c031472c9b1daf51d456401c404ae46)] -> id: XFER_Select_Option_3] displayed in 91ms
Angular request time 10ms
Click Transfer Option 3
Angular request time 26ms
Element [[ChromeDriver: chrome on XP (0c031472c9b1daf51d456401c404ae46)] -> id: XFER_Warning_Message] displayed in 25ms
Strings Matched: Service Order Exist. TRANSFER = Service Order Exist. TRANSFER
Element [[ChromeDriver: chrome on XP (0c031472c9b1daf51d456401c404ae46)] -> id: XFER_Warning_Drillback] displayed in 22ms
String Verified  =cogsdrillback://DGPB/?Db=SQL_2017&Srv=RND-BASE-A&Cmp=TWO&Prod=229&Act=OPEN&Func=ServiceOrder&LocationID=LOC@0004&ServiceOrderNumber=SORD00000002545&CogsDrillback=1 Contains = SORD00000002545
Date after Addition of two days Oct 4, 2019
Submit Transfer Request
TRANSFER
Element [[ChromeDriver: chrome on XP (0c031472c9b1daf51d456401c404ae46)] -> id: CLO_Service_Order_Input] displayed in 64ms
Setting Text on Search Request with Text = TRANSFER
Angular request time 12ms
Element [[ChromeDriver: chrome on XP (0c031472c9b1daf51d456401c404ae46)] -> id: XFER_Date_Picker_Scheduled] displayed in 47ms
Enter Schedule Date Date
Element [[ChromeDriver: chrome on XP (0c031472c9b1daf51d456401c404ae46)] -> id: XFER_Date_Picker_Scheduled] displayed in 34ms
Setting Text on DatePicket with Text = 
Angular request time 419ms
Strings Matched: Mr. VACANT VACANT = Mr. VACANT VACANT
Element [[ChromeDriver: chrome on XP (0c031472c9b1daf51d456401c404ae46)] -> id: XFER_Search_Input] displayed in 35ms
Setting Text on Customer Name Request with Text = Mr. VACANT VACANT
Angular request time 7ms
Element [[ChromeDriver: chrome on XP (0c031472c9b1daf51d456401c404ae46)] -> id: XFER_Search_Option_1] displayed in 586ms
Angular request time 16ms
Click XFER_Search_Option_1_Customer_Name
Angular request time 9ms
Element [[ChromeDriver: chrome on XP (0c031472c9b1daf51d456401c404ae46)] -> id: XFER_Description] displayed in 67ms
Setting Text on Description Request with Text = Description for Stop Service
Angular request time 8ms
Click Submit
Element [[ChromeDriver: chrome on XP (0c031472c9b1daf51d456401c404ae46)] -> id: XFER_Button_Action] displayed in 40ms
Element [[ChromeDriver: chrome on XP (0c031472c9b1daf51d456401c404ae46)] -> id: XFER_Button_Action] displayed in 29ms
Angular request time 121ms
Click MoveInSubmit Button
Angular request time 15ms
Element [[ChromeDriver: chrome on XP (0c031472c9b1daf51d456401c404ae46)] -> id: XFER_Button_Done] displayed in 102ms
Angular request time 126ms
Click Done Button for Transfer
Angular request time 27ms
Element [[ChromeDriver: chrome on XP (0c031472c9b1daf51d456401c404ae46)] -> id: ACTION_Refresh_Page] displayed in 82ms
Element [[ChromeDriver: chrome on XP (0c031472c9b1daf51d456401c404ae46)] -> id: ACTION_Refresh_Page] displayed in 41ms
Angular request time 482ms
Click Refresh Button
Angular request time 12ms
Refresh Page
Clicking Servic Order Link
Element [[ChromeDriver: chrome on XP (0c031472c9b1daf51d456401c404ae46)] -> css selector: #mat-tab-label-0-2 > div] displayed in 31ms
Angular request time 8ms
Click Service Order Link
Angular request time 7ms
Element [[ChromeDriver: chrome on XP (0c031472c9b1daf51d456401c404ae46)] -> id: SOLV_Service_Order_1] displayed in 39ms
Element [[ChromeDriver: chrome on XP (0c031472c9b1daf51d456401c404ae46)] -> id: SOLV_Service_Order_1] displayed in 30ms
Angular request time 8ms
Click Clicking Service Order 1
Angular request time 8ms
Angular request time 6ms
Element [[ChromeDriver: chrome on XP (0c031472c9b1daf51d456401c404ae46)] -> id: ACTION_Refresh_Page] displayed in 30ms
Element [[ChromeDriver: chrome on XP (0c031472c9b1daf51d456401c404ae46)] -> id: ACTION_Refresh_Page] displayed in 32ms
Angular request time 488ms
Click Refresh Button
Angular request time 16ms
Refresh Page
Element [[ChromeDriver: chrome on XP (0c031472c9b1daf51d456401c404ae46)] -> id: SRCH_Input] displayed in 86ms
Element [[ChromeDriver: chrome on XP (0c031472c9b1daf51d456401c404ae46)] -> id: SRCH_Input] displayed in 20ms
Setting Text on Search Text with Text = LOC@0002
Angular request time 10ms
Search Text
Element [[ChromeDriver: chrome on XP (0c031472c9b1daf51d456401c404ae46)] -> id: SRCH_Option_1_Customer_Name] displayed in 651ms
Click DashBoard Search Result 
Angular request time 648ms
Click Action Dropdown
Element [[ChromeDriver: chrome on XP (0c031472c9b1daf51d456401c404ae46)] -> id: ACTION_Button] displayed in 47ms
Element [[ChromeDriver: chrome on XP (0c031472c9b1daf51d456401c404ae46)] -> id: ACTION_Button] displayed in 31ms
Angular request time 9ms
Click Action Drop down
Angular request time 7ms
Element [[ChromeDriver: chrome on XP (0c031472c9b1daf51d456401c404ae46)] -> id: ACTION_Transfer_Service] displayed in 43ms
Element [[ChromeDriver: chrome on XP (0c031472c9b1daf51d456401c404ae46)] -> id: ACTION_Transfer_Service] displayed in 79ms
Angular request time 18ms
Click Action Transfer Service Drop down
Angular request time 15ms
Element [[ChromeDriver: chrome on XP (0c031472c9b1daf51d456401c404ae46)] -> id: XFER_Select] displayed in 60ms
Angular request time 10ms
Click Transfer Combo
Angular request time 9ms
Element [[ChromeDriver: chrome on XP (0c031472c9b1daf51d456401c404ae46)] -> id: XFER_Select_Option_1] displayed in 64ms
Angular request time 15ms
Click Transfer Option 1
Angular request time 7ms
TRANSFER
Element [[ChromeDriver: chrome on XP (0c031472c9b1daf51d456401c404ae46)] -> id: CLO_Service_Order_Input] displayed in 38ms
Setting Text on Search Request with Text = Transfer
Angular request time 13ms
Element [[ChromeDriver: chrome on XP (0c031472c9b1daf51d456401c404ae46)] -> id: XFER_MoveFrom_Date_Picker_Requested] displayed in 38ms
10/02/2019 01:24
Strings Matched: Mr. VACANT VACANT = Mr. VACANT VACANT
TEST DEFAULT VALUE FOR CUSTOMER ===Mr. VACANT VACANT
Element [[ChromeDriver: chrome on XP (0c031472c9b1daf51d456401c404ae46)] -> id: XFER_Search_Input] displayed in 35ms
Setting Text on Customer Name Request with Text = Mr. VACANT VACANT
Angular request time 420ms
Element [[ChromeDriver: chrome on XP (0c031472c9b1daf51d456401c404ae46)] -> id: XFER_Search_Option_1_Customer_Name] displayed in 602ms
Angular request time 17ms
Click XFER_Search_Option_1_Customer_Name
Angular request time 7ms
Element [[ChromeDriver: chrome on XP (0c031472c9b1daf51d456401c404ae46)] -> id: XFER_Description] displayed in 65ms
Setting Text on Description Request with Text = AUTOMATION TEST
Angular request time 9ms
Element [[ChromeDriver: chrome on XP (0c031472c9b1daf51d456401c404ae46)] -> id: XFER_MoveTo_Tab] displayed in 40ms
Angular request time 11ms
Click Move To Tab (Transfers)
Angular request time 7ms
Enter Schedule Date
Element [[ChromeDriver: chrome on XP (0c031472c9b1daf51d456401c404ae46)] -> id: XFER_MoveTo_Date_Picker_Scheduled] displayed in 572ms
Element [[ChromeDriver: chrome on XP (0c031472c9b1daf51d456401c404ae46)] -> id: XFER_MoveTo_Date_Picker_Scheduled] displayed in 33ms
Setting Text on DatePicket with Text = Oct 3, 2019
Angular request time 6ms
Element [[ChromeDriver: chrome on XP (0c031472c9b1daf51d456401c404ae46)] -> id: CLO_Service_Order_Input] displayed in 68ms
Enter Request Name
Element [[ChromeDriver: chrome on XP (0c031472c9b1daf51d456401c404ae46)] -> id: CLO_Service_Order_Input] displayed in 33ms
Setting Text on Service Order Input with Text = TRANSFER
Angular request time 16ms
Element [[ChromeDriver: chrome on XP (0c031472c9b1daf51d456401c404ae46)] -> id: XFER_Search_Input] displayed in 38ms
Element [[ChromeDriver: chrome on XP (0c031472c9b1daf51d456401c404ae46)] -> id: XFER_Search_Input] displayed in 30ms
Setting Text on XFERSearchInput with Text = LOC@0004
Angular request time 521ms
Element [[ChromeDriver: chrome on XP (0c031472c9b1daf51d456401c404ae46)] -> id: XFER_Search_Option_1_Customer_Name] displayed in 652ms
Angular request time 118ms
Click XFER_Search_Option_1_Customer_Name
Angular request time 14ms
Enter Request Description
Element [[ChromeDriver: chrome on XP (0c031472c9b1daf51d456401c404ae46)] -> id: XFER_Description] displayed in 70ms
Element [[ChromeDriver: chrome on XP (0c031472c9b1daf51d456401c404ae46)] -> id: XFER_Description] displayed in 30ms
Setting Text on XFER Description with Text = Move in from location LOC@0004
Angular request time 15ms
Click Submit
Element [[ChromeDriver: chrome on XP (0c031472c9b1daf51d456401c404ae46)] -> id: XFER_Button_Action] displayed in 38ms
Element [[ChromeDriver: chrome on XP (0c031472c9b1daf51d456401c404ae46)] -> id: XFER_Button_Action] displayed in 28ms
Angular request time 121ms
Click MoveInSubmit Button
Angular request time 16ms
String Verified  =check
Transfer initiated Contains = Transfer initiated
Element [[ChromeDriver: chrome on XP (0c031472c9b1daf51d456401c404ae46)] -> id: XFER_Button_Done] displayed in 69ms
Angular request time 119ms
Click Done Button for Transfer
Angular request time 9ms
Element [[ChromeDriver: chrome on XP (0c031472c9b1daf51d456401c404ae46)] -> id: SRCH_Input] displayed in 32ms
Element [[ChromeDriver: chrome on XP (0c031472c9b1daf51d456401c404ae46)] -> id: SRCH_Input] displayed in 20ms
Setting Text on Search Text with Text = LOC@0004
Angular request time 8ms
Search Text
Element [[ChromeDriver: chrome on XP (0c031472c9b1daf51d456401c404ae46)] -> id: SRCH_Option_1_Customer_Name] displayed in 672ms
Click DashBoard Search Result 
Angular request time 642ms
Element [[ChromeDriver: chrome on XP (0c031472c9b1daf51d456401c404ae46)] -> id: ACTION_Refresh_Page] displayed in 56ms
Element [[ChromeDriver: chrome on XP (0c031472c9b1daf51d456401c404ae46)] -> id: ACTION_Refresh_Page] displayed in 64ms
Angular request time 572ms
Click Refresh Button
Angular request time 15ms
Refresh Page
Clicking Servic Order Link
Element [[ChromeDriver: chrome on XP (0c031472c9b1daf51d456401c404ae46)] -> css selector: #mat-tab-label-0-2 > div] displayed in 47ms
Angular request time 8ms
Click Service Order Link
Angular request time 7ms
Element [[ChromeDriver: chrome on XP (0c031472c9b1daf51d456401c404ae46)] -> id: SOLV_Service_Order_1] displayed in 47ms
Element [[ChromeDriver: chrome on XP (0c031472c9b1daf51d456401c404ae46)] -> id: SOLV_Service_Order_1] displayed in 32ms
Angular request time 6ms
Click Clicking Service Order 1
Angular request time 6ms
Angular request time 5ms
get Requested Customer Name
Strings Matched: Mr. Vacant Vacant = Mr. Vacant Vacant
get Move Out Customer Date
Strings Matched: Mr. Vacant Vacant = Mr. Vacant Vacant
get Movein Customer Name Date
Strings Matched: Mrs. Gail M Dewar (Customer010) = Mrs. Gail M Dewar (Customer010)
get Scheduled Date
***** Error VerifyAction_Transfers_Stack_TwoLocations_Scheduled_NotScheduled test has failed *****
]]></system-out>
    <system-err><![CDATA[Starting ChromeDriver 76.0.3809.126 (d80a294506b4c9d18015e755cee48f953ddc3f2f-refs/branch-heads/3809@{#1024}) on port 22364
Only local connections are allowed.
Please protect ports used by ChromeDriver and related test frameworks to prevent access by malicious code.
[1570040618.582][WARNING]: This version of ChromeDriver has not been tested with Chrome version 77.
Oct 02, 2019 1:23:39 PM org.openqa.selenium.remote.ProtocolHandshake createSession
INFO: Detected dialect: W3C
]]></system-err>
  </testcase>
  <testcase name="TestCustomerDetails" classname="com.NexusPortalAutomation.TestCases.Java.TC0010_1_verifyCustDetails_Business" time="25.977"/>
  <testcase name="VerifyBillingDetails_budgetSPA" classname="com.NexusPortalAutomation.TestCases.Java.TC0016_1_VerifyBillingDetails_Budget_SPA" time="31.946"/>
  <testcase name="VerifyBillingDetails" classname="com.NexusPortalAutomation.TestCases.Java.TC0016_VerifyBillingDetails" time="17.784"/>
  <testcase name="VerifyAction_Transfers_Stack_TwoLocations_Scheduled_NotScheduled" classname="com.NexusPortalAutomation.TestCases.Java.TC0039_VerifyAction_Transfers_Stack_TwoLocations_Scheduled_NotScheduled" time="53.858">
    <failure message="Actual Value &apos;Oct 3, 2019&apos; not Matched the expected value &apos;Oct 2, 2019&apos; " type="java.lang.AssertionError">java.lang.AssertionError: Actual Value 'Oct 3, 2019' not Matched the expected value 'Oct 2, 2019' 
	at com.NexusPortalAutomation.TestCases.Java.TC0039_VerifyAction_Transfers_Stack_TwoLocations_Scheduled_NotScheduled.VerifyAction_Transfers_Stack_TwoLocations_Scheduled_NotScheduled(TC0039_VerifyAction_Transfers_Stack_TwoLocations_Scheduled_NotScheduled.java:135)
</failure>
    <system-out><![CDATA[Closing Browser
Test Completed...
Launching Chrome
Browser Maximised
Test started- VerifyAction_Transfers_Stack_TwoLocations_Scheduled_NotScheduled
SORD00000002545
SORD00000002546
SORD00000002548
Deleting Records for ServiceOrder = SORD00000002548
0
0
0
Deleting Records for Location =  LOC@0004
SORD00000002547
Deleting Records for ServiceOrder = SORD00000002547
0
Deleting Records for Location =  LOC@0002
Angular Request Completed in 51ms
Log in to Nexus View
Element [[ChromeDriver: chrome on XP (fbe94fde17a9b8cd52cd1aa4d3f9a48f)] -> id: username] displayed in 40ms
Login Page title Verified
Element [[ChromeDriver: chrome on XP (fbe94fde17a9b8cd52cd1aa4d3f9a48f)] -> id: username] displayed in 16ms
Element [[ChromeDriver: chrome on XP (fbe94fde17a9b8cd52cd1aa4d3f9a48f)] -> id: password] displayed in 33ms
Element [[ChromeDriver: chrome on XP (fbe94fde17a9b8cd52cd1aa4d3f9a48f)] -> id: kc-login] displayed in 35ms
Angular Request Completed in 37ms
User signed Admin
Enter Text for Search =LOC@0004
Element [[ChromeDriver: chrome on XP (fbe94fde17a9b8cd52cd1aa4d3f9a48f)] -> id: SRCH_Input] displayed in 67ms
Angular request time 741ms
Element [[ChromeDriver: chrome on XP (fbe94fde17a9b8cd52cd1aa4d3f9a48f)] -> id: SRCH_Option_1_Address_Line] displayed in 68ms
Click Customer
Angular request time 389ms
Angular request time 8ms
Element [[ChromeDriver: chrome on XP (fbe94fde17a9b8cd52cd1aa4d3f9a48f)] -> id: 'LOC_Location_Id'] displayed in 40ms
Angular request time 7ms
got Text CustomerLocId = LOC@0004
Customer Location Id found LOC@0004
Strings Matched: LOC@0004 = LOC@0004
Click Action Dropdown
Element [[ChromeDriver: chrome on XP (fbe94fde17a9b8cd52cd1aa4d3f9a48f)] -> id: ACTION_Button] displayed in 29ms
Element [[ChromeDriver: chrome on XP (fbe94fde17a9b8cd52cd1aa4d3f9a48f)] -> id: ACTION_Button] displayed in 13ms
Angular request time 8ms
Click Action Drop down
Angular request time 6ms
Element [[ChromeDriver: chrome on XP (fbe94fde17a9b8cd52cd1aa4d3f9a48f)] -> id: ACTION_Transfer_Service] displayed in 49ms
Element [[ChromeDriver: chrome on XP (fbe94fde17a9b8cd52cd1aa4d3f9a48f)] -> id: ACTION_Transfer_Service] displayed in 63ms
Angular request time 29ms
Click Action Transfer Service Drop down
Angular request time 16ms
Element [[ChromeDriver: chrome on XP (fbe94fde17a9b8cd52cd1aa4d3f9a48f)] -> id: XFER_Select] displayed in 96ms
Angular request time 28ms
Click Transfer Combo
Angular request time 9ms
Element [[ChromeDriver: chrome on XP (fbe94fde17a9b8cd52cd1aa4d3f9a48f)] -> id: XFER_Select_Option_3] displayed in 46ms
Angular request time 26ms
Click Transfer Option 3
Angular request time 9ms
Element [[ChromeDriver: chrome on XP (fbe94fde17a9b8cd52cd1aa4d3f9a48f)] -> id: XFER_Date_Picker_Requested] displayed in 76ms
Entered Request Date = 10/02/2019 01:26
Submit Transfer Request
TRANSFER
Element [[ChromeDriver: chrome on XP (fbe94fde17a9b8cd52cd1aa4d3f9a48f)] -> id: CLO_Service_Order_Input] displayed in 105ms
Setting Text on Search Request with Text = TRANSFER
Angular request time 13ms
Element [[ChromeDriver: chrome on XP (fbe94fde17a9b8cd52cd1aa4d3f9a48f)] -> id: XFER_Date_Picker_Scheduled] displayed in 42ms
Enter Schedule Date Date
Element [[ChromeDriver: chrome on XP (fbe94fde17a9b8cd52cd1aa4d3f9a48f)] -> id: XFER_Date_Picker_Scheduled] displayed in 33ms
Setting Text on DatePicket with Text = 
Angular request time 423ms
Strings Matched: Mr. VACANT VACANT = Mr. VACANT VACANT
Element [[ChromeDriver: chrome on XP (fbe94fde17a9b8cd52cd1aa4d3f9a48f)] -> id: XFER_Search_Input] displayed in 40ms
Setting Text on Customer Name Request with Text = Mr. VACANT VACANT
Angular request time 9ms
Element [[ChromeDriver: chrome on XP (fbe94fde17a9b8cd52cd1aa4d3f9a48f)] -> id: XFER_Search_Option_1] displayed in 609ms
Angular request time 20ms
Click XFER_Search_Option_1_Customer_Name
Angular request time 8ms
Element [[ChromeDriver: chrome on XP (fbe94fde17a9b8cd52cd1aa4d3f9a48f)] -> id: XFER_Description] displayed in 59ms
Setting Text on Description Request with Text = Description for Stop Service
Angular request time 12ms
Click Submit
Element [[ChromeDriver: chrome on XP (fbe94fde17a9b8cd52cd1aa4d3f9a48f)] -> id: XFER_Button_Action] displayed in 43ms
Element [[ChromeDriver: chrome on XP (fbe94fde17a9b8cd52cd1aa4d3f9a48f)] -> id: XFER_Button_Action] displayed in 36ms
Angular request time 112ms
Click MoveInSubmit Button
Angular request time 16ms
Element [[ChromeDriver: chrome on XP (fbe94fde17a9b8cd52cd1aa4d3f9a48f)] -> id: XFER_Button_Done] displayed in 101ms
Angular request time 142ms
Click Done Button for Transfer
Angular request time 18ms
Clicking Servic Order Link
Element [[ChromeDriver: chrome on XP (fbe94fde17a9b8cd52cd1aa4d3f9a48f)] -> css selector: #mat-tab-label-0-2 > div] displayed in 42ms
Angular request time 561ms
Click Service Order Link
Angular request time 5ms
Element [[ChromeDriver: chrome on XP (fbe94fde17a9b8cd52cd1aa4d3f9a48f)] -> id: SOLV_Service_Order_1] displayed in 41ms
Element [[ChromeDriver: chrome on XP (fbe94fde17a9b8cd52cd1aa4d3f9a48f)] -> id: SOLV_Service_Order_1] displayed in 29ms
Angular request time 11ms
Click Clicking Service Order 1
Angular request time 9ms
Angular request time 7ms
Capturing Servic Order Number
Element [[ChromeDriver: chrome on XP (fbe94fde17a9b8cd52cd1aa4d3f9a48f)] -> id: SODV_Service_Order_Id] displayed in 44ms
Angular request time 8ms
got Text Service Order Number = SORD00000002549
Element [[ChromeDriver: chrome on XP (fbe94fde17a9b8cd52cd1aa4d3f9a48f)] -> id: ACTION_Refresh_Page] displayed in 69ms
Element [[ChromeDriver: chrome on XP (fbe94fde17a9b8cd52cd1aa4d3f9a48f)] -> id: ACTION_Refresh_Page] displayed in 33ms
Angular request time 503ms
Click Refresh Button
Angular request time 15ms
Refresh Page
Click Action Dropdown
Element [[ChromeDriver: chrome on XP (fbe94fde17a9b8cd52cd1aa4d3f9a48f)] -> id: ACTION_Button] displayed in 33ms
Element [[ChromeDriver: chrome on XP (fbe94fde17a9b8cd52cd1aa4d3f9a48f)] -> id: ACTION_Button] displayed in 30ms
Angular request time 37ms
Click Action Drop down
Angular request time 9ms
Element [[ChromeDriver: chrome on XP (fbe94fde17a9b8cd52cd1aa4d3f9a48f)] -> id: ACTION_Transfer_Service] displayed in 46ms
Element [[ChromeDriver: chrome on XP (fbe94fde17a9b8cd52cd1aa4d3f9a48f)] -> id: ACTION_Transfer_Service] displayed in 94ms
Angular request time 38ms
Click Action Transfer Service Drop down
Angular request time 17ms
Element [[ChromeDriver: chrome on XP (fbe94fde17a9b8cd52cd1aa4d3f9a48f)] -> id: XFER_Select] displayed in 99ms
Angular request time 17ms
Click Transfer Combo
Angular request time 22ms
Element [[ChromeDriver: chrome on XP (fbe94fde17a9b8cd52cd1aa4d3f9a48f)] -> id: XFER_Select_Option_3] displayed in 72ms
Angular request time 23ms
Click Transfer Option 3
Angular request time 10ms
Element [[ChromeDriver: chrome on XP (fbe94fde17a9b8cd52cd1aa4d3f9a48f)] -> id: XFER_Warning_Message] displayed in 28ms
Strings Matched: Service Order Exist. TRANSFER = Service Order Exist. TRANSFER
Element [[ChromeDriver: chrome on XP (fbe94fde17a9b8cd52cd1aa4d3f9a48f)] -> id: XFER_Warning_Drillback] displayed in 30ms
String Verified  =cogsdrillback://DGPB/?Db=SQL_2017&Srv=RND-BASE-A&Cmp=TWO&Prod=229&Act=OPEN&Func=ServiceOrder&LocationID=LOC@0004&ServiceOrderNumber=SORD00000002549&CogsDrillback=1 Contains = SORD00000002549
Date after Addition of two days Oct 4, 2019
Submit Transfer Request
TRANSFER
Element [[ChromeDriver: chrome on XP (fbe94fde17a9b8cd52cd1aa4d3f9a48f)] -> id: CLO_Service_Order_Input] displayed in 49ms
Setting Text on Search Request with Text = TRANSFER
Angular request time 8ms
Element [[ChromeDriver: chrome on XP (fbe94fde17a9b8cd52cd1aa4d3f9a48f)] -> id: XFER_Date_Picker_Scheduled] displayed in 38ms
Enter Schedule Date Date
Element [[ChromeDriver: chrome on XP (fbe94fde17a9b8cd52cd1aa4d3f9a48f)] -> id: XFER_Date_Picker_Scheduled] displayed in 79ms
Setting Text on DatePicket with Text = Oct 4, 2019
Angular request time 417ms
Strings Matched: Mr. VACANT VACANT = Mr. VACANT VACANT
Element [[ChromeDriver: chrome on XP (fbe94fde17a9b8cd52cd1aa4d3f9a48f)] -> id: XFER_Search_Input] displayed in 33ms
Setting Text on Customer Name Request with Text = Mr. VACANT VACANT
Angular request time 8ms
Element [[ChromeDriver: chrome on XP (fbe94fde17a9b8cd52cd1aa4d3f9a48f)] -> id: XFER_Search_Option_1] displayed in 631ms
Angular request time 17ms
Click XFER_Search_Option_1_Customer_Name
Angular request time 9ms
Element [[ChromeDriver: chrome on XP (fbe94fde17a9b8cd52cd1aa4d3f9a48f)] -> id: XFER_Description] displayed in 64ms
Setting Text on Description Request with Text = Description for Stop Service
Angular request time 7ms
Click Submit
Element [[ChromeDriver: chrome on XP (fbe94fde17a9b8cd52cd1aa4d3f9a48f)] -> id: XFER_Button_Action] displayed in 37ms
Element [[ChromeDriver: chrome on XP (fbe94fde17a9b8cd52cd1aa4d3f9a48f)] -> id: XFER_Button_Action] displayed in 32ms
Angular request time 122ms
Click MoveInSubmit Button
Angular request time 11ms
Element [[ChromeDriver: chrome on XP (fbe94fde17a9b8cd52cd1aa4d3f9a48f)] -> id: XFER_Button_Done] displayed in 101ms
Angular request time 31ms
Click Done Button for Transfer
Angular request time 10ms
Element [[ChromeDriver: chrome on XP (fbe94fde17a9b8cd52cd1aa4d3f9a48f)] -> id: ACTION_Refresh_Page] displayed in 64ms
Element [[ChromeDriver: chrome on XP (fbe94fde17a9b8cd52cd1aa4d3f9a48f)] -> id: ACTION_Refresh_Page] displayed in 49ms
Angular request time 484ms
Click Refresh Button
Angular request time 8ms
Refresh Page
Clicking Servic Order Link
Element [[ChromeDriver: chrome on XP (fbe94fde17a9b8cd52cd1aa4d3f9a48f)] -> css selector: #mat-tab-label-0-2 > div] displayed in 46ms
Angular request time 9ms
Click Service Order Link
Angular request time 8ms
Element [[ChromeDriver: chrome on XP (fbe94fde17a9b8cd52cd1aa4d3f9a48f)] -> id: SOLV_Service_Order_1] displayed in 36ms
Element [[ChromeDriver: chrome on XP (fbe94fde17a9b8cd52cd1aa4d3f9a48f)] -> id: SOLV_Service_Order_1] displayed in 31ms
Angular request time 7ms
Click Clicking Service Order 1
Angular request time 9ms
Angular request time 8ms
Element [[ChromeDriver: chrome on XP (fbe94fde17a9b8cd52cd1aa4d3f9a48f)] -> id: ACTION_Refresh_Page] displayed in 28ms
Element [[ChromeDriver: chrome on XP (fbe94fde17a9b8cd52cd1aa4d3f9a48f)] -> id: ACTION_Refresh_Page] displayed in 28ms
Angular request time 505ms
Click Refresh Button
Angular request time 7ms
Refresh Page
Element [[ChromeDriver: chrome on XP (fbe94fde17a9b8cd52cd1aa4d3f9a48f)] -> id: SRCH_Input] displayed in 53ms
Element [[ChromeDriver: chrome on XP (fbe94fde17a9b8cd52cd1aa4d3f9a48f)] -> id: SRCH_Input] displayed in 18ms
Setting Text on Search Text with Text = LOC@0002
Angular request time 6ms
Search Text
Element [[ChromeDriver: chrome on XP (fbe94fde17a9b8cd52cd1aa4d3f9a48f)] -> id: SRCH_Option_1_Customer_Name] displayed in 651ms
Click DashBoard Search Result 
Angular request time 631ms
Click Action Dropdown
Element [[ChromeDriver: chrome on XP (fbe94fde17a9b8cd52cd1aa4d3f9a48f)] -> id: ACTION_Button] displayed in 46ms
Element [[ChromeDriver: chrome on XP (fbe94fde17a9b8cd52cd1aa4d3f9a48f)] -> id: ACTION_Button] displayed in 31ms
Angular request time 9ms
Click Action Drop down
Angular request time 11ms
Element [[ChromeDriver: chrome on XP (fbe94fde17a9b8cd52cd1aa4d3f9a48f)] -> id: ACTION_Transfer_Service] displayed in 47ms
Element [[ChromeDriver: chrome on XP (fbe94fde17a9b8cd52cd1aa4d3f9a48f)] -> id: ACTION_Transfer_Service] displayed in 79ms
Angular request time 122ms
Click Action Transfer Service Drop down
Angular request time 12ms
Element [[ChromeDriver: chrome on XP (fbe94fde17a9b8cd52cd1aa4d3f9a48f)] -> id: XFER_Select] displayed in 66ms
Angular request time 9ms
Click Transfer Combo
Angular request time 34ms
Element [[ChromeDriver: chrome on XP (fbe94fde17a9b8cd52cd1aa4d3f9a48f)] -> id: XFER_Select_Option_1] displayed in 85ms
Angular request time 15ms
Click Transfer Option 1
Angular request time 9ms
TRANSFER
Element [[ChromeDriver: chrome on XP (fbe94fde17a9b8cd52cd1aa4d3f9a48f)] -> id: CLO_Service_Order_Input] displayed in 38ms
Setting Text on Search Request with Text = Transfer
Angular request time 11ms
Element [[ChromeDriver: chrome on XP (fbe94fde17a9b8cd52cd1aa4d3f9a48f)] -> id: XFER_MoveFrom_Date_Picker_Requested] displayed in 40ms
10/02/2019 01:26
Strings Matched: Mr. VACANT VACANT = Mr. VACANT VACANT
TEST DEFAULT VALUE FOR CUSTOMER ===Mr. VACANT VACANT
Element [[ChromeDriver: chrome on XP (fbe94fde17a9b8cd52cd1aa4d3f9a48f)] -> id: XFER_Search_Input] displayed in 37ms
Setting Text on Customer Name Request with Text = Mr. VACANT VACANT
Angular request time 423ms
Element [[ChromeDriver: chrome on XP (fbe94fde17a9b8cd52cd1aa4d3f9a48f)] -> id: XFER_Search_Option_1_Customer_Name] displayed in 619ms
Angular request time 18ms
Click XFER_Search_Option_1_Customer_Name
Angular request time 10ms
Element [[ChromeDriver: chrome on XP (fbe94fde17a9b8cd52cd1aa4d3f9a48f)] -> id: XFER_Description] displayed in 59ms
Setting Text on Description Request with Text = AUTOMATION TEST
Angular request time 6ms
Element [[ChromeDriver: chrome on XP (fbe94fde17a9b8cd52cd1aa4d3f9a48f)] -> id: XFER_MoveTo_Tab] displayed in 47ms
Angular request time 12ms
Click Move To Tab (Transfers)
Angular request time 9ms
Enter Schedule Date
Element [[ChromeDriver: chrome on XP (fbe94fde17a9b8cd52cd1aa4d3f9a48f)] -> id: XFER_MoveTo_Date_Picker_Scheduled] displayed in 560ms
Element [[ChromeDriver: chrome on XP (fbe94fde17a9b8cd52cd1aa4d3f9a48f)] -> id: XFER_MoveTo_Date_Picker_Scheduled] displayed in 33ms
Setting Text on DatePicket with Text = Oct 3, 2019
Angular request time 7ms
Element [[ChromeDriver: chrome on XP (fbe94fde17a9b8cd52cd1aa4d3f9a48f)] -> id: CLO_Service_Order_Input] displayed in 85ms
Enter Request Name
Element [[ChromeDriver: chrome on XP (fbe94fde17a9b8cd52cd1aa4d3f9a48f)] -> id: CLO_Service_Order_Input] displayed in 30ms
Setting Text on Service Order Input with Text = TRANSFER
Angular request time 7ms
Element [[ChromeDriver: chrome on XP (fbe94fde17a9b8cd52cd1aa4d3f9a48f)] -> id: XFER_Search_Input] displayed in 47ms
Element [[ChromeDriver: chrome on XP (fbe94fde17a9b8cd52cd1aa4d3f9a48f)] -> id: XFER_Search_Input] displayed in 41ms
Setting Text on XFERSearchInput with Text = LOC@0004
Angular request time 427ms
Element [[ChromeDriver: chrome on XP (fbe94fde17a9b8cd52cd1aa4d3f9a48f)] -> id: XFER_Search_Option_1_Customer_Name] displayed in 649ms
Angular request time 127ms
Click XFER_Search_Option_1_Customer_Name
Angular request time 16ms
Enter Request Description
Element [[ChromeDriver: chrome on XP (fbe94fde17a9b8cd52cd1aa4d3f9a48f)] -> id: XFER_Description] displayed in 69ms
Element [[ChromeDriver: chrome on XP (fbe94fde17a9b8cd52cd1aa4d3f9a48f)] -> id: XFER_Description] displayed in 32ms
Setting Text on XFER Description with Text = Move in from location LOC@0004
Angular request time 14ms
Click Submit
Element [[ChromeDriver: chrome on XP (fbe94fde17a9b8cd52cd1aa4d3f9a48f)] -> id: XFER_Button_Action] displayed in 54ms
Element [[ChromeDriver: chrome on XP (fbe94fde17a9b8cd52cd1aa4d3f9a48f)] -> id: XFER_Button_Action] displayed in 35ms
Angular request time 117ms
Click MoveInSubmit Button
Angular request time 17ms
String Verified  =check
Transfer initiated Contains = Transfer initiated
Element [[ChromeDriver: chrome on XP (fbe94fde17a9b8cd52cd1aa4d3f9a48f)] -> id: XFER_Button_Done] displayed in 69ms
Angular request time 166ms
Click Done Button for Transfer
Angular request time 15ms
Element [[ChromeDriver: chrome on XP (fbe94fde17a9b8cd52cd1aa4d3f9a48f)] -> id: SRCH_Input] displayed in 38ms
Element [[ChromeDriver: chrome on XP (fbe94fde17a9b8cd52cd1aa4d3f9a48f)] -> id: SRCH_Input] displayed in 24ms
Setting Text on Search Text with Text = LOC@0004
Angular request time 8ms
Search Text
Element [[ChromeDriver: chrome on XP (fbe94fde17a9b8cd52cd1aa4d3f9a48f)] -> id: SRCH_Option_1_Customer_Name] displayed in 679ms
Click DashBoard Search Result 
Angular request time 630ms
Element [[ChromeDriver: chrome on XP (fbe94fde17a9b8cd52cd1aa4d3f9a48f)] -> id: ACTION_Refresh_Page] displayed in 57ms
Element [[ChromeDriver: chrome on XP (fbe94fde17a9b8cd52cd1aa4d3f9a48f)] -> id: ACTION_Refresh_Page] displayed in 110ms
Angular request time 469ms
Click Refresh Button
Angular request time 10ms
Refresh Page
Clicking Servic Order Link
Element [[ChromeDriver: chrome on XP (fbe94fde17a9b8cd52cd1aa4d3f9a48f)] -> css selector: #mat-tab-label-0-2 > div] displayed in 47ms
Angular request time 11ms
Click Service Order Link
Angular request time 15ms
Element [[ChromeDriver: chrome on XP (fbe94fde17a9b8cd52cd1aa4d3f9a48f)] -> id: SOLV_Service_Order_1] displayed in 48ms
Element [[ChromeDriver: chrome on XP (fbe94fde17a9b8cd52cd1aa4d3f9a48f)] -> id: SOLV_Service_Order_1] displayed in 29ms
Angular request time 8ms
Click Clicking Service Order 1
Angular request time 7ms
Angular request time 7ms
get Requested Customer Name
Strings Matched: Mr. Vacant Vacant = Mr. Vacant Vacant
get Move Out Customer Date
Strings Matched: Mr. Vacant Vacant = Mr. Vacant Vacant
get Movein Customer Name Date
Strings Matched: Mrs. Gail M Dewar (Customer010) = Mrs. Gail M Dewar (Customer010)
get Scheduled Date
***** Error VerifyAction_Transfers_Stack_TwoLocations_Scheduled_NotScheduled test has failed *****
]]></system-out>
    <system-err><![CDATA[Starting ChromeDriver 76.0.3809.126 (d80a294506b4c9d18015e755cee48f953ddc3f2f-refs/branch-heads/3809@{#1024}) on port 21990
Only local connections are allowed.
Please protect ports used by ChromeDriver and related test frameworks to prevent access by malicious code.
[1570040756.343][WARNING]: This version of ChromeDriver has not been tested with Chrome version 77.
Oct 02, 2019 1:25:57 PM org.openqa.selenium.remote.ProtocolHandshake createSession
INFO: Detected dialect: W3C
]]></system-err>
  </testcase>
  <testcase name="TestSearchAccount" classname="com.NexusPortalAutomation.TestCases.Java.TC0009_VerifyAccountSearch" time="33.196"/>
  <testcase name="VerifyBillingDetails_Budget" classname="com.NexusPortalAutomation.TestCases.Java.TC0016_1_VerifyBillingDetails_Budget" time="18.656">
    <failure message="Actual Value &apos;$0.00&apos; not Matched the expected value &apos;$100.00&apos; " type="java.lang.AssertionError">java.lang.AssertionError: Actual Value '$0.00' not Matched the expected value '$100.00' 
	at com.NexusPortalAutomation.TestCases.Java.TC0016_1_VerifyBillingDetails_Budget.VerifyBillingDetails_Budget(TC0016_1_VerifyBillingDetails_Budget.java:65)
</failure>
    <system-out><![CDATA[Closing Browser
Test Completed...
Launching Chrome
Browser Maximised
Test started- VerifyBillingDetails_Budget
Angular Request Completed in 16ms
Log in to Nexus View
Element [[ChromeDriver: chrome on XP (2fedcc11c81d1f8d4ac616f2ec29600e)] -> id: username] displayed in 54ms
Login Page title Verified
Element [[ChromeDriver: chrome on XP (2fedcc11c81d1f8d4ac616f2ec29600e)] -> id: username] displayed in 21ms
Element [[ChromeDriver: chrome on XP (2fedcc11c81d1f8d4ac616f2ec29600e)] -> id: password] displayed in 34ms
Element [[ChromeDriver: chrome on XP (2fedcc11c81d1f8d4ac616f2ec29600e)] -> id: kc-login] displayed in 35ms
Angular Request Completed in 32ms
User signed Admin
Enter Text for Search =BUDGETLOC02
Element [[ChromeDriver: chrome on XP (2fedcc11c81d1f8d4ac616f2ec29600e)] -> id: SRCH_Input] displayed in 99ms
Angular request time 624ms
Element [[ChromeDriver: chrome on XP (2fedcc11c81d1f8d4ac616f2ec29600e)] -> id: SRCH_Option_1_Address_Line] displayed in 55ms
Click Customer
Angular request time 1319ms
Angular request time 25ms
Element [[ChromeDriver: chrome on XP (2fedcc11c81d1f8d4ac616f2ec29600e)] -> id: 'LOC_Location_Id'] displayed in 67ms
Angular request time 9ms
got Text CustomerLocId = BUDGETLOC02
Customer Location Id found BUDGETLOC02
Strings Matched: BUDGETLOC02 = BUDGETLOC02
This will verify budget icon
Strings Matched: Budget = Budget
Angular request time 15ms
Element 'BILL_Current_Balance' is displayed in 63ms
Element 'BILL_Unposted_Balance' is displayed in 44ms
Element 'BILL_Account_Balance' is displayed in 57ms
Element 'BILL_Past_Due' is displayed in 56ms
Element 'BILL_Installment_Budget' is displayed in 56ms
Element 'BILL_Over_Short' is displayed in 42ms
Strings Matched: $100.00 = $100.00
Strings Matched: $0.00 = $0.00
Strings Matched: $0.00 = $0.00
Strings Matched: $255.00 = $255.00
Strings Matched: $100.00 = $100.00
Strings Matched: $155.00 = $155.00
***** Error VerifyBillingDetails_Budget test has failed *****
]]></system-out>
    <system-err><![CDATA[Starting ChromeDriver 76.0.3809.126 (d80a294506b4c9d18015e755cee48f953ddc3f2f-refs/branch-heads/3809@{#1024}) on port 21957
Only local connections are allowed.
Please protect ports used by ChromeDriver and related test frameworks to prevent access by malicious code.
[1570040849.907][WARNING]: This version of ChromeDriver has not been tested with Chrome version 77.
Oct 02, 2019 1:27:30 PM org.openqa.selenium.remote.ProtocolHandshake createSession
INFO: Detected dialect: W3C
]]></system-err>
  </testcase>
  <testcase name="VerifyAction_Transfers_Stack_TwoLocations_defaultCustomerLocationBased_NotScheduled" classname="com.NexusPortalAutomation.TestCases.Java.TC0038_VerifyAction_Transfers_Stack_TwoLocations_defaultCustomerLocationBased_NotScheduled" time="0.094"/>
  <testcase name="TestSearchAccount" classname="com.NexusPortalAutomation.TestCases.Java.TC0009_1_VerifyAccountSearch_NoAccounts" time="30.42"/>
  <testcase name="VerifyBillingDetailsAutoPay" classname="com.NexusPortalAutomation.TestCases.Java.TC0016_1_VerifyBillingDetails_AutoPay" time="24.689"/>
  <testcase name="VerifyAction_Transfers_Stack_TwoLocations_NotScheduled" classname="com.NexusPortalAutomation.TestCases.Java.TC0037_VerifyAction_Transfers_Stack_TwoLocations_NotScheduled" time="64.354"/>
  <testcase name="TestSearchbylocationID" classname="com.NexusPortalAutomation.TestCases.Java.TC0008_VerifySignInbylocationID" time="46.962"/>
  <testcase name="TestContactLogs" classname="com.NexusPortalAutomation.TestCases.Java.TC0015_VerifyContactLogs" time="76.495"/>
  <testcase name="VerifyTransferActionServiceOrder" classname="com.NexusPortalAutomation.TestCases.Java.TC0036_VerifyAction_Transfers_StartService" time="64.406">
    <failure message="Object Not Found Expected condition failed: waiting for visibility of Proxy element for: DefaultElementLocator &apos;By.id: XFER_Button_Done&apos; (tried for 20 second(s) with 500 milliseconds interval)" type="java.lang.AssertionError">java.lang.AssertionError: Object Not Found Expected condition failed: waiting for visibility of Proxy element for: DefaultElementLocator 'By.id: XFER_Button_Done' (tried for 20 second(s) with 500 milliseconds interval)
	at com.NexusPortalAutomation.TestCases.Java.TC0036_VerifyAction_Transfers_StartService.VerifyTransferActionServiceOrder(TC0036_VerifyAction_Transfers_StartService.java:107)
</failure>
    <system-out><![CDATA[Closing Browser
Test Completed...
Launching Chrome
Browser Maximised
Test started- VerifyTransferActionServiceOrder
SORD00000002553
SORD00000002554
SORD00000002556
Deleting Records for ServiceOrder = SORD00000002556
0
0
0
Deleting Records for Location =  LOC@0004
SORD00000002555
Deleting Records for ServiceOrder = SORD00000002555
0
Deleting Records for Location =  LOC@0005
Deleting Records for ServiceOrder = 
Deleting Records for ServiceOrder = 
Angular Request Completed in 42ms
Log in to Nexus View
Element [[ChromeDriver: chrome on XP (cd582e7f3236351475d6ab33e72a926a)] -> id: username] displayed in 42ms
Login Page title Verified
Element [[ChromeDriver: chrome on XP (cd582e7f3236351475d6ab33e72a926a)] -> id: username] displayed in 13ms
Element [[ChromeDriver: chrome on XP (cd582e7f3236351475d6ab33e72a926a)] -> id: password] displayed in 31ms
Element [[ChromeDriver: chrome on XP (cd582e7f3236351475d6ab33e72a926a)] -> id: kc-login] displayed in 28ms
Angular Request Completed in 32ms
User signed Admin
Enter Text for Search =LOC@0004
Element [[ChromeDriver: chrome on XP (cd582e7f3236351475d6ab33e72a926a)] -> id: SRCH_Input] displayed in 100ms
Angular request time 625ms
Element [[ChromeDriver: chrome on XP (cd582e7f3236351475d6ab33e72a926a)] -> id: SRCH_Option_1_Address_Line] displayed in 44ms
Click Customer
Angular request time 378ms
Angular request time 6ms
Element [[ChromeDriver: chrome on XP (cd582e7f3236351475d6ab33e72a926a)] -> id: 'LOC_Location_Id'] displayed in 31ms
Angular request time 6ms
got Text CustomerLocId = LOC@0004
Customer Location Id found LOC@0004
Strings Matched: LOC@0004 = LOC@0004
Click Action Dropdown
Element [[ChromeDriver: chrome on XP (cd582e7f3236351475d6ab33e72a926a)] -> id: ACTION_Button] displayed in 33ms
Element [[ChromeDriver: chrome on XP (cd582e7f3236351475d6ab33e72a926a)] -> id: ACTION_Button] displayed in 17ms
Angular request time 9ms
Click Action Drop down
Angular request time 13ms
Element [[ChromeDriver: chrome on XP (cd582e7f3236351475d6ab33e72a926a)] -> id: ACTION_Transfer_Service] displayed in 52ms
Element [[ChromeDriver: chrome on XP (cd582e7f3236351475d6ab33e72a926a)] -> id: ACTION_Transfer_Service] displayed in 78ms
Angular request time 16ms
Click Action Transfer Service Drop down
Angular request time 21ms
Element [[ChromeDriver: chrome on XP (cd582e7f3236351475d6ab33e72a926a)] -> id: XFER_Select] displayed in 66ms
Angular request time 66ms
Click Transfer Combo
Angular request time 58ms
Element [[ChromeDriver: chrome on XP (cd582e7f3236351475d6ab33e72a926a)] -> id: XFER_Select_Option_2] displayed in 45ms
Angular request time 21ms
Click Transfer Option 2
Angular request time 12ms
Element [[ChromeDriver: chrome on XP (cd582e7f3236351475d6ab33e72a926a)] -> id: XFER_Date_Picker_Requested] displayed in 64ms
Entered Request Date = 10/02/2019 01:32
Submit Transfer Request
TRANSFER
Element [[ChromeDriver: chrome on XP (cd582e7f3236351475d6ab33e72a926a)] -> id: CLO_Service_Order_Input] displayed in 49ms
Setting Text on Search Request with Text = TRANSFER
Angular request time 14ms
Element [[ChromeDriver: chrome on XP (cd582e7f3236351475d6ab33e72a926a)] -> id: XFER_Date_Picker_Scheduled] displayed in 42ms
Enter Schedule Date Date
Element [[ChromeDriver: chrome on XP (cd582e7f3236351475d6ab33e72a926a)] -> id: XFER_Date_Picker_Scheduled] displayed in 36ms
Setting Text on DatePicket with Text = 
Angular request time 533ms
Strings Matched: Mr. VACANT VACANT = Mr. VACANT VACANT
Element [[ChromeDriver: chrome on XP (cd582e7f3236351475d6ab33e72a926a)] -> id: XFER_Search_Input] displayed in 45ms
Setting Text on Customer Name Request with Text = MoveinCus
Angular request time 12ms
Element [[ChromeDriver: chrome on XP (cd582e7f3236351475d6ab33e72a926a)] -> id: XFER_Search_Option_1] displayed in 629ms
Angular request time 25ms
Click XFER_Search_Option_1_Customer_Name
Angular request time 8ms
Element [[ChromeDriver: chrome on XP (cd582e7f3236351475d6ab33e72a926a)] -> id: XFER_Description] displayed in 55ms
Setting Text on Description Request with Text = Description for Start Service
Angular request time 13ms
Click Submit
Element [[ChromeDriver: chrome on XP (cd582e7f3236351475d6ab33e72a926a)] -> id: XFER_Button_Action] displayed in 47ms
Element [[ChromeDriver: chrome on XP (cd582e7f3236351475d6ab33e72a926a)] -> id: XFER_Button_Action] displayed in 36ms
Angular request time 116ms
Click MoveInSubmit Button
Angular request time 2ms
Element [[ChromeDriver: chrome on XP (cd582e7f3236351475d6ab33e72a926a)] -> id: XFER_Button_Done] displayed in 101ms
Angular request time 41ms
Click Done Button for Transfer
Angular request time 19ms
Clicking Servic Order Link
Element [[ChromeDriver: chrome on XP (cd582e7f3236351475d6ab33e72a926a)] -> css selector: #mat-tab-label-0-2 > div] displayed in 83ms
Angular request time 640ms
Click Service Order Link
Angular request time 7ms
Element [[ChromeDriver: chrome on XP (cd582e7f3236351475d6ab33e72a926a)] -> id: SOLV_Service_Order_1] displayed in 38ms
Element [[ChromeDriver: chrome on XP (cd582e7f3236351475d6ab33e72a926a)] -> id: SOLV_Service_Order_1] displayed in 29ms
Angular request time 8ms
Click Clicking Service Order 1
Angular request time 7ms
Angular request time 6ms
Capturing Servic Order Number
Element [[ChromeDriver: chrome on XP (cd582e7f3236351475d6ab33e72a926a)] -> id: SODV_Service_Order_Id] displayed in 60ms
Angular request time 6ms
got Text Service Order Number = SORD00000002557
Element [[ChromeDriver: chrome on XP (cd582e7f3236351475d6ab33e72a926a)] -> id: ACTION_Refresh_Page] displayed in 69ms
Element [[ChromeDriver: chrome on XP (cd582e7f3236351475d6ab33e72a926a)] -> id: ACTION_Refresh_Page] displayed in 35ms
Angular request time 601ms
Click Refresh Button
Angular request time 16ms
Refresh Page
Click Action Dropdown
Element [[ChromeDriver: chrome on XP (cd582e7f3236351475d6ab33e72a926a)] -> id: ACTION_Button] displayed in 32ms
Element [[ChromeDriver: chrome on XP (cd582e7f3236351475d6ab33e72a926a)] -> id: ACTION_Button] displayed in 30ms
Angular request time 11ms
Click Action Drop down
Angular request time 11ms
Element [[ChromeDriver: chrome on XP (cd582e7f3236351475d6ab33e72a926a)] -> id: ACTION_Transfer_Service] displayed in 41ms
Element [[ChromeDriver: chrome on XP (cd582e7f3236351475d6ab33e72a926a)] -> id: ACTION_Transfer_Service] displayed in 78ms
Angular request time 133ms
Click Action Transfer Service Drop down
Angular request time 24ms
Element [[ChromeDriver: chrome on XP (cd582e7f3236351475d6ab33e72a926a)] -> id: XFER_Select] displayed in 70ms
Angular request time 42ms
Click Transfer Combo
Angular request time 14ms
Element [[ChromeDriver: chrome on XP (cd582e7f3236351475d6ab33e72a926a)] -> id: XFER_Select_Option_2] displayed in 53ms
Angular request time 13ms
Click Transfer Option 2
Angular request time 7ms
Element [[ChromeDriver: chrome on XP (cd582e7f3236351475d6ab33e72a926a)] -> id: XFER_Warning_Message] displayed in 30ms
Strings Matched: Service Order Exist. TRANSFER = Service Order Exist. TRANSFER
Element [[ChromeDriver: chrome on XP (cd582e7f3236351475d6ab33e72a926a)] -> id: XFER_Warning_Drillback] displayed in 22ms
String Verified  =cogsdrillback://DGPB/?Db=SQL_2017&Srv=RND-BASE-A&Cmp=TWO&Prod=229&Act=OPEN&Func=ServiceOrder&LocationID=LOC@0004&ServiceOrderNumber=SORD00000002557&CogsDrillback=1 Contains = SORD00000002557
Submit Transfer Request
TRANSFER
Element [[ChromeDriver: chrome on XP (cd582e7f3236351475d6ab33e72a926a)] -> id: CLO_Service_Order_Input] displayed in 34ms
Setting Text on Search Request with Text = TRANSFER
Angular request time 8ms
Element [[ChromeDriver: chrome on XP (cd582e7f3236351475d6ab33e72a926a)] -> id: XFER_Date_Picker_Scheduled] displayed in 39ms
Enter Schedule Date Date
Element [[ChromeDriver: chrome on XP (cd582e7f3236351475d6ab33e72a926a)] -> id: XFER_Date_Picker_Scheduled] displayed in 32ms
Setting Text on DatePicket with Text = 
Angular request time 538ms
Strings Matched: Mr. VACANT VACANT = Mr. VACANT VACANT
Element [[ChromeDriver: chrome on XP (cd582e7f3236351475d6ab33e72a926a)] -> id: XFER_Search_Input] displayed in 35ms
Setting Text on Customer Name Request with Text = MoveinCus
Angular request time 7ms
Element [[ChromeDriver: chrome on XP (cd582e7f3236351475d6ab33e72a926a)] -> id: XFER_Search_Option_1] displayed in 632ms
Angular request time 16ms
Click XFER_Search_Option_1_Customer_Name
Angular request time 7ms
Element [[ChromeDriver: chrome on XP (cd582e7f3236351475d6ab33e72a926a)] -> id: XFER_Description] displayed in 54ms
Setting Text on Description Request with Text = Description for Start Service
Angular request time 7ms
Click Submit
Element [[ChromeDriver: chrome on XP (cd582e7f3236351475d6ab33e72a926a)] -> id: XFER_Button_Action] displayed in 60ms
Element [[ChromeDriver: chrome on XP (cd582e7f3236351475d6ab33e72a926a)] -> id: XFER_Button_Action] displayed in 29ms
Angular request time 8ms
Click MoveInSubmit Button
Angular request time 9ms
***** Error VerifyTransferActionServiceOrder test has failed *****
]]></system-out>
    <system-err><![CDATA[Starting ChromeDriver 76.0.3809.126 (d80a294506b4c9d18015e755cee48f953ddc3f2f-refs/branch-heads/3809@{#1024}) on port 22783
Only local connections are allowed.
Please protect ports used by ChromeDriver and related test frameworks to prevent access by malicious code.
[1570041134.362][WARNING]: This version of ChromeDriver has not been tested with Chrome version 77.
Oct 02, 2019 1:32:15 PM org.openqa.selenium.remote.ProtocolHandshake createSession
INFO: Detected dialect: W3C
]]></system-err>
  </testcase>
  <testcase name="TestSecondayContact" classname="com.NexusPortalAutomation.TestCases.Java.TC0014_VerifySecondaryContact" time="14.696"/>
  <testcase name="VerifyAction_Transfers_StopService" classname="com.NexusPortalAutomation.TestCases.Java.TC0035_VerifyAction_Transfers_StopService" time="45.93"/>
  <testcase name="TestContactEdit" classname="com.NexusPortalAutomation.TestCases.Java.TC0013_VerifyContactEdit" time="31.008"/>
  <testcase name="VerifyAction_Transfers_Stack_TwoLocations" classname="com.NexusPortalAutomation.TestCases.Java.TC0034_VerifyAction_Transfers_Stack_TwoLocations" time="80.473">
    <failure message="Actual Value &apos;Oct 3, 2019&apos; not Matched the expected value &apos;Oct 2, 2019&apos; " type="java.lang.AssertionError">java.lang.AssertionError: Actual Value 'Oct 3, 2019' not Matched the expected value 'Oct 2, 2019' 
	at com.NexusPortalAutomation.TestCases.Java.TC0034_VerifyAction_Transfers_Stack_TwoLocations.VerifyAction_Transfers_Stack_TwoLocations(TC0034_VerifyAction_Transfers_Stack_TwoLocations.java:137)
</failure>
    <system-out><![CDATA[Closing Browser
Test Completed...
Launching Chrome
Browser Maximised
Test started- VerifyAction_Transfers_Stack_TwoLocations
SORD00000002558
SORD00000002559
SORD00000002560
Deleting Records for ServiceOrder = SORD00000002560
0
0
0
Deleting Records for Location =  LOC@0004
SORD00000002551
Deleting Records for ServiceOrder = SORD00000002551
0
Deleting Records for Location =  LOC@0002
Angular Request Completed in 15ms
Log in to Nexus View
Element [[ChromeDriver: chrome on XP (3e0cb1ad02fd5a2116381d7d27c2a484)] -> id: username] displayed in 50ms
Login Page title Verified
Element [[ChromeDriver: chrome on XP (3e0cb1ad02fd5a2116381d7d27c2a484)] -> id: username] displayed in 13ms
Element [[ChromeDriver: chrome on XP (3e0cb1ad02fd5a2116381d7d27c2a484)] -> id: password] displayed in 29ms
Element [[ChromeDriver: chrome on XP (3e0cb1ad02fd5a2116381d7d27c2a484)] -> id: kc-login] displayed in 28ms
Angular Request Completed in 31ms
User signed Admin
Enter Text for Search =LOC@0004
Element [[ChromeDriver: chrome on XP (3e0cb1ad02fd5a2116381d7d27c2a484)] -> id: SRCH_Input] displayed in 75ms
Angular request time 742ms
Element [[ChromeDriver: chrome on XP (3e0cb1ad02fd5a2116381d7d27c2a484)] -> id: SRCH_Option_1_Address_Line] displayed in 101ms
Click Customer
Angular request time 410ms
Angular request time 11ms
Element [[ChromeDriver: chrome on XP (3e0cb1ad02fd5a2116381d7d27c2a484)] -> id: 'LOC_Location_Id'] displayed in 65ms
Angular request time 7ms
got Text CustomerLocId = LOC@0004
Customer Location Id found LOC@0004
Strings Matched: LOC@0004 = LOC@0004
Click Action Dropdown
Element [[ChromeDriver: chrome on XP (3e0cb1ad02fd5a2116381d7d27c2a484)] -> id: ACTION_Button] displayed in 41ms
Element [[ChromeDriver: chrome on XP (3e0cb1ad02fd5a2116381d7d27c2a484)] -> id: ACTION_Button] displayed in 16ms
Angular request time 8ms
Click Action Drop down
Angular request time 12ms
Element [[ChromeDriver: chrome on XP (3e0cb1ad02fd5a2116381d7d27c2a484)] -> id: ACTION_Transfer_Service] displayed in 55ms
Element [[ChromeDriver: chrome on XP (3e0cb1ad02fd5a2116381d7d27c2a484)] -> id: ACTION_Transfer_Service] displayed in 63ms
Angular request time 51ms
Click Action Transfer Service Drop down
Angular request time 19ms
Element [[ChromeDriver: chrome on XP (3e0cb1ad02fd5a2116381d7d27c2a484)] -> id: XFER_Select] displayed in 89ms
Angular request time 22ms
Click Transfer Combo
Angular request time 50ms
Element [[ChromeDriver: chrome on XP (3e0cb1ad02fd5a2116381d7d27c2a484)] -> id: XFER_Select_Option_3] displayed in 56ms
Angular request time 7ms
Click Transfer Option 3
Angular request time 9ms
Element [[ChromeDriver: chrome on XP (3e0cb1ad02fd5a2116381d7d27c2a484)] -> id: XFER_Date_Picker_Requested] displayed in 43ms
Entered Request Date = 10/02/2019 01:35
Submit Transfer Request
TRANSFER
Element [[ChromeDriver: chrome on XP (3e0cb1ad02fd5a2116381d7d27c2a484)] -> id: CLO_Service_Order_Input] displayed in 36ms
Setting Text on Search Request with Text = TRANSFER
Angular request time 12ms
Element [[ChromeDriver: chrome on XP (3e0cb1ad02fd5a2116381d7d27c2a484)] -> id: XFER_Date_Picker_Scheduled] displayed in 41ms
Enter Schedule Date Date
Element [[ChromeDriver: chrome on XP (3e0cb1ad02fd5a2116381d7d27c2a484)] -> id: XFER_Date_Picker_Scheduled] displayed in 32ms
Setting Text on DatePicket with Text = 10/02/2019 01:35
Angular request time 422ms
Strings Matched: Mr. VACANT VACANT = Mr. VACANT VACANT
Element [[ChromeDriver: chrome on XP (3e0cb1ad02fd5a2116381d7d27c2a484)] -> id: XFER_Search_Input] displayed in 33ms
[...]
no such element: Unable to locate element: {"method":"xpath","selector":"//div[@class='requiered-field text ng-star-inserted']"}
  (Session info: chrome=77.0.3865.90)
For documentation on this error, please visit: http://seleniumhq.org/exceptions/no_such_element.html
Build info: version: '3.14.0', revision: 'aacccce0', time: '2018-08-02T20:19:58.91Z'
System info: host: 'RND-BASE-A', ip: '10.0.2.15', os.name: 'Windows Server 2012 R2', os.arch: 'amd64', os.version: '6.3', java.version: '1.8.0_201'
Driver info: org.openqa.selenium.chrome.ChromeDriver
Capabilities {acceptInsecureCerts: false, browserName: chrome, browserVersion: 77.0.3865.90, chrome: {chromedriverVersion: 76.0.3809.126 (d80a294506b4..., userDataDir: C:\Users\ADMINI~1\AppData\L...}, goog:chromeOptions: {debuggerAddress: localhost:54126}, javascriptEnabled: true, networkConnectionEnabled: false, pageLoadStrategy: normal, platform: XP, platformName: XP, proxy: Proxy(), setWindowRect: true, strictFileInteractability: false, timeouts: {implicit: 0, pageLoad: 300000, script: 30000}, unhandledPromptBehavior: dismiss and notify}
Session ID: da57436780624f69350d6bdc3b6b16e7
*** Element info: {Using=xpath, value=//div[@class='requiered-field text ng-star-inserted']}
	at com.NexusPortalAutomation.TestCases.Java.TC0030_1_VerifyAction_Transfers_StartService_Scheduled_SameCustomerMovein.VerifyTransferActionServiceOrder(TC0030_1_VerifyAction_Transfers_StartService_Scheduled_SameCustomerMovein.java:89)
</failure>
    <system-out><![CDATA[Closing Browser
Test Completed...
Launching Chrome
Browser Maximised
Test started- VerifyTransferActionServiceOrder
SORD00000002573
Deleting Records for ServiceOrder = SORD00000002573
0
Deleting Records for Location =  LOC@0004
Angular Request Completed in 45ms
Log in to Nexus View
Element [[ChromeDriver: chrome on XP (da57436780624f69350d6bdc3b6b16e7)] -> id: username] displayed in 40ms
Login Page title Verified
Element [[ChromeDriver: chrome on XP (da57436780624f69350d6bdc3b6b16e7)] -> id: username] displayed in 18ms
Element [[ChromeDriver: chrome on XP (da57436780624f69350d6bdc3b6b16e7)] -> id: password] displayed in 49ms
Element [[ChromeDriver: chrome on XP (da57436780624f69350d6bdc3b6b16e7)] -> id: kc-login] displayed in 34ms
Angular Request Completed in 30ms
User signed Admin
Enter Text for Search =LOC@0004
Element [[ChromeDriver: chrome on XP (da57436780624f69350d6bdc3b6b16e7)] -> id: SRCH_Input] displayed in 101ms
Angular request time 628ms
Element [[ChromeDriver: chrome on XP (da57436780624f69350d6bdc3b6b16e7)] -> id: SRCH_Option_1_Address_Line] displayed in 45ms
Click Customer
Angular request time 371ms
Angular request time 16ms
Element [[ChromeDriver: chrome on XP (da57436780624f69350d6bdc3b6b16e7)] -> id: 'LOC_Location_Id'] displayed in 31ms
Angular request time 9ms
got Text CustomerLocId = LOC@0004
Customer Location Id found LOC@0004
Strings Matched: LOC@0004 = LOC@0004
Click Action Dropdown
Element [[ChromeDriver: chrome on XP (da57436780624f69350d6bdc3b6b16e7)] -> id: ACTION_Button] displayed in 34ms
Element [[ChromeDriver: chrome on XP (da57436780624f69350d6bdc3b6b16e7)] -> id: ACTION_Button] displayed in 16ms
Angular request time 10ms
Click Action Drop down
Angular request time 8ms
Element [[ChromeDriver: chrome on XP (da57436780624f69350d6bdc3b6b16e7)] -> id: ACTION_Transfer_Service] displayed in 41ms
Element [[ChromeDriver: chrome on XP (da57436780624f69350d6bdc3b6b16e7)] -> id: ACTION_Transfer_Service] displayed in 62ms
Angular request time 24ms
Click Action Transfer Service Drop down
Angular request time 18ms
Element [[ChromeDriver: chrome on XP (da57436780624f69350d6bdc3b6b16e7)] -> id: XFER_Select] displayed in 76ms
Angular request time 13ms
Click Transfer Combo
Angular request time 26ms
Element [[ChromeDriver: chrome on XP (da57436780624f69350d6bdc3b6b16e7)] -> id: XFER_Select_Option_2] displayed in 107ms
Angular request time 16ms
Click Transfer Option 2
Angular request time 14ms
TRANSFER
Element [[ChromeDriver: chrome on XP (da57436780624f69350d6bdc3b6b16e7)] -> id: CLO_Service_Order_Input] displayed in 49ms
Setting Text on Search Request with Text = TRANSFER
Angular request time 7ms
Element [[ChromeDriver: chrome on XP (da57436780624f69350d6bdc3b6b16e7)] -> id: XFER_Date_Picker_Requested] displayed in 48ms
Entered Request Date = 10/02/2019 01:41
Element [[ChromeDriver: chrome on XP (da57436780624f69350d6bdc3b6b16e7)] -> id: XFER_Date_Picker_Scheduled] displayed in 40ms
Enter Schedule Date Date
Element [[ChromeDriver: chrome on XP (da57436780624f69350d6bdc3b6b16e7)] -> id: XFER_Date_Picker_Scheduled] displayed in 34ms
Setting Text on DatePicket with Text = 10/02/2019 01:41
Angular request time 423ms
Element [[ChromeDriver: chrome on XP (da57436780624f69350d6bdc3b6b16e7)] -> id: XFER_Date_Picker_Requested] displayed in 39ms
Entered Request Date = 10/02/2019 01:41
TRANSFER
Element [[ChromeDriver: chrome on XP (da57436780624f69350d6bdc3b6b16e7)] -> id: CLO_Service_Order_Input] displayed in 33ms
Setting Text on Search Request with Text = TRANSFER
Angular request time 17ms
Element [[ChromeDriver: chrome on XP (da57436780624f69350d6bdc3b6b16e7)] -> id: XFER_Date_Picker_Scheduled] displayed in 33ms
Enter Schedule Date Date
Element [[ChromeDriver: chrome on XP (da57436780624f69350d6bdc3b6b16e7)] -> id: XFER_Date_Picker_Scheduled] displayed in 29ms
Setting Text on DatePicket with Text = 10/02/2019 01:41
Angular request time 522ms
Element [[ChromeDriver: chrome on XP (da57436780624f69350d6bdc3b6b16e7)] -> id: XFER_Search_Input] displayed in 35ms
Element [[ChromeDriver: chrome on XP (da57436780624f69350d6bdc3b6b16e7)] -> id: XFER_Search_Input] displayed in 17ms
Setting Text on Customer Name Request with Text = Mr. Automation Mate
Angular request time 7ms
Click Submit
Element [[ChromeDriver: chrome on XP (da57436780624f69350d6bdc3b6b16e7)] -> id: XFER_Button_Action] displayed in 47ms
Element [[ChromeDriver: chrome on XP (da57436780624f69350d6bdc3b6b16e7)] -> id: XFER_Button_Action] displayed in 29ms
Angular request time 113ms
Click MoveInSubmit Button
Angular request time 16ms
***** Error VerifyTransferActionServiceOrder test has failed *****
]]></system-out>
    <system-err><![CDATA[Starting ChromeDriver 76.0.3809.126 (d80a294506b4c9d18015e755cee48f953ddc3f2f-refs/branch-heads/3809@{#1024}) on port 46271
Only local connections are allowed.
Please protect ports used by ChromeDriver and related test frameworks to prevent access by malicious code.
[1570041646.176][WARNING]: This version of ChromeDriver has not been tested with Chrome version 77.
Oct 02, 2019 1:40:47 PM org.openqa.selenium.remote.ProtocolHandshake createSession
INFO: Detected dialect: W3C
]]></system-err>
  </testcase>
  <testcase name="VerifySignInbyID" classname="com.NexusPortalAutomation.TestCases.Java.TC0001_VerifySignInbyID" time="11.394"/>
  <testcase name="VerifyActionServiceOrder" classname="com.NexusPortalAutomation.TestCases.Java.TC0022_VerifyAction_ServiceOrder" time="27.706"/>
  <testcase name="VerifyActionServiceOrder_Transfers_NotSchedule" classname="com.NexusPortalAutomation.TestCases.Java.TC0025_1_VerifyAction_Transfers_Scheduled_CurrentMoveinCustomer" time="48.234">
    <failure message="no such element: Unable to locate element: {&quot;method&quot;:&quot;xpath&quot;,&quot;selector&quot;:&quot;//div[@class=&apos;requiered-field text ng-star-inserted&apos;]&quot;}&#10;  (Session info: chrome=77.0.3865.90)&#10;For documentation on this error, please visit: http://seleniumhq.org/exceptions/no_such_element.html&#10;Build info: version: &apos;3.14.0&apos;, revision: &apos;aacccce0&apos;, time: &apos;2018-08-02T20:19:58.91Z&apos;&#10;System info: host: &apos;RND-BASE-A&apos;, ip: &apos;10.0.2.15&apos;, os.name: &apos;Windows Server 2012 R2&apos;, os.arch: &apos;amd64&apos;, os.version: &apos;6.3&apos;, java.version: &apos;1.8.0_201&apos;&#10;Driver info: org.openqa.selenium.chrome.ChromeDriver&#10;Capabilities {acceptInsecureCerts: false, browserName: chrome, browserVersion: 77.0.3865.90, chrome: {chromedriverVersion: 76.0.3809.126 (d80a294506b4..., userDataDir: C:\Users\ADMINI~1\AppData\L...}, goog:chromeOptions: {debuggerAddress: localhost:54288}, javascriptEnabled: true, networkConnectionEnabled: false, pageLoadStrategy: normal, platform: XP, platformName: XP, proxy: Proxy(), setWindowRect: true, strictFileInteractability: false, timeouts: {implicit: 0, pageLoad: 300000, script: 30000}, unhandledPromptBehavior: dismiss and notify}&#10;Session ID: fe6bcaf39b90d7740f1b234a445d6702&#10;*** Element info: {Using=xpath, value=//div[@class=&apos;requiered-field text ng-star-inserted&apos;]}" type="org.openqa.selenium.NoSuchElementException">org.openqa.selenium.NoSuchElementException: 
no such element: Unable to locate element: {"method":"xpath","selector":"//div[@class='requiered-field text ng-star-inserted']"}
  (Session info: chrome=77.0.3865.90)
For documentation on this error, please visit: http://seleniumhq.org/exceptions/no_such_element.html
Build info: version: '3.14.0', revision: 'aacccce0', time: '2018-08-02T20:19:58.91Z'
System info: host: 'RND-BASE-A', ip: '10.0.2.15', os.name: 'Windows Server 2012 R2', os.arch: 'amd64', os.version: '6.3', java.version: '1.8.0_201'
Driver info: org.openqa.selenium.chrome.ChromeDriver
Capabilities {acceptInsecureCerts: false, browserName: chrome, browserVersion: 77.0.3865.90, chrome: {chromedriverVersion: 76.0.3809.126 (d80a294506b4..., userDataDir: C:\Users\ADMINI~1\AppData\L...}, goog:chromeOptions: {debuggerAddress: localhost:54288}, javascriptEnabled: true, networkConnectionEnabled: false, pageLoadStrategy: normal, platform: XP, platformName: XP, proxy: Proxy(), setWindowRect: true, strictFileInteractability: false, timeouts: {implicit: 0, pageLoad: 300000, script: 30000}, unhandledPromptBehavior: dismiss and notify}
Session ID: fe6bcaf39b90d7740f1b234a445d6702
*** Element info: {Using=xpath, value=//div[@class='requiered-field text ng-star-inserted']}
	at com.NexusPortalAutomation.TestCases.Java.TC0025_1_VerifyAction_Transfers_Scheduled_CurrentMoveinCustomer.VerifyActionServiceOrder_Transfers_NotSchedule(TC0025_1_VerifyAction_Transfers_Scheduled_CurrentMoveinCustomer.java:91)
</failure>
    <system-out><![CDATA[Closing Browser
Test Completed...
Launching Chrome
Browser Maximised
Test started- VerifyActionServiceOrder_Transfers_NotSchedule
SORD00000002575
Deleting Records for ServiceOrder = SORD00000002575
SORD00000002574
Deleting Records for ServiceOrder = SORD00000002574
0
Deleting Records for Location =  LOC@0004
0
Deleting Records for Location =  LOC@0005
Angular Request Completed in 14ms
Log in to Nexus View
Element [[ChromeDriver: chrome on XP (fe6bcaf39b90d7740f1b234a445d6702)] -> id: username] displayed in 45ms
Login Page title Verified
Element [[ChromeDriver: chrome on XP (fe6bcaf39b90d7740f1b234a445d6702)] -> id: username] displayed in 15ms
Element [[ChromeDriver: chrome on XP (fe6bcaf39b90d7740f1b234a445d6702)] -> id: password] displayed in 32ms
Element [[ChromeDriver: chrome on XP (fe6bcaf39b90d7740f1b234a445d6702)] -> id: kc-login] displayed in 30ms
Angular Request Completed in 30ms
User signed Admin
Enter Text for Search =LOC@0004
Element [[ChromeDriver: chrome on XP (fe6bcaf39b90d7740f1b234a445d6702)] -> id: SRCH_Input] displayed in 67ms
Angular request time 633ms
Element [[ChromeDriver: chrome on XP (fe6bcaf39b90d7740f1b234a445d6702)] -> id: SRCH_Option_1_Address_Line] displayed in 40ms
Click Customer
Angular request time 379ms
Angular request time 15ms
Element [[ChromeDriver: chrome on XP (fe6bcaf39b90d7740f1b234a445d6702)] -> id: 'LOC_Location_Id'] displayed in 57ms
Angular request time 8ms
got Text CustomerLocId = LOC@0004
Customer Location Id found LOC@0004
Strings Matched: LOC@0004 = LOC@0004
Click Action Dropdown
Element [[ChromeDriver: chrome on XP (fe6bcaf39b90d7740f1b234a445d6702)] -> id: ACTION_Button] displayed in 48ms
Element [[ChromeDriver: chrome on XP (fe6bcaf39b90d7740f1b234a445d6702)] -> id: ACTION_Button] displayed in 18ms
Angular request time 8ms
Click Action Drop down
Angular request time 15ms
Element [[ChromeDriver: chrome on XP (fe6bcaf39b90d7740f1b234a445d6702)] -> id: ACTION_Transfer_Service] displayed in 47ms
Element [[ChromeDriver: chrome on XP (fe6bcaf39b90d7740f1b234a445d6702)] -> id: ACTION_Transfer_Service] displayed in 93ms
Angular request time 31ms
Click Action Transfer Service Drop down
Angular request time 9ms
Element [[ChromeDriver: chrome on XP (fe6bcaf39b90d7740f1b234a445d6702)] -> id: XFER_Select] displayed in 75ms
Angular request time 46ms
Click Transfer Combo
Angular request time 43ms
Element [[ChromeDriver: chrome on XP (fe6bcaf39b90d7740f1b234a445d6702)] -> id: XFER_Select_Option_1] displayed in 51ms
Angular request time 8ms
Click Transfer Option 1
Angular request time 12ms
TRANSFER
Element [[ChromeDriver: chrome on XP (fe6bcaf39b90d7740f1b234a445d6702)] -> id: CLO_Service_Order_Input] displayed in 55ms
Setting Text on Search Request with Text = Transfer
Angular request time 8ms
Element [[ChromeDriver: chrome on XP (fe6bcaf39b90d7740f1b234a445d6702)] -> id: XFER_MoveFrom_Date_Picker_Requested] displayed in 44ms
10/02/2019 01:42
Enter Schedule Date
Element [[ChromeDriver: chrome on XP (fe6bcaf39b90d7740f1b234a445d6702)] -> id: XFER_MoveFrom_Date_Picker_Scheduled] displayed in 43ms
Element [[ChromeDriver: chrome on XP (fe6bcaf39b90d7740f1b234a445d6702)] -> id: XFER_MoveFrom_Date_Picker_Scheduled] displayed in 33ms
Setting Text on DatePicket with Text = 10/02/2019 01:42
Angular request time 419ms
Strings Matched: Mr. VACANT VACANT = Mr. VACANT VACANT
TEST DEFAULT VALUE FOR CUSTOMER ===Mr. VACANT VACANT
Element [[ChromeDriver: chrome on XP (fe6bcaf39b90d7740f1b234a445d6702)] -> id: XFER_Search_Input] displayed in 61ms
Setting Text on Customer Name Request with Text = Mr. Automation Mate
Angular request time 12ms
Element [[ChromeDriver: chrome on XP (fe6bcaf39b90d7740f1b234a445d6702)] -> id: XFER_Search_Option_1_Customer_Name] displayed in 631ms
Angular request time 16ms
Click XFER_Search_Option_1_Customer_Name
Angular request time 7ms
Element [[ChromeDriver: chrome on XP (fe6bcaf39b90d7740f1b234a445d6702)] -> id: XFER_Description] displayed in 71ms
Setting Text on Description Request with Text = AUTOMATION TEST
Angular request time 8ms
Element [[ChromeDriver: chrome on XP (fe6bcaf39b90d7740f1b234a445d6702)] -> id: XFER_MoveTo_Tab] displayed in 39ms
Angular request time 9ms
Click Move To Tab (Transfers)
Angular request time 7ms
Element [[ChromeDriver: chrome on XP (fe6bcaf39b90d7740f1b234a445d6702)] -> id: XFER_MoveTo_Date_Picker_Requested] displayed in 47ms
10/02/2019 01:42
Enter Request Date
Element [[ChromeDriver: chrome on XP (fe6bcaf39b90d7740f1b234a445d6702)] -> id: XFER_MoveTo_Date_Picker_Requested] displayed in 35ms
Element [[ChromeDriver: chrome on XP (fe6bcaf39b90d7740f1b234a445d6702)] -> id: XFER_MoveTo_Date_Picker_Requested] displayed in 41ms
Setting Text on DatePicket with Text = 10/02/2019 01:42
Angular request time 7ms
Element [[ChromeDriver: chrome on XP (fe6bcaf39b90d7740f1b234a445d6702)] -> id: CLO_Service_Order_Input] displayed in 105ms
Enter Request Name
Element [[ChromeDriver: chrome on XP (fe6bcaf39b90d7740f1b234a445d6702)] -> id: CLO_Service_Order_Input] displayed in 102ms
Setting Text on Service Order Input with Text = TRANSFER
Angular request time 32ms
Element [[ChromeDriver: chrome on XP (fe6bcaf39b90d7740f1b234a445d6702)] -> id: XFER_Search_Input] displayed in 119ms
Element [[ChromeDriver: chrome on XP (fe6bcaf39b90d7740f1b234a445d6702)] -> id: XFER_Search_Input] displayed in 79ms
Setting Text on XFERSearchInput with Text = LOC@0005
Angular request time 340ms
Element [[ChromeDriver: chrome on XP (fe6bcaf39b90d7740f1b234a445d6702)] -> id: XFER_Search_Option_1_Customer_Name] displayed in 640ms
Angular request time 131ms
Click XFER_Search_Option_1_Customer_Name
Angular request time 16ms
Enter Request Description
Element [[ChromeDriver: chrome on XP (fe6bcaf39b90d7740f1b234a445d6702)] -> id: XFER_Description] displayed in 99ms
Element [[ChromeDriver: chrome on XP (fe6bcaf39b90d7740f1b234a445d6702)] -> id: XFER_Description] displayed in 30ms
Setting Text on XFER Description with Text = Move in from location
Angular request time 15ms
Element [[ChromeDriver: chrome on XP (fe6bcaf39b90d7740f1b234a445d6702)] -> id: XFER_Search_Input] displayed in 20ms
Element [[ChromeDriver: chrome on XP (fe6bcaf39b90d7740f1b234a445d6702)] -> id: XFER_Search_Input] displayed in 21ms
Setting Text on Customer Name Request with Text = Mr. Automation Mate
Angular request time 9ms
Click Submit
Element [[ChromeDriver: chrome on XP (fe6bcaf39b90d7740f1b234a445d6702)] -> id: XFER_Button_Action] displayed in 42ms
Element [[ChromeDriver: chrome on XP (fe6bcaf39b90d7740f1b234a445d6702)] -> id: XFER_Button_Action] displayed in 24ms
Angular request time 127ms
Click MoveInSubmit Button
Angular request time 16ms
***** Error VerifyActionServiceOrder_Transfers_NotSchedule test has failed *****
]]></system-out>
    <system-err><![CDATA[Starting ChromeDriver 76.0.3809.126 (d80a294506b4c9d18015e755cee48f953ddc3f2f-refs/branch-heads/3809@{#1024}) on port 25304
Only local connections are allowed.
Please protect ports used by ChromeDriver and related test frameworks to prevent access by malicious code.
[1570041745.383][WARNING]: This version of ChromeDriver has not been tested with Chrome version 77.
Oct 02, 2019 1:42:26 PM org.openqa.selenium.remote.ProtocolHandshake createSession
INFO: Detected dialect: W3C
]]></system-err>
  </testcase>
  <testcase name="VerifyRecentWidget" classname="com.NexusPortalAutomation.TestCases.Java.TC0023_VerifyRecentWidget" time="15.636"/>
  <testcase name="VerifyActionServiceOrder_Transfers_NotSchedule" classname="com.NexusPortalAutomation.TestCases.Java.TC0025_VerifyAction_Transfers_NotScheduled" time="47.938"/>
  <testcase name="VerifyTransferActionServiceOrder" classname="com.NexusPortalAutomation.TestCases.Java.TC0026_VerifyAction_Transfers_StartService_NotScheduled" time="20.699"/>
  <testcase name="VerifyTransferActionServiceOrder" classname="com.NexusPortalAutomation.TestCases.Java.TC0027_VerifyAction_Transfers_StopService_NotScheduled" time="27.504"/>
  <testcase name="TestSearchAutobyRecent" classname="com.NexusPortalAutomation.TestCases.Java.TC0004_TestSearchbyRecentFunction" time="30.579"/>
  <testcase name="TestSearchAutobyBookMark" classname="com.NexusPortalAutomation.TestCases.Java.TC0005_TestBookMarks" time="11.805"/>
  <testcase name="TestSummarySectionOnChange" classname="com.NexusPortalAutomation.TestCases.Java.TC0007_TestSummarySection" time="16.038"/>
  <testcase name="TestSearchAutobyFirstName" classname="com.NexusPortalAutomation.TestCases.Java.TC0028_TestEnhancedNotes" time="13.968"/>
  <testcase name="TestSearchAutobyFirstName" classname="com.NexusPortalAutomation.TestCases.Java.TC0024_TestCustDetailSearch" time="29.645"/>
  <testcase name="TestSearchAlertOnLoad" classname="com.NexusPortalAutomation.TestCases.Java.TC0006_TestAlertOnLoad" time="11.293"/>
  <testcase name="TestSearchAutobyFirstName" classname="com.NexusPortalAutomation.TestCases.Java.TC0002_TestSearchAutobyFirstName" time="11.569"/>
  <testcase name="TestSearchAutobyLastName" classname="com.NexusPortalAutomation.TestCases.Java.TC0003_TestSearchAutobyLastName" time="21.688"/>
</testsuite>