<?xml version="1.0" encoding="UTF-8"?>
<testsuite xmlns:xsi="http://www.w3.org/2001/XMLSchema-instance" xsi:noNamespaceSchemaLocation="https://maven.apache.org/surefire/maven-surefire-plugin/xsd/surefire-test-report-3.0.xsd" version="3.0" name="TestSuite" time="1,676.722" tests="37" errors="0" skipped="0" failures="2">
  <properties>
[...]
</properties>
  <testcase name="TestBookMark" classname="com.NexusPortalAutomation.TestCases.Java.TC0011_VerifyBookMark" time="50.413"/>
  <testcase name="VerifyDrillBackTransactions" classname="com.NexusPortalAutomation.TestCases.Java.TC0019_VerifyDrillBackTransactions" time="21.117"/>
  <testcase name="TestDrillBackServices" classname="com.NexusPortalAutomation.TestCases.Java.TC0020_VerifyDrillBackServices" time="25.773"/>
  <testcase name="TestServiceOrderDetails" classname="com.NexusPortalAutomation.TestCases.Java.TC0021_VerifyServicesOrderDetails" time="29.269"/>
  <testcase name="TestCustomerDetails" classname="com.NexusPortalAutomation.TestCases.Java.TC0010_VerifyCustomerDetails" time="23.27"/>
  <testcase name="VerifyDrillBacksGeneral" classname="com.NexusPortalAutomation.TestCases.Java.TC0018_VerifyDrillBacksGeneral" time="31.658"/>
  <testcase name="TestSearchAccount" classname="com.NexusPortalAutomation.TestCases.Java.TC0009_VerifyAccountSearch" time="29.133">
    <failure message="Element Not found expected [false] but found [true]" type="java.lang.AssertionError">java.lang.AssertionError: Element Not found expected [false] but found [true]
	at com.NexusPortalAutomation.TestCases.Java.TC0009_VerifyAccountSearch.TestSearchAccount(TC0009_VerifyAccountSearch.java:69)
</failure>
    <system-out><![CDATA[Test completed successfully- VerifyDrillBacksGeneral
Closing Browser
Test Completed...
Launching Chrome
Browser Maximised
Test started- TestSearchAccount
Angular Request Completed in 44ms
Log in to Nexus View
Element [[ChromeDriver: chrome on XP (d8367d52716c8821e1bcd2c279603b62)] -> id: username] displayed in 53ms
Login Page Title Verified
Element [[ChromeDriver: chrome on XP (d8367d52716c8821e1bcd2c279603b62)] -> id: username] displayed in 16ms
Element [[ChromeDriver: chrome on XP (d8367d52716c8821e1bcd2c279603b62)] -> id: password] displayed in 43ms
Element [[ChromeDriver: chrome on XP (d8367d52716c8821e1bcd2c279603b62)] -> id: kc-login] displayed in 44ms
Angular Request Completed in 15ms
User signed Admin
Enter Text for Search =500001
Element [[ChromeDriver: chrome on XP (d8367d52716c8821e1bcd2c279603b62)] -> id: SRCH_Input] displayed in 66ms
Angular request time 1036ms
Click Customer
Angular request time 2170ms
Angular request time 16ms
Element [[ChromeDriver: chrome on XP (d8367d52716c8821e1bcd2c279603b62)] -> id: CUST_Customer_Id] displayed in 72ms
get Text Text Customer Id
Angular request time 12ms
CustomerId found 500001
Strings Matched: 500001 = 500001
Angular request time 6ms
Click on Account Drop down
Element [[ChromeDriver: chrome on XP (d8367d52716c8821e1bcd2c279603b62)] -> id: SRCH_Accounts_Label] displayed in 72ms
Element [[ChromeDriver: chrome on XP (d8367d52716c8821e1bcd2c279603b62)] -> id: SRCH_Accounts_Label] displayed in 18ms
Angular request time 12ms
Click Account Drop down
Angular request time 11ms
Enter Account Name
Angular request time 9ms
Element [[ChromeDriver: chrome on XP (d8367d52716c8821e1bcd2c279603b62)] -> id: SRCH_Accounts] displayed in 60ms
Element [[ChromeDriver: chrome on XP (d8367d52716c8821e1bcd2c279603b62)] -> id: SRCH_Accounts] displayed in 18ms
Angular request time 15ms
Click Search Account
Angular request time 10ms
Element [[ChromeDriver: chrome on XP (d8367d52716c8821e1bcd2c279603b62)] -> id: SRCH_Accounts_Result1_Customer_Status] displayed in 33ms
Strings Matched: Current = Current
Element [[ChromeDriver: chrome on XP (d8367d52716c8821e1bcd2c279603b62)] -> id: SRCH_Accounts_Result2_Customer_Status] displayed in 43ms
Strings Matched: Former = Former
Element [[ChromeDriver: chrome on XP (d8367d52716c8821e1bcd2c279603b62)] -> id: SRCH_Accounts_Result3_Customer_Status] displayed in 32ms
Strings Matched: Move In = Move In
Element [[ChromeDriver: chrome on XP (d8367d52716c8821e1bcd2c279603b62)] -> id: SRCH_Accounts_Result1_Address_Line] displayed in 36ms
Strings Matched: 8 Orchard = 8 Orchard
Element [[ChromeDriver: chrome on XP (d8367d52716c8821e1bcd2c279603b62)] -> id: SRCH_Accounts_Result2_Address_Line] displayed in 39ms
Strings Matched: 8 Orchard = 8 Orchard
Element [[ChromeDriver: chrome on XP (d8367d52716c8821e1bcd2c279603b62)] -> id: SRCH_Accounts_Result3_Address_Line] displayed in 46ms
Strings Matched: 8000 Bsmt = 8000 Bsmt
Element [[ChromeDriver: chrome on XP (d8367d52716c8821e1bcd2c279603b62)] -> id: SRCH_Accounts_Result1_Address_City_State_ZipCode] displayed in 38ms
Strings Matched: Troy NY 12180 = Troy NY 12180
Element [[ChromeDriver: chrome on XP (d8367d52716c8821e1bcd2c279603b62)] -> id: SRCH_Accounts_Result2_Address_City_State_ZipCode] displayed in 43ms
Strings Matched: Troy NY 12180 = Troy NY 12180
Element [[ChromeDriver: chrome on XP (d8367d52716c8821e1bcd2c279603b62)] -> id: SRCH_Accounts_Result3_Address_City_State_ZipCode] displayed in 45ms
Strings Matched: Cartersville GA 09007-8623 = Cartersville GA 09007-8623
]]></system-out>
    <system-err><![CDATA[Starting ChromeDriver 74.0.3729.6 (255758eccf3d244491b8a1317aa76e1ce10d57e9-refs/branch-heads/3729@{#29}) on port 8195
Only local connections are allowed.
Please protect ports used by ChromeDriver and related test frameworks to prevent access by malicious code.
[1565291735.467][WARNING]: This version of ChromeDriver has not been tested with Chrome version 75.
Aug 08, 2019 2:15:36 PM org.openqa.selenium.remote.ProtocolHandshake createSession
INFO: Detected dialect: OSS
]]></system-err>
  </testcase>
  <testcase name="TestBillingStatements" classname="com.NexusPortalAutomation.TestCases.Java.TC0017_StatementsValue" time="22.15"/>
  <testcase name="TestSearchbyLocationID" classname="com.NexusPortalAutomation.TestCases.Java.TC0008_VerifySignInbyLocationID" time="25.753"/>
  <testcase name="TestContactLogs" classname="com.NexusPortalAutomation.TestCases.Java.TC0015_VerifyContactLogs" time="21.76"/>
  <testcase name="VerifyBillingDetails" classname="com.NexusPortalAutomation.TestCases.Java.TC0016_VerifyBillingDetails" time="31.575"/>
  <testcase name="TestContactEdit" classname="com.NexusPortalAutomation.TestCases.Java.TC0013_VerifyContactEdit" time="34.826"/>
  <testcase name="TestSecondayContact" classname="com.NexusPortalAutomation.TestCases.Java.TC0014_VerifySecondaryContact" time="24.737"/>
  <testcase name="TestCreditStatus" classname="com.NexusPortalAutomation.TestCases.Java.TC0012_VerifyCreditStatus" time="48.878">
    <failure message="no such element: Unable to locate element: {&quot;method&quot;:&quot;id&quot;,&quot;selector&quot;:&quot;CUST_Credit_Rating&quot;}&#10;  (Session info: chrome=75.0.3770.142)&#10;  (Driver info: chromedriver=74.0.3729.6 (255758eccf3d244491b8a1317aa76e1ce10d57e9-refs/branch-heads/3729@{#29}),platform=Windows NT 6.3.9600 x86_64) (WARNING: The server did not provide any stacktrace information)&#10;Command duration or timeout: 0 milliseconds&#10;For documentation on this error, please visit: http://seleniumhq.org/exceptions/no_such_element.html&#10;Build info: version: &apos;3.14.0&apos;, revision: &apos;aacccce0&apos;, time: &apos;2018-08-02T20:19:58.91Z&apos;&#10;System info: host: &apos;RND-BASE-A&apos;, ip: &apos;192.168.1.106&apos;, os.name: &apos;Windows Server 2012 R2&apos;, os.arch: &apos;amd64&apos;, os.version: &apos;6.3&apos;, java.version: &apos;1.8.0_201&apos;&#10;Driver info: org.openqa.selenium.chrome.ChromeDriver&#10;Capabilities {acceptInsecureCerts: false, acceptSslCerts: false, applicationCacheEnabled: false, browserConnectionEnabled: false, browserName: chrome, chrome: {chromedriverVersion: 74.0.3729.6 (255758eccf3d24..., userDataDir: C:\Users\ADMINI~1\AppData\L...}, cssSelectorsEnabled: true, databaseEnabled: false, goog:chromeOptions: {debuggerAddress: localhost:64952}, handlesAlerts: true, hasTouchScreen: false, javascriptEnabled: true, locationContextEnabled: true, mobileEmulationEnabled: false, nativeEvents: true, networkConnectionEnabled: false, pageLoadStrategy: normal, platform: XP, platformName: XP, proxy: Proxy(), rotatable: false, setWindowRect: true, strictFileInteractability: false, takesHeapSnapshot: true, takesScreenshot: true, timeouts: {implicit: 0, pageLoad: 300000, script: 30000}, unexpectedAlertBehaviour: ignore, unhandledPromptBehavior: ignore, version: 75.0.3770.142, webStorageEnabled: true}&#10;Session ID: 4e8edce26cd31bbdb85b52a33b06d98f&#10;*** Element info: {Using=id, value=CUST_Credit_Rating}" type="org.openqa.selenium.NoSuchElementException">org.openqa.selenium.NoSuchElementException: 
no such element: Unable to locate element: {"method":"id","selector":"CUST_Credit_Rating"}
  (Session info: chrome=75.0.3770.142)
  (Driver info: chromedriver=74.0.3729.6 (255758eccf3d244491b8a1317aa76e1ce10d57e9-refs/branch-heads/3729@{#29}),platform=Windows NT 6.3.9600 x86_64) (WARNING: The server did not provide any stacktrace information)
Command duration or timeout: 0 milliseconds
For documentation on this error, please visit: http://seleniumhq.org/exceptions/no_such_element.html
Build info: version: '3.14.0', revision: 'aacccce0', time: '2018-08-02T20:19:58.91Z'
System info: host: 'RND-BASE-A', ip: '192.168.1.106', os.name: 'Windows Server 2012 R2', os.arch: 'amd64', os.version: '6.3', java.version: '1.8.0_201'
Driver info: org.openqa.selenium.chrome.ChromeDriver
Capabilities {acceptInsecureCerts: false, acceptSslCerts: false, applicationCacheEnabled: false, browserConnectionEnabled: false, browserName: chrome, chrome: {chromedriverVersion: 74.0.3729.6 (255758eccf3d24..., userDataDir: C:\Users\ADMINI~1\AppData\L...}, cssSelectorsEnabled: true, databaseEnabled: false, goog:chromeOptions: {debuggerAddress: localhost:64952}, handlesAlerts: true, hasTouchScreen: false, javascriptEnabled: true, locationContextEnabled: true, mobileEmulationEnabled: false, nativeEvents: true, networkConnectionEnabled: false, pageLoadStrategy: normal, platform: XP, platformName: XP, proxy: Proxy(), rotatable: false, setWindowRect: true, strictFileInteractability: false, takesHeapSnapshot: true, takesScreenshot: true, timeouts: {implicit: 0, pageLoad: 300000, script: 30000}, unexpectedAlertBehaviour: ignore, unhandledPromptBehavior: ignore, version: 75.0.3770.142, webStorageEnabled: true}
Session ID: 4e8edce26cd31bbdb85b52a33b06d98f
*** Element info: {Using=id, value=CUST_Credit_Rating}
	at com.NexusPortalAutomation.TestCases.Java.TC0012_VerifyCreditStatus.TestCreditStatus(TC0012_VerifyCreditStatus.java:47)
</failure>
    <system-out><![CDATA[Test completed successfully- TestSecondayContact
Closing Browser
Test Completed...
Launching Chrome
Browser Maximised
Test started- TestCreditStatus
Angular Request Completed in 41ms
Log in to Nexus View
Element [[ChromeDriver: chrome on XP (4e8edce26cd31bbdb85b52a33b06d98f)] -> id: username] displayed in 73ms
Login Page Title Verified
Element [[ChromeDriver: chrome on XP (4e8edce26cd31bbdb85b52a33b06d98f)] -> id: username] displayed in 19ms
Element [[ChromeDriver: chrome on XP (4e8edce26cd31bbdb85b52a33b06d98f)] -> id: password] displayed in 43ms
Element [[ChromeDriver: chrome on XP (4e8edce26cd31bbdb85b52a33b06d98f)] -> id: kc-login] displayed in 49ms
Angular Request Completed in 14ms
User signed Admin
Enter Text for Search =LOC@0001
Element [[ChromeDriver: chrome on XP (4e8edce26cd31bbdb85b52a33b06d98f)] -> id: SRCH_Input] displayed in 60ms
Angular request time 928ms
Click Customer
Angular request time 3145ms
Angular request time 7ms
Element [[ChromeDriver: chrome on XP (4e8edce26cd31bbdb85b52a33b06d98f)] -> id: 'LOC_Location_Id'] displayed in 69ms
get Text Text CustomerLocId
Angular request time 8ms
Customer Location Id found LOC@0001
Strings Matched: LOC@0001 = LOC@0001
Verify Credit Status
Strings Matched: BAD = BAD
Angular request time 7ms
Angular request time 16ms
Angular request time 16ms
Element [[ChromeDriver: chrome on XP (4e8edce26cd31bbdb85b52a33b06d98f)] -> id: USR_Name] displayed in 82ms
Element [[ChromeDriver: chrome on XP (4e8edce26cd31bbdb85b52a33b06d98f)] -> id: USR_Name] displayed in 37ms
Angular request time 11ms
Click Logged User Link
Angular request time 9ms
Element [[ChromeDriver: chrome on XP (4e8edce26cd31bbdb85b52a33b06d98f)] -> id: ACTION_Logout] displayed in 62ms
Element [[ChromeDriver: chrome on XP (4e8edce26cd31bbdb85b52a33b06d98f)] -> id: ACTION_Logout] displayed in 62ms
Angular request time 15ms
Click LogOut Link
Angular request time 18ms
Angular request time 13ms
Angular Request Completed in 16ms
Log in to Nexus View
Element [[ChromeDriver: chrome on XP (4e8edce26cd31bbdb85b52a33b06d98f)] -> id: username] displayed in 62ms
Login Page Title Verified
Element [[ChromeDriver: chrome on XP (4e8edce26cd31bbdb85b52a33b06d98f)] -> id: username] displayed in 20ms
Element [[ChromeDriver: chrome on XP (4e8edce26cd31bbdb85b52a33b06d98f)] -> id: password] displayed in 41ms
Element [[ChromeDriver: chrome on XP (4e8edce26cd31bbdb85b52a33b06d98f)] -> id: kc-login] displayed in 49ms
Angular Request Completed in 17ms
User signed Admin
Enter Text for Search =TESTLOCATION01
Element [[ChromeDriver: chrome on XP (4e8edce26cd31bbdb85b52a33b06d98f)] -> id: SRCH_Input] displayed in 73ms
Angular request time 1013ms
Click Customer
Angular request time 3414ms
Angular request time 24ms
Element [[ChromeDriver: chrome on XP (4e8edce26cd31bbdb85b52a33b06d98f)] -> id: 'LOC_Location_Id'] displayed in 39ms
get Text Text CustomerLocId
Angular request time 9ms
Customer Location Id found TESTLOCATION01
Strings Matched: TESTLOCATION01 = TESTLOCATION01
Verify Credit Status
]]></system-out>
    <system-err><![CDATA[Starting ChromeDriver 74.0.3729.6 (255758eccf3d244491b8a1317aa76e1ce10d57e9-refs/branch-heads/3729@{#29}) on port 9485
Only local connections are allowed.
Please protect ports used by ChromeDriver and related test frameworks to prevent access by malicious code.
[1565291954.421][WARNING]: This version of ChromeDriver has not been tested with Chrome version 75.
Aug 08, 2019 2:19:15 PM org.openqa.selenium.remote.ProtocolHandshake createSession
INFO: Detected dialect: OSS
]]></system-err>
  </testcase>
  <testcase name="TestSearchID" classname="com.NexusPortalAutomation.TestCases.Java.TC0001_VerifySignInbyID" time="22.941"/>
  <testcase name="VerifyActionServiceOrder" classname="com.NexusPortalAutomation.TestCases.Java.TC0022_VerifyAction_ServiceOrder" time="31.783"/>
  <testcase name="VerifyActionServiceOrder" classname="com.NexusPortalAutomation.TestCases.Java.TC0025_VerifyAction_Transfers_NotScheduled" time="47.004"/>
  <testcase name="VerifyActionServiceOrder" classname="com.NexusPortalAutomation.TestCases.Java.TC0029_VerifyAction_Transfers_Scheduled" time="48.437"/>
  <testcase name="VerifyRecentWidget" classname="com.NexusPortalAutomation.TestCases.Java.TC0023_VerifyRecentWidget" time="24.322"/>
  <testcase name="VerifyTransferActionServiceOrder" classname="com.NexusPortalAutomation.TestCases.Java.TC0026_VerifyAction_Transfers_StartService_NotScheduled" time="35.228"/>
  <testcase name="VerifyTransferActionServiceOrder" classname="com.NexusPortalAutomation.TestCases.Java.TC0030_VerifyAction_Transfers_StartService_Scheduled" time="38.816"/>
  <testcase name="VerifyTransferActionServiceOrder" classname="com.NexusPortalAutomation.TestCases.Java.TC0027_VerifyAction_Transfers_StopService_NotScheduled" time="36.581"/>
  <testcase name="VerifyTransferActionServiceOrder" classname="com.NexusPortalAutomation.TestCases.Java.TC0031_VerifyAction_Transfers_StopService_Scheduled" time="38.931"/>
  <testcase name="VerifyTransferActionServiceOrder" classname="com.NexusPortalAutomation.TestCases.Java.TC0032_VerifyAction_Transfers_Stack_StopService_Scheduled" time="78.724"/>
  <testcase name="VerifyTransferActionServiceOrder" classname="com.NexusPortalAutomation.TestCases.Java.TC0033_VerifyAction_Transfers_Stack_StartService_Scheduled" time="69.405"/>
  <testcase name="VerifyTransferActionServiceOrder" classname="com.NexusPortalAutomation.TestCases.Java.TC0034_VerifyAction_Transfers_Stack_TwoLocations" time="89.17"/>
  <testcase name="VerifyTransferActionServiceOrder" classname="com.NexusPortalAutomation.TestCases.Java.TC0035_VerifyAction_Transfers_StopService" time="77.046"/>
  <testcase name="VerifyTransferActionServiceOrder" classname="com.NexusPortalAutomation.TestCases.Java.TC0036_VerifyAction_Transfers_StartService" time="103.45"/>
  <testcase name="VerifyTransferActionServiceOrder" classname="com.NexusPortalAutomation.TestCases.Java.TC0037_VerifyAction_Transfers_Stack_TwoLocations_NotScheduled" time="91.877"/>
  <testcase name="TestSearchAutobyRecent" classname="com.NexusPortalAutomation.TestCases.Java.TC0004_TestSearchbyRecentFunction" time="65.42"/>
  <testcase name="TestSearchAutobyBookMark" classname="com.NexusPortalAutomation.TestCases.Java.TC0005_TestBookMarks" time="30.153"/>
  <testcase name="TestSummarySectionOnChange" classname="com.NexusPortalAutomation.TestCases.Java.TC0007_TestSummarySection" time="36.75"/>
  <testcase name="TestSearchAutobyFirstName" classname="com.NexusPortalAutomation.TestCases.Java.TC0024_TestCustDetailSearch" time="47.196"/>
  <testcase name="TestSearchAutobyFirstName" classname="com.NexusPortalAutomation.TestCases.Java.TC0028_TestEnhancedNotes" time="26.284"/>
  <testcase name="TestSearchAlertOnLoad" classname="com.NexusPortalAutomation.TestCases.Java.TC0006_TestAlertOnLoad" time="27.572"/>
  <testcase name="TestSearchAutobyFirstName" classname="com.NexusPortalAutomation.TestCases.Java.TC0002_TestSearchAutobyFirstName" time="27.956"/>
  <testcase name="TestSearchAutobyLastName" classname="com.NexusPortalAutomation.TestCases.Java.TC0003_TestSearchAutobyLastName" time="25.421"/>
</testsuite>