<?xml version="1.0" encoding="UTF-8"?>
<testsuite xmlns:xsi="http://www.w3.org/2001/XMLSchema-instance" xsi:noNamespaceSchemaLocation="https://maven.apache.org/surefire/maven-surefire-plugin/xsd/surefire-test-report-3.0.xsd" version="3.0" name="TestSuite" time="447.078" tests="15" errors="0" skipped="0" failures="4">
  <properties>
[...]
</properties>
  <testcase name="TestSearchID" classname="com.NexusPortalAutomation.TestCases.Java.TC0001_VerifySignInbyID" time="26.642"/>
  <testcase name="TestSearchbyLocationID" classname="com.NexusPortalAutomation.TestCases.Java.TC0008_VerifySignInbyLocationID" time="29.777"/>
  <testcase name="TestSearchAccount" classname="com.NexusPortalAutomation.TestCases.Java.TC0009_VerifyAccountSearch" time="27.704"/>
  <testcase name="TestCustomerDetails" classname="com.NexusPortalAutomation.TestCases.Java.TC0010_VerifyCustomerDetails" time="28.047"/>
  <testcase name="TestCreditStatus" classname="com.NexusPortalAutomation.TestCases.Java.TC0012_VerifyCreditStatus" time="25.446"/>
  <testcase name="TestContactEdit" classname="com.NexusPortalAutomation.TestCases.Java.TC0013_VerifyContactEdit" time="28.499"/>
  <testcase name="TestSecondayContact" classname="com.NexusPortalAutomation.TestCases.Java.TC0014_VerifySecondaryContact" time="24.279"/>
  <testcase name="TestNotesSection" classname="com.NexusPortalAutomation.TestCases.Java.TC0015_VerifyContactLogs" time="27.776"/>
  <testcase name="TestBillingStatements" classname="com.NexusPortalAutomation.TestCases.Java.TC0017_StatementsValue" time="27.092"/>
  <testcase name="TestSearchAutobyRecent" classname="com.NexusPortalAutomation.TestCases.Java.TC0004_TestSearchbyRecentFunction" time="33.502"/>
  <testcase name="TestSearchAutobyBookMark" classname="com.NexusPortalAutomation.TestCases.Java.TC0005_TestSearchbyBookMarks" time="24.652"/>
  <testcase name="TestSearchAlertOnLoad" classname="com.NexusPortalAutomation.TestCases.Java.TC0006_TestAlertOnLoad" time="18.421">
    <failure message="expected [Alert Test] but found [Mr. Alert Test]" type="java.lang.AssertionError">java.lang.AssertionError: expected [Alert Test] but found [Mr. Alert Test]
	at com.NexusPortalAutomation.TestCases.Java.TC0006_TestAlertOnLoad.TestSearchAlertOnLoad(TC0006_TestAlertOnLoad.java:37)
</failure>
    <system-out><![CDATA[Test completed successfully- TestSearchAutobyBookMark
Closing Browser
Test Completed...
Launching Chrome
Browser Maximised
Test started- TestSearchAlertOnLoad
Angular Request Completed in 236ms
Sign in Page Title Verified
Angular Request Completed in 27ms
User signed Admin
Element '//input[@id='SRCH_Input']' is displayed in 141ms
Element 'toolbar-saved' is displayed in 78ms
Enter Text for Search =Alert
Element [[ChromeDriver: chrome on XP (1cf24d8e9edb601e36ef9c175ed45827)] -> id: SRCH_Input] displayed in 31ms
Angular request time 949ms
Click Customer
Angular request time 1916ms
Element '//div[@class='address-details']' is displayed in 386ms
Angular request time 9ms
Customer Name found Alert Test
Strings Not Matched: Mr. Alert Test != Alert Test
]]></system-out>
    <system-err><![CDATA[Starting ChromeDriver 74.0.3729.6 (255758eccf3d244491b8a1317aa76e1ce10d57e9-refs/branch-heads/3729@{#29}) on port 23916
Only local connections are allowed.
Please protect ports used by ChromeDriver and related test frameworks to prevent access by malicious code.
[1560346116.236][WARNING]: This version of ChromeDriver has not been tested with Chrome version 75.
Jun 12, 2019 8:28:37 AM org.openqa.selenium.remote.ProtocolHandshake createSession
INFO: Detected dialect: OSS
]]></system-err>
  </testcase>
  <testcase name="TestSummarySectionOnChange" classname="com.NexusPortalAutomation.TestCases.Java.TC0007_TestSummarySection" time="16.329">
    <failure message="expected [Automation Mate] but found [Mr. Automation Mate]" type="java.lang.AssertionError">java.lang.AssertionError: expected [Automation Mate] but found [Mr. Automation Mate]
	at com.NexusPortalAutomation.TestCases.Java.TC0007_TestSummarySection.TestSummarySectionOnChange(TC0007_TestSummarySection.java:39)
</failure>
    <system-out><![CDATA[***** Error TestSearchAlertOnLoad test has failed *****
Closing Browser
Test Completed...
Launching Chrome
Browser Maximised
Test started- TestSummarySectionOnChange
Angular Request Completed in 96ms
Sign in Page Title Verified
Angular Request Completed in 31ms
User signed Admin
Element '//input[@id='SRCH_Input']' is displayed in 79ms
Element 'toolbar-saved' is displayed in 63ms
Angular Request Completed in 15ms
Enter Text for Search =Automation
Element [[ChromeDriver: chrome on XP (98cab7bfacc07277c7c3020a89d889c0)] -> id: SRCH_Input] displayed in 31ms
Angular request time 1082ms
Click Customer
Angular request time 2145ms
Element '//div[@class='address-details']' is displayed in 77ms
Angular request time 10ms
Customer Name found Automation Mate
Strings Not Matched: Mr. Automation Mate != Automation Mate
]]></system-out>
    <system-err><![CDATA[Starting ChromeDriver 74.0.3729.6 (255758eccf3d244491b8a1317aa76e1ce10d57e9-refs/branch-heads/3729@{#29}) on port 40751
Only local connections are allowed.
Please protect ports used by ChromeDriver and related test frameworks to prevent access by malicious code.
[1560346140.670][WARNING]: This version of ChromeDriver has not been tested with Chrome version 75.
Jun 12, 2019 8:29:01 AM org.openqa.selenium.remote.ProtocolHandshake createSession
INFO: Detected dialect: OSS
]]></system-err>
  </testcase>
  <testcase name="TestSearchAutobyFirstName" classname="com.NexusPortalAutomation.TestCases.Java.TC0002_TestSearchAutobyFirstName" time="16.843">
    <failure message="expected [Automation Mate] but found [Mr. Automation Mate]" type="java.lang.AssertionError">java.lang.AssertionError: expected [Automation Mate] but found [Mr. Automation Mate]
	at com.NexusPortalAutomation.TestCases.Java.TC0002_TestSearchAutobyFirstName.TestSearchAutobyFirstName(TC0002_TestSearchAutobyFirstName.java:34)
</failure>
    <system-out><![CDATA[***** Error TestSummarySectionOnChange test has failed *****
Closing Browser
Test Completed...
Launching Chrome
Browser Maximised
Test started- TestSearchAutobyFirstName
Angular Request Completed in 138ms
Sign in Page Title Verified
Angular Request Completed in 16ms
User signed Admin
Enter Text for Search =Automation
Element [[ChromeDriver: chrome on XP (6cd274bebf8f316c953cf4fc39025c2c)] -> id: SRCH_Input] displayed in 47ms
Angular request time 1119ms
Click Customer
Angular request time 2343ms
Angular request time 8ms
Customer Name found Automation Mate
Strings Not Matched: Mr. Automation Mate != Automation Mate
]]></system-out>
    <system-err><![CDATA[Starting ChromeDriver 74.0.3729.6 (255758eccf3d244491b8a1317aa76e1ce10d57e9-refs/branch-heads/3729@{#29}) on port 19353
Only local connections are allowed.
Please protect ports used by ChromeDriver and related test frameworks to prevent access by malicious code.
[1560346163.087][WARNING]: This version of ChromeDriver has not been tested with Chrome version 75.
Jun 12, 2019 8:29:24 AM org.openqa.selenium.remote.ProtocolHandshake createSession
INFO: Detected dialect: OSS
]]></system-err>
  </testcase>
  <testcase name="TestSearchAutobyLastName" classname="com.NexusPortalAutomation.TestCases.Java.TC0003_TestSearchAutobyLastName" time="17.234">
    <failure message="expected [Automation Mate] but found [Mr. Automation Mate]" type="java.lang.AssertionError">java.lang.AssertionError: expected [Automation Mate] but found [Mr. Automation Mate]
	at com.NexusPortalAutomation.TestCases.Java.TC0003_TestSearchAutobyLastName.TestSearchAutobyLastName(TC0003_TestSearchAutobyLastName.java:34)
</failure>
    <system-out><![CDATA[***** Error TestSearchAutobyFirstName test has failed *****
Closing Browser
Test Completed...
Launching Chrome
Browser Maximised
Test started- TestSearchAutobyLastName
Angular Request Completed in 12ms
Sign in Page Title Verified
Angular Request Completed in 16ms
User signed Admin
Enter Text for Search =Mate
Element [[ChromeDriver: chrome on XP (4e259c23247034c2c3c37c2769e7c295)] -> id: SRCH_Input] displayed in 32ms
Angular request time 1059ms
Click Customer
Angular request time 1846ms
Angular request time 7ms
Customer Name found Automation Mate
Strings Not Matched: Mr. Automation Mate != Automation Mate
]]></system-out>
    <system-err><![CDATA[Starting ChromeDriver 74.0.3729.6 (255758eccf3d244491b8a1317aa76e1ce10d57e9-refs/branch-heads/3729@{#29}) on port 19012
Only local connections are allowed.
Please protect ports used by ChromeDriver and related test frameworks to prevent access by malicious code.
[1560346186.087][WARNING]: This version of ChromeDriver has not been tested with Chrome version 75.
Jun 12, 2019 8:29:47 AM org.openqa.selenium.remote.ProtocolHandshake createSession
INFO: Detected dialect: OSS
]]></system-err>
  </testcase>
</testsuite>