<?xml version="1.0" encoding="UTF-8"?>
<testsuite xmlns:xsi="http://www.w3.org/2001/XMLSchema-instance" xsi:noNamespaceSchemaLocation="https://maven.apache.org/surefire/maven-surefire-plugin/xsd/surefire-test-report-3.0.xsd" version="3.0" name="TestSuite" time="724.247" tests="23" errors="0" skipped="0" failures="1">
  <properties>
[...]
</properties>
  <testcase name="TestBookMark" classname="com.NexusPortalAutomation.TestCases.Java.TC0011_VerifyBookMark" time="42.149"/>
  <testcase name="VerifyDrillBackTransactions" classname="com.NexusPortalAutomation.TestCases.Java.TC0019_VerifyDrillBackTransactions" time="24.053"/>
  <testcase name="TestDrillBackServices" classname="com.NexusPortalAutomation.TestCases.Java.TC0020_VerifyDrillBackServices" time="26.559"/>
  <testcase name="TestServiceOrderDetails" classname="com.NexusPortalAutomation.TestCases.Java.TC0021_VerifyServicesOrderDetails" time="27.297"/>
  <testcase name="TestCustomerDetails" classname="com.NexusPortalAutomation.TestCases.Java.TC0010_VerifyCustomerDetails" time="24.755"/>
  <testcase name="VerifyDrillBacksGeneral" classname="com.NexusPortalAutomation.TestCases.Java.TC0018_VerifyDrillBacksGeneral" time="25.597"/>
  <testcase name="TestSearchAccount" classname="com.NexusPortalAutomation.TestCases.Java.TC0009_VerifyAccountSearch" time="21.625">
    <failure message="expected [Current] but found [Move In]" type="java.lang.AssertionError">java.lang.AssertionError: expected [Current] but found [Move In]
	at com.NexusPortalAutomation.TestCases.Java.TC0009_VerifyAccountSearch.TestSearchAccount(TC0009_VerifyAccountSearch.java:46)
</failure>
    <system-out><![CDATA[Test completed successfully- VerifyDrillBacksGeneral
Closing Browser
Test Completed...
Launching Chrome
Browser Maximised
Test started- TestSearchAccount
Angular Request Completed in 57ms
Element [[ChromeDriver: chrome on XP (b2498ea96ee76f3095727fe63061c000)] -> id: kc-header-wrapper] displayed in 58ms
Login Page Title Verified
Element [[ChromeDriver: chrome on XP (b2498ea96ee76f3095727fe63061c000)] -> id: username] displayed in 60ms
Element [[ChromeDriver: chrome on XP (b2498ea96ee76f3095727fe63061c000)] -> id: password] displayed in 44ms
Element [[ChromeDriver: chrome on XP (b2498ea96ee76f3095727fe63061c000)] -> id: kc-login] displayed in 47ms
Angular Request Completed in 16ms
User signed Admin
Enter Text for Search =LOC@0004
Element [[ChromeDriver: chrome on XP (b2498ea96ee76f3095727fe63061c000)] -> id: SRCH_Input] displayed in 70ms
Angular request time 1181ms
Click Customer
Angular request time 1907ms
Angular request time 15ms
Element [[ChromeDriver: chrome on XP (b2498ea96ee76f3095727fe63061c000)] -> id: 'LOC_Location_Id'] displayed in 70ms
get Text Text CustomerLocId
Angular request time 11ms
Customer Location Id found LOC@0004
Strings Matched: LOC@0004 = LOC@0004
Angular request time 15ms
Click on Account Drop down
Element [[ChromeDriver: chrome on XP (b2498ea96ee76f3095727fe63061c000)] -> id: SRCH_Accounts_Label] displayed in 79ms
Element [[ChromeDriver: chrome on XP (b2498ea96ee76f3095727fe63061c000)] -> id: SRCH_Accounts_Label] displayed in 23ms
Click Account Drop down
Angular request time 20ms
Enter Account Name
Angular request time 8ms
Element [[ChromeDriver: chrome on XP (b2498ea96ee76f3095727fe63061c000)] -> id: SRCH_Accounts] displayed in 54ms
Element [[ChromeDriver: chrome on XP (b2498ea96ee76f3095727fe63061c000)] -> id: SRCH_Accounts] displayed in 20ms
Click Search Account
Angular request time 12ms
Element [[ChromeDriver: chrome on XP (b2498ea96ee76f3095727fe63061c000)] -> id: SRCH_Accounts_Result1_Customer_Status] displayed in 30ms
Strings Matched: Current = Current
Element [[ChromeDriver: chrome on XP (b2498ea96ee76f3095727fe63061c000)] -> id: SRCH_Accounts_Result2_Customer_Status] displayed in 51ms
Strings Matched: Current = Current
Element [[ChromeDriver: chrome on XP (b2498ea96ee76f3095727fe63061c000)] -> id: SRCH_Accounts_Result3_Customer_Status] displayed in 36ms
Strings Not Matched: Current != Move In
]]></system-out>
    <system-err><![CDATA[Starting ChromeDriver 74.0.3729.6 (255758eccf3d244491b8a1317aa76e1ce10d57e9-refs/branch-heads/3729@{#29}) on port 26778
Only local connections are allowed.
Please protect ports used by ChromeDriver and related test frameworks to prevent access by malicious code.
[1562609769.414][WARNING]: This version of ChromeDriver has not been tested with Chrome version 75.
Jul 08, 2019 1:16:10 PM org.openqa.selenium.remote.ProtocolHandshake createSession
INFO: Detected dialect: OSS
]]></system-err>
  </testcase>
  <testcase name="TestBillingStatements" classname="com.NexusPortalAutomation.TestCases.Java.TC0017_StatementsValue" time="24.903"/>
  <testcase name="TestSearchbyLocationID" classname="com.NexusPortalAutomation.TestCases.Java.TC0008_VerifySignInbyLocationID" time="24.824"/>
  <testcase name="TestContactLogs" classname="com.NexusPortalAutomation.TestCases.Java.TC0015_VerifyContactLogs" time="24.713"/>
  <testcase name="VerifyBillingDetails" classname="com.NexusPortalAutomation.TestCases.Java.TC0016_VerifyBillingDetails" time="30.232"/>
  <testcase name="TestContactEdit" classname="com.NexusPortalAutomation.TestCases.Java.TC0013_VerifyContactEdit" time="28.171"/>
  <testcase name="TestSecondayContact" classname="com.NexusPortalAutomation.TestCases.Java.TC0014_VerifySecondaryContact" time="25.807"/>
  <testcase name="TestCreditStatus" classname="com.NexusPortalAutomation.TestCases.Java.TC0012_VerifyCreditStatus" time="26.402"/>
  <testcase name="TestSearchID" classname="com.NexusPortalAutomation.TestCases.Java.TC0001_VerifySignInbyID" time="23.195"/>
  <testcase name="VerifyActionServiceOrder" classname="com.NexusPortalAutomation.TestCases.Java.TC0022_VerifyAction_ServiceOrder" time="34.83"/>
  <testcase name="VerifyRecentWidget" classname="com.NexusPortalAutomation.TestCases.Java.TC0023_VerifyRecentWidget" time="25.023"/>
  <testcase name="TestSearchAutobyRecent" classname="com.NexusPortalAutomation.TestCases.Java.TC0004_TestSearchbyRecentFunction" time="51.729"/>
  <testcase name="TestSearchAutobyBookMark" classname="com.NexusPortalAutomation.TestCases.Java.TC0005_TestBookMarks" time="26.617"/>
  <testcase name="TestSearchAlertOnLoad" classname="com.NexusPortalAutomation.TestCases.Java.TC0006_TestAlertOnLoad" time="24.977"/>
  <testcase name="TestSummarySectionOnChange" classname="com.NexusPortalAutomation.TestCases.Java.TC0007_TestSummarySection" time="25.645"/>
  <testcase name="TestSearchAutobyFirstName" classname="com.NexusPortalAutomation.TestCases.Java.TC0002_TestSearchAutobyFirstName" time="25.19"/>
  <testcase name="TestSearchAutobyLastName" classname="com.NexusPortalAutomation.TestCases.Java.TC0003_TestSearchAutobyLastName" time="24.452"/>
</testsuite>