<?xml version="1.0" encoding="UTF-8"?>
<testsuite xmlns:xsi="http://www.w3.org/2001/XMLSchema-instance" xsi:noNamespaceSchemaLocation="https://maven.apache.org/surefire/maven-surefire-plugin/xsd/surefire-test-report-3.0.xsd" version="3.0" name="TestSuite" time="1.375" tests="63" errors="0" skipped="42" failures="21">
  <properties>
[...]
</properties>
  <testcase name="readProp" classname="com.NexusPortalAutomation.TestCases.Java.TC0011_VerifyBookMark" time="0.594">
    <failure message="Invalid key code" type="java.lang.IllegalArgumentException">java.lang.IllegalArgumentException: Invalid key code
</failure>
    <system-out><![CDATA[Reading Project Properties
...
... TestNG 6.14.3 by Cédric Beust (cedric@beust.com)
...

Reading Project Properties
Reading Project Properties
Reading Project Properties
Reading Project Properties
Reading Project Properties
Reading Project Properties
Reading Project Properties
Reading Project Properties
Reading Project Properties
Reading Project Properties
Reading Project Properties
Reading Project Properties
Reading Project Properties
Reading Project Properties
Reading Project Properties
Reading Project Properties
Reading Project Properties
Reading Project Properties
Reading Project Properties
Reading Project Properties
Reading Project Properties
Reading Project Properties
Reading Project Properties
Started- NexusTest
]]></system-out>
  </testcase>
  <testcase name="TestBookMark" classname="com.NexusPortalAutomation.TestCases.Java.TC0011_VerifyBookMark" time="0">
    <skipped message="Invalid key code"/>
    <system-out><![CDATA[Test Skipped- TestBookMark
]]></system-out>
  </testcase>
  <testcase name="TearDown" classname="com.NexusPortalAutomation.TestCases.Java.TC0011_VerifyBookMark" time="0">
    <skipped/>
  </testcase>
  <testcase name="readProp" classname="com.NexusPortalAutomation.TestCases.Java.TC0019_VerifyDrillBackTransactions" time="0.594">
    <failure message="Invalid key code" type="java.lang.IllegalArgumentException">java.lang.IllegalArgumentException: Invalid key code
</failure>
  </testcase>
  <testcase name="VerifyDrillBackTransactions" classname="com.NexusPortalAutomation.TestCases.Java.TC0019_VerifyDrillBackTransactions" time="0">
    <skipped message="Invalid key code"/>
    <system-out><![CDATA[Test Skipped- VerifyDrillBackTransactions
]]></system-out>
  </testcase>
  <testcase name="TearDown" classname="com.NexusPortalAutomation.TestCases.Java.TC0019_VerifyDrillBackTransactions" time="0">
    <skipped/>
  </testcase>
  <testcase name="readProp" classname="com.NexusPortalAutomation.TestCases.Java.TC0020_VerifyDrillBackServices" time="0.594">
    <failure message="Invalid key code" type="java.lang.IllegalArgumentException">java.lang.IllegalArgumentException: Invalid key code
</failure>
  </testcase>
  <testcase name="TestDrillBackServices" classname="com.NexusPortalAutomation.TestCases.Java.TC0020_VerifyDrillBackServices" time="0">
    <skipped message="Invalid key code"/>
    <system-out><![CDATA[Test Skipped- TestDrillBackServices
]]></system-out>
  </testcase>
  <testcase name="TearDown" classname="com.NexusPortalAutomation.TestCases.Java.TC0020_VerifyDrillBackServices" time="0">
    <skipped/>
  </testcase>
  <testcase name="readProp" classname="com.NexusPortalAutomation.TestCases.Java.TC0021_VerifyServicesOrderDetails" time="0.594">
    <failure message="Invalid key code" type="java.lang.IllegalArgumentException">java.lang.IllegalArgumentException: Invalid key code
</failure>
  </testcase>
  <testcase name="TestServiceOrderDetails" classname="com.NexusPortalAutomation.TestCases.Java.TC0021_VerifyServicesOrderDetails" time="0">
    <skipped message="Invalid key code"/>
    <system-out><![CDATA[Test Skipped- TestServiceOrderDetails
]]></system-out>
  </testcase>
  <testcase name="TearDown" classname="com.NexusPortalAutomation.TestCases.Java.TC0021_VerifyServicesOrderDetails" time="0">
    <skipped/>
  </testcase>
  <testcase name="readProp" classname="com.NexusPortalAutomation.TestCases.Java.TC0010_VerifyCustomerDetails" time="0.61">
    <failure message="Invalid key code" type="java.lang.IllegalArgumentException">java.lang.IllegalArgumentException: Invalid key code
</failure>
  </testcase>
  <testcase name="TestCustomerDetails" classname="com.NexusPortalAutomation.TestCases.Java.TC0010_VerifyCustomerDetails" time="0">
    <skipped message="Invalid key code"/>
    <system-out><![CDATA[Test Skipped- TestCustomerDetails
]]></system-out>
  </testcase>
  <testcase name="TearDown" classname="com.NexusPortalAutomation.TestCases.Java.TC0010_VerifyCustomerDetails" time="0">
    <skipped/>
  </testcase>
  <testcase name="readProp" classname="com.NexusPortalAutomation.TestCases.Java.TC0018_VerifyDrillBacksGeneral" time="0.61">
    <failure message="Invalid key code" type="java.lang.IllegalArgumentException">java.lang.IllegalArgumentException: Invalid key code
</failure>
  </testcase>
  <testcase name="VerifyDrillBacksGeneral" classname="com.NexusPortalAutomation.TestCases.Java.TC0018_VerifyDrillBacksGeneral" time="0">
    <skipped message="Invalid key code"/>
    <system-out><![CDATA[Test Skipped- VerifyDrillBacksGeneral
]]></system-out>
  </testcase>
  <testcase name="TearDown" classname="com.NexusPortalAutomation.TestCases.Java.TC0018_VerifyDrillBacksGeneral" time="0">
    <skipped/>
  </testcase>
  <testcase name="readProp" classname="com.NexusPortalAutomation.TestCases.Java.TC0009_VerifyAccountSearch" time="0.61">
    <failure message="Invalid key code" type="java.lang.IllegalArgumentException">java.lang.IllegalArgumentException: Invalid key code
</failure>
  </testcase>
  <testcase name="TestSearchAccount" classname="com.NexusPortalAutomation.TestCases.Java.TC0009_VerifyAccountSearch" time="0">
    <skipped message="Invalid key code"/>
    <system-out><![CDATA[Test Skipped- TestSearchAccount
]]></system-out>
  </testcase>
  <testcase name="TearDown" classname="com.NexusPortalAutomation.TestCases.Java.TC0009_VerifyAccountSearch" time="0">
    <skipped/>
  </testcase>
  <testcase name="readProp" classname="com.NexusPortalAutomation.TestCases.Java.TC0017_StatementsValue" time="0.61">
    <failure message="Invalid key code" type="java.lang.IllegalArgumentException">java.lang.IllegalArgumentException: Invalid key code
</failure>
  </testcase>
  <testcase name="TestBillingStatements" classname="com.NexusPortalAutomation.TestCases.Java.TC0017_StatementsValue" time="0">
    <skipped message="Invalid key code"/>
    <system-out><![CDATA[Test Skipped- TestBillingStatements
]]></system-out>
  </testcase>
  <testcase name="TearDown" classname="com.NexusPortalAutomation.TestCases.Java.TC0017_StatementsValue" time="0">
    <skipped/>
  </testcase>
  <testcase name="readProp" classname="com.NexusPortalAutomation.TestCases.Java.TC0008_VerifySignInbyLocationID" time="0.61">
    <failure message="Invalid key code" type="java.lang.IllegalArgumentException">java.lang.IllegalArgumentException: Invalid key code
</failure>
  </testcase>
  <testcase name="TestSearchbyLocationID" classname="com.NexusPortalAutomation.TestCases.Java.TC0008_VerifySignInbyLocationID" time="0">
    <skipped message="Invalid key code"/>
    <system-out><![CDATA[Test Skipped- TestSearchbyLocationID
]]></system-out>
  </testcase>
  <testcase name="TearDown" classname="com.NexusPortalAutomation.TestCases.Java.TC0008_VerifySignInbyLocationID" time="0">
    <skipped/>
  </testcase>
  <testcase name="readProp" classname="com.NexusPortalAutomation.TestCases.Java.TC0015_VerifyContactLogs" time="0.61">
    <failure message="Invalid key code" type="java.lang.IllegalArgumentException">java.lang.IllegalArgumentException: Invalid key code
</failure>
  </testcase>
  <testcase name="TestContactLogs" classname="com.NexusPortalAutomation.TestCases.Java.TC0015_VerifyContactLogs" time="0">
    <skipped message="Invalid key code"/>
    <system-out><![CDATA[Test Skipped- TestContactLogs
]]></system-out>
  </testcase>
  <testcase name="TearDown" classname="com.NexusPortalAutomation.TestCases.Java.TC0015_VerifyContactLogs" time="0">
    <skipped/>
  </testcase>
  <testcase name="readProp" classname="com.NexusPortalAutomation.TestCases.Java.TC0016_VerifyBillingDetails" time="0.61">
    <failure message="Invalid key code" type="java.lang.IllegalArgumentException">java.lang.IllegalArgumentException: Invalid key code
</failure>
  </testcase>
  <testcase name="VerifyBillingDetails" classname="com.NexusPortalAutomation.TestCases.Java.TC0016_VerifyBillingDetails" time="0">
    <skipped message="Invalid key code"/>
    <system-out><![CDATA[Test Skipped- VerifyBillingDetails
]]></system-out>
  </testcase>
  <testcase name="TearDown" classname="com.NexusPortalAutomation.TestCases.Java.TC0016_VerifyBillingDetails" time="0">
    <skipped/>
  </testcase>
  <testcase name="readProp" classname="com.NexusPortalAutomation.TestCases.Java.TC0013_VerifyContactEdit" time="0.625">
    <failure message="Invalid key code" type="java.lang.IllegalArgumentException">java.lang.IllegalArgumentException: Invalid key code
</failure>
  </testcase>
  <testcase name="TestContactEdit" classname="com.NexusPortalAutomation.TestCases.Java.TC0013_VerifyContactEdit" time="0">
    <skipped message="Invalid key code"/>
    <system-out><![CDATA[Test Skipped- TestContactEdit
]]></system-out>
  </testcase>
  <testcase name="TearDown" classname="com.NexusPortalAutomation.TestCases.Java.TC0013_VerifyContactEdit" time="0">
    <skipped/>
  </testcase>
  <testcase name="readProp" classname="com.NexusPortalAutomation.TestCases.Java.TC0014_VerifySecondaryContact" time="0.625">
    <failure message="Invalid key code" type="java.lang.IllegalArgumentException">java.lang.IllegalArgumentException: Invalid key code
</failure>
  </testcase>
  <testcase name="TestSecondayContact" classname="com.NexusPortalAutomation.TestCases.Java.TC0014_VerifySecondaryContact" time="0">
    <skipped message="Invalid key code"/>
    <system-out><![CDATA[Test Skipped- TestSecondayContact
]]></system-out>
  </testcase>
  <testcase name="TearDown" classname="com.NexusPortalAutomation.TestCases.Java.TC0014_VerifySecondaryContact" time="0">
    <skipped/>
  </testcase>
  <testcase name="readProp" classname="com.NexusPortalAutomation.TestCases.Java.TC0012_VerifyCreditStatus" time="0.625">
    <failure message="Invalid key code" type="java.lang.IllegalArgumentException">java.lang.IllegalArgumentException: Invalid key code
</failure>
  </testcase>
  <testcase name="TestCreditStatus" classname="com.NexusPortalAutomation.TestCases.Java.TC0012_VerifyCreditStatus" time="0">
    <skipped message="Invalid key code"/>
    <system-out><![CDATA[Test Skipped- TestCreditStatus
]]></system-out>
  </testcase>
  <testcase name="TearDown" classname="com.NexusPortalAutomation.TestCases.Java.TC0012_VerifyCreditStatus" time="0">
    <skipped/>
  </testcase>
  <testcase name="readProp" classname="com.NexusPortalAutomation.TestCases.Java.TC0001_VerifySignInbyID" time="0.625">
    <failure message="Invalid key code" type="java.lang.IllegalArgumentException">java.lang.IllegalArgumentException: Invalid key code
</failure>
  </testcase>
  <testcase name="TestSearchID" classname="com.NexusPortalAutomation.TestCases.Java.TC0001_VerifySignInbyID" time="0">
    <skipped message="Invalid key code"/>
    <system-out><![CDATA[Test Skipped- TestSearchID
]]></system-out>
  </testcase>
  <testcase name="TearDown" classname="com.NexusPortalAutomation.TestCases.Java.TC0001_VerifySignInbyID" time="0">
    <skipped/>
  </testcase>
  <testcase name="readProp" classname="com.NexusPortalAutomation.TestCases.Java.TC0004_TestSearchbyRecentFunction" time="0.625">
    <failure message="Invalid key code" type="java.lang.IllegalArgumentException">java.lang.IllegalArgumentException: Invalid key code
</failure>
  </testcase>
  <testcase name="TestSearchAutobyRecent" classname="com.NexusPortalAutomation.TestCases.Java.TC0004_TestSearchbyRecentFunction" time="0">
    <skipped message="Invalid key code"/>
    <system-out><![CDATA[Test Skipped- TestSearchAutobyRecent
]]></system-out>
  </testcase>
  <testcase name="TearDown" classname="com.NexusPortalAutomation.TestCases.Java.TC0004_TestSearchbyRecentFunction" time="0">
    <skipped/>
  </testcase>
  <testcase name="readProp" classname="com.NexusPortalAutomation.TestCases.Java.TC0005_TestSearchbyBookMarks" time="0.625">
    <failure message="Invalid key code" type="java.lang.IllegalArgumentException">java.lang.IllegalArgumentException: Invalid key code
</failure>
  </testcase>
  <testcase name="TestSearchAutobyBookMark" classname="com.NexusPortalAutomation.TestCases.Java.TC0005_TestSearchbyBookMarks" time="0">
    <skipped message="Invalid key code"/>
    <system-out><![CDATA[Test Skipped- TestSearchAutobyBookMark
]]></system-out>
  </testcase>
  <testcase name="TearDown" classname="com.NexusPortalAutomation.TestCases.Java.TC0005_TestSearchbyBookMarks" time="0">
    <skipped/>
  </testcase>
  <testcase name="readProp" classname="com.NexusPortalAutomation.TestCases.Java.TC0006_TestAlertOnLoad" time="0.625">
    <failure message="Invalid key code" type="java.lang.IllegalArgumentException">java.lang.IllegalArgumentException: Invalid key code
</failure>
  </testcase>
  <testcase name="TestSearchAlertOnLoad" classname="com.NexusPortalAutomation.TestCases.Java.TC0006_TestAlertOnLoad" time="0">
    <skipped message="Invalid key code"/>
    <system-out><![CDATA[Test Skipped- TestSearchAlertOnLoad
]]></system-out>
  </testcase>
  <testcase name="TearDown" classname="com.NexusPortalAutomation.TestCases.Java.TC0006_TestAlertOnLoad" time="0">
    <skipped/>
  </testcase>
  <testcase name="readProp" classname="com.NexusPortalAutomation.TestCases.Java.TC0007_TestSummarySection" time="0.641">
    <failure message="Invalid key code" type="java.lang.IllegalArgumentException">java.lang.IllegalArgumentException: Invalid key code
</failure>
  </testcase>
  <testcase name="TestSummarySectionOnChange" classname="com.NexusPortalAutomation.TestCases.Java.TC0007_TestSummarySection" time="0">
    <skipped message="Invalid key code"/>
    <system-out><![CDATA[Test Skipped- TestSummarySectionOnChange
]]></system-out>
  </testcase>
  <testcase name="TearDown" classname="com.NexusPortalAutomation.TestCases.Java.TC0007_TestSummarySection" time="0">
    <skipped/>
  </testcase>
  <testcase name="readProp" classname="com.NexusPortalAutomation.TestCases.Java.TC0002_TestSearchAutobyFirstName" time="0.641">
    <failure message="Invalid key code" type="java.lang.IllegalArgumentException">java.lang.IllegalArgumentException: Invalid key code
</failure>
  </testcase>
  <testcase name="TestSearchAutobyFirstName" classname="com.NexusPortalAutomation.TestCases.Java.TC0002_TestSearchAutobyFirstName" time="0">
    <skipped message="Invalid key code"/>
    <system-out><![CDATA[Test Skipped- TestSearchAutobyFirstName
]]></system-out>
  </testcase>
  <testcase name="TearDown" classname="com.NexusPortalAutomation.TestCases.Java.TC0002_TestSearchAutobyFirstName" time="0">
    <skipped/>
  </testcase>
  <testcase name="readProp" classname="com.NexusPortalAutomation.TestCases.Java.TC0003_TestSearchAutobyLastName" time="0.641">
    <failure message="Invalid key code" type="java.lang.IllegalArgumentException">java.lang.IllegalArgumentException: Invalid key code
</failure>
  </testcase>
  <testcase name="TestSearchAutobyLastName" classname="com.NexusPortalAutomation.TestCases.Java.TC0003_TestSearchAutobyLastName" time="0">
    <skipped message="Invalid key code"/>
    <system-out><![CDATA[Test Skipped- TestSearchAutobyLastName
]]></system-out>
  </testcase>
  <testcase name="TearDown" classname="com.NexusPortalAutomation.TestCases.Java.TC0003_TestSearchAutobyLastName" time="0">
    <skipped/>
  </testcase>
</testsuite>