-------------------------------------------------------------------------------
Test set: TestSuite
-------------------------------------------------------------------------------
Tests run: 37, Failures: 1, Errors: 0, Skipped: 0, Time elapsed: 1,547.867 s <<< FAILURE! - in TestSuite
TestCreditStatus(com.NexusPortalAutomation.TestCases.Java.TC0012_VerifyCreditStatus)  Time elapsed: 85.225 s  <<< FAILURE!
java.lang.AssertionError: Object Not Found Expected condition failed: waiting for visibility of Proxy element for: DefaultElementLocator 'By.id: USR_Name' (tried for 20 second(s) with 500 milliseconds interval)
	at com.NexusPortalAutomation.TestCases.Java.TC0012_VerifyCreditStatus.TestCreditStatus(TC0012_VerifyCreditStatus.java:56)

