<?xml version="1.0" encoding="UTF-8"?>
<testsuite xmlns:xsi="http://www.w3.org/2001/XMLSchema-instance" xsi:noNamespaceSchemaLocation="https://maven.apache.org/surefire/maven-surefire-plugin/xsd/surefire-test-report-3.0.xsd" version="3.0" name="TestSuite" time="494.328" tests="15" errors="0" skipped="0" failures="4">
  <properties>
[...]
</properties>
  <testcase name="TestSearchID" classname="com.NexusPortalAutomation.TestCases.Java.TC0001_VerifySignInbyID" time="28.816"/>
  <testcase name="TestSearchbyLocationID" classname="com.NexusPortalAutomation.TestCases.Java.TC0008_VerifySignInbyLocationID" time="30.243"/>
  <testcase name="TestSearchAccount" classname="com.NexusPortalAutomation.TestCases.Java.TC0009_VerifyAccountSearch" time="29.08"/>
  <testcase name="TestCustomerDetails" classname="com.NexusPortalAutomation.TestCases.Java.TC0010_VerifyCustomerDetails" time="30.791"/>
  <testcase name="TestCreditStatus" classname="com.NexusPortalAutomation.TestCases.Java.TC0012_VerifyCreditStatus" time="28.68"/>
  <testcase name="TestContactEdit" classname="com.NexusPortalAutomation.TestCases.Java.TC0013_VerifyContactEdit" time="29.824"/>
  <testcase name="TestSecondayContact" classname="com.NexusPortalAutomation.TestCases.Java.TC0014_VerifySecondaryContact" time="25.66"/>
  <testcase name="TestNotesSection" classname="com.NexusPortalAutomation.TestCases.Java.TC0015_VerifyContactLogs" time="27.821"/>
  <testcase name="TestBillingStatements" classname="com.NexusPortalAutomation.TestCases.Java.TC0017_StatementsValue" time="30.88"/>
  <testcase name="TestSearchAutobyRecent" classname="com.NexusPortalAutomation.TestCases.Java.TC0004_TestSearchbyRecentFunction" time="41.703"/>
  <testcase name="TestSearchAutobyBookMark" classname="com.NexusPortalAutomation.TestCases.Java.TC0005_TestSearchbyBookMarks" time="32.757"/>
  <testcase name="TestSearchAlertOnLoad" classname="com.NexusPortalAutomation.TestCases.Java.TC0006_TestAlertOnLoad" time="18.671">
    <failure message="expected [Alert Test] but found [Mr. Alert Test]" type="java.lang.AssertionError">java.lang.AssertionError: expected [Alert Test] but found [Mr. Alert Test]
	at com.NexusPortalAutomation.TestCases.Java.TC0006_TestAlertOnLoad.TestSearchAlertOnLoad(TC0006_TestAlertOnLoad.java:37)
</failure>
    <system-out><![CDATA[Test completed successfully- TestSearchAutobyBookMark
Closing Browser
Test Completed...
Launching Chrome
Browser Maximised
Test started- TestSearchAlertOnLoad
Angular Request Completed in 74ms
Sign in Page Title Verified
Angular Request Completed in 16ms
User signed Admin
Element '//input[@id='SRCH_Input']' is displayed in 78ms
Element 'toolbar-saved' is displayed in 63ms
Enter Text for Search =Alert
Element [[ChromeDriver: chrome on XP (9818ccde9ce530609e766f430964ab9e)] -> id: SRCH_Input] displayed in 62ms
Angular request time 993ms
Click Customer
Angular request time 2271ms
Element '//div[@class='address-details']' is displayed in 112ms
Angular request time 16ms
Customer Name found Alert Test
Strings Not Matched: Mr. Alert Test != Alert Test
]]></system-out>
    <system-err><![CDATA[Starting ChromeDriver 74.0.3729.6 (255758eccf3d244491b8a1317aa76e1ce10d57e9-refs/branch-heads/3729@{#29}) on port 36048
Only local connections are allowed.
Please protect ports used by ChromeDriver and related test frameworks to prevent access by malicious code.
[1560368066.189][WARNING]: This version of ChromeDriver has not been tested with Chrome version 75.
Jun 12, 2019 2:34:27 PM org.openqa.selenium.remote.ProtocolHandshake createSession
INFO: Detected dialect: OSS
]]></system-err>
  </testcase>
  <testcase name="TestSummarySectionOnChange" classname="com.NexusPortalAutomation.TestCases.Java.TC0007_TestSummarySection" time="19.353">
    <failure message="expected [Automation Mate] but found [Mr. Automation Mate]" type="java.lang.AssertionError">java.lang.AssertionError: expected [Automation Mate] but found [Mr. Automation Mate]
	at com.NexusPortalAutomation.TestCases.Java.TC0007_TestSummarySection.TestSummarySectionOnChange(TC0007_TestSummarySection.java:39)
</failure>
    <system-out><![CDATA[***** Error TestSearchAlertOnLoad test has failed *****
Closing Browser
Test Completed...
Launching Chrome
Browser Maximised
Test started- TestSummarySectionOnChange
Angular Request Completed in 157ms
Sign in Page Title Verified
Angular Request Completed in 31ms
User signed Admin
Element '//input[@id='SRCH_Input']' is displayed in 79ms
Element 'toolbar-saved' is displayed in 63ms
Angular Request Completed in 15ms
Enter Text for Search =Automation
Element [[ChromeDriver: chrome on XP (e1ae22df133b603b422d990feabeb758)] -> id: SRCH_Input] displayed in 31ms
Angular request time 1154ms
Click Customer
Angular request time 1881ms
Element '//div[@class='address-details']' is displayed in 81ms
Angular request time 11ms
Customer Name found Automation Mate
Strings Not Matched: Mr. Automation Mate != Automation Mate
]]></system-out>
    <system-err><![CDATA[Starting ChromeDriver 74.0.3729.6 (255758eccf3d244491b8a1317aa76e1ce10d57e9-refs/branch-heads/3729@{#29}) on port 48954
Only local connections are allowed.
Please protect ports used by ChromeDriver and related test frameworks to prevent access by malicious code.
[1560368091.100][WARNING]: This version of ChromeDriver has not been tested with Chrome version 75.
Jun 12, 2019 2:34:52 PM org.openqa.selenium.remote.ProtocolHandshake createSession
INFO: Detected dialect: OSS
]]></system-err>
  </testcase>
  <testcase name="TestSearchAutobyFirstName" classname="com.NexusPortalAutomation.TestCases.Java.TC0002_TestSearchAutobyFirstName" time="19.828">
    <failure message="expected [Automation Mate] but found [Mr. Automation Mate]" type="java.lang.AssertionError">java.lang.AssertionError: expected [Automation Mate] but found [Mr. Automation Mate]
	at com.NexusPortalAutomation.TestCases.Java.TC0002_TestSearchAutobyFirstName.TestSearchAutobyFirstName(TC0002_TestSearchAutobyFirstName.java:34)
</failure>
    <system-out><![CDATA[***** Error TestSummarySectionOnChange test has failed *****
Closing Browser
Test Completed...
Launching Chrome
Browser Maximised
Test started- TestSearchAutobyFirstName
Angular Request Completed in 27ms
Sign in Page Title Verified
Angular Request Completed in 17ms
User signed Admin
Enter Text for Search =Automation
Element [[ChromeDriver: chrome on XP (ca7f5a5f2b80aef6679f58d52647c7b6)] -> id: SRCH_Input] displayed in 48ms
Angular request time 1500ms
Click Customer
Angular request time 2340ms
Angular request time 15ms
Customer Name found Automation Mate
Strings Not Matched: Mr. Automation Mate != Automation Mate
]]></system-out>
    <system-err><![CDATA[Starting ChromeDriver 74.0.3729.6 (255758eccf3d244491b8a1317aa76e1ce10d57e9-refs/branch-heads/3729@{#29}) on port 8172
Only local connections are allowed.
Please protect ports used by ChromeDriver and related test frameworks to prevent access by malicious code.
[1560368116.884][WARNING]: This version of ChromeDriver has not been tested with Chrome version 75.
Jun 12, 2019 2:35:17 PM org.openqa.selenium.remote.ProtocolHandshake createSession
INFO: Detected dialect: OSS
]]></system-err>
  </testcase>
  <testcase name="TestSearchAutobyLastName" classname="com.NexusPortalAutomation.TestCases.Java.TC0003_TestSearchAutobyLastName" time="19.118">
    <failure message="expected [Automation Mate] but found [Mr. Automation Mate]" type="java.lang.AssertionError">java.lang.AssertionError: expected [Automation Mate] but found [Mr. Automation Mate]
	at com.NexusPortalAutomation.TestCases.Java.TC0003_TestSearchAutobyLastName.TestSearchAutobyLastName(TC0003_TestSearchAutobyLastName.java:34)
</failure>
    <system-out><![CDATA[***** Error TestSearchAutobyFirstName test has failed *****
Closing Browser
Test Completed...
Launching Chrome
Browser Maximised
Test started- TestSearchAutobyLastName
Angular Request Completed in 29ms
Sign in Page Title Verified
Angular Request Completed in 16ms
User signed Admin
Enter Text for Search =Mate
Element [[ChromeDriver: chrome on XP (ef5aebe979f7550d83122a1d3c6ba504)] -> id: SRCH_Input] displayed in 63ms
Angular request time 1024ms
Click Customer
Angular request time 1722ms
Angular request time 13ms
Customer Name found Automation Mate
Strings Not Matched: Mr. Automation Mate != Automation Mate
]]></system-out>
    <system-err><![CDATA[Starting ChromeDriver 74.0.3729.6 (255758eccf3d244491b8a1317aa76e1ce10d57e9-refs/branch-heads/3729@{#29}) on port 8693
Only local connections are allowed.
Please protect ports used by ChromeDriver and related test frameworks to prevent access by malicious code.
[1560368143.023][WARNING]: This version of ChromeDriver has not been tested with Chrome version 75.
Jun 12, 2019 2:35:44 PM org.openqa.selenium.remote.ProtocolHandshake createSession
INFO: Detected dialect: OSS
]]></system-err>
  </testcase>
</testsuite>