-------------------------------------------------------------------------------
Test set: TestSuite
-------------------------------------------------------------------------------
Tests run: 32, Failures: 8, Errors: 0, Skipped: 0, Time elapsed: 963.12 s <<< FAILURE! - in TestSuite
VerifyActionServiceOrder(com.NexusPortalAutomation.TestCases.Java.TC0022_VerifyAction_ServiceOrder)  Time elapsed: 23.437 s  <<< FAILURE!
java.lang.AssertionError: 
expected [check
Service Order successfully created] but found [Service successfully Started]
	at com.NexusPortalAutomation.TestCases.Java.TC0022_VerifyAction_ServiceOrder.VerifyActionServiceOrder(TC0022_VerifyAction_ServiceOrder.java:56)

VerifyActionServiceOrder(com.NexusPortalAutomation.TestCases.Java.TC0025_VerifyAction_Transfers_NotScheduled)  Time elapsed: 32.969 s  <<< FAILURE!
java.lang.AssertionError: expected [Prepayment Required-new Custom] but found [Prepayment Required-New Custom]
	at com.NexusPortalAutomation.TestCases.Java.TC0025_VerifyAction_Transfers_NotScheduled.VerifyActionServiceOrder(TC0025_VerifyAction_Transfers_NotScheduled.java:109)

VerifyActionServiceOrder(com.NexusPortalAutomation.TestCases.Java.TC0029_VerifyAction_Transfers_Scheduled)  Time elapsed: 34.856 s  <<< FAILURE!
java.lang.AssertionError: expected [Deposit Request-new Customer] but found [Deposit Request-New Customer]
	at com.NexusPortalAutomation.TestCases.Java.TC0029_VerifyAction_Transfers_Scheduled.VerifyActionServiceOrder(TC0029_VerifyAction_Transfers_Scheduled.java:110)

VerifyTransferActionServiceOrder(com.NexusPortalAutomation.TestCases.Java.TC0026_VerifyAction_Transfers_StartService_NotScheduled)  Time elapsed: 29.001 s  <<< FAILURE!
java.lang.AssertionError: expected [Deposit Request-new Customer] but found [Deposit Request-New Customer]
	at com.NexusPortalAutomation.TestCases.Java.TC0026_VerifyAction_Transfers_StartService_NotScheduled.VerifyTransferActionServiceOrder(TC0026_VerifyAction_Transfers_StartService_NotScheduled.java:100)

VerifyTransferActionServiceOrder(com.NexusPortalAutomation.TestCases.Java.TC0030_VerifyAction_Transfers_StartService_Scheduled)  Time elapsed: 32.078 s  <<< FAILURE!
java.lang.AssertionError: expected [Prepayment Required-new Custom] but found [Prepayment Required-New Custom]
	at com.NexusPortalAutomation.TestCases.Java.TC0030_VerifyAction_Transfers_StartService_Scheduled.VerifyTransferActionServiceOrder(TC0030_VerifyAction_Transfers_StartService_Scheduled.java:104)

VerifyTransferActionServiceOrder(com.NexusPortalAutomation.TestCases.Java.TC0027_VerifyAction_Transfers_StopService_NotScheduled)  Time elapsed: 30.233 s  <<< FAILURE!
java.lang.AssertionError: expected [Deposit Request-new Customer] but found [Deposit Request-New Customer]
	at com.NexusPortalAutomation.TestCases.Java.TC0027_VerifyAction_Transfers_StopService_NotScheduled.VerifyTransferActionServiceOrder(TC0027_VerifyAction_Transfers_StopService_NotScheduled.java:103)

VerifyTransferActionServiceOrder(com.NexusPortalAutomation.TestCases.Java.TC0031_VerifyAction_Transfers_StopService_Scheduled)  Time elapsed: 29.429 s  <<< FAILURE!
java.lang.AssertionError: expected [Prepayment Required-new Custom] but found [Prepayment Required-New Custom]
	at com.NexusPortalAutomation.TestCases.Java.TC0031_VerifyAction_Transfers_StopService_Scheduled.VerifyTransferActionServiceOrder(TC0031_VerifyAction_Transfers_StopService_Scheduled.java:109)

VerifyTransferActionServiceOrder(com.NexusPortalAutomation.TestCases.Java.TC0032_VerifyAction_Transfers_Stack_StopService_Scheduled)  Time elapsed: 29.845 s  <<< FAILURE!
java.lang.AssertionError: expected [Prepayment Required-new Custom] but found [Prepayment Required-New Custom]
	at com.NexusPortalAutomation.TestCases.Java.TC0032_VerifyAction_Transfers_Stack_StopService_Scheduled.VerifyTransferActionServiceOrder(TC0032_VerifyAction_Transfers_Stack_StopService_Scheduled.java:112)

