-------------------------------------------------------------------------------
Test set: TestSuite
-------------------------------------------------------------------------------
Tests run: 37, Failures: 3, Errors: 0, Skipped: 0, Time elapsed: 2,344.019 s <<< FAILURE! - in TestSuite
VerifyActionServiceOrder(com.NexusPortalAutomation.TestCases.Java.TC0029_VerifyAction_Transfers_Scheduled)  Time elapsed: 61.868 s  <<< FAILURE!
java.lang.AssertionError: Actual Value 'Mr. Vacant Vacant (Vacant)' not Matched the expected value 'Mr. David T Mackinnon (Customer006)' 
	at com.NexusPortalAutomation.TestCases.Java.TC0029_VerifyAction_Transfers_Scheduled.VerifyActionServiceOrder(TC0029_VerifyAction_Transfers_Scheduled.java:133)

VerifyTransferActionServiceOrder(com.NexusPortalAutomation.TestCases.Java.TC0034_VerifyAction_Transfers_Stack_TwoLocations)  Time elapsed: 135.377 s  <<< FAILURE!
java.lang.AssertionError: Actual Value 'Mrs. Gail M Dewar (Customer010)' not Matched the expected value 'Mr. Automation Mate (0000011111)' 
	at com.NexusPortalAutomation.TestCases.Java.TC0034_VerifyAction_Transfers_Stack_TwoLocations.VerifyTransferActionServiceOrder(TC0034_VerifyAction_Transfers_Stack_TwoLocations.java:134)

VerifyTransferActionServiceOrder(com.NexusPortalAutomation.TestCases.Java.TC0035_VerifyAction_Transfers_StopService)  Time elapsed: 136.315 s  <<< FAILURE!
java.lang.AssertionError: Actual Value 'Mr. Alert Test (Customeralert01)' not Matched the expected value 'Mr. Test Mid Customer Suf (Testcustomer1)' 
	at com.NexusPortalAutomation.TestCases.Java.TC0035_VerifyAction_Transfers_StopService.VerifyTransferActionServiceOrder(TC0035_VerifyAction_Transfers_StopService.java:131)

