-------------------------------------------------------------------------------
Test set: TestSuite
-------------------------------------------------------------------------------
Tests run: 24, Failures: 18, Errors: 0, Skipped: 0, Time elapsed: 741.961 s <<< FAILURE! - in TestSuite
VerifyDrillBackTransactions(com.NexusPortalAutomation.TestCases.Java.TC0019_VerifyDrillBackTransactions)  Time elapsed: 19.407 s  <<< FAILURE!
java.lang.AssertionError: expected [LOC@0001] but found [LOC00012]
	at com.NexusPortalAutomation.TestCases.Java.TC0019_VerifyDrillBackTransactions.VerifyDrillBackTransactions(TC0019_VerifyDrillBackTransactions.java:48)

TestDrillBackServices(com.NexusPortalAutomation.TestCases.Java.TC0020_VerifyDrillBackServices)  Time elapsed: 17.314 s  <<< FAILURE!
java.lang.AssertionError: expected [LOC@0001] but found [LOC00012]
	at com.NexusPortalAutomation.TestCases.Java.TC0020_VerifyDrillBackServices.TestDrillBackServices(TC0020_VerifyDrillBackServices.java:37)

TestServiceOrderDetails(com.NexusPortalAutomation.TestCases.Java.TC0021_VerifyServicesOrderDetails)  Time elapsed: 18.847 s  <<< FAILURE!
java.lang.AssertionError: expected [LOC@0001] but found [LOC00012]
	at com.NexusPortalAutomation.TestCases.Java.TC0021_VerifyServicesOrderDetails.TestServiceOrderDetails(TC0021_VerifyServicesOrderDetails.java:52)

TestCustomerDetails(com.NexusPortalAutomation.TestCases.Java.TC0010_VerifyCustomerDetails)  Time elapsed: 18.409 s  <<< FAILURE!
java.lang.AssertionError: expected [LOC@0001] but found [LOC00012]
	at com.NexusPortalAutomation.TestCases.Java.TC0010_VerifyCustomerDetails.TestCustomerDetails(TC0010_VerifyCustomerDetails.java:42)

VerifyDrillBacksGeneral(com.NexusPortalAutomation.TestCases.Java.TC0018_VerifyDrillBacksGeneral)  Time elapsed: 16.405 s  <<< FAILURE!
java.lang.AssertionError: expected [LOC@0004] but found [LOC00012]
	at com.NexusPortalAutomation.TestCases.Java.TC0018_VerifyDrillBacksGeneral.VerifyDrillBacksGeneral(TC0018_VerifyDrillBacksGeneral.java:97)

TestSearchbyLocationID(com.NexusPortalAutomation.TestCases.Java.TC0008_VerifySignInbyLocationID)  Time elapsed: 19.569 s  <<< FAILURE!
java.lang.AssertionError: expected [LOC@0001] but found [LOC00012]
	at com.NexusPortalAutomation.TestCases.Java.TC0008_VerifySignInbyLocationID.TestSearchbyLocationID(TC0008_VerifySignInbyLocationID.java:39)

TestContactLogs(com.NexusPortalAutomation.TestCases.Java.TC0015_VerifyContactLogs)  Time elapsed: 19.851 s  <<< FAILURE!
java.lang.AssertionError: expected [LOC@0004] but found [LOC00012]
	at com.NexusPortalAutomation.TestCases.Java.TC0015_VerifyContactLogs.TestContactLogs(TC0015_VerifyContactLogs.java:41)

VerifyBillingDetails(com.NexusPortalAutomation.TestCases.Java.TC0016_VerifyBillingDetails)  Time elapsed: 17.642 s  <<< FAILURE!
java.lang.AssertionError: expected [LOC@0001] but found [LOC00012]
	at com.NexusPortalAutomation.TestCases.Java.TC0016_VerifyBillingDetails.VerifyBillingDetails(TC0016_VerifyBillingDetails.java:53)

TestContactEdit(com.NexusPortalAutomation.TestCases.Java.TC0013_VerifyContactEdit)  Time elapsed: 18.54 s  <<< FAILURE!
java.lang.AssertionError: expected [LOC@0004] but found [LOC00012]
	at com.NexusPortalAutomation.TestCases.Java.TC0013_VerifyContactEdit.TestContactEdit(TC0013_VerifyContactEdit.java:41)

TestSecondayContact(com.NexusPortalAutomation.TestCases.Java.TC0014_VerifySecondaryContact)  Time elapsed: 18.483 s  <<< FAILURE!
java.lang.AssertionError: expected [LOC@0004] but found [LOC00012]
	at com.NexusPortalAutomation.TestCases.Java.TC0014_VerifySecondaryContact.TestSecondayContact(TC0014_VerifySecondaryContact.java:36)

TestCreditStatus(com.NexusPortalAutomation.TestCases.Java.TC0012_VerifyCreditStatus)  Time elapsed: 22.637 s  <<< FAILURE!
java.lang.AssertionError: expected [LOC@0001] but found [LOC00012]
	at com.NexusPortalAutomation.TestCases.Java.TC0012_VerifyCreditStatus.TestCreditStatus(TC0012_VerifyCreditStatus.java:35)

TestSearchID(com.NexusPortalAutomation.TestCases.Java.TC0001_VerifySignInbyID)  Time elapsed: 30.64 s  <<< FAILURE!
java.lang.AssertionError: Customer Id not found expected [true] but found [false]
	at com.NexusPortalAutomation.TestCases.Java.TC0001_VerifySignInbyID.TestSearchID(TC0001_VerifySignInbyID.java:35)

VerifyActionServiceOrder(com.NexusPortalAutomation.TestCases.Java.TC0022_VerifyAction_ServiceOrder)  Time elapsed: 16.446 s  <<< FAILURE!
java.lang.AssertionError: expected [LOC@0004] but found [LOC00012]
	at com.NexusPortalAutomation.TestCases.Java.TC0022_VerifyAction_ServiceOrder.VerifyActionServiceOrder(TC0022_VerifyAction_ServiceOrder.java:48)

VerifyRecentWidget(com.NexusPortalAutomation.TestCases.Java.TC0023_VerifyRecentWidget)  Time elapsed: 19.093 s  <<< FAILURE!
java.lang.AssertionError: expected [LOC@0001] but found [LOC00012]
	at com.NexusPortalAutomation.TestCases.Java.TC0023_VerifyRecentWidget.VerifyRecentWidget(TC0023_VerifyRecentWidget.java:40)

TestSummarySectionOnChange(com.NexusPortalAutomation.TestCases.Java.TC0007_TestSummarySection)  Time elapsed: 23.034 s  <<< FAILURE!
java.lang.AssertionError: Customer Name not found = expected [true] but found [false]
	at com.NexusPortalAutomation.TestCases.Java.TC0007_TestSummarySection.TestSummarySectionOnChange(TC0007_TestSummarySection.java:39)

TestSearchAutobyFirstName(com.NexusPortalAutomation.TestCases.Java.TC0002_TestSearchAutobyFirstName)  Time elapsed: 56.226 s  <<< FAILURE!
java.lang.AssertionError: Object Not Found expected [true] but found [false]
	at com.NexusPortalAutomation.TestCases.Java.TC0002_TestSearchAutobyFirstName.TestSearchAutobyFirstName(TC0002_TestSearchAutobyFirstName.java:36)

TestSearchAutobyFirstName(com.NexusPortalAutomation.TestCases.Java.TC0024_TestCustDetailSearch)  Time elapsed: 27.844 s  <<< FAILURE!
java.lang.AssertionError: Customer Name not found = expected [true] but found [false]
	at com.NexusPortalAutomation.TestCases.Java.TC0024_TestCustDetailSearch.TestSearchAutobyFirstName(TC0024_TestCustDetailSearch.java:43)

TestSearchAutobyLastName(com.NexusPortalAutomation.TestCases.Java.TC0003_TestSearchAutobyLastName)  Time elapsed: 51.521 s  <<< FAILURE!
java.lang.AssertionError: Object Not Found expected [true] but found [false]
	at com.NexusPortalAutomation.TestCases.Java.TC0003_TestSearchAutobyLastName.TestSearchAutobyLastName(TC0003_TestSearchAutobyLastName.java:35)

