<?xml version="1.0" encoding="UTF-8"?>
<testng-results skipped="0" failed="1" ignored="0" total="20" passed="19">
  <reporter-output>
    <line>
      <![CDATA[Launching Chrome]]>
    </line>
    <line>
      <![CDATA[Browser Maximised]]>
    </line>
    <line>
      <![CDATA[Angular Request Completed in 114ms]]>
    </line>
    <line>
      <![CDATA[Sign in Page Title Verified]]>
    </line>
    <line>
      <![CDATA[Angular Request Completed in 15ms]]>
    </line>
    <line>
      <![CDATA[User signed Admin]]>
    </line>
    <line>
      <![CDATA[Enter Text for Search =STATEMENTS001]]>
    </line>
    <line>
      <![CDATA[Element [[ChromeDriver: chrome on XP (580ca5061753cd4b34652d01e5422790)] -> id: SRCH_Input] displayed in 250ms]]>
    </line>
    <line>
      <![CDATA[Angular request time 937ms]]>
    </line>
    <line>
      <![CDATA[Recent Customer =Aut Statement]]>
    </line>
    <line>
      <![CDATA[Angular request time 3045ms]]>
    </line>
    <line>
      <![CDATA[Customer Location Id found STATEMENTS001]]>
    </line>
    <line>
      <![CDATA[Strings Matched: STATEMENTS001 = STATEMENTS001]]>
    </line>
    <line>
      <![CDATA[Click Bookmark]]>
    </line>
    <line>
      <![CDATA[Angular request time 327ms]]>
    </line>
    <line>
      <![CDATA[Angular request time 600ms]]>
    </line>
    <line>
      <![CDATA[Angular request time 11ms]]>
    </line>
    <line>
      <![CDATA[Element [[ChromeDriver: chrome on XP (580ca5061753cd4b34652d01e5422790)] -> id: USR_Name] displayed in 36ms]]>
    </line>
    <line>
      <![CDATA[Element [[ChromeDriver: chrome on XP (580ca5061753cd4b34652d01e5422790)] -> id: ACTION_Logout] displayed in 50ms]]>
    </line>
    <line>
      <![CDATA[Angular request time 26ms]]>
    </line>
    <line>
      <![CDATA[Angular Request Completed in 22ms]]>
    </line>
    <line>
      <![CDATA[Sign in Page Title Verified]]>
    </line>
    <line>
      <![CDATA[Angular Request Completed in 16ms]]>
    </line>
    <line>
      <![CDATA[User signed Admin]]>
    </line>
    <line>
      <![CDATA[Click BookMarked Customer]]>
    </line>
    <line>
      <![CDATA[Recent Customer =Aut Statement]]>
    </line>
    <line>
      <![CDATA[Angular request time 2180ms]]>
    </line>
    <line>
      <![CDATA[Customer Location Id found STATEMENTS001]]>
    </line>
    <line>
      <![CDATA[Strings Matched: STATEMENTS001 = STATEMENTS001]]>
    </line>
    <line>
      <![CDATA[Click Bookmark]]>
    </line>
    <line>
      <![CDATA[Angular request time 829ms]]>
    </line>
    <line>
      <![CDATA[Angular request time 16ms]]>
    </line>
    <line>
      <![CDATA[Angular request time 196ms]]>
    </line>
    <line>
      <![CDATA[Element [[ChromeDriver: chrome on XP (580ca5061753cd4b34652d01e5422790)] -> id: USR_Name] displayed in 51ms]]>
    </line>
    <line>
      <![CDATA[Element [[ChromeDriver: chrome on XP (580ca5061753cd4b34652d01e5422790)] -> id: ACTION_Logout] displayed in 48ms]]>
    </line>
    <line>
      <![CDATA[Angular request time 33ms]]>
    </line>
    <line>
      <![CDATA[Closing Browser]]>
    </line>
    <line>
      <![CDATA[Test Completed...]]>
    </line>
    <line>
      <![CDATA[Launching Chrome]]>
    </line>
    <line>
      <![CDATA[Browser Maximised]]>
    </line>
    <line>
      <![CDATA[Angular Request Completed in 201ms]]>
    </line>
    <line>
      <![CDATA[Sign in Page Title Verified]]>
    </line>
    <line>
      <![CDATA[Angular Request Completed in 93ms]]>
    </line>
    <line>
      <![CDATA[User signed Admin]]>
    </line>
    <line>
      <![CDATA[Enter Text for Search =LOC@0001]]>
    </line>
    <line>
      <![CDATA[Element [[ChromeDriver: chrome on XP (26d1b48019d477037055bc0c66503710)] -> id: SRCH_Input] displayed in 47ms]]>
    </line>
    <line>
      <![CDATA[Angular request time 944ms]]>
    </line>
    <line>
      <![CDATA[Click Customer]]>
    </line>
    <line>
      <![CDATA[Angular request time 1814ms]]>
    </line>
    <line>
      <![CDATA[Angular request time 14ms]]>
    </line>
    <line>
      <![CDATA[Customer Location Id found LOC@0001]]>
    </line>
    <line>
      <![CDATA[Strings Matched: LOC@0001 = LOC@0001]]>
    </line>
    <line>
      <![CDATA[Angular request time 793ms]]>
    </line>
    <line>
      <![CDATA[Transaction Link Clicked]]>
    </line>
    <line>
      <![CDATA[Element [[ChromeDriver: chrome on XP (26d1b48019d477037055bc0c66503710)] -> id: TRAN_Drillback_1] displayed in 10ms]]>
    </line>
    <line>
      <![CDATA[Element [[ChromeDriver: chrome on XP (26d1b48019d477037055bc0c66503710)] -> id: TRAN_Drillback_2] displayed in 16ms]]>
    </line>
    <line>
      <![CDATA[Element [[ChromeDriver: chrome on XP (26d1b48019d477037055bc0c66503710)] -> id: TRAN_Drillback_3] displayed in 15ms]]>
    </line>
    <line>
      <![CDATA[Angular request time 16ms]]>
    </line>
    <line>
      <![CDATA[Angular request time 27ms]]>
    </line>
    <line>
      <![CDATA[Element [[ChromeDriver: chrome on XP (26d1b48019d477037055bc0c66503710)] -> id: USR_Name] displayed in 22ms]]>
    </line>
    <line>
      <![CDATA[Element [[ChromeDriver: chrome on XP (26d1b48019d477037055bc0c66503710)] -> id: ACTION_Logout] displayed in 42ms]]>
    </line>
    <line>
      <![CDATA[Angular request time 16ms]]>
    </line>
    <line>
      <![CDATA[Closing Browser]]>
    </line>
    <line>
      <![CDATA[Test Completed...]]>
    </line>
    <line>
      <![CDATA[Launching Chrome]]>
    </line>
    <line>
      <![CDATA[Browser Maximised]]>
    </line>
    <line>
      <![CDATA[Angular Request Completed in 176ms]]>
    </line>
    <line>
      <![CDATA[Sign in Page Title Verified]]>
    </line>
    <line>
      <![CDATA[Angular Request Completed in 47ms]]>
    </line>
    <line>
      <![CDATA[User signed Admin]]>
    </line>
    <line>
      <![CDATA[Enter Text for Search =LOC@0001]]>
    </line>
    <line>
      <![CDATA[Element [[ChromeDriver: chrome on XP (53baa726929e226b5a4488b0ba870145)] -> id: SRCH_Input] displayed in 46ms]]>
    </line>
    <line>
      <![CDATA[Angular request time 948ms]]>
    </line>
    <line>
      <![CDATA[Click Customer]]>
    </line>
    <line>
      <![CDATA[Angular request time 1724ms]]>
    </line>
    <line>
      <![CDATA[Angular request time 11ms]]>
    </line>
    <line>
      <![CDATA[Customer Location Id found LOC@0001]]>
    </line>
    <line>
      <![CDATA[Strings Matched: LOC@0001 = LOC@0001]]>
    </line>
    <line>
      <![CDATA[Angular request time 836ms]]>
    </line>
    <line>
      <![CDATA[Service Order Link Clicked]]>
    </line>
    <line>
      <![CDATA[Element [[ChromeDriver: chrome on XP (53baa726929e226b5a4488b0ba870145)] -> id: SODV_Drillback] displayed in 16ms]]>
    </line>
    <line>
      <![CDATA[Angular request time 15ms]]>
    </line>
    <line>
      <![CDATA[Angular request time 11ms]]>
    </line>
    <line>
      <![CDATA[Element [[ChromeDriver: chrome on XP (53baa726929e226b5a4488b0ba870145)] -> id: USR_Name] displayed in 32ms]]>
    </line>
    <line>
      <![CDATA[Element [[ChromeDriver: chrome on XP (53baa726929e226b5a4488b0ba870145)] -> id: ACTION_Logout] displayed in 42ms]]>
    </line>
    <line>
      <![CDATA[Angular request time 24ms]]>
    </line>
    <line>
      <![CDATA[Closing Browser]]>
    </line>
    <line>
      <![CDATA[Test Completed...]]>
    </line>
    <line>
      <![CDATA[Launching Chrome]]>
    </line>
    <line>
      <![CDATA[Browser Maximised]]>
    </line>
    <line>
      <![CDATA[Angular Request Completed in 245ms]]>
    </line>
    <line>
      <![CDATA[Sign in Page Title Verified]]>
    </line>
    <line>
      <![CDATA[Angular Request Completed in 15ms]]>
    </line>
    <line>
      <![CDATA[User signed Admin]]>
    </line>
    <line>
      <![CDATA[Enter Text for Search =LOC@0001]]>
    </line>
    <line>
      <![CDATA[Element [[ChromeDriver: chrome on XP (4bd8b103bdc359efd95d2979e8b80687)] -> id: SRCH_Input] displayed in 31ms]]>
    </line>
    <line>
      <![CDATA[Angular request time 955ms]]>
    </line>
    <line>
      <![CDATA[Click Customer]]>
    </line>
    <line>
      <![CDATA[Angular request time 2106ms]]>
    </line>
    <line>
      <![CDATA[Angular request time 11ms]]>
    </line>
    <line>
      <![CDATA[Customer Location Id found LOC@0001]]>
    </line>
    <line>
      <![CDATA[Strings Matched: LOC@0001 = LOC@0001]]>
    </line>
    <line>
      <![CDATA[Angular request time 24ms]]>
    </line>
    <line>
      <![CDATA[Verifying Customer Details]]>
    </line>
    <line>
      <![CDATA[Strings Matched: 2312 = 2312]]>
    </line>
    <line>
      <![CDATA[Strings Matched: Driv12312OUL312 = Driv12312OUL312]]>
    </line>
    <line>
      <![CDATA[Strings Matched: (090) 078-6010 = (090) 078-6010]]>
    </line>
    <line>
      <![CDATA[Strings Matched: + Ext. 2112 = + Ext. 2112]]>
    </line>
    <line>
      <![CDATA[Strings Matched: automation@cogsdale.com = automation@cogsdale.com]]>
    </line>
    <line>
      <![CDATA[Strings Matched: 007 Test Apt = 007 Test Apt]]>
    </line>
    <line>
      <![CDATA[Strings Matched: New York NY 12345-67890 = New York NY 12345-67890]]>
    </line>
    <line>
      <![CDATA[Angular request time 16ms]]>
    </line>
    <line>
      <![CDATA[Angular request time 10ms]]>
    </line>
    <line>
      <![CDATA[Element [[ChromeDriver: chrome on XP (4bd8b103bdc359efd95d2979e8b80687)] -> id: USR_Name] displayed in 170ms]]>
    </line>
    <line>
      <![CDATA[Element [[ChromeDriver: chrome on XP (4bd8b103bdc359efd95d2979e8b80687)] -> id: ACTION_Logout] displayed in 32ms]]>
    </line>
    <line>
      <![CDATA[Angular request time 14ms]]>
    </line>
    <line>
      <![CDATA[Closing Browser]]>
    </line>
    <line>
      <![CDATA[Test Completed...]]>
    </line>
    <line>
      <![CDATA[Launching Chrome]]>
    </line>
    <line>
      <![CDATA[Browser Maximised]]>
    </line>
    <line>
      <![CDATA[Angular Request Completed in 75ms]]>
    </line>
    <line>
      <![CDATA[Sign in Page Title Verified]]>
    </line>
    <line>
      <![CDATA[Angular Request Completed in 16ms]]>
    </line>
    <line>
      <![CDATA[User signed Admin]]>
    </line>
    <line>
      <![CDATA[Enter Text for Search =LOC@0004]]>
    </line>
    <line>
      <![CDATA[Element [[ChromeDriver: chrome on XP (68fc7af01490feb3ed0c9df40f5de0a0)] -> id: SRCH_Input] displayed in 31ms]]>
    </line>
    <line>
      <![CDATA[Angular request time 1056ms]]>
    </line>
    <line>
      <![CDATA[Click Customer]]>
    </line>
    <line>
      <![CDATA[Angular request time 1867ms]]>
    </line>
    <line>
      <![CDATA[Angular request time 10ms]]>
    </line>
    <line>
      <![CDATA[Customer Location Id found LOC@0004]]>
    </line>
    <line>
      <![CDATA[Strings Matched: LOC@0004 = LOC@0004]]>
    </line>
    <line>
      <![CDATA[Element [[ChromeDriver: chrome on XP (68fc7af01490feb3ed0c9df40f5de0a0)] -> id: ACTION_DRILLBACK] displayed in 34ms]]>
    </line>
    <line>
      <![CDATA[Strings Matched: cogsdrillback://DGPB/?Db=SQL_2017&Srv=RND-BASE-A&Cmp=TWO&Prod=229&Act=OPEN&Func=CustomerMaintenance&CustomerID=0000011111&LocationID=LOC@0004&CogsDrillback=1 = cogsdrillback://DGPB/?Db=SQL_2017&Srv=RND-BASE-A&Cmp=TWO&Prod=229&Act=OPEN&Func=CustomerMaintenance&CustomerID=0000011111&LocationID=LOC@0004&CogsDrillback=1]]>
    </line>
    <line>
      <![CDATA[Element [[ChromeDriver: chrome on XP (68fc7af01490feb3ed0c9df40f5de0a0)] -> id: SCUST_Drillback] displayed in 33ms]]>
    </line>
    <line>
      <![CDATA[Strings Not Matched: cogsdrillback://DGPB/?Db=SQL_2017&Srv=RND-BASE-A&Cmp=TWO&Bug reported != null]]>
    </line>
    <line>
      <![CDATA[<a href="F:\FailedTestsScreenshots\TestSecondayContactScreenshot-1560443189621.jpg"><align="left">Error screenshot at Thu Jun 13 11:26:30 CDT 2019]]>
    </line>
    <line>
      <![CDATA[<img width="1024" src="F:\FailedTestsScreenshots\TestSecondayContactScreenshot-1560443189621.jpg" alt="screenshot at Thu Jun 13 11:26:30 CDT 2019"/></a><br />]]>
    </line>
    <line>
      <![CDATA[Closing Browser]]>
    </line>
    <line>
      <![CDATA[Test Completed...]]>
    </line>
    <line>
      <![CDATA[Launching Chrome]]>
    </line>
    <line>
      <![CDATA[Browser Maximised]]>
    </line>
    <line>
      <![CDATA[Angular Request Completed in 22ms]]>
    </line>
    <line>
      <![CDATA[Sign in Page Title Verified]]>
    </line>
    <line>
      <![CDATA[Angular Request Completed in 16ms]]>
    </line>
    <line>
      <![CDATA[User signed Admin]]>
    </line>
    <line>
      <![CDATA[Enter Text for Search =LOC@0004]]>
    </line>
    <line>
      <![CDATA[Element [[ChromeDriver: chrome on XP (9b9562988cb1637a75b401e2f8539d72)] -> id: SRCH_Input] displayed in 48ms]]>
    </line>
    <line>
      <![CDATA[Angular request time 1095ms]]>
    </line>
    <line>
      <![CDATA[Click Customer]]>
    </line>
    <line>
      <![CDATA[Angular request time 1555ms]]>
    </line>
    <line>
      <![CDATA[Angular request time 626ms]]>
    </line>
    <line>
      <![CDATA[Customer Location Id found LOC@0004]]>
    </line>
    <line>
      <![CDATA[Strings Matched: LOC@0004 = LOC@0004]]>
    </line>
    <line>
      <![CDATA[Angular request time 109ms]]>
    </line>
    <line>
      <![CDATA[Click on Account Drop down]]>
    </line>
    <line>
      <![CDATA[Element [[ChromeDriver: chrome on XP (9b9562988cb1637a75b401e2f8539d72)] -> id: SRCH_Accounts_Label] displayed in 45ms]]>
    </line>
    <line>
      <![CDATA[Enter Account Name]]>
    </line>
    <line>
      <![CDATA[Angular request time 17ms]]>
    </line>
    <line>
      <![CDATA[Element [[ChromeDriver: chrome on XP (9b9562988cb1637a75b401e2f8539d72)] -> id: SRCH_Accounts] displayed in 40ms]]>
    </line>
    <line>
      <![CDATA[Angular request time 112ms]]>
    </line>
    <line>
      <![CDATA[Angular request time 11ms]]>
    </line>
    <line>
      <![CDATA[Verify Account Name =1 Water 1 Bldg]]>
    </line>
    <line>
      <![CDATA[Element [[ChromeDriver: chrome on XP (9b9562988cb1637a75b401e2f8539d72)] -> id: SRCH_Accounts_Result1] displayed in 28ms]]>
    </line>
    <line>
      <![CDATA[Strings Matched: 1 Water 1 Bldg
New Smyrna Beach FL 12312-3
LOC@0004
$0.00
Apr 2019 - Current
Current = 1 Water 1 Bldg]]>
    </line>
    <line>
      <![CDATA[Angular request time 16ms]]>
    </line>
    <line>
      <![CDATA[Angular request time 15ms]]>
    </line>
    <line>
      <![CDATA[Angular request time 11ms]]>
    </line>
    <line>
      <![CDATA[Element [[ChromeDriver: chrome on XP (9b9562988cb1637a75b401e2f8539d72)] -> id: USR_Name] displayed in 32ms]]>
    </line>
    <line>
      <![CDATA[Element [[ChromeDriver: chrome on XP (9b9562988cb1637a75b401e2f8539d72)] -> id: ACTION_Logout] displayed in 50ms]]>
    </line>
    <line>
      <![CDATA[Angular request time 35ms]]>
    </line>
    <line>
      <![CDATA[Closing Browser]]>
    </line>
    <line>
      <![CDATA[Test Completed...]]>
    </line>
    <line>
      <![CDATA[Launching Chrome]]>
    </line>
    <line>
      <![CDATA[Browser Maximised]]>
    </line>
    <line>
      <![CDATA[Angular Request Completed in 57ms]]>
    </line>
    <line>
      <![CDATA[Sign in Page Title Verified]]>
    </line>
    <line>
      <![CDATA[Angular Request Completed in 15ms]]>
    </line>
    <line>
      <![CDATA[User signed Admin]]>
    </line>
    <line>
      <![CDATA[Enter Text for Search =STATEMENTS001]]>
    </line>
    <line>
      <![CDATA[Element [[ChromeDriver: chrome on XP (850da0cfa4ac16dacab24a54559a738b)] -> id: SRCH_Input] displayed in 31ms]]>
    </line>
    <line>
      <![CDATA[Angular request time 993ms]]>
    </line>
    <line>
      <![CDATA[Click Customer]]>
    </line>
    <line>
      <![CDATA[Angular request time 1831ms]]>
    </line>
    <line>
      <![CDATA[Angular request time 1056ms]]>
    </line>
    <line>
      <![CDATA[Customer Location Id found STATEMENTS001]]>
    </line>
    <line>
      <![CDATA[Strings Matched: STATEMENTS001 = STATEMENTS001]]>
    </line>
    <line>
      <![CDATA[Angular request time 15ms]]>
    </line>
    <line>
      <![CDATA[Angular request time 13ms]]>
    </line>
    <line>
      <![CDATA[Verify Bill Statement Date]]>
    </line>
    <line>
      <![CDATA[Angular request time 16ms]]>
    </line>
    <line>
      <![CDATA[Element [[ChromeDriver: chrome on XP (850da0cfa4ac16dacab24a54559a738b)] -> id: BILL_Statement_1] displayed in 57ms]]>
    </line>
    <line>
      <![CDATA[Strings Matched: Jul 31, 2019 = Jul 31, 2019]]>
    </line>
    <line>
      <![CDATA[Angular request time 10ms]]>
    </line>
    <line>
      <![CDATA[Element [[ChromeDriver: chrome on XP (850da0cfa4ac16dacab24a54559a738b)] -> id: BILL_Statement_Value_1] displayed in 32ms]]>
    </line>
    <line>
      <![CDATA[Strings Matched: $56.71 = $56.71]]>
    </line>
    <line>
      <![CDATA[Angular request time 10ms]]>
    </line>
    <line>
      <![CDATA[Angular request time 12ms]]>
    </line>
    <line>
      <![CDATA[Element [[ChromeDriver: chrome on XP (850da0cfa4ac16dacab24a54559a738b)] -> id: USR_Name] displayed in 33ms]]>
    </line>
    <line>
      <![CDATA[Element [[ChromeDriver: chrome on XP (850da0cfa4ac16dacab24a54559a738b)] -> id: ACTION_Logout] displayed in 608ms]]>
    </line>
    <line>
      <![CDATA[Angular request time 16ms]]>
    </line>
    <line>
      <![CDATA[Closing Browser]]>
    </line>
    <line>
      <![CDATA[Test Completed...]]>
    </line>
    <line>
      <![CDATA[Launching Chrome]]>
    </line>
    <line>
      <![CDATA[Browser Maximised]]>
    </line>
    <line>
      <![CDATA[Angular Request Completed in 33ms]]>
    </line>
    <line>
      <![CDATA[Sign in Page Title Verified]]>
    </line>
    <line>
      <![CDATA[Angular Request Completed in 25ms]]>
    </line>
    <line>
      <![CDATA[User signed Admin]]>
    </line>
    <line>
      <![CDATA[Enter Text for Search =LOC@0001]]>
    </line>
    <line>
      <![CDATA[Element [[ChromeDriver: chrome on XP (58088613cf632b7d2e36f8bfeb1548d1)] -> id: SRCH_Input] displayed in 78ms]]>
    </line>
    <line>
      <![CDATA[Angular request time 940ms]]>
    </line>
    <line>
      <![CDATA[Click Customer]]>
    </line>
    <line>
      <![CDATA[Angular request time 1524ms]]>
    </line>
    <line>
      <![CDATA[Angular request time 25ms]]>
    </line>
    <line>
      <![CDATA[Customer Location Id found LOC@0001]]>
    </line>
    <line>
      <![CDATA[Strings Matched: LOC@0001 = LOC@0001]]>
    </line>
    <line>
      <![CDATA[Angular request time 10ms]]>
    </line>
    <line>
      <![CDATA[Verifying Address Details]]>
    </line>
    <line>
      <![CDATA[Strings Matched: 007 Aut Automation Street Rt 20001 Apt = 007 Aut Automation Street Rt 20001 Apt]]>
    </line>
    <line>
      <![CDATA[Strings Matched: Cloudy = Cloudy]]>
    </line>
    <line>
      <![CDATA[Strings Matched: D = D]]>
    </line>
    <line>
      <![CDATA[Strings Matched: 00720-019 = 00720-019]]>
    </line>
    <line>
      <![CDATA[Angular request time 13ms]]>
    </line>
    <line>
      <![CDATA[Angular request time 7ms]]>
    </line>
    <line>
      <![CDATA[Element [[ChromeDriver: chrome on XP (58088613cf632b7d2e36f8bfeb1548d1)] -> id: USR_Name] displayed in 30ms]]>
    </line>
    <line>
      <![CDATA[Element [[ChromeDriver: chrome on XP (58088613cf632b7d2e36f8bfeb1548d1)] -> id: ACTION_Logout] displayed in 33ms]]>
    </line>
    <line>
      <![CDATA[Angular request time 15ms]]>
    </line>
    <line>
      <![CDATA[Closing Browser]]>
    </line>
    <line>
      <![CDATA[Test Completed...]]>
    </line>
    <line>
      <![CDATA[Launching Chrome]]>
    </line>
    <line>
      <![CDATA[Browser Maximised]]>
    </line>
    <line>
      <![CDATA[Angular Request Completed in 68ms]]>
    </line>
    <line>
      <![CDATA[Sign in Page Title Verified]]>
    </line>
    <line>
      <![CDATA[Angular Request Completed in 27ms]]>
    </line>
    <line>
      <![CDATA[User signed Admin]]>
    </line>
    <line>
      <![CDATA[Enter Text for Search =LOC@0004]]>
    </line>
    <line>
      <![CDATA[Element [[ChromeDriver: chrome on XP (eb74ecf0ec5dbcc9c23c2e3bbc41b338)] -> id: SRCH_Input] displayed in 63ms]]>
    </line>
    <line>
      <![CDATA[Angular request time 1528ms]]>
    </line>
    <line>
      <![CDATA[Click Customer]]>
    </line>
    <line>
      <![CDATA[Angular request time 1653ms]]>
    </line>
    <line>
      <![CDATA[Angular request time 297ms]]>
    </line>
    <line>
      <![CDATA[Customer Location Id found LOC@0004]]>
    </line>
    <line>
      <![CDATA[Strings Matched: LOC@0004 = LOC@0004]]>
    </line>
    <line>
      <![CDATA[Angular request time 6ms]]>
    </line>
    <line>
      <![CDATA[Angular request time 10ms]]>
    </line>
    <line>
      <![CDATA[Angular request time 441ms]]>
    </line>
    <line>
      <![CDATA[Angular request time 322ms]]>
    </line>
    <line>
      <![CDATA[Strings Matched: Notes added2019/06/13 11:23:24 = Notes added2019/06/13 11:23:24]]>
    </line>
    <line>
      <![CDATA[Angular request time 8ms]]>
    </line>
    <line>
      <![CDATA[Angular request time 8ms]]>
    </line>
    <line>
      <![CDATA[Element [[ChromeDriver: chrome on XP (eb74ecf0ec5dbcc9c23c2e3bbc41b338)] -> id: USR_Name] displayed in 31ms]]>
    </line>
    <line>
      <![CDATA[Element [[ChromeDriver: chrome on XP (eb74ecf0ec5dbcc9c23c2e3bbc41b338)] -> id: ACTION_Logout] displayed in 33ms]]>
    </line>
    <line>
      <![CDATA[Angular request time 16ms]]>
    </line>
    <line>
      <![CDATA[Closing Browser]]>
    </line>
    <line>
      <![CDATA[Test Completed...]]>
    </line>
    <line>
      <![CDATA[Launching Chrome]]>
    </line>
    <line>
      <![CDATA[Browser Maximised]]>
    </line>
    <line>
      <![CDATA[Angular Request Completed in 139ms]]>
    </line>
    <line>
      <![CDATA[Sign in Page Title Verified]]>
    </line>
    <line>
      <![CDATA[Angular Request Completed in 47ms]]>
    </line>
    <line>
      <![CDATA[User signed Admin]]>
    </line>
    <line>
      <![CDATA[Enter Text for Search =LOC@0001]]>
    </line>
    <line>
      <![CDATA[Element [[ChromeDriver: chrome on XP (6d0c76dc0f0d26369636faad3601be67)] -> id: SRCH_Input] displayed in 62ms]]>
    </line>
    <line>
      <![CDATA[Angular request time 989ms]]>
    </line>
    <line>
      <![CDATA[Click Customer]]>
    </line>
    <line>
      <![CDATA[Angular request time 2032ms]]>
    </line>
    <line>
      <![CDATA[Angular request time 14ms]]>
    </line>
    <line>
      <![CDATA[Customer Location Id found LOC@0001]]>
    </line>
    <line>
      <![CDATA[Strings Matched: LOC@0001 = LOC@0001]]>
    </line>
    <line>
      <![CDATA[Angular request time 16ms]]>
    </line>
    <line>
      <![CDATA[Element 'BILL_Current_Balance' is displayed in 94ms]]>
    </line>
    <line>
      <![CDATA[Element 'BILL_Unposted_Balance' is displayed in 93ms]]>
    </line>
    <line>
      <![CDATA[Element 'BILL_Account_Balance' is displayed in 79ms]]>
    </line>
    <line>
      <![CDATA[Element 'BILL_Past_Due' is displayed in 78ms]]>
    </line>
    <line>
      <![CDATA[Element 'BILL_Installment_Budget' is displayed in 94ms]]>
    </line>
    <line>
      <![CDATA[Element 'BILL_Over_Short' is displayed in 93ms]]>
    </line>
    <line>
      <![CDATA[Strings Matched: $35.26 = $35.26]]>
    </line>
    <line>
      <![CDATA[Strings Matched: $0.00 = $0.00]]>
    </line>
    <line>
      <![CDATA[Strings Matched: $0.00 = $0.00]]>
    </line>
    <line>
      <![CDATA[Strings Matched: $92.50 = $92.50]]>
    </line>
    <line>
      <![CDATA[Strings Matched: $50.00 = $50.00]]>
    </line>
    <line>
      <![CDATA[Strings Matched: $57.24 = $57.24]]>
    </line>
    <line>
      <![CDATA[Strings Matched: $35.26 = $35.26]]>
    </line>
    <line>
      <![CDATA[Element [[ChromeDriver: chrome on XP (6d0c76dc0f0d26369636faad3601be67)] -> id: BILL_E_Bill] displayed in 47ms]]>
    </line>
    <line>
      <![CDATA[Strings Matched: ON = ON]]>
    </line>
    <line>
      <![CDATA[Element [[ChromeDriver: chrome on XP (6d0c76dc0f0d26369636faad3601be67)] -> id: BILL_Auto_Pay] displayed in 46ms]]>
    </line>
    <line>
      <![CDATA[Strings Matched: OFF = OFF]]>
    </line>
    <line>
      <![CDATA[Element [[ChromeDriver: chrome on XP (6d0c76dc0f0d26369636faad3601be67)] -> id: BILL_Deposit_Amount] displayed in 32ms]]>
    </line>
    <line>
      <![CDATA[Strings Matched: $0.00 = $0.00]]>
    </line>
    <line>
      <![CDATA[Angular request time 17ms]]>
    </line>
    <line>
      <![CDATA[Verifying Service Type 1]]>
    </line>
    <line>
      <![CDATA[Strings Matched: ELECTRIC = ELECTRIC]]>
    </line>
    <line>
      <![CDATA[Strings Matched: 163598645 = 163598645]]>
    </line>
    <line>
      <![CDATA[Strings Matched: GS-PK ENERGY = GS-PK ENERGY]]>
    </line>
    <line>
      <![CDATA[Strings Matched: 1.00000 = 1.00000]]>
    </line>
    <line>
      <![CDATA[Strings Matched: Active = Active]]>
    </line>
    <line>
      <![CDATA[Angular request time 16ms]]>
    </line>
    <line>
      <![CDATA[Verifying Service GAS ]]>
    </line>
    <line>
      <![CDATA[Strings Matched: GAS = GAS]]>
    </line>
    <line>
      <![CDATA[Strings Matched: EQUIP-GAS-3 = EQUIP-GAS-3]]>
    </line>
    <line>
      <![CDATA[Strings Matched: GRESMTR40 = GRESMTR40]]>
    </line>
    <line>
      <![CDATA[Strings Matched: 1.00000 = 1.00000]]>
    </line>
    <line>
      <![CDATA[Strings Matched: Active = Active]]>
    </line>
    <line>
      <![CDATA[Angular request time 16ms]]>
    </line>
    <line>
      <![CDATA[Verifying Service Type Internet]]>
    </line>
    <line>
      <![CDATA[Strings Matched: INTERNET = INTERNET]]>
    </line>
    <line>
      <![CDATA[Strings Matched: EQUIP-PHONE-02 = EQUIP-PHONE-02]]>
    </line>
    <line>
      <![CDATA[Strings Matched: INTERNET-60 = INTERNET-60]]>
    </line>
    <line>
      <![CDATA[Strings Matched: 1.00000 = 1.00000]]>
    </line>
    <line>
      <![CDATA[Strings Matched: Active = Active]]>
    </line>
    <line>
      <![CDATA[Element [[ChromeDriver: chrome on XP (6d0c76dc0f0d26369636faad3601be67)] -> id: SERV_Tab_Type_1_Icon] displayed in 47ms]]>
    </line>
    <line>
      <![CDATA[Angular request time 488ms]]>
    </line>
    <line>
      <![CDATA[Verifying Service TAB, Row 1]]>
    </line>
    <line>
      <![CDATA[Strings Matched: ELECTRIC = ELECTRIC]]>
    </line>
    <line>
      <![CDATA[Strings Matched: 163598645 = 163598645]]>
    </line>
    <line>
      <![CDATA[Strings Matched: GS-PK ENERGY = GS-PK ENERGY]]>
    </line>
    <line>
      <![CDATA[Strings Matched: 1.00000 = 1.00000]]>
    </line>
    <line>
      <![CDATA[Strings Matched: Active = Active]]>
    </line>
    <line>
      <![CDATA[Element [[ChromeDriver: chrome on XP (6d0c76dc0f0d26369636faad3601be67)] -> id: SERV_Tab_Type_2_Icon] displayed in 48ms]]>
    </line>
    <line>
      <![CDATA[Angular request time 445ms]]>
    </line>
    <line>
      <![CDATA[Verifying Service GAS Row 1]]>
    </line>
    <line>
      <![CDATA[Strings Matched: GAS = GAS]]>
    </line>
    <line>
      <![CDATA[Strings Matched: EQUIP-GAS-3 = EQUIP-GAS-3]]>
    </line>
    <line>
      <![CDATA[Strings Matched: GRESMTR40 = GRESMTR40]]>
    </line>
    <line>
      <![CDATA[Strings Matched: 1.00000 = 1.00000]]>
    </line>
    <line>
      <![CDATA[Strings Matched: Active = Active]]>
    </line>
    <line>
      <![CDATA[Element [[ChromeDriver: chrome on XP (6d0c76dc0f0d26369636faad3601be67)] -> id: SERV_Tab_Type_3_Icon] displayed in 78ms]]>
    </line>
    <line>
      <![CDATA[Angular request time 385ms]]>
    </line>
    <line>
      <![CDATA[Verifying Service Type Internet Tab Row 1]]>
    </line>
    <line>
      <![CDATA[Strings Matched: INTERNET = INTERNET]]>
    </line>
    <line>
      <![CDATA[Strings Matched: EQUIP-PHONE-02 = EQUIP-PHONE-02]]>
    </line>
    <line>
      <![CDATA[Strings Matched: INTERNET-60 = INTERNET-60]]>
    </line>
    <line>
      <![CDATA[Strings Matched: 1.00000 = 1.00000]]>
    </line>
    <line>
      <![CDATA[Strings Matched: Active = Active]]>
    </line>
    <line>
      <![CDATA[Angular request time 9ms]]>
    </line>
    <line>
      <![CDATA[Angular request time 6ms]]>
    </line>
    <line>
      <![CDATA[Element [[ChromeDriver: chrome on XP (6d0c76dc0f0d26369636faad3601be67)] -> id: USR_Name] displayed in 62ms]]>
    </line>
    <line>
      <![CDATA[Element [[ChromeDriver: chrome on XP (6d0c76dc0f0d26369636faad3601be67)] -> id: ACTION_Logout] displayed in 43ms]]>
    </line>
    <line>
      <![CDATA[Angular request time 22ms]]>
    </line>
    <line>
      <![CDATA[Closing Browser]]>
    </line>
    <line>
      <![CDATA[Test Completed...]]>
    </line>
    <line>
      <![CDATA[Launching Chrome]]>
    </line>
    <line>
      <![CDATA[Browser Maximised]]>
    </line>
    <line>
      <![CDATA[Angular Request Completed in 98ms]]>
    </line>
    <line>
      <![CDATA[Sign in Page Title Verified]]>
    </line>
    <line>
      <![CDATA[Angular Request Completed in 15ms]]>
    </line>
    <line>
      <![CDATA[User signed Admin]]>
    </line>
    <line>
      <![CDATA[Enter Text for Search =LOC@0004]]>
    </line>
    <line>
      <![CDATA[Element [[ChromeDriver: chrome on XP (015814637f8a220a5801ca76a2de6b09)] -> id: SRCH_Input] displayed in 47ms]]>
    </line>
    <line>
      <![CDATA[Angular request time 1064ms]]>
    </line>
    <line>
      <![CDATA[Click Customer]]>
    </line>
    <line>
      <![CDATA[Angular request time 1485ms]]>
    </line>
    <line>
      <![CDATA[Angular request time 9ms]]>
    </line>
    <line>
      <![CDATA[Customer Location Id found LOC@0004]]>
    </line>
    <line>
      <![CDATA[Strings Matched: LOC@0004 = LOC@0004]]>
    </line>
    <line>
      <![CDATA[Angular request time 15ms]]>
    </line>
    <line>
      <![CDATA[Element '[[ChromeDriver: chrome on XP (015814637f8a220a5801ca76a2de6b09)] -> id: 'CUST_Drillback_Button']' is displayed in 578ms]]>
    </line>
    <line>
      <![CDATA[Angular request time 12ms]]>
    </line>
    <line>
      <![CDATA[Angular request time 12ms]]>
    </line>
    <line>
      <![CDATA[Element '[[ChromeDriver: chrome on XP (015814637f8a220a5801ca76a2de6b09)] -> id: ECI_Phone_Number_1]' is displayed in 78ms]]>
    </line>
    <line>
      <![CDATA[Angular request time 18ms]]>
    </line>
    <line>
      <![CDATA[Angular request time 22ms]]>
    </line>
    <line>
      <![CDATA[Angular request time 10ms]]>
    </line>
    <line>
      <![CDATA[Element '[[ChromeDriver: chrome on XP (015814637f8a220a5801ca76a2de6b09)] -> id: ECI_Email]' is displayed in 86ms]]>
    </line>
    <line>
      <![CDATA[Angular request time 17ms]]>
    </line>
    <line>
      <![CDATA[Angular request time 13ms]]>
    </line>
    <line>
      <![CDATA[Angular request time 9ms]]>
    </line>
    <line>
      <![CDATA[Element '[[ChromeDriver: chrome on XP (015814637f8a220a5801ca76a2de6b09)] -> id: ECI_Action_Button]' is displayed in 110ms]]>
    </line>
    <line>
      <![CDATA[Angular request time 335ms]]>
    </line>
    <line>
      <![CDATA[Angular request time 348ms]]>
    </line>
    <line>
      <![CDATA[Verifying Customer Details]]>
    </line>
    <line>
      <![CDATA[Strings Matched: 2312 = 2312]]>
    </line>
    <line>
      <![CDATA[Strings Matched: Driv12312OUL312 = Driv12312OUL312]]>
    </line>
    <line>
      <![CDATA[Strings Matched: (090) 078-6010 = (090) 078-6010]]>
    </line>
    <line>
      <![CDATA[Strings Matched: + Ext. 2112 = + Ext. 2112]]>
    </line>
    <line>
      <![CDATA[Strings Matched: automation@cogsdale.com = automation@cogsdale.com]]>
    </line>
    <line>
      <![CDATA[Strings Matched: 007 Test Apt = 007 Test Apt]]>
    </line>
    <line>
      <![CDATA[Strings Matched: New York NY 12345-67890 = New York NY 12345-67890]]>
    </line>
    <line>
      <![CDATA[Angular request time 31ms]]>
    </line>
    <line>
      <![CDATA[Angular request time 10ms]]>
    </line>
    <line>
      <![CDATA[Element [[ChromeDriver: chrome on XP (015814637f8a220a5801ca76a2de6b09)] -> id: USR_Name] displayed in 28ms]]>
    </line>
    <line>
      <![CDATA[Element [[ChromeDriver: chrome on XP (015814637f8a220a5801ca76a2de6b09)] -> id: ACTION_Logout] displayed in 38ms]]>
    </line>
    <line>
      <![CDATA[Angular request time 18ms]]>
    </line>
    <line>
      <![CDATA[Closing Browser]]>
    </line>
    <line>
      <![CDATA[Test Completed...]]>
    </line>
    <line>
      <![CDATA[Launching Chrome]]>
    </line>
    <line>
      <![CDATA[Browser Maximised]]>
    </line>
    <line>
      <![CDATA[Angular Request Completed in 36ms]]>
    </line>
    <line>
      <![CDATA[Sign in Page Title Verified]]>
    </line>
    <line>
      <![CDATA[Angular Request Completed in 172ms]]>
    </line>
    <line>
      <![CDATA[User signed Admin]]>
    </line>
    <line>
      <![CDATA[Enter Text for Search =LOC@0004]]>
    </line>
    <line>
      <![CDATA[Element [[ChromeDriver: chrome on XP (625c231b7f91a53cee2a0822b4c80c6f)] -> id: SRCH_Input] displayed in 47ms]]>
    </line>
    <line>
      <![CDATA[Angular request time 1056ms]]>
    </line>
    <line>
      <![CDATA[Click Customer]]>
    </line>
    <line>
      <![CDATA[Angular request time 1960ms]]>
    </line>
    <line>
      <![CDATA[Angular request time 322ms]]>
    </line>
    <line>
      <![CDATA[Customer Location Id found LOC@0004]]>
    </line>
    <line>
      <![CDATA[Strings Matched: LOC@0004 = LOC@0004]]>
    </line>
    <line>
      <![CDATA[Angular request time 10ms]]>
    </line>
    <line>
      <![CDATA[Angular request time 14ms]]>
    </line>
    <line>
      <![CDATA[Angular request time 17ms]]>
    </line>
    <line>
      <![CDATA[Angular request time 22ms]]>
    </line>
    <line>
      <![CDATA[Strings Matched: Secondary Customer (SECONDARY) = Secondary Customer (SECONDARY)]]>
    </line>
    <line>
      <![CDATA[Angular request time 11ms]]>
    </line>
    <line>
      <![CDATA[Angular request time 11ms]]>
    </line>
    <line>
      <![CDATA[Element [[ChromeDriver: chrome on XP (625c231b7f91a53cee2a0822b4c80c6f)] -> id: USR_Name] displayed in 35ms]]>
    </line>
    <line>
      <![CDATA[Element [[ChromeDriver: chrome on XP (625c231b7f91a53cee2a0822b4c80c6f)] -> id: ACTION_Logout] displayed in 37ms]]>
    </line>
    <line>
      <![CDATA[Angular request time 27ms]]>
    </line>
    <line>
      <![CDATA[Closing Browser]]>
    </line>
    <line>
      <![CDATA[Test Completed...]]>
    </line>
    <line>
      <![CDATA[Launching Chrome]]>
    </line>
    <line>
      <![CDATA[Browser Maximised]]>
    </line>
    <line>
      <![CDATA[Angular Request Completed in 31ms]]>
    </line>
    <line>
      <![CDATA[Sign in Page Title Verified]]>
    </line>
    <line>
      <![CDATA[Angular Request Completed in 46ms]]>
    </line>
    <line>
      <![CDATA[User signed Admin]]>
    </line>
    <line>
      <![CDATA[Enter Text for Search =LOC@0001]]>
    </line>
    <line>
      <![CDATA[Element [[ChromeDriver: chrome on XP (6863c95b4eb14f72e12761bf0bb78d14)] -> id: SRCH_Input] displayed in 47ms]]>
    </line>
    <line>
      <![CDATA[Angular request time 996ms]]>
    </line>
    <line>
      <![CDATA[Click Customer]]>
    </line>
    <line>
      <![CDATA[Angular request time 2087ms]]>
    </line>
    <line>
      <![CDATA[Angular request time 20ms]]>
    </line>
    <line>
      <![CDATA[Customer Location Id found LOC@0001]]>
    </line>
    <line>
      <![CDATA[Strings Matched: LOC@0001 = LOC@0001]]>
    </line>
    <line>
      <![CDATA[Verify Credit Status]]>
    </line>
    <line>
      <![CDATA[Angular request time 12ms]]>
    </line>
    <line>
      <![CDATA[Angular request time 17ms]]>
    </line>
    <line>
      <![CDATA[Angular request time 13ms]]>
    </line>
    <line>
      <![CDATA[Element [[ChromeDriver: chrome on XP (6863c95b4eb14f72e12761bf0bb78d14)] -> id: USR_Name] displayed in 31ms]]>
    </line>
    <line>
      <![CDATA[Element [[ChromeDriver: chrome on XP (6863c95b4eb14f72e12761bf0bb78d14)] -> id: ACTION_Logout] displayed in 65ms]]>
    </line>
    <line>
      <![CDATA[Angular request time 16ms]]>
    </line>
    <line>
      <![CDATA[Closing Browser]]>
    </line>
    <line>
      <![CDATA[Test Completed...]]>
    </line>
    <line>
      <![CDATA[Launching Chrome]]>
    </line>
    <line>
      <![CDATA[Browser Maximised]]>
    </line>
    <line>
      <![CDATA[Angular Request Completed in 31ms]]>
    </line>
    <line>
      <![CDATA[Sign in Page Title Verified]]>
    </line>
    <line>
      <![CDATA[Angular Request Completed in 31ms]]>
    </line>
    <line>
      <![CDATA[User signed Admin]]>
    </line>
    <line>
      <![CDATA[Enter Text for Search =0000011111]]>
    </line>
    <line>
      <![CDATA[Element [[ChromeDriver: chrome on XP (5ea2b213e6ff9ed9f0749124ebf73dff)] -> id: SRCH_Input] displayed in 79ms]]>
    </line>
    <line>
      <![CDATA[Angular request time 1477ms]]>
    </line>
    <line>
      <![CDATA[Click Customer]]>
    </line>
    <line>
      <![CDATA[Angular request time 2379ms]]>
    </line>
    <line>
      <![CDATA[Angular request time 12ms]]>
    </line>
    <line>
      <![CDATA[CustomerId found 0000011111]]>
    </line>
    <line>
      <![CDATA[Strings Matched: 0000011111 = 0000011111]]>
    </line>
    <line>
      <![CDATA[Angular request time 9ms]]>
    </line>
    <line>
      <![CDATA[Angular request time 9ms]]>
    </line>
    <line>
      <![CDATA[Element [[ChromeDriver: chrome on XP (5ea2b213e6ff9ed9f0749124ebf73dff)] -> id: USR_Name] displayed in 31ms]]>
    </line>
    <line>
      <![CDATA[Element [[ChromeDriver: chrome on XP (5ea2b213e6ff9ed9f0749124ebf73dff)] -> id: ACTION_Logout] displayed in 47ms]]>
    </line>
    <line>
      <![CDATA[Angular request time 15ms]]>
    </line>
    <line>
      <![CDATA[Closing Browser]]>
    </line>
    <line>
      <![CDATA[Test Completed...]]>
    </line>
    <line>
      <![CDATA[Launching Chrome]]>
    </line>
    <line>
      <![CDATA[Browser Maximised]]>
    </line>
    <line>
      <![CDATA[Angular Request Completed in 187ms]]>
    </line>
    <line>
      <![CDATA[Sign in Page Title Verified]]>
    </line>
    <line>
      <![CDATA[Angular Request Completed in 187ms]]>
    </line>
    <line>
      <![CDATA[User signed Admin]]>
    </line>
    <line>
      <![CDATA[Element '//input[@id='SRCH_Input']' is displayed in 62ms]]>
    </line>
    <line>
      <![CDATA[Click Recent]]>
    </line>
    <line>
      <![CDATA[Recent Customer =Aut Statement]]>
    </line>
    <line>
      <![CDATA[Click Customer]]>
    </line>
    <line>
      <![CDATA[Angular request time 2748ms]]>
    </line>
    <line>
      <![CDATA[Alert not configured]]>
    </line>
    <line>
      <![CDATA[Element '//div[@class='address-details']' is displayed in 78ms]]>
    </line>
    <line>
      <![CDATA[Angular request time 16ms]]>
    </line>
    <line>
      <![CDATA[Strings Matched: Aut Statement = Aut Statement]]>
    </line>
    <line>
      <![CDATA[Angular request time 16ms]]>
    </line>
    <line>
      <![CDATA[Angular request time 10ms]]>
    </line>
    <line>
      <![CDATA[Element [[ChromeDriver: chrome on XP (9fc17d2f6d1d6e0d632884b3305a5f44)] -> id: USR_Name] displayed in 20ms]]>
    </line>
    <line>
      <![CDATA[Element [[ChromeDriver: chrome on XP (9fc17d2f6d1d6e0d632884b3305a5f44)] -> id: ACTION_Logout] displayed in 36ms]]>
    </line>
    <line>
      <![CDATA[Angular request time 15ms]]>
    </line>
    <line>
      <![CDATA[Closing Browser]]>
    </line>
    <line>
      <![CDATA[Test Completed...]]>
    </line>
    <line>
      <![CDATA[Launching Chrome]]>
    </line>
    <line>
      <![CDATA[Browser Maximised]]>
    </line>
    <line>
      <![CDATA[Angular Request Completed in 23ms]]>
    </line>
    <line>
      <![CDATA[Sign in Page Title Verified]]>
    </line>
    <line>
      <![CDATA[Angular Request Completed in 31ms]]>
    </line>
    <line>
      <![CDATA[User signed Admin]]>
    </line>
    <line>
      <![CDATA[Element '//input[@id='SRCH_Input']' is displayed in 94ms]]>
    </line>
    <line>
      <![CDATA[Element 'SRCH_Button_Favorites' is displayed in 47ms]]>
    </line>
    <line>
      <![CDATA[Click BookMarked Customer]]>
    </line>
    <line>
      <![CDATA[Click Customer]]>
    </line>
    <line>
      <![CDATA[Angular request time 2177ms]]>
    </line>
    <line>
      <![CDATA[Element '//div[@class='address-details']' is displayed in 55ms]]>
    </line>
    <line>
      <![CDATA[Angular request time 15ms]]>
    </line>
    <line>
      <![CDATA[Customer Name found Noel Ford]]>
    </line>
    <line>
      <![CDATA[Strings Matched: Noel Ford = Noel Ford]]>
    </line>
    <line>
      <![CDATA[Angular request time 16ms]]>
    </line>
    <line>
      <![CDATA[Angular request time 22ms]]>
    </line>
    <line>
      <![CDATA[Element [[ChromeDriver: chrome on XP (555799119e9b2beb3d660182ee25c705)] -> id: USR_Name] displayed in 26ms]]>
    </line>
    <line>
      <![CDATA[Element [[ChromeDriver: chrome on XP (555799119e9b2beb3d660182ee25c705)] -> id: ACTION_Logout] displayed in 52ms]]>
    </line>
    <line>
      <![CDATA[Angular request time 20ms]]>
    </line>
    <line>
      <![CDATA[Closing Browser]]>
    </line>
    <line>
      <![CDATA[Test Completed...]]>
    </line>
    <line>
      <![CDATA[Launching Chrome]]>
    </line>
    <line>
      <![CDATA[Browser Maximised]]>
    </line>
    <line>
      <![CDATA[Angular Request Completed in 51ms]]>
    </line>
    <line>
      <![CDATA[Sign in Page Title Verified]]>
    </line>
    <line>
      <![CDATA[Angular Request Completed in 6ms]]>
    </line>
    <line>
      <![CDATA[User signed Admin]]>
    </line>
    <line>
      <![CDATA[Element '//input[@id='SRCH_Input']' is displayed in 61ms]]>
    </line>
    <line>
      <![CDATA[Element 'toolbar-saved' is displayed in 63ms]]>
    </line>
    <line>
      <![CDATA[Enter Text for Search =Alert]]>
    </line>
    <line>
      <![CDATA[Element [[ChromeDriver: chrome on XP (c1ceac769f3379d56e270b2e607ce065)] -> id: SRCH_Input] displayed in 36ms]]>
    </line>
    <line>
      <![CDATA[Angular request time 1065ms]]>
    </line>
    <line>
      <![CDATA[Click Customer]]>
    </line>
    <line>
      <![CDATA[Angular request time 2256ms]]>
    </line>
    <line>
      <![CDATA[Element '//div[@class='address-details']' is displayed in 55ms]]>
    </line>
    <line>
      <![CDATA[Angular request time 13ms]]>
    </line>
    <line>
      <![CDATA[Customer Name found Alert Test]]>
    </line>
    <line>
      <![CDATA[Strings Matched: Alert Test = Alert Test]]>
    </line>
    <line>
      <![CDATA[Angular request time 15ms]]>
    </line>
    <line>
      <![CDATA[Element 'ALERTO_Action_Button' is displayed in 266ms]]>
    </line>
    <line>
      <![CDATA[Angular request time 13ms]]>
    </line>
    <line>
      <![CDATA[Click Ok]]>
    </line>
    <line>
      <![CDATA[Alert on Load Clicked]]>
    </line>
    <line>
      <![CDATA[Angular request time 31ms]]>
    </line>
    <line>
      <![CDATA[Element [[ChromeDriver: chrome on XP (c1ceac769f3379d56e270b2e607ce065)] -> id: ALERT_1_Description] displayed in 49ms]]>
    </line>
    <line>
      <![CDATA[Angular request time 13ms]]>
    </line>
    <line>
      <![CDATA[Click Description]]>
    </line>
    <line>
      <![CDATA[Angular request time 24ms]]>
    </line>
    <line>
      <![CDATA[Element 'ALERTO_Action_Button' is displayed in 112ms]]>
    </line>
    <line>
      <![CDATA[Angular request time 15ms]]>
    </line>
    <line>
      <![CDATA[Click Ok]]>
    </line>
    <line>
      <![CDATA[Alert on description Clicked]]>
    </line>
    <line>
      <![CDATA[Angular request time 11ms]]>
    </line>
    <line>
      <![CDATA[Angular request time 11ms]]>
    </line>
    <line>
      <![CDATA[Element [[ChromeDriver: chrome on XP (c1ceac769f3379d56e270b2e607ce065)] -> id: USR_Name] displayed in 46ms]]>
    </line>
    <line>
      <![CDATA[Element [[ChromeDriver: chrome on XP (c1ceac769f3379d56e270b2e607ce065)] -> id: ACTION_Logout] displayed in 69ms]]>
    </line>
    <line>
      <![CDATA[Angular request time 20ms]]>
    </line>
    <line>
      <![CDATA[Closing Browser]]>
    </line>
    <line>
      <![CDATA[Test Completed...]]>
    </line>
    <line>
      <![CDATA[Launching Chrome]]>
    </line>
    <line>
      <![CDATA[Browser Maximised]]>
    </line>
    <line>
      <![CDATA[Angular Request Completed in 137ms]]>
    </line>
    <line>
      <![CDATA[Sign in Page Title Verified]]>
    </line>
    <line>
      <![CDATA[Angular Request Completed in 30ms]]>
    </line>
    <line>
      <![CDATA[User signed Admin]]>
    </line>
    <line>
      <![CDATA[Element '//input[@id='SRCH_Input']' is displayed in 94ms]]>
    </line>
    <line>
      <![CDATA[Element 'toolbar-saved' is displayed in 78ms]]>
    </line>
    <line>
      <![CDATA[Angular Request Completed in 16ms]]>
    </line>
    <line>
      <![CDATA[Enter Text for Search =Automation]]>
    </line>
    <line>
      <![CDATA[Element [[ChromeDriver: chrome on XP (b67e6f7bb45a68c69e174e56d7a80d40)] -> id: SRCH_Input] displayed in 47ms]]>
    </line>
    <line>
      <![CDATA[Angular request time 1027ms]]>
    </line>
    <line>
      <![CDATA[Click Customer]]>
    </line>
    <line>
      <![CDATA[Angular request time 1810ms]]>
    </line>
    <line>
      <![CDATA[Element '//div[@class='address-details']' is displayed in 70ms]]>
    </line>
    <line>
      <![CDATA[Angular request time 9ms]]>
    </line>
    <line>
      <![CDATA[Customer Name found Automation Mate]]>
    </line>
    <line>
      <![CDATA[Strings Matched: Automation Mate = Automation Mate]]>
    </line>
    <line>
      <![CDATA[Angular request time 12ms]]>
    </line>
    <line>
      <![CDATA[Element 'BILL_Current_Balance' is displayed in 87ms]]>
    </line>
    <line>
      <![CDATA[Element 'BILL_Unposted_Balance' is displayed in 60ms]]>
    </line>
    <line>
      <![CDATA[Element 'BILL_Account_Balance' is displayed in 63ms]]>
    </line>
    <line>
      <![CDATA[Element 'BILL_Past_Due' is displayed in 62ms]]>
    </line>
    <line>
      <![CDATA[Element 'BILL_Installment_Budget' is displayed in 76ms]]>
    </line>
    <line>
      <![CDATA[Element 'BILL_Over_Short' is displayed in 65ms]]>
    </line>
    <line>
      <![CDATA[Angular request time 801ms]]>
    </line>
    <line>
      <![CDATA[Transaction Link Clicked]]>
    </line>
    <line>
      <![CDATA[Angular request time 1255ms]]>
    </line>
    <line>
      <![CDATA[Summary Link Clicked]]>
    </line>
    <line>
      <![CDATA[Angular request time 9ms]]>
    </line>
    <line>
      <![CDATA[Element 'BILL_Current_Balance' is displayed in 50ms]]>
    </line>
    <line>
      <![CDATA[Element 'BILL_Unposted_Balance' is displayed in 93ms]]>
    </line>
    <line>
      <![CDATA[Element 'BILL_Account_Balance' is displayed in 80ms]]>
    </line>
    <line>
      <![CDATA[Element 'BILL_Past_Due' is displayed in 62ms]]>
    </line>
    <line>
      <![CDATA[Element 'BILL_Installment_Budget' is displayed in 62ms]]>
    </line>
    <line>
      <![CDATA[Element 'BILL_Over_Short' is displayed in 51ms]]>
    </line>
    <line>
      <![CDATA[$35.26 equals$35.26]]>
    </line>
    <line>
      <![CDATA[$35.26 equals$35.26]]>
    </line>
    <line>
      <![CDATA[$0.00 equals$0.00]]>
    </line>
    <line>
      <![CDATA[$57.24 equals$57.24]]>
    </line>
    <line>
      <![CDATA[$50.00 equals$50.00]]>
    </line>
    <line>
      <![CDATA[$0.00 equals$0.00]]>
    </line>
    <line>
      <![CDATA[$92.50 equals$92.50]]>
    </line>
    <line>
      <![CDATA[$35.26 equals$35.26]]>
    </line>
    <line>
      <![CDATA[$35.26 equals$35.26]]>
    </line>
    <line>
      <![CDATA[$0.00 equals$0.00]]>
    </line>
    <line>
      <![CDATA[$57.24 equals$57.24]]>
    </line>
    <line>
      <![CDATA[$50.00 equals$50.00]]>
    </line>
    <line>
      <![CDATA[$0.00 equals$0.00]]>
    </line>
    <line>
      <![CDATA[$92.50 equals$92.50]]>
    </line>
    <line>
      <![CDATA[Angular request time 16ms]]>
    </line>
    <line>
      <![CDATA[Angular request time 13ms]]>
    </line>
    <line>
      <![CDATA[Element [[ChromeDriver: chrome on XP (b67e6f7bb45a68c69e174e56d7a80d40)] -> id: USR_Name] displayed in 31ms]]>
    </line>
    <line>
      <![CDATA[Element [[ChromeDriver: chrome on XP (b67e6f7bb45a68c69e174e56d7a80d40)] -> id: ACTION_Logout] displayed in 70ms]]>
    </line>
    <line>
      <![CDATA[Angular request time 36ms]]>
    </line>
    <line>
      <![CDATA[Closing Browser]]>
    </line>
    <line>
      <![CDATA[Test Completed...]]>
    </line>
    <line>
      <![CDATA[Launching Chrome]]>
    </line>
    <line>
      <![CDATA[Browser Maximised]]>
    </line>
    <line>
      <![CDATA[Angular Request Completed in 23ms]]>
    </line>
    <line>
      <![CDATA[Sign in Page Title Verified]]>
    </line>
    <line>
      <![CDATA[Angular Request Completed in 2ms]]>
    </line>
    <line>
      <![CDATA[User signed Admin]]>
    </line>
    <line>
      <![CDATA[Enter Text for Search =Automation]]>
    </line>
    <line>
      <![CDATA[Element [[ChromeDriver: chrome on XP (6f8f8c26ac127aa09908ece111f72401)] -> id: SRCH_Input] displayed in 46ms]]>
    </line>
    <line>
      <![CDATA[Angular request time 1113ms]]>
    </line>
    <line>
      <![CDATA[Click Customer]]>
    </line>
    <line>
      <![CDATA[Angular request time 2188ms]]>
    </line>
    <line>
      <![CDATA[Angular request time 13ms]]>
    </line>
    <line>
      <![CDATA[Customer Name found Automation Mate]]>
    </line>
    <line>
      <![CDATA[Strings Matched: Automation Mate = Automation Mate]]>
    </line>
    <line>
      <![CDATA[Angular request time 12ms]]>
    </line>
    <line>
      <![CDATA[Angular request time 12ms]]>
    </line>
    <line>
      <![CDATA[Element [[ChromeDriver: chrome on XP (6f8f8c26ac127aa09908ece111f72401)] -> id: USR_Name] displayed in 34ms]]>
    </line>
    <line>
      <![CDATA[Element [[ChromeDriver: chrome on XP (6f8f8c26ac127aa09908ece111f72401)] -> id: ACTION_Logout] displayed in 43ms]]>
    </line>
    <line>
      <![CDATA[Angular request time 26ms]]>
    </line>
    <line>
      <![CDATA[Closing Browser]]>
    </line>
    <line>
      <![CDATA[Test Completed...]]>
    </line>
    <line>
      <![CDATA[Launching Chrome]]>
    </line>
    <line>
      <![CDATA[Browser Maximised]]>
    </line>
    <line>
      <![CDATA[Angular Request Completed in 215ms]]>
    </line>
    <line>
      <![CDATA[Sign in Page Title Verified]]>
    </line>
    <line>
      <![CDATA[Angular Request Completed in 31ms]]>
    </line>
    <line>
      <![CDATA[User signed Admin]]>
    </line>
    <line>
      <![CDATA[Enter Text for Search =Mate]]>
    </line>
    <line>
      <![CDATA[Element [[ChromeDriver: chrome on XP (2a536d596066a68f3ab50fb5b493bb05)] -> id: SRCH_Input] displayed in 30ms]]>
    </line>
    <line>
      <![CDATA[Angular request time 1049ms]]>
    </line>
    <line>
      <![CDATA[Click Customer]]>
    </line>
    <line>
      <![CDATA[Angular request time 1948ms]]>
    </line>
    <line>
      <![CDATA[Angular request time 9ms]]>
    </line>
    <line>
      <![CDATA[Customer Name found Automation Mate]]>
    </line>
    <line>
      <![CDATA[Strings Matched: Automation Mate = Automation Mate]]>
    </line>
    <line>
      <![CDATA[Angular request time 9ms]]>
    </line>
    <line>
      <![CDATA[Angular request time 9ms]]>
    </line>
    <line>
      <![CDATA[Element [[ChromeDriver: chrome on XP (2a536d596066a68f3ab50fb5b493bb05)] -> id: USR_Name] displayed in 38ms]]>
    </line>
    <line>
      <![CDATA[Element [[ChromeDriver: chrome on XP (2a536d596066a68f3ab50fb5b493bb05)] -> id: ACTION_Logout] displayed in 42ms]]>
    </line>
    <line>
      <![CDATA[Angular request time 22ms]]>
    </line>
    <line>
      <![CDATA[Closing Browser]]>
    </line>
    <line>
      <![CDATA[Test Completed...]]>
    </line>
  </reporter-output>
  <suite name="Test Suite for Nexus Portal" duration-ms="686438" started-at="2019-06-13T16:23:24Z" finished-at="2019-06-13T16:34:51Z">
    <groups>
    </groups>
    <test name="NexusTest" duration-ms="686438" started-at="2019-06-13T16:23:24Z" finished-at="2019-06-13T16:34:51Z">
      <class name="com.NexusPortalAutomation.TestCases.Java.TC0017_StatementsValue">
        <test-method status="PASS" signature="readProp(org.testng.ITestContext)[pri:0, instance:com.NexusPortalAutomation.TestCases.Java.TC0017_StatementsValue@31610302]" name="readProp" is-config="true" duration-ms="3672" started-at="2019-06-13T16:27:05Z" finished-at="2019-06-13T16:27:09Z">
          <params>
            <param index="0">
              <value>
                <![CDATA[org.testng.TestRunner@45f241df]]>
              </value>
            </param>
          </params>
          <reporter-output>
            <line>
              <![CDATA[Launching Chrome]]>
            </line>
            <line>
              <![CDATA[Browser Maximised]]>
            </line>
          </reporter-output>
        </test-method> <!-- readProp -->
        <test-method status="PASS" signature="TestBillingStatements()[pri:1, instance:com.NexusPortalAutomation.TestCases.Java.TC0017_StatementsValue@31610302]" name="TestBillingStatements" duration-ms="26847" started-at="2019-06-13T16:27:09Z" finished-at="2019-06-13T16:27:36Z">
          <reporter-output>
            <line>
              <![CDATA[Angular Request Completed in 57ms]]>
            </line>
            <line>
              <![CDATA[Sign in Page Title Verified]]>
            </line>
            <line>
              <![CDATA[Angular Request Completed in 15ms]]>
            </line>
            <line>
              <![CDATA[User signed Admin]]>
            </line>
            <line>
              <![CDATA[Enter Text for Search =STATEMENTS001]]>
            </line>
            <line>
              <![CDATA[Element [[ChromeDriver: chrome on XP (850da0cfa4ac16dacab24a54559a738b)] -> id: SRCH_Input] displayed in 31ms]]>
            </line>
            <line>
              <![CDATA[Angular request time 993ms]]>
            </line>
            <line>
              <![CDATA[Click Customer]]>
            </line>
            <line>
              <![CDATA[Angular request time 1831ms]]>
            </line>
            <line>
              <![CDATA[Angular request time 1056ms]]>
            </line>
            <line>
              <![CDATA[Customer Location Id found STATEMENTS001]]>
            </line>
            <line>
              <![CDATA[Strings Matched: STATEMENTS001 = STATEMENTS001]]>
            </line>
            <line>
              <![CDATA[Angular request time 15ms]]>
            </line>
            <line>
              <![CDATA[Angular request time 13ms]]>
            </line>
            <line>
              <![CDATA[Verify Bill Statement Date]]>
            </line>
            <line>
              <![CDATA[Angular request time 16ms]]>
            </line>
            <line>
              <![CDATA[Element [[ChromeDriver: chrome on XP (850da0cfa4ac16dacab24a54559a738b)] -> id: BILL_Statement_1] displayed in 57ms]]>
            </line>
            <line>
              <![CDATA[Strings Matched: Jul 31, 2019 = Jul 31, 2019]]>
            </line>
            <line>
              <![CDATA[Angular request time 10ms]]>
            </line>
            <line>
              <![CDATA[Element [[ChromeDriver: chrome on XP (850da0cfa4ac16dacab24a54559a738b)] -> id: BILL_Statement_Value_1] displayed in 32ms]]>
            </line>
            <line>
              <![CDATA[Strings Matched: $56.71 = $56.71]]>
            </line>
            <line>
              <![CDATA[Angular request time 10ms]]>
            </line>
            <line>
              <![CDATA[Angular request time 12ms]]>
            </line>
            <line>
              <![CDATA[Element [[ChromeDriver: chrome on XP (850da0cfa4ac16dacab24a54559a738b)] -> id: USR_Name] displayed in 33ms]]>
            </line>
            <line>
              <![CDATA[Element [[ChromeDriver: chrome on XP (850da0cfa4ac16dacab24a54559a738b)] -> id: ACTION_Logout] displayed in 608ms]]>
            </line>
            <line>
              <![CDATA[Angular request time 16ms]]>
            </line>
          </reporter-output>
        </test-method> <!-- TestBillingStatements -->
        <test-method status="PASS" signature="TearDown()[pri:0, instance:com.NexusPortalAutomation.TestCases.Java.TC0017_StatementsValue@31610302]" name="TearDown" is-config="true" duration-ms="2106" started-at="2019-06-13T16:27:36Z" finished-at="2019-06-13T16:27:38Z">
          <reporter-output>
            <line>
              <![CDATA[Closing Browser]]>
            </line>
            <line>
              <![CDATA[Test Completed...]]>
            </line>
          </reporter-output>
        </test-method> <!-- TearDown -->
      </class> <!-- com.NexusPortalAutomation.TestCases.Java.TC0017_StatementsValue -->
      <class name="com.NexusPortalAutomation.TestCases.Java.TC0020_VerifyDrillBackServices">
        <test-method status="PASS" signature="readProp(org.testng.ITestContext)[pri:0, instance:com.NexusPortalAutomation.TestCases.Java.TC0020_VerifyDrillBackServices@a67c67e]" name="readProp" is-config="true" duration-ms="3763" started-at="2019-06-13T16:25:05Z" finished-at="2019-06-13T16:25:09Z">
          <params>
            <param index="0">
              <value>
                <![CDATA[org.testng.TestRunner@45f241df]]>
              </value>
            </param>
          </params>
          <reporter-output>
            <line>
              <![CDATA[Launching Chrome]]>
            </line>
            <line>
              <![CDATA[Browser Maximised]]>
            </line>
          </reporter-output>
        </test-method> <!-- readProp -->
        <test-method status="PASS" signature="TestSecondayContact()[pri:0, instance:com.NexusPortalAutomation.TestCases.Java.TC0020_VerifyDrillBackServices@a67c67e]" name="TestSecondayContact" duration-ms="28070" started-at="2019-06-13T16:25:09Z" finished-at="2019-06-13T16:25:37Z">
          <reporter-output>
            <line>
              <![CDATA[Angular Request Completed in 176ms]]>
            </line>
            <line>
              <![CDATA[Sign in Page Title Verified]]>
            </line>
            <line>
              <![CDATA[Angular Request Completed in 47ms]]>
            </line>
            <line>
              <![CDATA[User signed Admin]]>
            </line>
            <line>
              <![CDATA[Enter Text for Search =LOC@0001]]>
            </line>
            <line>
              <![CDATA[Element [[ChromeDriver: chrome on XP (53baa726929e226b5a4488b0ba870145)] -> id: SRCH_Input] displayed in 46ms]]>
            </line>
            <line>
              <![CDATA[Angular request time 948ms]]>
            </line>
            <line>
              <![CDATA[Click Customer]]>
            </line>
            <line>
              <![CDATA[Angular request time 1724ms]]>
            </line>
            <line>
              <![CDATA[Angular request time 11ms]]>
            </line>
            <line>
              <![CDATA[Customer Location Id found LOC@0001]]>
            </line>
            <line>
              <![CDATA[Strings Matched: LOC@0001 = LOC@0001]]>
            </line>
            <line>
              <![CDATA[Angular request time 836ms]]>
            </line>
            <line>
              <![CDATA[Service Order Link Clicked]]>
            </line>
            <line>
              <![CDATA[Element [[ChromeDriver: chrome on XP (53baa726929e226b5a4488b0ba870145)] -> id: SODV_Drillback] displayed in 16ms]]>
            </line>
            <line>
              <![CDATA[Angular request time 15ms]]>
            </line>
            <line>
              <![CDATA[Angular request time 11ms]]>
            </line>
            <line>
              <![CDATA[Element [[ChromeDriver: chrome on XP (53baa726929e226b5a4488b0ba870145)] -> id: USR_Name] displayed in 32ms]]>
            </line>
            <line>
              <![CDATA[Element [[ChromeDriver: chrome on XP (53baa726929e226b5a4488b0ba870145)] -> id: ACTION_Logout] displayed in 42ms]]>
            </line>
            <line>
              <![CDATA[Angular request time 24ms]]>
            </line>
          </reporter-output>
        </test-method> <!-- TestSecondayContact -->
        <test-method status="PASS" signature="TearDown()[pri:0, instance:com.NexusPortalAutomation.TestCases.Java.TC0020_VerifyDrillBackServices@a67c67e]" name="TearDown" is-config="true" duration-ms="2368" started-at="2019-06-13T16:25:37Z" finished-at="2019-06-13T16:25:39Z">
          <reporter-output>
            <line>
              <![CDATA[Closing Browser]]>
            </line>
            <line>
              <![CDATA[Test Completed...]]>
            </line>
          </reporter-output>
        </test-method> <!-- TearDown -->
      </class> <!-- com.NexusPortalAutomation.TestCases.Java.TC0020_VerifyDrillBackServices -->
      <class name="com.NexusPortalAutomation.TestCases.Java.TC0012_VerifyCreditStatus">
        <test-method status="PASS" signature="readProp(org.testng.ITestContext)[pri:0, instance:com.NexusPortalAutomation.TestCases.Java.TC0012_VerifyCreditStatus@60c6f5b]" name="readProp" is-config="true" duration-ms="3640" started-at="2019-06-13T16:30:26Z" finished-at="2019-06-13T16:30:29Z">
          <params>
            <param index="0">
              <value>
                <![CDATA[org.testng.TestRunner@45f241df]]>
              </value>
            </param>
          </params>
          <reporter-output>
            <line>
              <![CDATA[Launching Chrome]]>
            </line>
            <line>
              <![CDATA[Browser Maximised]]>
            </line>
          </reporter-output>
        </test-method> <!-- readProp -->
        <test-method status="PASS" signature="TestCreditStatus()[pri:1, instance:com.NexusPortalAutomation.TestCases.Java.TC0012_VerifyCreditStatus@60c6f5b]" name="TestCreditStatus" duration-ms="29132" started-at="2019-06-13T16:30:29Z" finished-at="2019-06-13T16:30:59Z">
          <reporter-output>
            <line>
              <![CDATA[Angular Request Completed in 31ms]]>
            </line>
            <line>
              <![CDATA[Sign in Page Title Verified]]>
            </line>
            <line>
              <![CDATA[Angular Request Completed in 46ms]]>
            </line>
            <line>
              <![CDATA[User signed Admin]]>
            </line>
            <line>
              <![CDATA[Enter Text for Search =LOC@0001]]>
            </line>
            <line>
              <![CDATA[Element [[ChromeDriver: chrome on XP (6863c95b4eb14f72e12761bf0bb78d14)] -> id: SRCH_Input] displayed in 47ms]]>
            </line>
            <line>
              <![CDATA[Angular request time 996ms]]>
            </line>
            <line>
              <![CDATA[Click Customer]]>
            </line>
            <line>
              <![CDATA[Angular request time 2087ms]]>
            </line>
            <line>
              <![CDATA[Angular request time 20ms]]>
            </line>
            <line>
              <![CDATA[Customer Location Id found LOC@0001]]>
            </line>
            <line>
              <![CDATA[Strings Matched: LOC@0001 = LOC@0001]]>
            </line>
            <line>
              <![CDATA[Verify Credit Status]]>
            </line>
            <line>
              <![CDATA[Angular request time 12ms]]>
            </line>
            <line>
              <![CDATA[Angular request time 17ms]]>
            </line>
            <line>
              <![CDATA[Angular request time 13ms]]>
            </line>
            <line>
              <![CDATA[Element [[ChromeDriver: chrome on XP (6863c95b4eb14f72e12761bf0bb78d14)] -> id: USR_Name] displayed in 31ms]]>
            </line>
            <line>
              <![CDATA[Element [[ChromeDriver: chrome on XP (6863c95b4eb14f72e12761bf0bb78d14)] -> id: ACTION_Logout] displayed in 65ms]]>
            </line>
            <line>
              <![CDATA[Angular request time 16ms]]>
            </line>
          </reporter-output>
        </test-method> <!-- TestCreditStatus -->
        <test-method status="PASS" signature="TearDown()[pri:0, instance:com.NexusPortalAutomation.TestCases.Java.TC0012_VerifyCreditStatus@60c6f5b]" name="TearDown" is-config="true" duration-ms="106" started-at="2019-06-13T16:30:59Z" finished-at="2019-06-13T16:30:59Z">
          <reporter-output>
            <line>
              <![CDATA[Closing Browser]]>
            </line>
            <line>
              <![CDATA[Test Completed...]]>
            </line>
          </reporter-output>
        </test-method> <!-- TearDown -->
      </class> <!-- com.NexusPortalAutomation.TestCases.Java.TC0012_VerifyCreditStatus -->
      <class name="com.NexusPortalAutomation.TestCases.Java.TC0007_TestSummarySection">
        <test-method status="PASS" signature="readProp(org.testng.ITestContext)[pri:0, instance:com.NexusPortalAutomation.TestCases.Java.TC0007_TestSummarySection@10bdf5e5]" name="readProp" is-config="true" duration-ms="3329" started-at="2019-06-13T16:33:15Z" finished-at="2019-06-13T16:33:18Z">
          <params>
            <param index="0">
              <value>
                <![CDATA[org.testng.TestRunner@45f241df]]>
              </value>
            </param>
          </params>
          <reporter-output>
            <line>
              <![CDATA[Launching Chrome]]>
            </line>
            <line>
              <![CDATA[Browser Maximised]]>
            </line>
          </reporter-output>
        </test-method> <!-- readProp -->
        <test-method status="PASS" signature="TestSummarySectionOnChange()[pri:2, instance:com.NexusPortalAutomation.TestCases.Java.TC0007_TestSummarySection@10bdf5e5]" name="TestSummarySectionOnChange" duration-ms="28655" started-at="2019-06-13T16:33:18Z" finished-at="2019-06-13T16:33:47Z">
          <reporter-output>
            <line>
              <![CDATA[Angular Request Completed in 137ms]]>
            </line>
            <line>
              <![CDATA[Sign in Page Title Verified]]>
            </line>
            <line>
              <![CDATA[Angular Request Completed in 30ms]]>
            </line>
            <line>
              <![CDATA[User signed Admin]]>
            </line>
            <line>
              <![CDATA[Element '//input[@id='SRCH_Input']' is displayed in 94ms]]>
            </line>
            <line>
              <![CDATA[Element 'toolbar-saved' is displayed in 78ms]]>
            </line>
            <line>
              <![CDATA[Angular Request Completed in 16ms]]>
            </line>
            <line>
              <![CDATA[Enter Text for Search =Automation]]>
            </line>
            <line>
              <![CDATA[Element [[ChromeDriver: chrome on XP (b67e6f7bb45a68c69e174e56d7a80d40)] -> id: SRCH_Input] displayed in 47ms]]>
            </line>
            <line>
              <![CDATA[Angular request time 1027ms]]>
            </line>
            <line>
              <![CDATA[Click Customer]]>
            </line>
            <line>
              <![CDATA[Angular request time 1810ms]]>
            </line>
            <line>
              <![CDATA[Element '//div[@class='address-details']' is displayed in 70ms]]>
            </line>
            <line>
              <![CDATA[Angular request time 9ms]]>
            </line>
            <line>
              <![CDATA[Customer Name found Automation Mate]]>
            </line>
            <line>
              <![CDATA[Strings Matched: Automation Mate = Automation Mate]]>
            </line>
            <line>
              <![CDATA[Angular request time 12ms]]>
            </line>
            <line>
              <![CDATA[Element 'BILL_Current_Balance' is displayed in 87ms]]>
            </line>
            <line>
              <![CDATA[Element 'BILL_Unposted_Balance' is displayed in 60ms]]>
            </line>
            <line>
              <![CDATA[Element 'BILL_Account_Balance' is displayed in 63ms]]>
            </line>
            <line>
              <![CDATA[Element 'BILL_Past_Due' is displayed in 62ms]]>
            </line>
            <line>
              <![CDATA[Element 'BILL_Installment_Budget' is displayed in 76ms]]>
            </line>
            <line>
              <![CDATA[Element 'BILL_Over_Short' is displayed in 65ms]]>
            </line>
            <line>
              <![CDATA[Angular request time 801ms]]>
            </line>
            <line>
              <![CDATA[Transaction Link Clicked]]>
            </line>
            <line>
              <![CDATA[Angular request time 1255ms]]>
            </line>
            <line>
              <![CDATA[Summary Link Clicked]]>
            </line>
            <line>
              <![CDATA[Angular request time 9ms]]>
            </line>
            <line>
              <![CDATA[Element 'BILL_Current_Balance' is displayed in 50ms]]>
            </line>
            <line>
              <![CDATA[Element 'BILL_Unposted_Balance' is displayed in 93ms]]>
            </line>
            <line>
              <![CDATA[Element 'BILL_Account_Balance' is displayed in 80ms]]>
            </line>
            <line>
              <![CDATA[Element 'BILL_Past_Due' is displayed in 62ms]]>
            </line>
            <line>
              <![CDATA[Element 'BILL_Installment_Budget' is displayed in 62ms]]>
            </line>
            <line>
              <![CDATA[Element 'BILL_Over_Short' is displayed in 51ms]]>
            </line>
            <line>
              <![CDATA[$35.26 equals$35.26]]>
            </line>
            <line>
              <![CDATA[$35.26 equals$35.26]]>
            </line>
            <line>
              <![CDATA[$0.00 equals$0.00]]>
            </line>
            <line>
              <![CDATA[$57.24 equals$57.24]]>
            </line>
            <line>
              <![CDATA[$50.00 equals$50.00]]>
            </line>
            <line>
              <![CDATA[$0.00 equals$0.00]]>
            </line>
            <line>
              <![CDATA[$92.50 equals$92.50]]>
            </line>
            <line>
              <![CDATA[$35.26 equals$35.26]]>
            </line>
            <line>
              <![CDATA[$35.26 equals$35.26]]>
            </line>
            <line>
              <![CDATA[$0.00 equals$0.00]]>
            </line>
            <line>
              <![CDATA[$57.24 equals$57.24]]>
            </line>
            <line>
              <![CDATA[$50.00 equals$50.00]]>
            </line>
            <line>
              <![CDATA[$0.00 equals$0.00]]>
            </line>
            <line>
              <![CDATA[$92.50 equals$92.50]]>
            </line>
            <line>
              <![CDATA[Angular request time 16ms]]>
            </line>
            <line>
              <![CDATA[Angular request time 13ms]]>
            </line>
            <line>
              <![CDATA[Element [[ChromeDriver: chrome on XP (b67e6f7bb45a68c69e174e56d7a80d40)] -> id: USR_Name] displayed in 31ms]]>
            </line>
            <line>
              <![CDATA[Element [[ChromeDriver: chrome on XP (b67e6f7bb45a68c69e174e56d7a80d40)] -> id: ACTION_Logout] displayed in 70ms]]>
            </line>
            <line>
              <![CDATA[Angular request time 36ms]]>
            </line>
          </reporter-output>
        </test-method> <!-- TestSummarySectionOnChange -->
        <test-method status="PASS" signature="TearDown()[pri:0, instance:com.NexusPortalAutomation.TestCases.Java.TC0007_TestSummarySection@10bdf5e5]" name="TearDown" is-config="true" duration-ms="2360" started-at="2019-06-13T16:33:47Z" finished-at="2019-06-13T16:33:49Z">
          <reporter-output>
            <line>
              <![CDATA[Closing Browser]]>
            </line>
            <line>
              <![CDATA[Test Completed...]]>
            </line>
          </reporter-output>
        </test-method> <!-- TearDown -->
      </class> <!-- com.NexusPortalAutomation.TestCases.Java.TC0007_TestSummarySection -->
      <class name="com.NexusPortalAutomation.TestCases.Java.TC0006_TestAlertOnLoad">
        <test-method status="PASS" signature="readProp(org.testng.ITestContext)[pri:0, instance:com.NexusPortalAutomation.TestCases.Java.TC0006_TestAlertOnLoad@dc24521]" name="readProp" is-config="true" duration-ms="4234" started-at="2019-06-13T16:32:41Z" finished-at="2019-06-13T16:32:45Z">
          <params>
            <param index="0">
              <value>
                <![CDATA[org.testng.TestRunner@45f241df]]>
              </value>
            </param>
          </params>
          <reporter-output>
            <line>
              <![CDATA[Launching Chrome]]>
            </line>
            <line>
              <![CDATA[Browser Maximised]]>
            </line>
          </reporter-output>
        </test-method> <!-- readProp -->
        <test-method status="PASS" signature="TestSearchAlertOnLoad()[pri:2, instance:com.NexusPortalAutomation.TestCases.Java.TC0006_TestAlertOnLoad@dc24521]" name="TestSearchAlertOnLoad" duration-ms="27962" started-at="2019-06-13T16:32:45Z" finished-at="2019-06-13T16:33:13Z">
          <reporter-output>
            <line>
              <![CDATA[Angular Request Completed in 51ms]]>
            </line>
            <line>
              <![CDATA[Sign in Page Title Verified]]>
            </line>
            <line>
              <![CDATA[Angular Request Completed in 6ms]]>
            </line>
            <line>
              <![CDATA[User signed Admin]]>
            </line>
            <line>
              <![CDATA[Element '//input[@id='SRCH_Input']' is displayed in 61ms]]>
            </line>
            <line>
              <![CDATA[Element 'toolbar-saved' is displayed in 63ms]]>
            </line>
            <line>
              <![CDATA[Enter Text for Search =Alert]]>
            </line>
            <line>
              <![CDATA[Element [[ChromeDriver: chrome on XP (c1ceac769f3379d56e270b2e607ce065)] -> id: SRCH_Input] displayed in 36ms]]>
            </line>
            <line>
              <![CDATA[Angular request time 1065ms]]>
            </line>
            <line>
              <![CDATA[Click Customer]]>
            </line>
            <line>
              <![CDATA[Angular request time 2256ms]]>
            </line>
            <line>
              <![CDATA[Element '//div[@class='address-details']' is displayed in 55ms]]>
            </line>
            <line>
              <![CDATA[Angular request time 13ms]]>
            </line>
            <line>
              <![CDATA[Customer Name found Alert Test]]>
            </line>
            <line>
              <![CDATA[Strings Matched: Alert Test = Alert Test]]>
            </line>
            <line>
              <![CDATA[Angular request time 15ms]]>
            </line>
            <line>
              <![CDATA[Element 'ALERTO_Action_Button' is displayed in 266ms]]>
            </line>
            <line>
              <![CDATA[Angular request time 13ms]]>
            </line>
            <line>
              <![CDATA[Click Ok]]>
            </line>
            <line>
              <![CDATA[Alert on Load Clicked]]>
            </line>
            <line>
              <![CDATA[Angular request time 31ms]]>
            </line>
            <line>
              <![CDATA[Element [[ChromeDriver: chrome on XP (c1ceac769f3379d56e270b2e607ce065)] -> id: ALERT_1_Description] displayed in 49ms]]>
            </line>
            <line>
              <![CDATA[Angular request time 13ms]]>
            </line>
            <line>
              <![CDATA[Click Description]]>
            </line>
            <line>
              <![CDATA[Angular request time 24ms]]>
            </line>
            <line>
              <![CDATA[Element 'ALERTO_Action_Button' is displayed in 112ms]]>
            </line>
            <line>
              <![CDATA[Angular request time 15ms]]>
            </line>
            <line>
              <![CDATA[Click Ok]]>
            </line>
            <line>
              <![CDATA[Alert on description Clicked]]>
            </line>
            <line>
              <![CDATA[Angular request time 11ms]]>
            </line>
            <line>
              <![CDATA[Angular request time 11ms]]>
            </line>
            <line>
              <![CDATA[Element [[ChromeDriver: chrome on XP (c1ceac769f3379d56e270b2e607ce065)] -> id: USR_Name] displayed in 46ms]]>
            </line>
            <line>
              <![CDATA[Element [[ChromeDriver: chrome on XP (c1ceac769f3379d56e270b2e607ce065)] -> id: ACTION_Logout] displayed in 69ms]]>
            </line>
            <line>
              <![CDATA[Angular request time 20ms]]>
            </line>
          </reporter-output>
        </test-method> <!-- TestSearchAlertOnLoad -->
        <test-method status="PASS" signature="TearDown()[pri:0, instance:com.NexusPortalAutomation.TestCases.Java.TC0006_TestAlertOnLoad@dc24521]" name="TearDown" is-config="true" duration-ms="2116" started-at="2019-06-13T16:33:13Z" finished-at="2019-06-13T16:33:15Z">
          <reporter-output>
            <line>
              <![CDATA[Closing Browser]]>
            </line>
            <line>
              <![CDATA[Test Completed...]]>
            </line>
          </reporter-output>
        </test-method> <!-- TearDown -->
      </class> <!-- com.NexusPortalAutomation.TestCases.Java.TC0006_TestAlertOnLoad -->
      <class name="com.NexusPortalAutomation.TestCases.Java.TC0019_VerifyDrillBackTransactions">
        <test-method status="PASS" signature="readProp(org.testng.ITestContext)[pri:0, instance:com.NexusPortalAutomation.TestCases.Java.TC0019_VerifyDrillBackTransactions@21213b92]" name="readProp" is-config="true" duration-ms="3781" started-at="2019-06-13T16:24:29Z" finished-at="2019-06-13T16:24:33Z">
          <params>
            <param index="0">
              <value>
                <![CDATA[org.testng.TestRunner@45f241df]]>
              </value>
            </param>
          </params>
          <reporter-output>
            <line>
              <![CDATA[Launching Chrome]]>
            </line>
            <line>
              <![CDATA[Browser Maximised]]>
            </line>
          </reporter-output>
        </test-method> <!-- readProp -->
        <test-method status="PASS" signature="TestSecondayContact()[pri:0, instance:com.NexusPortalAutomation.TestCases.Java.TC0019_VerifyDrillBackTransactions@21213b92]" name="TestSecondayContact" duration-ms="32188" started-at="2019-06-13T16:24:33Z" finished-at="2019-06-13T16:25:05Z">
          <reporter-output>
            <line>
              <![CDATA[Angular Request Completed in 201ms]]>
            </line>
            <line>
              <![CDATA[Sign in Page Title Verified]]>
            </line>
            <line>
              <![CDATA[Angular Request Completed in 93ms]]>
            </line>
            <line>
              <![CDATA[User signed Admin]]>
            </line>
            <line>
              <![CDATA[Enter Text for Search =LOC@0001]]>
            </line>
            <line>
              <![CDATA[Element [[ChromeDriver: chrome on XP (26d1b48019d477037055bc0c66503710)] -> id: SRCH_Input] displayed in 47ms]]>
            </line>
            <line>
              <![CDATA[Angular request time 944ms]]>
            </line>
            <line>
              <![CDATA[Click Customer]]>
            </line>
            <line>
              <![CDATA[Angular request time 1814ms]]>
            </line>
            <line>
              <![CDATA[Angular request time 14ms]]>
            </line>
            <line>
[...]
            <line>
              <![CDATA[Angular request time 1485ms]]>
            </line>
            <line>
              <![CDATA[Angular request time 9ms]]>
            </line>
            <line>
              <![CDATA[Customer Location Id found LOC@0004]]>
            </line>
            <line>
              <![CDATA[Strings Matched: LOC@0004 = LOC@0004]]>
            </line>
            <line>
              <![CDATA[Angular request time 15ms]]>
            </line>
            <line>
              <![CDATA[Element '[[ChromeDriver: chrome on XP (015814637f8a220a5801ca76a2de6b09)] -> id: 'CUST_Drillback_Button']' is displayed in 578ms]]>
            </line>
            <line>
              <![CDATA[Angular request time 12ms]]>
            </line>
            <line>
              <![CDATA[Angular request time 12ms]]>
            </line>
            <line>
              <![CDATA[Element '[[ChromeDriver: chrome on XP (015814637f8a220a5801ca76a2de6b09)] -> id: ECI_Phone_Number_1]' is displayed in 78ms]]>
            </line>
            <line>
              <![CDATA[Angular request time 18ms]]>
            </line>
            <line>
              <![CDATA[Angular request time 22ms]]>
            </line>
            <line>
              <![CDATA[Angular request time 10ms]]>
            </line>
            <line>
              <![CDATA[Element '[[ChromeDriver: chrome on XP (015814637f8a220a5801ca76a2de6b09)] -> id: ECI_Email]' is displayed in 86ms]]>
            </line>
            <line>
              <![CDATA[Angular request time 17ms]]>
            </line>
            <line>
              <![CDATA[Angular request time 13ms]]>
            </line>
            <line>
              <![CDATA[Angular request time 9ms]]>
            </line>
            <line>
              <![CDATA[Element '[[ChromeDriver: chrome on XP (015814637f8a220a5801ca76a2de6b09)] -> id: ECI_Action_Button]' is displayed in 110ms]]>
            </line>
            <line>
              <![CDATA[Angular request time 335ms]]>
            </line>
            <line>
              <![CDATA[Angular request time 348ms]]>
            </line>
            <line>
              <![CDATA[Verifying Customer Details]]>
            </line>
            <line>
              <![CDATA[Strings Matched: 2312 = 2312]]>
            </line>
            <line>
              <![CDATA[Strings Matched: Driv12312OUL312 = Driv12312OUL312]]>
            </line>
            <line>
              <![CDATA[Strings Matched: (090) 078-6010 = (090) 078-6010]]>
            </line>
            <line>
              <![CDATA[Strings Matched: + Ext. 2112 = + Ext. 2112]]>
            </line>
            <line>
              <![CDATA[Strings Matched: automation@cogsdale.com = automation@cogsdale.com]]>
            </line>
            <line>
              <![CDATA[Strings Matched: 007 Test Apt = 007 Test Apt]]>
            </line>
            <line>
              <![CDATA[Strings Matched: New York NY 12345-67890 = New York NY 12345-67890]]>
            </line>
            <line>
              <![CDATA[Angular request time 31ms]]>
            </line>
            <line>
              <![CDATA[Angular request time 10ms]]>
            </line>
            <line>
              <![CDATA[Element [[ChromeDriver: chrome on XP (015814637f8a220a5801ca76a2de6b09)] -> id: USR_Name] displayed in 28ms]]>
            </line>
            <line>
              <![CDATA[Element [[ChromeDriver: chrome on XP (015814637f8a220a5801ca76a2de6b09)] -> id: ACTION_Logout] displayed in 38ms]]>
            </line>
            <line>
              <![CDATA[Angular request time 18ms]]>
            </line>
          </reporter-output>
        </test-method> <!-- TestContactEdit -->
        <test-method status="PASS" signature="TearDown()[pri:0, instance:com.NexusPortalAutomation.TestCases.Java.TC0013_VerifyContactEdit@2038ae61]" name="TearDown" is-config="true" duration-ms="235" started-at="2019-06-13T16:29:53Z" finished-at="2019-06-13T16:29:53Z">
          <reporter-output>
            <line>
              <![CDATA[Closing Browser]]>
            </line>
            <line>
              <![CDATA[Test Completed...]]>
            </line>
          </reporter-output>
        </test-method> <!-- TearDown -->
      </class> <!-- com.NexusPortalAutomation.TestCases.Java.TC0013_VerifyContactEdit -->
      <class name="com.NexusPortalAutomation.TestCases.Java.TC0008_VerifySignInbyLocationID">
        <test-method status="PASS" signature="readProp(org.testng.ITestContext)[pri:0, instance:com.NexusPortalAutomation.TestCases.Java.TC0008_VerifySignInbyLocationID@6e1ec318]" name="readProp" is-config="true" duration-ms="3750" started-at="2019-06-13T16:27:38Z" finished-at="2019-06-13T16:27:42Z">
          <params>
            <param index="0">
              <value>
                <![CDATA[org.testng.TestRunner@45f241df]]>
              </value>
            </param>
          </params>
          <reporter-output>
            <line>
              <![CDATA[Launching Chrome]]>
            </line>
            <line>
              <![CDATA[Browser Maximised]]>
            </line>
          </reporter-output>
        </test-method> <!-- readProp -->
        <test-method status="PASS" signature="TestSearchbyLocationID()[pri:1, instance:com.NexusPortalAutomation.TestCases.Java.TC0008_VerifySignInbyLocationID@6e1ec318]" name="TestSearchbyLocationID" duration-ms="24049" started-at="2019-06-13T16:27:42Z" finished-at="2019-06-13T16:28:06Z">
          <reporter-output>
            <line>
              <![CDATA[Angular Request Completed in 33ms]]>
            </line>
            <line>
              <![CDATA[Sign in Page Title Verified]]>
            </line>
            <line>
              <![CDATA[Angular Request Completed in 25ms]]>
            </line>
            <line>
              <![CDATA[User signed Admin]]>
            </line>
            <line>
              <![CDATA[Enter Text for Search =LOC@0001]]>
            </line>
            <line>
              <![CDATA[Element [[ChromeDriver: chrome on XP (58088613cf632b7d2e36f8bfeb1548d1)] -> id: SRCH_Input] displayed in 78ms]]>
            </line>
            <line>
              <![CDATA[Angular request time 940ms]]>
            </line>
            <line>
              <![CDATA[Click Customer]]>
            </line>
            <line>
              <![CDATA[Angular request time 1524ms]]>
            </line>
            <line>
              <![CDATA[Angular request time 25ms]]>
            </line>
            <line>
              <![CDATA[Customer Location Id found LOC@0001]]>
            </line>
            <line>
              <![CDATA[Strings Matched: LOC@0001 = LOC@0001]]>
            </line>
            <line>
              <![CDATA[Angular request time 10ms]]>
            </line>
            <line>
              <![CDATA[Verifying Address Details]]>
            </line>
            <line>
              <![CDATA[Strings Matched: 007 Aut Automation Street Rt 20001 Apt = 007 Aut Automation Street Rt 20001 Apt]]>
            </line>
            <line>
              <![CDATA[Strings Matched: Cloudy = Cloudy]]>
            </line>
            <line>
              <![CDATA[Strings Matched: D = D]]>
            </line>
            <line>
              <![CDATA[Strings Matched: 00720-019 = 00720-019]]>
            </line>
            <line>
              <![CDATA[Angular request time 13ms]]>
            </line>
            <line>
              <![CDATA[Angular request time 7ms]]>
            </line>
            <line>
              <![CDATA[Element [[ChromeDriver: chrome on XP (58088613cf632b7d2e36f8bfeb1548d1)] -> id: USR_Name] displayed in 30ms]]>
            </line>
            <line>
              <![CDATA[Element [[ChromeDriver: chrome on XP (58088613cf632b7d2e36f8bfeb1548d1)] -> id: ACTION_Logout] displayed in 33ms]]>
            </line>
            <line>
              <![CDATA[Angular request time 15ms]]>
            </line>
          </reporter-output>
        </test-method> <!-- TestSearchbyLocationID -->
        <test-method status="PASS" signature="TearDown()[pri:0, instance:com.NexusPortalAutomation.TestCases.Java.TC0008_VerifySignInbyLocationID@6e1ec318]" name="TearDown" is-config="true" duration-ms="389" started-at="2019-06-13T16:28:06Z" finished-at="2019-06-13T16:28:06Z">
          <reporter-output>
            <line>
              <![CDATA[Closing Browser]]>
            </line>
            <line>
              <![CDATA[Test Completed...]]>
            </line>
          </reporter-output>
        </test-method> <!-- TearDown -->
      </class> <!-- com.NexusPortalAutomation.TestCases.Java.TC0008_VerifySignInbyLocationID -->
      <class name="com.NexusPortalAutomation.TestCases.Java.TC0001_VerifySignInbyID">
        <test-method status="PASS" signature="readProp(org.testng.ITestContext)[pri:0, instance:com.NexusPortalAutomation.TestCases.Java.TC0001_VerifySignInbyID@192b07fd]" name="readProp" is-config="true" duration-ms="3386" started-at="2019-06-13T16:30:59Z" finished-at="2019-06-13T16:31:02Z">
          <params>
            <param index="0">
              <value>
                <![CDATA[org.testng.TestRunner@45f241df]]>
              </value>
            </param>
          </params>
          <reporter-output>
            <line>
              <![CDATA[Launching Chrome]]>
            </line>
            <line>
              <![CDATA[Browser Maximised]]>
            </line>
          </reporter-output>
        </test-method> <!-- readProp -->
        <test-method status="PASS" signature="TestSearchID()[pri:1, instance:com.NexusPortalAutomation.TestCases.Java.TC0001_VerifySignInbyID@192b07fd]" name="TestSearchID" duration-ms="26919" started-at="2019-06-13T16:31:02Z" finished-at="2019-06-13T16:31:29Z">
          <reporter-output>
            <line>
              <![CDATA[Angular Request Completed in 31ms]]>
            </line>
            <line>
              <![CDATA[Sign in Page Title Verified]]>
            </line>
            <line>
              <![CDATA[Angular Request Completed in 31ms]]>
            </line>
            <line>
              <![CDATA[User signed Admin]]>
            </line>
            <line>
              <![CDATA[Enter Text for Search =0000011111]]>
            </line>
            <line>
              <![CDATA[Element [[ChromeDriver: chrome on XP (5ea2b213e6ff9ed9f0749124ebf73dff)] -> id: SRCH_Input] displayed in 79ms]]>
            </line>
            <line>
              <![CDATA[Angular request time 1477ms]]>
            </line>
            <line>
              <![CDATA[Click Customer]]>
            </line>
            <line>
              <![CDATA[Angular request time 2379ms]]>
            </line>
            <line>
              <![CDATA[Angular request time 12ms]]>
            </line>
            <line>
              <![CDATA[CustomerId found 0000011111]]>
            </line>
            <line>
              <![CDATA[Strings Matched: 0000011111 = 0000011111]]>
            </line>
            <line>
              <![CDATA[Angular request time 9ms]]>
            </line>
            <line>
              <![CDATA[Angular request time 9ms]]>
            </line>
            <line>
              <![CDATA[Element [[ChromeDriver: chrome on XP (5ea2b213e6ff9ed9f0749124ebf73dff)] -> id: USR_Name] displayed in 31ms]]>
            </line>
            <line>
              <![CDATA[Element [[ChromeDriver: chrome on XP (5ea2b213e6ff9ed9f0749124ebf73dff)] -> id: ACTION_Logout] displayed in 47ms]]>
            </line>
            <line>
              <![CDATA[Angular request time 15ms]]>
            </line>
          </reporter-output>
        </test-method> <!-- TestSearchID -->
        <test-method status="PASS" signature="TearDown()[pri:0, instance:com.NexusPortalAutomation.TestCases.Java.TC0001_VerifySignInbyID@192b07fd]" name="TearDown" is-config="true" duration-ms="2154" started-at="2019-06-13T16:31:29Z" finished-at="2019-06-13T16:31:31Z">
          <reporter-output>
            <line>
              <![CDATA[Closing Browser]]>
            </line>
            <line>
              <![CDATA[Test Completed...]]>
            </line>
          </reporter-output>
        </test-method> <!-- TearDown -->
      </class> <!-- com.NexusPortalAutomation.TestCases.Java.TC0001_VerifySignInbyID -->
      <class name="com.NexusPortalAutomation.TestCases.Java.TC0004_TestSearchbyRecentFunction">
        <test-method status="PASS" signature="readProp(org.testng.ITestContext)[pri:0, instance:com.NexusPortalAutomation.TestCases.Java.TC0004_TestSearchbyRecentFunction@55d56113]" name="readProp" is-config="true" duration-ms="3328" started-at="2019-06-13T16:31:31Z" finished-at="2019-06-13T16:31:34Z">
          <params>
            <param index="0">
              <value>
                <![CDATA[org.testng.TestRunner@45f241df]]>
              </value>
            </param>
          </params>
          <reporter-output>
            <line>
              <![CDATA[Launching Chrome]]>
            </line>
            <line>
              <![CDATA[Browser Maximised]]>
            </line>
          </reporter-output>
        </test-method> <!-- readProp -->
        <test-method status="PASS" signature="TestSearchAutobyRecent()[pri:1, instance:com.NexusPortalAutomation.TestCases.Java.TC0004_TestSearchbyRecentFunction@55d56113]" name="TestSearchAutobyRecent" duration-ms="34333" started-at="2019-06-13T16:31:34Z" finished-at="2019-06-13T16:32:09Z">
          <reporter-output>
            <line>
              <![CDATA[Angular Request Completed in 187ms]]>
            </line>
            <line>
              <![CDATA[Sign in Page Title Verified]]>
            </line>
            <line>
              <![CDATA[Angular Request Completed in 187ms]]>
            </line>
            <line>
              <![CDATA[User signed Admin]]>
            </line>
            <line>
              <![CDATA[Element '//input[@id='SRCH_Input']' is displayed in 62ms]]>
            </line>
            <line>
              <![CDATA[Click Recent]]>
            </line>
            <line>
              <![CDATA[Recent Customer =Aut Statement]]>
            </line>
            <line>
              <![CDATA[Click Customer]]>
            </line>
            <line>
              <![CDATA[Angular request time 2748ms]]>
            </line>
            <line>
              <![CDATA[Alert not configured]]>
            </line>
            <line>
              <![CDATA[Element '//div[@class='address-details']' is displayed in 78ms]]>
            </line>
            <line>
              <![CDATA[Angular request time 16ms]]>
            </line>
            <line>
              <![CDATA[Strings Matched: Aut Statement = Aut Statement]]>
            </line>
            <line>
              <![CDATA[Angular request time 16ms]]>
            </line>
            <line>
              <![CDATA[Angular request time 10ms]]>
            </line>
            <line>
              <![CDATA[Element [[ChromeDriver: chrome on XP (9fc17d2f6d1d6e0d632884b3305a5f44)] -> id: USR_Name] displayed in 20ms]]>
            </line>
            <line>
              <![CDATA[Element [[ChromeDriver: chrome on XP (9fc17d2f6d1d6e0d632884b3305a5f44)] -> id: ACTION_Logout] displayed in 36ms]]>
            </line>
            <line>
              <![CDATA[Angular request time 15ms]]>
            </line>
          </reporter-output>
        </test-method> <!-- TestSearchAutobyRecent -->
        <test-method status="PASS" signature="TearDown()[pri:0, instance:com.NexusPortalAutomation.TestCases.Java.TC0004_TestSearchbyRecentFunction@55d56113]" name="TearDown" is-config="true" duration-ms="2369" started-at="2019-06-13T16:32:09Z" finished-at="2019-06-13T16:32:11Z">
          <reporter-output>
            <line>
              <![CDATA[Closing Browser]]>
            </line>
            <line>
              <![CDATA[Test Completed...]]>
            </line>
          </reporter-output>
        </test-method> <!-- TearDown -->
      </class> <!-- com.NexusPortalAutomation.TestCases.Java.TC0004_TestSearchbyRecentFunction -->
      <class name="com.NexusPortalAutomation.TestCases.Java.TC0003_TestSearchAutobyLastName">
        <test-method status="PASS" signature="readProp(org.testng.ITestContext)[pri:0, instance:com.NexusPortalAutomation.TestCases.Java.TC0003_TestSearchAutobyLastName@64bf3bbf]" name="readProp" is-config="true" duration-ms="3266" started-at="2019-06-13T16:34:20Z" finished-at="2019-06-13T16:34:23Z">
          <params>
            <param index="0">
              <value>
                <![CDATA[org.testng.TestRunner@45f241df]]>
              </value>
            </param>
          </params>
          <reporter-output>
            <line>
              <![CDATA[Launching Chrome]]>
            </line>
            <line>
              <![CDATA[Browser Maximised]]>
            </line>
          </reporter-output>
        </test-method> <!-- readProp -->
        <test-method status="PASS" signature="TestSearchAutobyLastName()[pri:3, instance:com.NexusPortalAutomation.TestCases.Java.TC0003_TestSearchAutobyLastName@64bf3bbf]" name="TestSearchAutobyLastName" duration-ms="25553" started-at="2019-06-13T16:34:23Z" finished-at="2019-06-13T16:34:49Z">
          <reporter-output>
            <line>
              <![CDATA[Angular Request Completed in 215ms]]>
            </line>
            <line>
              <![CDATA[Sign in Page Title Verified]]>
            </line>
            <line>
              <![CDATA[Angular Request Completed in 31ms]]>
            </line>
            <line>
              <![CDATA[User signed Admin]]>
            </line>
            <line>
              <![CDATA[Enter Text for Search =Mate]]>
            </line>
            <line>
              <![CDATA[Element [[ChromeDriver: chrome on XP (2a536d596066a68f3ab50fb5b493bb05)] -> id: SRCH_Input] displayed in 30ms]]>
            </line>
            <line>
              <![CDATA[Angular request time 1049ms]]>
            </line>
            <line>
              <![CDATA[Click Customer]]>
            </line>
            <line>
              <![CDATA[Angular request time 1948ms]]>
            </line>
            <line>
              <![CDATA[Angular request time 9ms]]>
            </line>
            <line>
              <![CDATA[Customer Name found Automation Mate]]>
            </line>
            <line>
              <![CDATA[Strings Matched: Automation Mate = Automation Mate]]>
            </line>
            <line>
              <![CDATA[Angular request time 9ms]]>
            </line>
            <line>
              <![CDATA[Angular request time 9ms]]>
            </line>
            <line>
              <![CDATA[Element [[ChromeDriver: chrome on XP (2a536d596066a68f3ab50fb5b493bb05)] -> id: USR_Name] displayed in 38ms]]>
            </line>
            <line>
              <![CDATA[Element [[ChromeDriver: chrome on XP (2a536d596066a68f3ab50fb5b493bb05)] -> id: ACTION_Logout] displayed in 42ms]]>
            </line>
            <line>
              <![CDATA[Angular request time 22ms]]>
            </line>
          </reporter-output>
        </test-method> <!-- TestSearchAutobyLastName -->
        <test-method status="PASS" signature="TearDown()[pri:0, instance:com.NexusPortalAutomation.TestCases.Java.TC0003_TestSearchAutobyLastName@64bf3bbf]" name="TearDown" is-config="true" duration-ms="2323" started-at="2019-06-13T16:34:49Z" finished-at="2019-06-13T16:34:51Z">
          <reporter-output>
            <line>
              <![CDATA[Closing Browser]]>
            </line>
            <line>
              <![CDATA[Test Completed...]]>
            </line>
          </reporter-output>
        </test-method> <!-- TearDown -->
      </class> <!-- com.NexusPortalAutomation.TestCases.Java.TC0003_TestSearchAutobyLastName -->
    </test> <!-- NexusTest -->
  </suite> <!-- Test Suite for Nexus Portal -->
</testng-results>
