-------------------------------------------------------------------------------
Test set: TestSuite
-------------------------------------------------------------------------------
Tests run: 15, Failures: 1, Errors: 0, Skipped: 0, Time elapsed: 686.385 s <<< FAILURE! - in TestSuite
TestSearchAutobyBookMark(com.NexusPortalAutomation.TestCases.Java.TC0005_TestSearchbyBookMarks)  Time elapsed: 46.937 s  <<< FAILURE!
java.lang.AssertionError: expected [Mr. Talha Rahim] but found [Noel Ford]
	at com.NexusPortalAutomation.TestCases.Java.TC0005_TestSearchbyBookMarks.TestSearchAutobyBookMark(TC0005_TestSearchbyBookMarks.java:37)

