<?xml version="1.0" encoding="UTF-8"?>
<testsuite xmlns:xsi="http://www.w3.org/2001/XMLSchema-instance" xsi:noNamespaceSchemaLocation="https://maven.apache.org/surefire/maven-surefire-plugin/xsd/surefire-test-report-3.0.xsd" version="3.0" name="TestSuite" time="1.375" tests="63" errors="0" skipped="42" failures="21">
  <properties>
    <property name="sun.desktop" value="windows"/>
    <property name="awt.toolkit" value="sun.awt.windows.WToolkit"/>
    <property name="file.encoding.pkg" value="sun.io"/>
    <property name="java.specification.version" value="1.8"/>
    <property name="sun.cpu.isalist" value="amd64"/>
    <property name="sun.jnu.encoding" value="Cp1252"/>
    <property name="java.class.path" value="F:\CogsdaleWorkSpace\com.NexusPortalAutomation.Java\target\test-classes;F:\CogsdaleWorkSpace\com.NexusPortalAutomation.Java\target\classes;C:\Users\Administrator\.m2\repository\junit\junit\3.8.1\junit-3.8.1.jar;C:\Users\Administrator\.m2\repository\org\testng\testng\6.14.3\testng-6.14.3.jar;C:\Users\Administrator\.m2\repository\org\apache-extras\beanshell\bsh\2.0b6\bsh-2.0b6.jar;C:\Users\Administrator\.m2\repository\org\seleniumhq\selenium\selenium-java\3.14.0\selenium-java-3.14.0.jar;C:\Users\Administrator\.m2\repository\org\seleniumhq\selenium\selenium-api\3.14.0\selenium-api-3.14.0.jar;C:\Users\Administrator\.m2\repository\org\seleniumhq\selenium\selenium-edge-driver\3.14.0\selenium-edge-driver-3.14.0.jar;C:\Users\Administrator\.m2\repository\org\seleniumhq\selenium\selenium-ie-driver\3.14.0\selenium-ie-driver-3.14.0.jar;C:\Users\Administrator\.m2\repository\org\seleniumhq\selenium\selenium-opera-driver\3.14.0\selenium-opera-driver-3.14.0.jar;C:\Users\Administrator\.m2\repository\org\seleniumhq\selenium\selenium-remote-driver\3.14.0\selenium-remote-driver-3.14.0.jar;C:\Users\Administrator\.m2\repository\org\seleniumhq\selenium\selenium-safari-driver\3.14.0\selenium-safari-driver-3.14.0.jar;C:\Users\Administrator\.m2\repository\org\seleniumhq\selenium\selenium-support\3.14.0\selenium-support-3.14.0.jar;C:\Users\Administrator\.m2\repository\net\bytebuddy\byte-buddy\1.8.15\byte-buddy-1.8.15.jar;C:\Users\Administrator\.m2\repository\org\apache\commons\commons-exec\1.3\commons-exec-1.3.jar;C:\Users\Administrator\.m2\repository\commons-codec\commons-codec\1.10\commons-codec-1.10.jar;C:\Users\Administrator\.m2\repository\commons-logging\commons-logging\1.2\commons-logging-1.2.jar;C:\Users\Administrator\.m2\repository\com\google\guava\guava\25.0-jre\guava-25.0-jre.jar;C:\Users\Administrator\.m2\repository\com\google\code\findbugs\jsr305\1.3.9\jsr305-1.3.9.jar;C:\Users\Administrator\.m2\repository\org\checkerframework\checker-compat-qual\2.0.0\checker-compat-qual-2.0.0.jar;C:\Users\Administrator\.m2\repository\com\google\errorprone\error_prone_annotations\2.1.3\error_prone_annotations-2.1.3.jar;C:\Users\Administrator\.m2\repository\com\google\j2objc\j2objc-annotations\1.1\j2objc-annotations-1.1.jar;C:\Users\Administrator\.m2\repository\org\codehaus\mojo\animal-sniffer-annotations\1.14\animal-sniffer-annotations-1.14.jar;C:\Users\Administrator\.m2\repository\org\apache\httpcomponents\httpclient\4.5.5\httpclient-4.5.5.jar;C:\Users\Administrator\.m2\repository\org\apache\httpcomponents\httpcore\4.4.9\httpcore-4.4.9.jar;C:\Users\Administrator\.m2\repository\com\squareup\okhttp3\okhttp\3.10.0\okhttp-3.10.0.jar;C:\Users\Administrator\.m2\repository\com\squareup\okio\okio\1.14.1\okio-1.14.1.jar;C:\Users\Administrator\.m2\repository\org\seleniumhq\selenium\selenium-firefox-driver\3.141.59\selenium-firefox-driver-3.141.59.jar;C:\Users\Administrator\.m2\repository\org\apache\maven\reporting\maven-reporting-api\2.0.6\maven-reporting-api-2.0.6.jar;C:\Users\Administrator\.m2\repository\org\apache\maven\doxia\doxia-sink-api\1.0-alpha-7\doxia-sink-api-1.0-alpha-7.jar;C:\Users\Administrator\.m2\repository\org\seleniumhq\selenium\selenium-chrome-driver\3.141.59\selenium-chrome-driver-3.141.59.jar;C:\Users\Administrator\.m2\repository\mysql\mysql-connector-java\8.0.15\mysql-connector-java-8.0.15.jar;C:\Users\Administrator\.m2\repository\com\google\protobuf\protobuf-java\3.6.1\protobuf-java-3.6.1.jar;C:\Users\Administrator\.m2\repository\org\apache\logging\log4j\log4j-core\2.11.2\log4j-core-2.11.2.jar;C:\Users\Administrator\.m2\repository\org\apache\logging\log4j\log4j-api\2.11.2\log4j-api-2.11.2.jar;C:\Users\Administrator\.m2\repository\org\apache\poi\poi\4.1.0\poi-4.1.0.jar;C:\Users\Administrator\.m2\repository\org\apache\commons\commons-collections4\4.3\commons-collections4-4.3.jar;C:\Users\Administrator\.m2\repository\org\apache\commons\commons-math3\3.6.1\commons-math3-3.6.1.jar;C:\Users\Administrator\.m2\repository\org\apache\poi\poi-ooxml\4.1.0\poi-ooxml-4.1.0.jar;C:\Users\Administrator\.m2\repository\org\apache\poi\poi-ooxml-schemas\4.1.0\poi-ooxml-schemas-4.1.0.jar;C:\Users\Administrator\.m2\repository\org\apache\xmlbeans\xmlbeans\3.1.0\xmlbeans-3.1.0.jar;C:\Users\Administrator\.m2\repository\org\apache\commons\commons-compress\1.18\commons-compress-1.18.jar;C:\Users\Administrator\.m2\repository\com\github\virtuald\curvesapi\1.06\curvesapi-1.06.jar;C:\Users\Administrator\.m2\repository\org\slf4j\slf4j-api\1.7.25\slf4j-api-1.7.25.jar;C:\Users\Administrator\.m2\repository\com\microsoft\sqlserver\mssql-jdbc\7.0.0.jre8\mssql-jdbc-7.0.0.jre8.jar;C:\Users\Administrator\.m2\repository\com\paulhammant\ngwebdriver\1.1.4\ngwebdriver-1.1.4.jar;C:\Users\Administrator\.m2\repository\com\aventstack\extentreports\4.0.5\extentreports-4.0.5.jar;C:\Users\Administrator\.m2\repository\org\freemarker\freemarker\2.3.23\freemarker-2.3.23.jar;C:\Users\Administrator\.m2\repository\org\mongodb\mongodb-driver\3.3.0\mongodb-driver-3.3.0.jar;C:\Users\Administrator\.m2\repository\org\mongodb\mongodb-driver-core\3.3.0\mongodb-driver-core-3.3.0.jar;C:\Users\Administrator\.m2\repository\org\mongodb\bson\3.3.0\bson-3.3.0.jar;C:\Users\Administrator\.m2\repository\org\apache\httpcomponents\httpmime\4.5.2\httpmime-4.5.2.jar;C:\Users\Administrator\.m2\repository\com\google\code\gson\gson\2.8.5\gson-2.8.5.jar;C:\Users\Administrator\.m2\repository\commons-io\commons-io\2.6\commons-io-2.6.jar;C:\Users\Administrator\.m2\repository\org\uncommons\reportng\1.1.4\reportng-1.1.4.jar;C:\Users\Administrator\.m2\repository\velocity\velocity\1.4\velocity-1.4.jar;C:\Users\Administrator\.m2\repository\com\google\inject\guice\3.0\guice-3.0.jar;C:\Users\Administrator\.m2\repository\javax\inject\javax.inject\1\javax.inject-1.jar;C:\Users\Administrator\.m2\repository\aopalliance\aopalliance\1.0\aopalliance-1.0.jar;C:\Users\Administrator\.m2\repository\velocity\velocity-dep\1.4\velocity-dep-1.4.jar;C:\Users\Administrator\.m2\repository\com\beust\jcommander\1.72\jcommander-1.72.jar;"/>
    <property name="java.vm.vendor" value="Oracle Corporation"/>
    <property name="sun.arch.data.model" value="64"/>
    <property name="user.variant" value=""/>
    <property name="java.vendor.url" value="http://java.oracle.com/"/>
    <property name="user.timezone" value="America/Chicago"/>
    <property name="java.vm.specification.version" value="1.8"/>
    <property name="os.name" value="Windows Server 2012 R2"/>
    <property name="user.country" value="US"/>
    <property name="sun.java.launcher" value="SUN_STANDARD"/>
    <property name="sun.boot.library.path" value="C:\Program Files\Java\jdk1.8.0_201\jre\bin"/>
    <property name="sun.java.command" value="C:\Users\Administrator\AppData\Local\Temp\1\surefire3936224858456409093\surefirebooter3342380344493947815.jar C:\Users\Administrator\AppData\Local\Temp\1\surefire3936224858456409093 2019-06-17T13-00-17_822-jvmRun1 surefire2285636844407766489tmp surefire_07636434014191754151tmp"/>
    <property name="surefire.test.class.path" value="F:\CogsdaleWorkSpace\com.NexusPortalAutomation.Java\target\test-classes;F:\CogsdaleWorkSpace\com.NexusPortalAutomation.Java\target\classes;C:\Users\Administrator\.m2\repository\junit\junit\3.8.1\junit-3.8.1.jar;C:\Users\Administrator\.m2\repository\org\testng\testng\6.14.3\testng-6.14.3.jar;C:\Users\Administrator\.m2\repository\org\apache-extras\beanshell\bsh\2.0b6\bsh-2.0b6.jar;C:\Users\Administrator\.m2\repository\org\seleniumhq\selenium\selenium-java\3.14.0\selenium-java-3.14.0.jar;C:\Users\Administrator\.m2\repository\org\seleniumhq\selenium\selenium-api\3.14.0\selenium-api-3.14.0.jar;C:\Users\Administrator\.m2\repository\org\seleniumhq\selenium\selenium-edge-driver\3.14.0\selenium-edge-driver-3.14.0.jar;C:\Users\Administrator\.m2\repository\org\seleniumhq\selenium\selenium-ie-driver\3.14.0\selenium-ie-driver-3.14.0.jar;C:\Users\Administrator\.m2\repository\org\seleniumhq\selenium\selenium-opera-driver\3.14.0\selenium-opera-driver-3.14.0.jar;C:\Users\Administrator\.m2\repository\org\seleniumhq\selenium\selenium-remote-driver\3.14.0\selenium-remote-driver-3.14.0.jar;C:\Users\Administrator\.m2\repository\org\seleniumhq\selenium\selenium-safari-driver\3.14.0\selenium-safari-driver-3.14.0.jar;C:\Users\Administrator\.m2\repository\org\seleniumhq\selenium\selenium-support\3.14.0\selenium-support-3.14.0.jar;C:\Users\Administrator\.m2\repository\net\bytebuddy\byte-buddy\1.8.15\byte-buddy-1.8.15.jar;C:\Users\Administrator\.m2\repository\org\apache\commons\commons-exec\1.3\commons-exec-1.3.jar;C:\Users\Administrator\.m2\repository\commons-codec\commons-codec\1.10\commons-codec-1.10.jar;C:\Users\Administrator\.m2\repository\commons-logging\commons-logging\1.2\commons-logging-1.2.jar;C:\Users\Administrator\.m2\repository\com\google\guava\guava\25.0-jre\guava-25.0-jre.jar;C:\Users\Administrator\.m2\repository\com\google\code\findbugs\jsr305\1.3.9\jsr305-1.3.9.jar;C:\Users\Administrator\.m2\repository\org\checkerframework\checker-compat-qual\2.0.0\checker-compat-qual-2.0.0.jar;C:\Users\Administrator\.m2\repository\com\google\errorprone\error_prone_annotations\2.1.3\error_prone_annotations-2.1.3.jar;C:\Users\Administrator\.m2\repository\com\google\j2objc\j2objc-annotations\1.1\j2objc-annotations-1.1.jar;C:\Users\Administrator\.m2\repository\org\codehaus\mojo\animal-sniffer-annotations\1.14\animal-sniffer-annotations-1.14.jar;C:\Users\Administrator\.m2\repository\org\apache\httpcomponents\httpclient\4.5.5\httpclient-4.5.5.jar;C:\Users\Administrator\.m2\repository\org\apache\httpcomponents\httpcore\4.4.9\httpcore-4.4.9.jar;C:\Users\Administrator\.m2\repository\com\squareup\okhttp3\okhttp\3.10.0\okhttp-3.10.0.jar;C:\Users\Administrator\.m2\repository\com\squareup\okio\okio\1.14.1\okio-1.14.1.jar;C:\Users\Administrator\.m2\repository\org\seleniumhq\selenium\selenium-firefox-driver\3.141.59\selenium-firefox-driver-3.141.59.jar;C:\Users\Administrator\.m2\repository\org\apache\maven\reporting\maven-reporting-api\2.0.6\maven-reporting-api-2.0.6.jar;C:\Users\Administrator\.m2\repository\org\apache\maven\doxia\doxia-sink-api\1.0-alpha-7\doxia-sink-api-1.0-alpha-7.jar;C:\Users\Administrator\.m2\repository\org\seleniumhq\selenium\selenium-chrome-driver\3.141.59\selenium-chrome-driver-3.141.59.jar;C:\Users\Administrator\.m2\repository\mysql\mysql-connector-java\8.0.15\mysql-connector-java-8.0.15.jar;C:\Users\Administrator\.m2\repository\com\google\protobuf\protobuf-java\3.6.1\protobuf-java-3.6.1.jar;C:\Users\Administrator\.m2\repository\org\apache\logging\log4j\log4j-core\2.11.2\log4j-core-2.11.2.jar;C:\Users\Administrator\.m2\repository\org\apache\logging\log4j\log4j-api\2.11.2\log4j-api-2.11.2.jar;C:\Users\Administrator\.m2\repository\org\apache\poi\poi\4.1.0\poi-4.1.0.jar;C:\Users\Administrator\.m2\repository\org\apache\commons\commons-collections4\4.3\commons-collections4-4.3.jar;C:\Users\Administrator\.m2\repository\org\apache\commons\commons-math3\3.6.1\commons-math3-3.6.1.jar;C:\Users\Administrator\.m2\repository\org\apache\poi\poi-ooxml\4.1.0\poi-ooxml-4.1.0.jar;C:\Users\Administrator\.m2\repository\org\apache\poi\poi-ooxml-schemas\4.1.0\poi-ooxml-schemas-4.1.0.jar;C:\Users\Administrator\.m2\repository\org\apache\xmlbeans\xmlbeans\3.1.0\xmlbeans-3.1.0.jar;C:\Users\Administrator\.m2\repository\org\apache\commons\commons-compress\1.18\commons-compress-1.18.jar;C:\Users\Administrator\.m2\repository\com\github\virtuald\curvesapi\1.06\curvesapi-1.06.jar;C:\Users\Administrator\.m2\repository\org\slf4j\slf4j-api\1.7.25\slf4j-api-1.7.25.jar;C:\Users\Administrator\.m2\repository\com\microsoft\sqlserver\mssql-jdbc\7.0.0.jre8\mssql-jdbc-7.0.0.jre8.jar;C:\Users\Administrator\.m2\repository\com\paulhammant\ngwebdriver\1.1.4\ngwebdriver-1.1.4.jar;C:\Users\Administrator\.m2\repository\com\aventstack\extentreports\4.0.5\extentreports-4.0.5.jar;C:\Users\Administrator\.m2\repository\org\freemarker\freemarker\2.3.23\freemarker-2.3.23.jar;C:\Users\Administrator\.m2\repository\org\mongodb\mongodb-driver\3.3.0\mongodb-driver-3.3.0.jar;C:\Users\Administrator\.m2\repository\org\mongodb\mongodb-driver-core\3.3.0\mongodb-driver-core-3.3.0.jar;C:\Users\Administrator\.m2\repository\org\mongodb\bson\3.3.0\bson-3.3.0.jar;C:\Users\Administrator\.m2\repository\org\apache\httpcomponents\httpmime\4.5.2\httpmime-4.5.2.jar;C:\Users\Administrator\.m2\repository\com\google\code\gson\gson\2.8.5\gson-2.8.5.jar;C:\Users\Administrator\.m2\repository\commons-io\commons-io\2.6\commons-io-2.6.jar;C:\Users\Administrator\.m2\repository\org\uncommons\reportng\1.1.4\reportng-1.1.4.jar;C:\Users\Administrator\.m2\repository\velocity\velocity\1.4\velocity-1.4.jar;C:\Users\Administrator\.m2\repository\com\google\inject\guice\3.0\guice-3.0.jar;C:\Users\Administrator\.m2\repository\javax\inject\javax.inject\1\javax.inject-1.jar;C:\Users\Administrator\.m2\repository\aopalliance\aopalliance\1.0\aopalliance-1.0.jar;C:\Users\Administrator\.m2\repository\velocity\velocity-dep\1.4\velocity-dep-1.4.jar;C:\Users\Administrator\.m2\repository\com\beust\jcommander\1.72\jcommander-1.72.jar;"/>
    <property name="sun.cpu.endian" value="little"/>
    <property name="user.home" value="C:\Users\Administrator"/>
    <property name="user.language" value="en"/>
    <property name="java.specification.vendor" value="Oracle Corporation"/>
    <property name="java.home" value="C:\Program Files\Java\jdk1.8.0_201\jre"/>
    <property name="basedir" value="F:\CogsdaleWorkSpace\com.NexusPortalAutomation.Java"/>
    <property name="file.separator" value="\"/>
    <property name="line.separator" value="&#10;"/>
    <property name="java.vm.specification.vendor" value="Oracle Corporation"/>
    <property name="java.specification.name" value="Java Platform API Specification"/>
    <property name="java.awt.graphicsenv" value="sun.awt.Win32GraphicsEnvironment"/>
    <property name="surefire.real.class.path" value="C:\Users\Administrator\AppData\Local\Temp\1\surefire3936224858456409093\surefirebooter3342380344493947815.jar"/>
    <property name="sun.boot.class.path" value="C:\Program Files\Java\jdk1.8.0_201\jre\lib\resources.jar;C:\Program Files\Java\jdk1.8.0_201\jre\lib\rt.jar;C:\Program Files\Java\jdk1.8.0_201\jre\lib\sunrsasign.jar;C:\Program Files\Java\jdk1.8.0_201\jre\lib\jsse.jar;C:\Program Files\Java\jdk1.8.0_201\jre\lib\jce.jar;C:\Program Files\Java\jdk1.8.0_201\jre\lib\charsets.jar;C:\Program Files\Java\jdk1.8.0_201\jre\lib\jfr.jar;C:\Program Files\Java\jdk1.8.0_201\jre\classes"/>
    <property name="user.script" value=""/>
    <property name="sun.management.compiler" value="HotSpot 64-Bit Tiered Compilers"/>
    <property name="java.runtime.version" value="1.8.0_201-b09"/>
    <property name="user.name" value="Administrator"/>
    <property name="path.separator" value=";"/>
    <property name="os.version" value="6.3"/>
    <property name="java.endorsed.dirs" value="C:\Program Files\Java\jdk1.8.0_201\jre\lib\endorsed"/>
    <property name="java.runtime.name" value="Java(TM) SE Runtime Environment"/>
    <property name="file.encoding" value="Cp1252"/>
    <property name="java.vm.name" value="Java HotSpot(TM) 64-Bit Server VM"/>
    <property name="localRepository" value="C:\Users\Administrator\.m2\repository"/>
    <property name="java.vendor.url.bug" value="http://bugreport.sun.com/bugreport/"/>
    <property name="java.io.tmpdir" value="C:\Users\ADMINI~1\AppData\Local\Temp\1\"/>
    <property name="java.version" value="1.8.0_201"/>
    <property name="user.dir" value="F:\CogsdaleWorkSpace\com.NexusPortalAutomation.Java"/>
    <property name="os.arch" value="amd64"/>
    <property name="java.vm.specification.name" value="Java Virtual Machine Specification"/>
    <property name="java.awt.printerjob" value="sun.awt.windows.WPrinterJob"/>
    <property name="sun.os.patch.level" value=""/>
    <property name="java.library.path" value="C:\Program Files\Java\jdk1.8.0_201\jre\bin;C:\Windows\Sun\Java\bin;C:\Windows\system32;C:\Windows;F:\apache-maven-3.6.0/bin;C:\Program Files\Java\jdk1.8.0_201/bin;C:\Program Files\Java\jdk1.8.0_201/bin;C:\Program Files (x86)\Common Files\Oracle\Java\javapath;C:\Program Files\Python35\Scripts\;C:\Program Files\Python35\;C:\Windows\system32;C:\Windows;C:\Windows\System32\Wbem;C:\Windows\System32\WindowsPowerShell\v1.0\;C:\ProgramData\chocolatey\bin;C:\Program Files (x86)\Microsoft SQL Server\Client SDK\ODBC\130\Tools\Binn\;C:\Program Files\Microsoft SQL Server\Client SDK\ODBC\110\Tools\Binn\;C:\Program Files (x86)\Microsoft SQL Server\140\Tools\Binn\;C:\Program Files (x86)\Microsoft SQL Server\140\DTS\Binn\;C:\Program Files (x86)\Microsoft SQL Server\140\Tools\Binn\ManagementStudio\;C:\Program Files\Microsoft SQL Server\Client SDK\ODBC\130\Tools\Binn\;C:\Program Files\Microsoft SQL Server\140\Tools\Binn\;C:\Program Files\Microsoft SQL Server\140\DTS\Binn\;C:\Program Files\nodejs\;C:\CSM_API\API\CSR_Portal\;C:\Server\npm\;F:\apache-maven-3.6.0\bin;C:\Users\Administrator\AppData\Roaming\npm;C:\Users\Administrator\AppData\Local\GitHubDesktop\bin;F:\apache-maven-3.6.0\bin;."/>
    <property name="java.vm.info" value="mixed mode"/>
    <property name="java.vendor" value="Oracle Corporation"/>
    <property name="java.vm.version" value="25.201-b09"/>
    <property name="java.ext.dirs" value="C:\Program Files\Java\jdk1.8.0_201\jre\lib\ext;C:\Windows\Sun\Java\lib\ext"/>
    <property name="sun.io.unicode.encoding" value="UnicodeLittle"/>
    <property name="java.class.version" value="52.0"/>
  </properties>
  <testcase name="readProp" classname="com.NexusPortalAutomation.TestCases.Java.TC0011_VerifyBookMark" time="0.594">
    <failure message="Invalid key code" type="java.lang.IllegalArgumentException">java.lang.IllegalArgumentException: Invalid key code
</failure>
    <system-out><![CDATA[Reading Project Properties
...
... TestNG 6.14.3 by CÃ©dric Beust (cedric@beust.com)
...

Reading Project Properties
Reading Project Properties
Reading Project Properties
Reading Project Properties
Reading Project Properties
Reading Project Properties
Reading Project Properties
Reading Project Properties
Reading Project Properties
Reading Project Properties
Reading Project Properties
Reading Project Properties
Reading Project Properties
Reading Project Properties
Reading Project Properties
Reading Project Properties
Reading Project Properties
Reading Project Properties
Reading Project Properties
Reading Project Properties
Reading Project Properties
Reading Project Properties
Reading Project Properties
Started- NexusTest
]]></system-out>
  </testcase>
  <testcase name="TestBookMark" classname="com.NexusPortalAutomation.TestCases.Java.TC0011_VerifyBookMark" time="0">
    <skipped message="Invalid key code"/>
    <system-out><![CDATA[Test Skipped- TestBookMark
]]></system-out>
  </testcase>
  <testcase name="TearDown" classname="com.NexusPortalAutomation.TestCases.Java.TC0011_VerifyBookMark" time="0">
    <skipped/>
  </testcase>
  <testcase name="readProp" classname="com.NexusPortalAutomation.TestCases.Java.TC0019_VerifyDrillBackTransactions" time="0.594">
    <failure message="Invalid key code" type="java.lang.IllegalArgumentException">java.lang.IllegalArgumentException: Invalid key code
</failure>
  </testcase>
  <testcase name="VerifyDrillBackTransactions" classname="com.NexusPortalAutomation.TestCases.Java.TC0019_VerifyDrillBackTransactions" time="0">
    <skipped message="Invalid key code"/>
    <system-out><![CDATA[Test Skipped- VerifyDrillBackTransactions
]]></system-out>
  </testcase>
  <testcase name="TearDown" classname="com.NexusPortalAutomation.TestCases.Java.TC0019_VerifyDrillBackTransactions" time="0">
    <skipped/>
  </testcase>
  <testcase name="readProp" classname="com.NexusPortalAutomation.TestCases.Java.TC0020_VerifyDrillBackServices" time="0.594">
    <failure message="Invalid key code" type="java.lang.IllegalArgumentException">java.lang.IllegalArgumentException: Invalid key code
</failure>
  </testcase>
  <testcase name="TestDrillBackServices" classname="com.NexusPortalAutomation.TestCases.Java.TC0020_VerifyDrillBackServices" time="0">
    <skipped message="Invalid key code"/>
    <system-out><![CDATA[Test Skipped- TestDrillBackServices
]]></system-out>
  </testcase>
  <testcase name="TearDown" classname="com.NexusPortalAutomation.TestCases.Java.TC0020_VerifyDrillBackServices" time="0">
    <skipped/>
  </testcase>
  <testcase name="readProp" classname="com.NexusPortalAutomation.TestCases.Java.TC0021_VerifyServicesOrderDetails" time="0.594">
    <failure message="Invalid key code" type="java.lang.IllegalArgumentException">java.lang.IllegalArgumentException: Invalid key code
</failure>
  </testcase>
  <testcase name="TestServiceOrderDetails" classname="com.NexusPortalAutomation.TestCases.Java.TC0021_VerifyServicesOrderDetails" time="0">
    <skipped message="Invalid key code"/>
    <system-out><![CDATA[Test Skipped- TestServiceOrderDetails
]]></system-out>
  </testcase>
  <testcase name="TearDown" classname="com.NexusPortalAutomation.TestCases.Java.TC0021_VerifyServicesOrderDetails" time="0">
    <skipped/>
  </testcase>
  <testcase name="readProp" classname="com.NexusPortalAutomation.TestCases.Java.TC0010_VerifyCustomerDetails" time="0.61">
    <failure message="Invalid key code" type="java.lang.IllegalArgumentException">java.lang.IllegalArgumentException: Invalid key code
</failure>
  </testcase>
  <testcase name="TestCustomerDetails" classname="com.NexusPortalAutomation.TestCases.Java.TC0010_VerifyCustomerDetails" time="0">
    <skipped message="Invalid key code"/>
    <system-out><![CDATA[Test Skipped- TestCustomerDetails
]]></system-out>
  </testcase>
  <testcase name="TearDown" classname="com.NexusPortalAutomation.TestCases.Java.TC0010_VerifyCustomerDetails" time="0">
    <skipped/>
  </testcase>
  <testcase name="readProp" classname="com.NexusPortalAutomation.TestCases.Java.TC0018_VerifyDrillBacksGeneral" time="0.61">
    <failure message="Invalid key code" type="java.lang.IllegalArgumentException">java.lang.IllegalArgumentException: Invalid key code
</failure>
  </testcase>
  <testcase name="VerifyDrillBacksGeneral" classname="com.NexusPortalAutomation.TestCases.Java.TC0018_VerifyDrillBacksGeneral" time="0">
    <skipped message="Invalid key code"/>
    <system-out><![CDATA[Test Skipped- VerifyDrillBacksGeneral
]]></system-out>
  </testcase>
  <testcase name="TearDown" classname="com.NexusPortalAutomation.TestCases.Java.TC0018_VerifyDrillBacksGeneral" time="0">
    <skipped/>
  </testcase>
  <testcase name="readProp" classname="com.NexusPortalAutomation.TestCases.Java.TC0009_VerifyAccountSearch" time="0.61">
    <failure message="Invalid key code" type="java.lang.IllegalArgumentException">java.lang.IllegalArgumentException: Invalid key code
</failure>
  </testcase>
  <testcase name="TestSearchAccount" classname="com.NexusPortalAutomation.TestCases.Java.TC0009_VerifyAccountSearch" time="0">
    <skipped message="Invalid key code"/>
    <system-out><![CDATA[Test Skipped- TestSearchAccount
]]></system-out>
  </testcase>
  <testcase name="TearDown" classname="com.NexusPortalAutomation.TestCases.Java.TC0009_VerifyAccountSearch" time="0">
    <skipped/>
  </testcase>
  <testcase name="readProp" classname="com.NexusPortalAutomation.TestCases.Java.TC0017_StatementsValue" time="0.61">
    <failure message="Invalid key code" type="java.lang.IllegalArgumentException">java.lang.IllegalArgumentException: Invalid key code
</failure>
  </testcase>
  <testcase name="TestBillingStatements" classname="com.NexusPortalAutomation.TestCases.Java.TC0017_StatementsValue" time="0">
    <skipped message="Invalid key code"/>
    <system-out><![CDATA[Test Skipped- TestBillingStatements
]]></system-out>
  </testcase>
  <testcase name="TearDown" classname="com.NexusPortalAutomation.TestCases.Java.TC0017_StatementsValue" time="0">
    <skipped/>
  </testcase>
  <testcase name="readProp" classname="com.NexusPortalAutomation.TestCases.Java.TC0008_VerifySignInbyLocationID" time="0.61">
    <failure message="Invalid key code" type="java.lang.IllegalArgumentException">java.lang.IllegalArgumentException: Invalid key code
</failure>
  </testcase>
  <testcase name="TestSearchbyLocationID" classname="com.NexusPortalAutomation.TestCases.Java.TC0008_VerifySignInbyLocationID" time="0">
    <skipped message="Invalid key code"/>
    <system-out><![CDATA[Test Skipped- TestSearchbyLocationID
]]></system-out>
  </testcase>
  <testcase name="TearDown" classname="com.NexusPortalAutomation.TestCases.Java.TC0008_VerifySignInbyLocationID" time="0">
    <skipped/>
  </testcase>
  <testcase name="readProp" classname="com.NexusPortalAutomation.TestCases.Java.TC0015_VerifyContactLogs" time="0.61">
    <failure message="Invalid key code" type="java.lang.IllegalArgumentException">java.lang.IllegalArgumentException: Invalid key code
</failure>
  </testcase>
  <testcase name="TestContactLogs" classname="com.NexusPortalAutomation.TestCases.Java.TC0015_VerifyContactLogs" time="0">
    <skipped message="Invalid key code"/>
    <system-out><![CDATA[Test Skipped- TestContactLogs
]]></system-out>
  </testcase>
  <testcase name="TearDown" classname="com.NexusPortalAutomation.TestCases.Java.TC0015_VerifyContactLogs" time="0">
    <skipped/>
  </testcase>
  <testcase name="readProp" classname="com.NexusPortalAutomation.TestCases.Java.TC0016_VerifyBillingDetails" time="0.61">
    <failure message="Invalid key code" type="java.lang.IllegalArgumentException">java.lang.IllegalArgumentException: Invalid key code
</failure>
  </testcase>
  <testcase name="VerifyBillingDetails" classname="com.NexusPortalAutomation.TestCases.Java.TC0016_VerifyBillingDetails" time="0">
    <skipped message="Invalid key code"/>
    <system-out><![CDATA[Test Skipped- VerifyBillingDetails
]]></system-out>
  </testcase>
  <testcase name="TearDown" classname="com.NexusPortalAutomation.TestCases.Java.TC0016_VerifyBillingDetails" time="0">
    <skipped/>
  </testcase>
  <testcase name="readProp" classname="com.NexusPortalAutomation.TestCases.Java.TC0013_VerifyContactEdit" time="0.625">
    <failure message="Invalid key code" type="java.lang.IllegalArgumentException">java.lang.IllegalArgumentException: Invalid key code
</failure>
  </testcase>
  <testcase name="TestContactEdit" classname="com.NexusPortalAutomation.TestCases.Java.TC0013_VerifyContactEdit" time="0">
    <skipped message="Invalid key code"/>
    <system-out><![CDATA[Test Skipped- TestContactEdit
]]></system-out>
  </testcase>
  <testcase name="TearDown" classname="com.NexusPortalAutomation.TestCases.Java.TC0013_VerifyContactEdit" time="0">
    <skipped/>
  </testcase>
  <testcase name="readProp" classname="com.NexusPortalAutomation.TestCases.Java.TC0014_VerifySecondaryContact" time="0.625">
    <failure message="Invalid key code" type="java.lang.IllegalArgumentException">java.lang.IllegalArgumentException: Invalid key code
</failure>
  </testcase>
  <testcase name="TestSecondayContact" classname="com.NexusPortalAutomation.TestCases.Java.TC0014_VerifySecondaryContact" time="0">
    <skipped message="Invalid key code"/>
    <system-out><![CDATA[Test Skipped- TestSecondayContact
]]></system-out>
  </testcase>
  <testcase name="TearDown" classname="com.NexusPortalAutomation.TestCases.Java.TC0014_VerifySecondaryContact" time="0">
    <skipped/>
  </testcase>
  <testcase name="readProp" classname="com.NexusPortalAutomation.TestCases.Java.TC0012_VerifyCreditStatus" time="0.625">
    <failure message="Invalid key code" type="java.lang.IllegalArgumentException">java.lang.IllegalArgumentException: Invalid key code
</failure>
  </testcase>
  <testcase name="TestCreditStatus" classname="com.NexusPortalAutomation.TestCases.Java.TC0012_VerifyCreditStatus" time="0">
    <skipped message="Invalid key code"/>
    <system-out><![CDATA[Test Skipped- TestCreditStatus
]]></system-out>
  </testcase>
  <testcase name="TearDown" classname="com.NexusPortalAutomation.TestCases.Java.TC0012_VerifyCreditStatus" time="0">
    <skipped/>
  </testcase>
  <testcase name="readProp" classname="com.NexusPortalAutomation.TestCases.Java.TC0001_VerifySignInbyID" time="0.625">
    <failure message="Invalid key code" type="java.lang.IllegalArgumentException">java.lang.IllegalArgumentException: Invalid key code
</failure>
  </testcase>
  <testcase name="TestSearchID" classname="com.NexusPortalAutomation.TestCases.Java.TC0001_VerifySignInbyID" time="0">
    <skipped message="Invalid key code"/>
    <system-out><![CDATA[Test Skipped- TestSearchID
]]></system-out>
  </testcase>
  <testcase name="TearDown" classname="com.NexusPortalAutomation.TestCases.Java.TC0001_VerifySignInbyID" time="0">
    <skipped/>
  </testcase>
  <testcase name="readProp" classname="com.NexusPortalAutomation.TestCases.Java.TC0004_TestSearchbyRecentFunction" time="0.625">
    <failure message="Invalid key code" type="java.lang.IllegalArgumentException">java.lang.IllegalArgumentException: Invalid key code
</failure>
  </testcase>
  <testcase name="TestSearchAutobyRecent" classname="com.NexusPortalAutomation.TestCases.Java.TC0004_TestSearchbyRecentFunction" time="0">
    <skipped message="Invalid key code"/>
    <system-out><![CDATA[Test Skipped- TestSearchAutobyRecent
]]></system-out>
  </testcase>
  <testcase name="TearDown" classname="com.NexusPortalAutomation.TestCases.Java.TC0004_TestSearchbyRecentFunction" time="0">
    <skipped/>
  </testcase>
  <testcase name="readProp" classname="com.NexusPortalAutomation.TestCases.Java.TC0005_TestSearchbyBookMarks" time="0.625">
    <failure message="Invalid key code" type="java.lang.IllegalArgumentException">java.lang.IllegalArgumentException: Invalid key code
</failure>
  </testcase>
  <testcase name="TestSearchAutobyBookMark" classname="com.NexusPortalAutomation.TestCases.Java.TC0005_TestSearchbyBookMarks" time="0">
    <skipped message="Invalid key code"/>
    <system-out><![CDATA[Test Skipped- TestSearchAutobyBookMark
]]></system-out>
  </testcase>
  <testcase name="TearDown" classname="com.NexusPortalAutomation.TestCases.Java.TC0005_TestSearchbyBookMarks" time="0">
    <skipped/>
  </testcase>
  <testcase name="readProp" classname="com.NexusPortalAutomation.TestCases.Java.TC0006_TestAlertOnLoad" time="0.625">
    <failure message="Invalid key code" type="java.lang.IllegalArgumentException">java.lang.IllegalArgumentException: Invalid key code
</failure>
  </testcase>
  <testcase name="TestSearchAlertOnLoad" classname="com.NexusPortalAutomation.TestCases.Java.TC0006_TestAlertOnLoad" time="0">
    <skipped message="Invalid key code"/>
    <system-out><![CDATA[Test Skipped- TestSearchAlertOnLoad
]]></system-out>
  </testcase>
  <testcase name="TearDown" classname="com.NexusPortalAutomation.TestCases.Java.TC0006_TestAlertOnLoad" time="0">
    <skipped/>
  </testcase>
  <testcase name="readProp" classname="com.NexusPortalAutomation.TestCases.Java.TC0007_TestSummarySection" time="0.641">
    <failure message="Invalid key code" type="java.lang.IllegalArgumentException">java.lang.IllegalArgumentException: Invalid key code
</failure>
  </testcase>
  <testcase name="TestSummarySectionOnChange" classname="com.NexusPortalAutomation.TestCases.Java.TC0007_TestSummarySection" time="0">
    <skipped message="Invalid key code"/>
    <system-out><![CDATA[Test Skipped- TestSummarySectionOnChange
]]></system-out>
  </testcase>
  <testcase name="TearDown" classname="com.NexusPortalAutomation.TestCases.Java.TC0007_TestSummarySection" time="0">
    <skipped/>
  </testcase>
  <testcase name="readProp" classname="com.NexusPortalAutomation.TestCases.Java.TC0002_TestSearchAutobyFirstName" time="0.641">
    <failure message="Invalid key code" type="java.lang.IllegalArgumentException">java.lang.IllegalArgumentException: Invalid key code
</failure>
  </testcase>
  <testcase name="TestSearchAutobyFirstName" classname="com.NexusPortalAutomation.TestCases.Java.TC0002_TestSearchAutobyFirstName" time="0">
    <skipped message="Invalid key code"/>
    <system-out><![CDATA[Test Skipped- TestSearchAutobyFirstName
]]></system-out>
  </testcase>
  <testcase name="TearDown" classname="com.NexusPortalAutomation.TestCases.Java.TC0002_TestSearchAutobyFirstName" time="0">
    <skipped/>
  </testcase>
  <testcase name="readProp" classname="com.NexusPortalAutomation.TestCases.Java.TC0003_TestSearchAutobyLastName" time="0.641">
    <failure message="Invalid key code" type="java.lang.IllegalArgumentException">java.lang.IllegalArgumentException: Invalid key code
</failure>
  </testcase>
  <testcase name="TestSearchAutobyLastName" classname="com.NexusPortalAutomation.TestCases.Java.TC0003_TestSearchAutobyLastName" time="0">
    <skipped message="Invalid key code"/>
    <system-out><![CDATA[Test Skipped- TestSearchAutobyLastName
]]></system-out>
  </testcase>
  <testcase name="TearDown" classname="com.NexusPortalAutomation.TestCases.Java.TC0003_TestSearchAutobyLastName" time="0">
    <skipped/>
  </testcase>
</testsuite>